#
# There is insufficient memory for the Java Runtime Environment to continue.
# Native memory allocation (malloc) failed to allocate 301456 bytes for Chunk::new
# Possible reasons:
#   The system is out of physical RAM or swap space
#   The process is running with CompressedOops enabled, and the Java Heap may be blocking the growth of the native heap
# Possible solutions:
#   Reduce memory load on the system
#   Increase physical memory or swap space
#   Check if swap backing store is full
#   Decrease Java heap size (-Xmx/-Xms)
#   Decrease number of Java threads
#   Decrease Java thread stack sizes (-Xss)
#   Set larger code cache with -XX:ReservedCodeCacheSize=
#   JVM is running with Unscaled Compressed Oops mode in which the Java heap is
#     placed in the first 4GB address space. The Java Heap base address is the
#     maximum limit for the native heap growth. Please use -XX:HeapBaseMinAddress
#     to set the Java Heap base and to place the Java Heap above 4GB virtual address.
# This output file may be truncated or incomplete.
#
#  Out of Memory Error (arena.cpp:191), pid=4756, tid=6076
#
# JRE version: OpenJDK Runtime Environment Temurin-17.0.10+7 (17.0.10+7) (build 17.0.10+7)
# Java VM: OpenJDK 64-Bit Server VM Temurin-17.0.10+7 (17.0.10+7, mixed mode, tiered, compressed oops, compressed class ptrs, parallel gc, windows-amd64)
# No core dump will be written. Minidumps are not enabled by default on client versions of Windows
#

---------------  S U M M A R Y ------------

Command Line: --add-modules=ALL-SYSTEM --add-opens=java.base/java.util=ALL-UNNAMED --add-opens=java.base/java.lang=ALL-UNNAMED --add-opens=java.base/sun.nio.fs=ALL-UNNAMED -Declipse.application=org.eclipse.jdt.ls.core.id1 -Dosgi.bundles.defaultStartLevel=4 -Declipse.product=org.eclipse.jdt.ls.core.product -Djava.import.generatesMetadataFilesAtProjectRoot=false -DDetectVMInstallationsJob.disabled=true -Dfile.encoding=utf8 -XX:+UseParallelGC -XX:GCTimeRatio=4 -XX:AdaptiveSizePolicyWeight=90 -Dsun.zip.disableMemoryMapping=true -Xmx1G -Xms100m -Xlog:disable -javaagent:c:\Users\syeda\.vscode\extensions\redhat.java-1.28.1-win32-x64\lombok\lombok-1.18.31.jar -XX:+HeapDumpOnOutOfMemoryError -XX:HeapDumpPath=c:\Users\syeda\AppData\Roaming\Code\User\workspaceStorage\eac1d6115e6ea59bc84d52a110b34a36\redhat.java -Daether.dependencyCollector.impl=bf c:\Users\syeda\.vscode\extensions\redhat.java-1.28.1-win32-x64\server\plugins\org.eclipse.equinox.launcher_1.6.700.v20231214-2017.jar -configuration c:\Users\syeda\AppData\Roaming\Code\User\globalStorage\redhat.java\1.28.1\config_win -data c:\Users\syeda\AppData\Roaming\Code\User\workspaceStorage\eac1d6115e6ea59bc84d52a110b34a36\redhat.java\jdt_ws --stdio

Host: AMD Ryzen 7 4800H with Radeon Graphics         , 16 cores, 7G,  Windows 11 , 64 bit Build 22621 (10.0.22621.3085)
Time: Tue Mar  5 07:03:50 2024 India Standard Time elapsed time: 0.785457 seconds (0d 0h 0m 0s)

---------------  T H R E A D  ---------------

Current thread (0x000002a17f211740):  JavaThread "C2 CompilerThread0" daemon [_thread_in_native, id=6076, stack(0x000000cb43300000,0x000000cb43400000)]


Current CompileTask:
C2:    785  559       4       lombok.patcher.PatchScript::classMatches (41 bytes)

Stack: [0x000000cb43300000,0x000000cb43400000]
Native frames: (J=compiled Java code, j=interpreted, Vv=VM code, C=native code)
V  [jvm.dll+0x67d2c9]
V  [jvm.dll+0x834afa]
V  [jvm.dll+0x8365be]
V  [jvm.dll+0x836c23]
V  [jvm.dll+0x2477ff]
V  [jvm.dll+0xac514]
V  [jvm.dll+0xacb5c]
V  [jvm.dll+0x2aed1f]
V  [jvm.dll+0x584b67]
V  [jvm.dll+0x2228a2]
V  [jvm.dll+0x222c8f]
V  [jvm.dll+0x21bdb6]
V  [jvm.dll+0x219201]
V  [jvm.dll+0x1a502d]
V  [jvm.dll+0x2290de]
V  [jvm.dll+0x2272ac]
V  [jvm.dll+0x7e9bb7]
V  [jvm.dll+0x7e3fba]
V  [jvm.dll+0x67c1b5]
C  [ucrtbase.dll+0x29363]
C  [KERNEL32.DLL+0x1257d]
C  [ntdll.dll+0x5aa58]


---------------  P R O C E S S  ---------------

Threads class SMR info:
_java_thread_list=0x000002a10546e450, length=16, elements={
0x000002a16a276530, 0x000002a17f1ea020, 0x000002a17f1ebad0, 0x000002a17e0f5530,
0x000002a17f209fe0, 0x000002a17f20ab10, 0x000002a17f210850, 0x000002a17f211740,
0x000002a17f214150, 0x000002a17f21a060, 0x000002a16a2db380, 0x000002a17f3356f0,
0x000002a17f3d02e0, 0x000002a17f3e0440, 0x000002a17f4d76e0, 0x000002a105474da0
}

Java Threads: ( => current thread )
  0x000002a16a276530 JavaThread "main" [_thread_in_Java, id=26556, stack(0x000000cb42a00000,0x000000cb42b00000)]
  0x000002a17f1ea020 JavaThread "Reference Handler" daemon [_thread_blocked, id=26772, stack(0x000000cb42d00000,0x000000cb42e00000)]
  0x000002a17f1ebad0 JavaThread "Finalizer" daemon [_thread_blocked, id=2540, stack(0x000000cb42e00000,0x000000cb42f00000)]
  0x000002a17e0f5530 JavaThread "Signal Dispatcher" daemon [_thread_blocked, id=9432, stack(0x000000cb42f00000,0x000000cb43000000)]
  0x000002a17f209fe0 JavaThread "Attach Listener" daemon [_thread_blocked, id=28380, stack(0x000000cb43000000,0x000000cb43100000)]
  0x000002a17f20ab10 JavaThread "Service Thread" daemon [_thread_blocked, id=1716, stack(0x000000cb43100000,0x000000cb43200000)]
  0x000002a17f210850 JavaThread "Monitor Deflation Thread" daemon [_thread_blocked, id=28584, stack(0x000000cb43200000,0x000000cb43300000)]
=>0x000002a17f211740 JavaThread "C2 CompilerThread0" daemon [_thread_in_native, id=6076, stack(0x000000cb43300000,0x000000cb43400000)]
  0x000002a17f214150 JavaThread "C1 CompilerThread0" daemon [_thread_in_vm, id=25724, stack(0x000000cb43400000,0x000000cb43500000)]
  0x000002a17f21a060 JavaThread "Sweeper thread" daemon [_thread_blocked, id=16248, stack(0x000000cb43500000,0x000000cb43600000)]
  0x000002a16a2db380 JavaThread "Common-Cleaner" daemon [_thread_blocked, id=18316, stack(0x000000cb43600000,0x000000cb43700000)]
  0x000002a17f3356f0 JavaThread "C1 CompilerThread1" daemon [_thread_blocked, id=22044, stack(0x000000cb43700000,0x000000cb43800000)]
  0x000002a17f3d02e0 JavaThread "C1 CompilerThread2" daemon [_thread_in_native, id=27584, stack(0x000000cb43800000,0x000000cb43900000)]
  0x000002a17f3e0440 JavaThread "C2 CompilerThread1" daemon [_thread_in_native, id=15416, stack(0x000000cb43900000,0x000000cb43a00000)]
  0x000002a17f4d76e0 JavaThread "C1 CompilerThread3" daemon [_thread_blocked, id=6932, stack(0x000000cb43a00000,0x000000cb43b00000)]
  0x000002a105474da0 JavaThread "Notification Thread" daemon [_thread_blocked, id=24492, stack(0x000000cb43b00000,0x000000cb43c00000)]

Other Threads:
  0x000002a16a31eb80 VMThread "VM Thread" [stack: 0x000000cb42c00000,0x000000cb42d00000] [id=7240]
  0x000002a105475680 WatcherThread [stack: 0x000000cb43c00000,0x000000cb43d00000] [id=11124]
  0x000002a16a28cf80 GCTaskThread "GC Thread#0" [stack: 0x000000cb42b00000,0x000000cb42c00000] [id=29328]

Threads with active compile tasks:
C2 CompilerThread0      808  559       4       lombok.patcher.PatchScript::classMatches (41 bytes)
C1 CompilerThread0      808  580       3       java.lang.String::equalsIgnoreCase (45 bytes)
C1 CompilerThread1      808  583       3       java.lang.Character::isWhitespace (9 bytes)
C1 CompilerThread2      808  581       3       sun.security.util.DerValue::isPrintableStringChar (184 bytes)
C2 CompilerThread1      808  573   !   4       java.lang.String::replace (258 bytes)
C1 CompilerThread3      809  582       3       java.lang.Character::isWhitespace (5 bytes)

VM state: not at safepoint (normal execution)

VM Mutex/Monitor currently owned by a thread:  ([mutex/lock_event])
[0x000002a16a273190] MethodData_lock - owner thread: 0x0000000000000000

Heap address: 0x00000000c0000000, size: 1024 MB, Compressed Oops mode: 32-bit

CDS archive(s) not mapped
Compressed class space mapped at: 0x0000000100000000-0x0000000140000000, reserved size: 1073741824
Narrow klass base: 0x0000000000000000, Narrow klass shift: 3, Narrow klass range: 0x140000000

GC Precious Log:
 CPUs: 16 total, 16 available
 Memory: 7598M
 Large Page Support: Disabled
 NUMA Support: Disabled
 Compressed Oops: Enabled (32-bit)
 Alignments: Space 512K, Generation 512K, Heap 2M
 Heap Min Capacity: 100M
 Heap Initial Capacity: 100M
 Heap Max Capacity: 1G
 Pre-touch: Disabled
 Parallel Workers: 13

Heap:
 PSYoungGen      total 29696K, used 14556K [0x00000000eab00000, 0x00000000ecc00000, 0x0000000100000000)
  eden space 25600K, 56% used [0x00000000eab00000,0x00000000eb9372a0,0x00000000ec400000)
  from space 4096K, 0% used [0x00000000ec800000,0x00000000ec800000,0x00000000ecc00000)
  to   space 4096K, 0% used [0x00000000ec400000,0x00000000ec400000,0x00000000ec800000)
 ParOldGen       total 68608K, used 0K [0x00000000c0000000, 0x00000000c4300000, 0x00000000eab00000)
  object space 68608K, 0% used [0x00000000c0000000,0x00000000c0000000,0x00000000c4300000)
 Metaspace       used 8803K, committed 8960K, reserved 1114112K
  class space    used 869K, committed 960K, reserved 1048576K

Card table byte_map: [0x000002a169c00000,0x000002a169e10000] _byte_map_base: 0x000002a169600000

Marking Bits: (ParMarkBitMap*) 0x00007ffba240d7d0
 Begin Bits: [0x000002a17bf00000, 0x000002a17cf00000)
 End Bits:   [0x000002a17cf00000, 0x000002a17df00000)

Polling page: 0x000002a1681b0000

Metaspace:

Usage:
  Non-class:      7.75 MB used.
      Class:    869.44 KB used.
       Both:      8.60 MB used.

Virtual space:
  Non-class space:       64.00 MB reserved,       7.81 MB ( 12%) committed,  1 nodes.
      Class space:        1.00 GB reserved,     960.00 KB ( <1%) committed,  1 nodes.
             Both:        1.06 GB reserved,       8.75 MB ( <1%) committed. 

Chunk freelists:
   Non-Class:  8.00 MB
       Class:  15.09 MB
        Both:  23.09 MB

MaxMetaspaceSize: unlimited
CompressedClassSpaceSize: 1.00 GB
Initial GC threshold: 21.00 MB
Current GC threshold: 21.00 MB
CDS: off
MetaspaceReclaimPolicy: balanced
 - commit_granule_bytes: 65536.
 - commit_granule_words: 8192.
 - virtual_space_node_default_size: 8388608.
 - enlarge_chunks_in_place: 1.
 - new_chunks_are_fully_committed: 0.
 - uncommit_free_chunks: 1.
 - use_allocation_guard: 0.
 - handle_deallocations: 1.


Internal statistics:

num_allocs_failed_limit: 0.
num_arena_births: 10.
num_arena_deaths: 0.
num_vsnodes_births: 2.
num_vsnodes_deaths: 0.
num_space_committed: 140.
num_space_uncommitted: 0.
num_chunks_returned_to_freelist: 0.
num_chunks_taken_from_freelist: 41.
num_chunk_merges: 0.
num_chunk_splits: 23.
num_chunks_enlarged: 22.
num_inconsistent_stats: 0.

CodeHeap 'non-profiled nmethods': size=119168Kb used=198Kb max_used=198Kb free=118969Kb
 bounds [0x000002a174aa0000, 0x000002a174d10000, 0x000002a17bf00000]
CodeHeap 'profiled nmethods': size=119104Kb used=850Kb max_used=850Kb free=118253Kb
 bounds [0x000002a16cf00000, 0x000002a16d170000, 0x000002a174350000]
CodeHeap 'non-nmethods': size=7488Kb used=2821Kb max_used=2839Kb free=4667Kb
 bounds [0x000002a174350000, 0x000002a174620000, 0x000002a174aa0000]
 total_blobs=1000 nmethods=577 adapters=335
 compilation: enabled
              stopped_count=0, restarted_count=0
 full_count=0

Compilation events (20 events):
Event: 0.730 Thread 0x000002a17f211740  540       4       java.lang.StringLatin1::lastIndexOf (40 bytes)
Event: 0.730 Thread 0x000002a17f3356f0  558       3       java.util.regex.Pattern::peek (26 bytes)
Event: 0.731 Thread 0x000002a17f3356f0 nmethod 558 0x000002a16cfca010 code [0x000002a16cfca1c0, 0x000002a16cfca428]
Event: 0.733 Thread 0x000002a17f3d02e0 nmethod 557 0x000002a16cfca590 code [0x000002a16cfca880, 0x000002a16cfcbd38]
Event: 0.734 Thread 0x000002a17f211740 nmethod 540 0x000002a174acdb90 code [0x000002a174acdd00, 0x000002a174acde78]
Event: 0.734 Thread 0x000002a17f211740  551       4       java.lang.Integer::parseInt (264 bytes)
Event: 0.739 Thread 0x000002a17f211740 nmethod 551 0x000002a174acdf90 code [0x000002a174ace140, 0x000002a174ace558]
Event: 0.739 Thread 0x000002a17f211740  559       4       lombok.patcher.PatchScript::classMatches (41 bytes)
Event: 0.748 Thread 0x000002a17f3d02e0  560       3       java.lang.Byte::<init> (10 bytes)
Event: 0.748 Thread 0x000002a17f3d02e0 nmethod 560 0x000002a16cfcc310 code [0x000002a16cfcc4c0, 0x000002a16cfcc698]
Event: 0.750 Thread 0x000002a17f3356f0  561       3       java.lang.reflect.Modifier::isPublic (12 bytes)
Event: 0.751 Thread 0x000002a17f3356f0 nmethod 561 0x000002a16cfcc790 code [0x000002a16cfcc920, 0x000002a16cfcca78]
Event: 0.752 Thread 0x000002a17f3356f0  562       3       java.util.TreeMap::parentOf (13 bytes)
Event: 0.753 Thread 0x000002a17f3356f0 nmethod 562 0x000002a16cfccb10 code [0x000002a16cfccca0, 0x000002a16cfcce18]
Event: 0.757 Thread 0x000002a17f3356f0  563       3       java.lang.reflect.Modifier::isProtected (12 bytes)
Event: 0.757 Thread 0x000002a17f3356f0 nmethod 563 0x000002a16cfccf10 code [0x000002a16cfcd0a0, 0x000002a16cfcd1f8]
Event: 0.758 Thread 0x000002a17f3356f0  564       3       java.lang.Enum::equals (11 bytes)
Event: 0.758 Thread 0x000002a17f3356f0 nmethod 564 0x000002a16cfcd290 code [0x000002a16cfcd420, 0x000002a16cfcd598]
Event: 0.763 Thread 0x000002a17f3d02e0  565       3       java.lang.invoke.MemberName::initResolved (53 bytes)
Event: 0.763 Thread 0x000002a17f3d02e0 nmethod 565 0x000002a16cfcd610 code [0x000002a16cfcd7a0, 0x000002a16cfcd918]

GC Heap History (0 events):
No events

Dll operation events (8 events):
Event: 0.021 Loaded shared library c:\Users\syeda\.vscode\extensions\redhat.java-1.28.1-win32-x64\jre\17.0.10-win32-x86_64\bin\java.dll
Event: 0.286 Loaded shared library c:\Users\syeda\.vscode\extensions\redhat.java-1.28.1-win32-x64\jre\17.0.10-win32-x86_64\bin\zip.dll
Event: 0.292 Loaded shared library C:\Users\syeda\.vscode\extensions\redhat.java-1.28.1-win32-x64\jre\17.0.10-win32-x86_64\bin\instrument.dll
Event: 0.309 Loaded shared library C:\Users\syeda\.vscode\extensions\redhat.java-1.28.1-win32-x64\jre\17.0.10-win32-x86_64\bin\net.dll
Event: 0.312 Loaded shared library C:\Users\syeda\.vscode\extensions\redhat.java-1.28.1-win32-x64\jre\17.0.10-win32-x86_64\bin\nio.dll
Event: 0.320 Loaded shared library C:\Users\syeda\.vscode\extensions\redhat.java-1.28.1-win32-x64\jre\17.0.10-win32-x86_64\bin\zip.dll
Event: 0.345 Loaded shared library C:\Users\syeda\.vscode\extensions\redhat.java-1.28.1-win32-x64\jre\17.0.10-win32-x86_64\bin\jimage.dll
Event: 0.439 Loaded shared library c:\Users\syeda\.vscode\extensions\redhat.java-1.28.1-win32-x64\jre\17.0.10-win32-x86_64\bin\verify.dll

Deoptimization events (20 events):
Event: 0.675 Thread 0x000002a16a276530 Uncommon trap: trap_request=0xffffffde fr.pc=0x000002a174ac6c24 relative=0x0000000000000104
Event: 0.675 Thread 0x000002a16a276530 Uncommon trap: reason=class_check action=maybe_recompile pc=0x000002a174ac6c24 method=jdk.internal.misc.Unsafe.allocateUninitializedArray(Ljava/lang/Class;I)Ljava/lang/Object; @ 51 c2
Event: 0.675 Thread 0x000002a16a276530 DEOPT PACKING pc=0x000002a174ac6c24 sp=0x000000cb42afb950
Event: 0.675 Thread 0x000002a16a276530 DEOPT UNPACKING pc=0x000002a1743a66a3 sp=0x000000cb42afb8d8 mode 2
Event: 0.675 Thread 0x000002a16a276530 Uncommon trap: trap_request=0xffffffde fr.pc=0x000002a174ac6c24 relative=0x0000000000000104
Event: 0.675 Thread 0x000002a16a276530 Uncommon trap: reason=class_check action=maybe_recompile pc=0x000002a174ac6c24 method=jdk.internal.misc.Unsafe.allocateUninitializedArray(Ljava/lang/Class;I)Ljava/lang/Object; @ 51 c2
Event: 0.675 Thread 0x000002a16a276530 DEOPT PACKING pc=0x000002a174ac6c24 sp=0x000000cb42afb950
Event: 0.675 Thread 0x000002a16a276530 DEOPT UNPACKING pc=0x000002a1743a66a3 sp=0x000000cb42afb8d8 mode 2
Event: 0.675 Thread 0x000002a16a276530 Uncommon trap: trap_request=0xffffffde fr.pc=0x000002a174ac6c24 relative=0x0000000000000104
Event: 0.675 Thread 0x000002a16a276530 Uncommon trap: reason=class_check action=maybe_recompile pc=0x000002a174ac6c24 method=jdk.internal.misc.Unsafe.allocateUninitializedArray(Ljava/lang/Class;I)Ljava/lang/Object; @ 51 c2
Event: 0.675 Thread 0x000002a16a276530 DEOPT PACKING pc=0x000002a174ac6c24 sp=0x000000cb42afb990
Event: 0.675 Thread 0x000002a16a276530 DEOPT UNPACKING pc=0x000002a1743a66a3 sp=0x000000cb42afb918 mode 2
Event: 0.701 Thread 0x000002a16a276530 Uncommon trap: trap_request=0xffffff45 fr.pc=0x000002a174ab6840 relative=0x00000000000000c0
Event: 0.701 Thread 0x000002a16a276530 Uncommon trap: reason=unstable_if action=reinterpret pc=0x000002a174ab6840 method=java.net.URI.match(CJJ)Z @ 45 c2
Event: 0.701 Thread 0x000002a16a276530 DEOPT PACKING pc=0x000002a174ab6840 sp=0x000000cb42afc950
Event: 0.701 Thread 0x000002a16a276530 DEOPT UNPACKING pc=0x000002a1743a66a3 sp=0x000000cb42afc8d8 mode 2
Event: 0.713 Thread 0x000002a16a276530 Uncommon trap: trap_request=0xffffff45 fr.pc=0x000002a174ac9c24 relative=0x00000000000005a4
Event: 0.713 Thread 0x000002a16a276530 Uncommon trap: reason=unstable_if action=reinterpret pc=0x000002a174ac9c24 method=java.lang.String.replace(Ljava/lang/CharSequence;Ljava/lang/CharSequence;)Ljava/lang/String; @ 48 c2
Event: 0.713 Thread 0x000002a16a276530 DEOPT PACKING pc=0x000002a174ac9c24 sp=0x000000cb42afc8d0
Event: 0.713 Thread 0x000002a16a276530 DEOPT UNPACKING pc=0x000002a1743a66a3 sp=0x000000cb42afc840 mode 2

Classes unloaded (0 events):
No events

Classes redefined (0 events):
No events

Internal exceptions (2 events):
Event: 0.249 Thread 0x000002a16a276530 Exception <a 'java/lang/NoSuchMethodError'{0x00000000eacb6098}: 'void java.lang.invoke.DirectMethodHandle$Holder.invokeStatic(java.lang.Object, java.lang.Object, java.lang.Object)'> (0x00000000eacb6098) 
thrown [s\src\hotspot\share\interpreter\linkResolver.cpp, line 759]
Event: 0.484 Thread 0x000002a16a276530 Exception <a 'java/lang/reflect/InvocationTargetException'{0x00000000eb0e8078}> (0x00000000eb0e8078) 
thrown [s\src\hotspot\share\runtime\reflection.cpp, line 1121]

VM Operations (4 events):
Event: 0.258 Executing VM operation: HandshakeAllThreads
Event: 0.258 Executing VM operation: HandshakeAllThreads done
Event: 0.369 Executing VM operation: HandshakeAllThreads
Event: 0.369 Executing VM operation: HandshakeAllThreads done

Events (20 events):
Event: 0.778 loading class jdk/internal/icu/text/NormalizerBase$NFKDMode done
Event: 0.778 loading class jdk/internal/icu/text/NormalizerBase$NFCMode
Event: 0.778 loading class jdk/internal/icu/text/NormalizerBase$NFCMode done
Event: 0.778 loading class jdk/internal/icu/text/NormalizerBase$NFKCMode
Event: 0.778 loading class jdk/internal/icu/text/NormalizerBase$NFKCMode done
Event: 0.778 loading class jdk/internal/icu/text/NormalizerBase$1
Event: 0.778 loading class jdk/internal/icu/text/NormalizerBase$1 done
Event: 0.778 loading class jdk/internal/icu/text/NormalizerBase$NFKDModeImpl
Event: 0.778 loading class jdk/internal/icu/text/NormalizerBase$NFKDModeImpl done
Event: 0.779 loading class jdk/internal/icu/text/NormalizerBase$ModeImpl
Event: 0.779 loading class jdk/internal/icu/text/NormalizerBase$ModeImpl done
Event: 0.779 loading class jdk/internal/icu/text/Normalizer2
Event: 0.779 loading class jdk/internal/icu/text/Normalizer2 done
Event: 0.780 loading class jdk/internal/icu/impl/Norm2AllModes
Event: 0.780 loading class jdk/internal/icu/impl/Norm2AllModes done
Event: 0.780 loading class jdk/internal/icu/impl/Norm2AllModes$NoopNormalizer2
Event: 0.780 loading class jdk/internal/icu/impl/Norm2AllModes$NoopNormalizer2 done
Event: 0.781 loading class jdk/internal/icu/impl/Norm2AllModes$NFKCSingleton
Event: 0.781 loading class jdk/internal/icu/impl/Norm2AllModes$NFKCSingleton done
Event: 0.781 loading class jdk/internal/icu/impl/Norm2AllModes$Norm2AllModesSingleton


Dynamic libraries:
0x00007ff643bb0000 - 0x00007ff643bbe000 	c:\Users\syeda\.vscode\extensions\redhat.java-1.28.1-win32-x64\jre\17.0.10-win32-x86_64\bin\java.exe
0x00007ffbe5750000 - 0x00007ffbe5967000 	C:\WINDOWS\SYSTEM32\ntdll.dll
0x00007ffbe3c80000 - 0x00007ffbe3d44000 	C:\WINDOWS\System32\KERNEL32.DLL
0x00007ffbe2ca0000 - 0x00007ffbe3046000 	C:\WINDOWS\System32\KERNELBASE.dll
0x00007ffbe3380000 - 0x00007ffbe3491000 	C:\WINDOWS\System32\ucrtbase.dll
0x00007ffbde150000 - 0x00007ffbde16b000 	c:\Users\syeda\.vscode\extensions\redhat.java-1.28.1-win32-x64\jre\17.0.10-win32-x86_64\bin\VCRUNTIME140.dll
0x00007ffbdd780000 - 0x00007ffbdd797000 	c:\Users\syeda\.vscode\extensions\redhat.java-1.28.1-win32-x64\jre\17.0.10-win32-x86_64\bin\jli.dll
0x00007ffbe3d50000 - 0x00007ffbe3efe000 	C:\WINDOWS\System32\USER32.dll
0x00007ffbd0520000 - 0x00007ffbd07b3000 	C:\WINDOWS\WinSxS\amd64_microsoft.windows.common-controls_6595b64144ccf1df_6.0.22621.2506_none_270c5ae97388e100\COMCTL32.dll
0x00007ffbe4900000 - 0x00007ffbe49a7000 	C:\WINDOWS\System32\msvcrt.dll
0x00007ffbe3050000 - 0x00007ffbe3076000 	C:\WINDOWS\System32\win32u.dll
0x00007ffbe3920000 - 0x00007ffbe3949000 	C:\WINDOWS\System32\GDI32.dll
0x00007ffbe3140000 - 0x00007ffbe3258000 	C:\WINDOWS\System32\gdi32full.dll
0x00007ffbe2a90000 - 0x00007ffbe2b2a000 	C:\WINDOWS\System32\msvcp_win.dll
0x00007ffbe3f00000 - 0x00007ffbe3f31000 	C:\WINDOWS\System32\IMM32.DLL
0x00007ffbde270000 - 0x00007ffbde27c000 	c:\Users\syeda\.vscode\extensions\redhat.java-1.28.1-win32-x64\jre\17.0.10-win32-x86_64\bin\vcruntime140_1.dll
0x00007ffbd6670000 - 0x00007ffbd66fd000 	c:\Users\syeda\.vscode\extensions\redhat.java-1.28.1-win32-x64\jre\17.0.10-win32-x86_64\bin\msvcp140.dll
0x00007ffba1870000 - 0x00007ffba24d2000 	c:\Users\syeda\.vscode\extensions\redhat.java-1.28.1-win32-x64\jre\17.0.10-win32-x86_64\bin\server\jvm.dll
0x00007ffbe4af0000 - 0x00007ffbe4ba3000 	C:\WINDOWS\System32\ADVAPI32.dll
0x00007ffbe3b20000 - 0x00007ffbe3bc8000 	C:\WINDOWS\System32\sechost.dll
0x00007ffbe32d0000 - 0x00007ffbe32f8000 	C:\WINDOWS\System32\bcrypt.dll
0x00007ffbe45b0000 - 0x00007ffbe46c7000 	C:\WINDOWS\System32\RPCRT4.dll
0x00007ffbc4980000 - 0x00007ffbc4989000 	C:\WINDOWS\SYSTEM32\WSOCK32.dll
0x00007ffbdbba0000 - 0x00007ffbdbbd4000 	C:\WINDOWS\SYSTEM32\WINMM.dll
0x00007ffbe18f0000 - 0x00007ffbe193d000 	C:\WINDOWS\SYSTEM32\POWRPROF.dll
0x00007ffbdbd50000 - 0x00007ffbdbd5a000 	C:\WINDOWS\SYSTEM32\VERSION.dll
0x00007ffbe4100000 - 0x00007ffbe4171000 	C:\WINDOWS\System32\WS2_32.dll
0x00007ffbe18d0000 - 0x00007ffbe18e3000 	C:\WINDOWS\SYSTEM32\UMPDC.dll
0x00007ffbe1b90000 - 0x00007ffbe1ba8000 	C:\WINDOWS\SYSTEM32\kernel.appcore.dll
0x00007ffbde100000 - 0x00007ffbde10a000 	c:\Users\syeda\.vscode\extensions\redhat.java-1.28.1-win32-x64\jre\17.0.10-win32-x86_64\bin\jimage.dll
0x00007ffbd9e90000 - 0x00007ffbda0c3000 	C:\WINDOWS\SYSTEM32\DBGHELP.DLL
0x00007ffbe41c0000 - 0x00007ffbe4549000 	C:\WINDOWS\System32\combase.dll
0x00007ffbe39e0000 - 0x00007ffbe3ab7000 	C:\WINDOWS\System32\OLEAUT32.dll
0x00007ffbd9e10000 - 0x00007ffbd9e42000 	C:\WINDOWS\SYSTEM32\dbgcore.DLL
0x00007ffbe3300000 - 0x00007ffbe337a000 	C:\WINDOWS\System32\bcryptPrimitives.dll
0x00007ffbdd770000 - 0x00007ffbdd77e000 	c:\Users\syeda\.vscode\extensions\redhat.java-1.28.1-win32-x64\jre\17.0.10-win32-x86_64\bin\instrument.dll
0x00007ffbdbe00000 - 0x00007ffbdbe25000 	c:\Users\syeda\.vscode\extensions\redhat.java-1.28.1-win32-x64\jre\17.0.10-win32-x86_64\bin\java.dll
0x00007ffbd8b60000 - 0x00007ffbd8b78000 	c:\Users\syeda\.vscode\extensions\redhat.java-1.28.1-win32-x64\jre\17.0.10-win32-x86_64\bin\zip.dll
0x00007ffbe4bb0000 - 0x00007ffbe540b000 	C:\WINDOWS\System32\SHELL32.dll
0x00007ffbe0980000 - 0x00007ffbe1276000 	C:\WINDOWS\SYSTEM32\windows.storage.dll
0x00007ffbe0840000 - 0x00007ffbe097e000 	C:\WINDOWS\SYSTEM32\wintypes.dll
0x00007ffbe49e0000 - 0x00007ffbe4ad3000 	C:\WINDOWS\System32\SHCORE.dll
0x00007ffbe3ac0000 - 0x00007ffbe3b1e000 	C:\WINDOWS\System32\shlwapi.dll
0x00007ffbe29c0000 - 0x00007ffbe29e6000 	C:\WINDOWS\SYSTEM32\profapi.dll
0x00007ffbd8b40000 - 0x00007ffbd8b59000 	C:\Users\syeda\.vscode\extensions\redhat.java-1.28.1-win32-x64\jre\17.0.10-win32-x86_64\bin\net.dll
0x00007ffbdcd10000 - 0x00007ffbdce47000 	C:\WINDOWS\SYSTEM32\WINHTTP.dll
0x00007ffbe2040000 - 0x00007ffbe20a9000 	C:\WINDOWS\system32\mswsock.dll
0x00007ffbd88e0000 - 0x00007ffbd88f6000 	C:\Users\syeda\.vscode\extensions\redhat.java-1.28.1-win32-x64\jre\17.0.10-win32-x86_64\bin\nio.dll
0x00007ffbdc030000 - 0x00007ffbdc040000 	c:\Users\syeda\.vscode\extensions\redhat.java-1.28.1-win32-x64\jre\17.0.10-win32-x86_64\bin\verify.dll

dbghelp: loaded successfully - version: 4.0.5 - missing functions: none
symbol engine: initialized successfully - sym options: 0x614 - pdb path: .;c:\Users\syeda\.vscode\extensions\redhat.java-1.28.1-win32-x64\jre\17.0.10-win32-x86_64\bin;C:\WINDOWS\SYSTEM32;C:\WINDOWS\WinSxS\amd64_microsoft.windows.common-controls_6595b64144ccf1df_6.0.22621.2506_none_270c5ae97388e100;c:\Users\syeda\.vscode\extensions\redhat.java-1.28.1-win32-x64\jre\17.0.10-win32-x86_64\bin\server

VM Arguments:
jvm_args: --add-modules=ALL-SYSTEM --add-opens=java.base/java.util=ALL-UNNAMED --add-opens=java.base/java.lang=ALL-UNNAMED --add-opens=java.base/sun.nio.fs=ALL-UNNAMED -Declipse.application=org.eclipse.jdt.ls.core.id1 -Dosgi.bundles.defaultStartLevel=4 -Declipse.product=org.eclipse.jdt.ls.core.product -Djava.import.generatesMetadataFilesAtProjectRoot=false -DDetectVMInstallationsJob.disabled=true -Dfile.encoding=utf8 -XX:+UseParallelGC -XX:GCTimeRatio=4 -XX:AdaptiveSizePolicyWeight=90 -Dsun.zip.disableMemoryMapping=true -Xmx1G -Xms100m -Xlog:disable -javaagent:c:\Users\syeda\.vscode\extensions\redhat.java-1.28.1-win32-x64\lombok\lombok-1.18.31.jar -XX:+HeapDumpOnOutOfMemoryError -XX:HeapDumpPath=c:\Users\syeda\AppData\Roaming\Code\User\workspaceStorage\eac1d6115e6ea59bc84d52a110b34a36\redhat.java -Daether.dependencyCollector.impl=bf 
java_command: c:\Users\syeda\.vscode\extensions\redhat.java-1.28.1-win32-x64\server\plugins\org.eclipse.equinox.launcher_1.6.700.v20231214-2017.jar -configuration c:\Users\syeda\AppData\Roaming\Code\User\globalStorage\redhat.java\1.28.1\config_win -data c:\Users\syeda\AppData\Roaming\Code\User\workspaceStorage\eac1d6115e6ea59bc84d52a110b34a36\redhat.java\jdt_ws --stdio
java_class_path (initial): c:\Users\syeda\.vscode\extensions\redhat.java-1.28.1-win32-x64\server\plugins\org.eclipse.equinox.launcher_1.6.700.v20231214-2017.jar
Launcher Type: SUN_STANDARD

[Global flags]
    uintx AdaptiveSizePolicyWeight                 = 90                                        {product} {command line}
     intx CICompilerCount                          = 12                                        {product} {ergonomic}
    uintx GCTimeRatio                              = 4                                         {product} {command line}
     bool HeapDumpOnOutOfMemoryError               = true                                   {manageable} {command line}
    ccstr HeapDumpPath                             = c:\Users\syeda\AppData\Roaming\Code\User\workspaceStorage\eac1d6115e6ea59bc84d52a110b34a36\redhat.java         {manageable} {command line}
   size_t InitialHeapSize                          = 104857600                                 {product} {command line}
   size_t MaxHeapSize                              = 1073741824                                {product} {command line}
   size_t MaxNewSize                               = 357564416                                 {product} {ergonomic}
   size_t MinHeapDeltaBytes                        = 524288                                    {product} {ergonomic}
   size_t MinHeapSize                              = 104857600                                 {product} {command line}
   size_t NewSize                                  = 34603008                                  {product} {ergonomic}
    uintx NonNMethodCodeHeapSize                   = 7602480                                {pd product} {ergonomic}
    uintx NonProfiledCodeHeapSize                  = 122027880                              {pd product} {ergonomic}
   size_t OldSize                                  = 70254592                                  {product} {ergonomic}
    uintx ProfiledCodeHeapSize                     = 122027880                              {pd product} {ergonomic}
    uintx ReservedCodeCacheSize                    = 251658240                              {pd product} {ergonomic}
     bool SegmentedCodeCache                       = true                                      {product} {ergonomic}
   size_t SoftMaxHeapSize                          = 1073741824                             {manageable} {ergonomic}
     bool UseCompressedClassPointers               = true                           {product lp64_product} {ergonomic}
     bool UseCompressedOops                        = true                           {product lp64_product} {ergonomic}
     bool UseLargePagesIndividualAllocation        = false                                  {pd product} {ergonomic}
     bool UseParallelGC                            = true                                      {product} {command line}

Logging:
Log output configuration:
 #0: stdout all=off uptime,level,tags
 #1: stderr all=off uptime,level,tags

Environment Variables:
JAVA_HOME=C:\Program Files\Java\jdk-17
PATH=C:\Program Files (x86)\Common Files\Intel\Shared Libraries\redist\intel64\compiler;C:\Program Files\Common Files\Oracle\Java\javapath;C:\Windows\system32;C:\Windows;C:\Windows\System32\Wbem;C:\Windows\System32\WindowsPowerShell\v1.0\;C:\Windows\System32\OpenSSH\;C:\Program Files (x86)\NVIDIA Corporation\PhysX\Common;C:\Program Files\NVIDIA Corporation\NVIDIA NvDLISR;C:\WINDOWS\system32;C:\WINDOWS;C:\WINDOWS\System32\Wbem;C:\WINDOWS\System32\WindowsPowerShell\v1.0\;C:\WINDOWS\System32\OpenSSH\;C:\Program Files\Git\cmd;C:\Users\syeda\AppData\Local\Android\Sdk\platform-tools;C:\Program Files\Android\Android Studio\jbr\bin;C:\Program Files\watchman-v2023.01.23.00-windows\bin;C:\Program Files\Git\usr\bin;C:\Users\syeda\AppData\Roaming\nvm;C:\Program Files\nodejs;C:\Program Files\Java\jdk-17\bin;C:\Program Files\Common Files\Oracle\Java\javapath;C:\Users\syeda\AppData\Local\Android\Sdk\tools;C:\Users\syeda\AppData\Local\Android\Sdk\tools;C:\Users\syeda\AppData\Local\Microsoft\WindowsApps;C:\Users\syeda\AppData\Roaming\npm;C:\Users\syeda\AppData\Local\Android\Sdk\platform-tools;C:\Users\syeda\AppData\Local\Programs\Microsoft VS Code\bin;C:\Users\syeda\AppData\Roaming\nvm;C:\Program Files\nodejs;C:\flutter_windows_3.13.6-stable\flutter\bin;
USERNAME=syeda
OS=Windows_NT
PROCESSOR_IDENTIFIER=AMD64 Family 23 Model 96 Stepping 1, AuthenticAMD
TMP=C:\Users\syeda\AppData\Local\Temp
TEMP=C:\Users\syeda\AppData\Local\Temp



Periodic native trim disabled


---------------  S Y S T E M  ---------------

OS:
 Windows 11 , 64 bit Build 22621 (10.0.22621.3085)
OS uptime: 2 days 6:40 hours
Hyper-V role detected

CPU: total 16 (initial active 16) (16 cores per cpu, 2 threads per core) family 23 model 96 stepping 1 microcode 0x0, cx8, cmov, fxsr, ht, mmx, 3dnowpref, sse, sse2, sse3, ssse3, sse4a, sse4.1, sse4.2, popcnt, lzcnt, tsc, tscinvbit, avx, avx2, aes, clmul, bmi1, bmi2, adx, sha, fma, vzeroupper, clflush, clflushopt, hv
Processor Information for all 16 processors :
  Max Mhz: 2901, Current Mhz: 2901, Mhz Limit: 2901

Memory: 4k page, system-wide physical 7598M (343M free)
TotalPageFile size 31150M (AvailPageFile size 1M)
current process WorkingSet (physical memory assigned to process): 55M, peak: 55M
current process commit charge ("private bytes"): 211M, peak: 212M

vm_info: OpenJDK 64-Bit Server VM (17.0.10+7) for windows-amd64 JRE (17.0.10+7), built on Jan 16 2024 23:25:11 by "admin" with MS VC++ 16.10 / 16.11 (VS2019)

END.
