#
# There is insufficient memory for the Java Runtime Environment to continue.
# Native memory allocation (malloc) failed to allocate 69776 bytes for Chunk::new
# Possible reasons:
#   The system is out of physical RAM or swap space
#   The process is running with CompressedOops enabled, and the Java Heap may be blocking the growth of the native heap
# Possible solutions:
#   Reduce memory load on the system
#   Increase physical memory or swap space
#   Check if swap backing store is full
#   Decrease Java heap size (-Xmx/-Xms)
#   Decrease number of Java threads
#   Decrease Java thread stack sizes (-Xss)
#   Set larger code cache with -XX:ReservedCodeCacheSize=
#   JVM is running with Unscaled Compressed Oops mode in which the Java heap is
#     placed in the first 4GB address space. The Java Heap base address is the
#     maximum limit for the native heap growth. Please use -XX:HeapBaseMinAddress
#     to set the Java Heap base and to place the Java Heap above 4GB virtual address.
# This output file may be truncated or incomplete.
#
#  Out of Memory Error (arena.cpp:191), pid=29436, tid=26516
#
# JRE version: OpenJDK Runtime Environment Temurin-17.0.10+7 (17.0.10+7) (build 17.0.10+7)
# Java VM: OpenJDK 64-Bit Server VM Temurin-17.0.10+7 (17.0.10+7, mixed mode, tiered, compressed oops, compressed class ptrs, parallel gc, windows-amd64)
# No core dump will be written. Minidumps are not enabled by default on client versions of Windows
#

---------------  S U M M A R Y ------------

Command Line: --add-modules=ALL-SYSTEM --add-opens=java.base/java.util=ALL-UNNAMED --add-opens=java.base/java.lang=ALL-UNNAMED --add-opens=java.base/sun.nio.fs=ALL-UNNAMED -Declipse.application=org.eclipse.jdt.ls.core.id1 -Dosgi.bundles.defaultStartLevel=4 -Declipse.product=org.eclipse.jdt.ls.core.product -Djava.import.generatesMetadataFilesAtProjectRoot=false -DDetectVMInstallationsJob.disabled=true -Dfile.encoding=utf8 -XX:+UseParallelGC -XX:GCTimeRatio=4 -XX:AdaptiveSizePolicyWeight=90 -Dsun.zip.disableMemoryMapping=true -Xmx1G -Xms100m -Xlog:disable -javaagent:c:\Users\syeda\.vscode\extensions\redhat.java-1.28.1-win32-x64\lombok\lombok-1.18.31.jar -XX:+HeapDumpOnOutOfMemoryError -XX:HeapDumpPath=c:\Users\syeda\AppData\Roaming\Code\User\workspaceStorage\eac1d6115e6ea59bc84d52a110b34a36\redhat.java -Daether.dependencyCollector.impl=bf c:\Users\syeda\.vscode\extensions\redhat.java-1.28.1-win32-x64\server\plugins\org.eclipse.equinox.launcher_1.6.700.v20231214-2017.jar -configuration c:\Users\syeda\AppData\Roaming\Code\User\globalStorage\redhat.java\1.28.1\config_win -data c:\Users\syeda\AppData\Roaming\Code\User\workspaceStorage\eac1d6115e6ea59bc84d52a110b34a36\redhat.java\jdt_ws --stdio

Host: AMD Ryzen 7 4800H with Radeon Graphics         , 16 cores, 7G,  Windows 11 , 64 bit Build 22621 (10.0.22621.3085)
Time: Tue Mar  5 07:04:03 2024 India Standard Time elapsed time: 13.150833 seconds (0d 0h 0m 13s)

---------------  T H R E A D  ---------------

Current thread (0x000001f3f6cd2080):  JavaThread "C2 CompilerThread0" daemon [_thread_in_native, id=26516, stack(0x000000c4b9b00000,0x000000c4b9c00000)]


Current CompileTask:
C2:  13150 3445       4       jdk.internal.module.SystemModuleFinders$SystemModuleReader::find (59 bytes)

Stack: [0x000000c4b9b00000,0x000000c4b9c00000]
Native frames: (J=compiled Java code, j=interpreted, Vv=VM code, C=native code)
V  [jvm.dll+0x67d2c9]
V  [jvm.dll+0x834afa]
V  [jvm.dll+0x8365be]
V  [jvm.dll+0x836c23]
V  [jvm.dll+0x2477ff]
V  [jvm.dll+0xac514]
V  [jvm.dll+0xacb5c]
V  [jvm.dll+0x366782]
V  [jvm.dll+0x1bca1d]
V  [jvm.dll+0x21a049]
V  [jvm.dll+0x219311]
V  [jvm.dll+0x1a502d]
V  [jvm.dll+0x2290de]
V  [jvm.dll+0x2272ac]
V  [jvm.dll+0x7e9bb7]
V  [jvm.dll+0x7e3fba]
V  [jvm.dll+0x67c1b5]
C  [ucrtbase.dll+0x29363]
C  [KERNEL32.DLL+0x1257d]
C  [ntdll.dll+0x5aa58]


---------------  P R O C E S S  ---------------

Threads class SMR info:
_java_thread_list=0x000001f3f9409830, length=22, elements={
0x000001f3dbd63a20, 0x000001f3f1b31020, 0x000001f3f1b32640, 0x000001f3f1b3e310,
0x000001f3f6cc9160, 0x000001f3f6cca780, 0x000001f3f6cccc50, 0x000001f3f6cd2080,
0x000001f3f6cda9c0, 0x000001f3f6ce3aa0, 0x000001f3f6e28800, 0x000001f3f8eac010,
0x000001f3f9709850, 0x000001f3f8fa1c50, 0x000001f3f8dec5f0, 0x000001f3f8e7bb70,
0x000001f3f93ac0b0, 0x000001f3f90c1030, 0x000001f3f90c25b0, 0x000001f3f92672c0,
0x000001f3f92668a0, 0x000001f3f9265970
}

Java Threads: ( => current thread )
  0x000001f3dbd63a20 JavaThread "main" [_thread_blocked, id=14212, stack(0x000000c4b9200000,0x000000c4b9300000)]
  0x000001f3f1b31020 JavaThread "Reference Handler" daemon [_thread_blocked, id=2272, stack(0x000000c4b9500000,0x000000c4b9600000)]
  0x000001f3f1b32640 JavaThread "Finalizer" daemon [_thread_blocked, id=29016, stack(0x000000c4b9600000,0x000000c4b9700000)]
  0x000001f3f1b3e310 JavaThread "Signal Dispatcher" daemon [_thread_blocked, id=22520, stack(0x000000c4b9700000,0x000000c4b9800000)]
  0x000001f3f6cc9160 JavaThread "Attach Listener" daemon [_thread_blocked, id=27536, stack(0x000000c4b9800000,0x000000c4b9900000)]
  0x000001f3f6cca780 JavaThread "Service Thread" daemon [_thread_blocked, id=17572, stack(0x000000c4b9900000,0x000000c4b9a00000)]
  0x000001f3f6cccc50 JavaThread "Monitor Deflation Thread" daemon [_thread_blocked, id=27740, stack(0x000000c4b9a00000,0x000000c4b9b00000)]
=>0x000001f3f6cd2080 JavaThread "C2 CompilerThread0" daemon [_thread_in_native, id=26516, stack(0x000000c4b9b00000,0x000000c4b9c00000)]
  0x000001f3f6cda9c0 JavaThread "C1 CompilerThread0" daemon [_thread_blocked, id=25460, stack(0x000000c4b9c00000,0x000000c4b9d00000)]
  0x000001f3f6ce3aa0 JavaThread "Sweeper thread" daemon [_thread_blocked, id=9172, stack(0x000000c4b9d00000,0x000000c4b9e00000)]
  0x000001f3f6e28800 JavaThread "Common-Cleaner" daemon [_thread_blocked, id=16508, stack(0x000000c4b9e00000,0x000000c4b9f00000)]
  0x000001f3f8eac010 JavaThread "Notification Thread" daemon [_thread_blocked, id=22216, stack(0x000000c4ba200000,0x000000c4ba300000)]
  0x000001f3f9709850 JavaThread "Active Thread: Equinox Container: 718990cb-9550-4152-b72f-5edd8c02d24d" [_thread_blocked, id=15376, stack(0x000000c4ba600000,0x000000c4ba700000)]
  0x000001f3f8fa1c50 JavaThread "Framework Event Dispatcher: Equinox Container: 718990cb-9550-4152-b72f-5edd8c02d24d" daemon [_thread_blocked, id=26392, stack(0x000000c4ba100000,0x000000c4ba200000)]
  0x000001f3f8dec5f0 JavaThread "Start Level: Equinox Container: 718990cb-9550-4152-b72f-5edd8c02d24d" daemon [_thread_blocked, id=26468, stack(0x000000c4ba400000,0x000000c4ba500000)]
  0x000001f3f8e7bb70 JavaThread "Bundle File Closer" daemon [_thread_blocked, id=8104, stack(0x000000c4b9f00000,0x000000c4ba000000)]
  0x000001f3f93ac0b0 JavaThread "SCR Component Actor" daemon [_thread_blocked, id=5636, stack(0x000000c4bad00000,0x000000c4bae00000)]
  0x000001f3f90c1030 JavaThread "C1 CompilerThread1" daemon [_thread_blocked, id=18520, stack(0x000000c4bae00000,0x000000c4baf00000)]
  0x000001f3f90c25b0 JavaThread "SCR Component Registry" daemon [_thread_blocked, id=28936, stack(0x000000c4baf00000,0x000000c4bb000000)]
  0x000001f3f92672c0 JavaThread "Worker-JM" [_thread_blocked, id=24996, stack(0x000000c4bb200000,0x000000c4bb300000)]
  0x000001f3f92668a0 JavaThread "Worker-0: Checking project encoding" [_thread_blocked, id=12380, stack(0x000000c4bb400000,0x000000c4bb500000)]
  0x000001f3f9265970 JavaThread "Worker-1" [_thread_blocked, id=11020, stack(0x000000c4bb500000,0x000000c4bb600000)]

Other Threads:
  0x000001f3dbde9660 VMThread "VM Thread" [stack: 0x000000c4b9400000,0x000000c4b9500000] [id=19780]
  0x000001f3f8dd56e0 WatcherThread [stack: 0x000000c4ba300000,0x000000c4ba400000] [id=19476]
  0x000001f3dbd7a600 GCTaskThread "GC Thread#0" [stack: 0x000000c4b9300000,0x000000c4b9400000] [id=9468]
  0x000001f3f93f1050 GCTaskThread "GC Thread#1" [stack: 0x000000c4ba700000,0x000000c4ba800000] [id=21400]
  0x000001f3f9610be0 GCTaskThread "GC Thread#2" [stack: 0x000000c4ba800000,0x000000c4ba900000] [id=19188]
  0x000001f3f9610ea0 GCTaskThread "GC Thread#3" [stack: 0x000000c4ba900000,0x000000c4baa00000] [id=11468]
  0x000001f3f9611160 GCTaskThread "GC Thread#4" [stack: 0x000000c4baa00000,0x000000c4bab00000] [id=15216]
  0x000001f3f9611420 GCTaskThread "GC Thread#5" [stack: 0x000000c4bab00000,0x000000c4bac00000] [id=28728]
  0x000001f3f98b8010 GCTaskThread "GC Thread#6" [stack: 0x000000c4ba500000,0x000000c4ba600000] [id=17740]
  0x000001f3f98b88f0 GCTaskThread "GC Thread#7" [stack: 0x000000c4bac00000,0x000000c4bad00000] [id=8152]
  0x000001f3f93ac770 GCTaskThread "GC Thread#8" [stack: 0x000000c4ba000000,0x000000c4ba100000] [id=18656]
  0x000001f3f8e7b8a0 GCTaskThread "GC Thread#9" [stack: 0x000000c4bb000000,0x000000c4bb100000] [id=27752]
  0x000001f3f92684f0 GCTaskThread "GC Thread#10" [stack: 0x000000c4bb100000,0x000000c4bb200000] [id=24196]
  0x000001f3f9296880 GCTaskThread "GC Thread#11" [stack: 0x000000c4bb300000,0x000000c4bb400000] [id=20176]

Threads with active compile tasks:
C2 CompilerThread0    13164 3445       4       jdk.internal.module.SystemModuleFinders$SystemModuleReader::find (59 bytes)

VM state: not at safepoint (normal execution)

VM Mutex/Monitor currently owned by a thread: None

OutOfMemory and StackOverflow Exception counts:
OutOfMemoryError java_heap_errors=2
LinkageErrors=37

Heap address: 0x00000000c0000000, size: 1024 MB, Compressed Oops mode: 32-bit

CDS archive(s) not mapped
Compressed class space mapped at: 0x0000000100000000-0x0000000140000000, reserved size: 1073741824
Narrow klass base: 0x0000000000000000, Narrow klass shift: 3, Narrow klass range: 0x140000000

GC Precious Log:
 CPUs: 16 total, 16 available
 Memory: 7598M
 Large Page Support: Disabled
 NUMA Support: Disabled
 Compressed Oops: Enabled (32-bit)
 Alignments: Space 512K, Generation 512K, Heap 2M
 Heap Min Capacity: 100M
 Heap Initial Capacity: 100M
 Heap Max Capacity: 1G
 Pre-touch: Disabled
 Parallel Workers: 13

Heap:
 PSYoungGen      total 25600K, used 25288K [0x00000000eab00000, 0x00000000ed780000, 0x0000000100000000)
  eden space 20480K, 98% used [0x00000000eab00000,0x00000000ebeb21c0,0x00000000ebf00000)
  from space 5120K, 100% used [0x00000000ec900000,0x00000000ece00000,0x00000000ece00000)
  to   space 10240K, 0% used [0x00000000ebf00000,0x00000000ebf00000,0x00000000ec900000)
 ParOldGen       total 68608K, used 14538K [0x00000000c0000000, 0x00000000c4300000, 0x00000000eab00000)
  object space 68608K, 21% used [0x00000000c0000000,0x00000000c0e32868,0x00000000c4300000)
 Metaspace       used 23376K, committed 23872K, reserved 1114112K
  class space    used 2354K, committed 2560K, reserved 1048576K

Card table byte_map: [0x000001f3ef3b0000,0x000001f3ef5c0000] _byte_map_base: 0x000001f3eedb0000

Marking Bits: (ParMarkBitMap*) 0x00007ffba240d7d0
 Begin Bits: [0x000001f3ef720000, 0x000001f3f0720000)
 End Bits:   [0x000001f3f0720000, 0x000001f3f1720000)

Polling page: 0x000001f3dbe10000

Metaspace:

Usage:
  Non-class:     20.53 MB used.
      Class:      2.30 MB used.
       Both:     22.83 MB used.

Virtual space:
  Non-class space:       64.00 MB reserved,      20.81 MB ( 33%) committed,  1 nodes.
      Class space:        1.00 GB reserved,       2.50 MB ( <1%) committed,  1 nodes.
             Both:        1.06 GB reserved,      23.31 MB (  2%) committed. 

Chunk freelists:
   Non-Class:  11.06 MB
       Class:  13.48 MB
        Both:  24.55 MB

MaxMetaspaceSize: unlimited
CompressedClassSpaceSize: 1.00 GB
Initial GC threshold: 21.00 MB
Current GC threshold: 35.00 MB
CDS: off
MetaspaceReclaimPolicy: balanced
 - commit_granule_bytes: 65536.
 - commit_granule_words: 8192.
 - virtual_space_node_default_size: 8388608.
 - enlarge_chunks_in_place: 1.
 - new_chunks_are_fully_committed: 0.
 - uncommit_free_chunks: 1.
 - use_allocation_guard: 0.
 - handle_deallocations: 1.


Internal statistics:

num_allocs_failed_limit: 3.
num_arena_births: 294.
num_arena_deaths: 0.
num_vsnodes_births: 2.
num_vsnodes_deaths: 0.
num_space_committed: 373.
num_space_uncommitted: 0.
num_chunks_returned_to_freelist: 3.
num_chunks_taken_from_freelist: 852.
num_chunk_merges: 0.
num_chunk_splits: 540.
num_chunks_enlarged: 373.
num_inconsistent_stats: 0.

CodeHeap 'non-profiled nmethods': size=119168Kb used=1566Kb max_used=1566Kb free=117601Kb
 bounds [0x000001f3e7d60000, 0x000001f3e7fd0000, 0x000001f3ef1c0000]
CodeHeap 'profiled nmethods': size=119104Kb used=7165Kb max_used=7165Kb free=111938Kb
 bounds [0x000001f3e01c0000, 0x000001f3e08c0000, 0x000001f3e7610000]
CodeHeap 'non-nmethods': size=7488Kb used=1753Kb max_used=2890Kb free=5734Kb
 bounds [0x000001f3e7610000, 0x000001f3e78f0000, 0x000001f3e7d60000]
 total_blobs=3941 nmethods=3450 adapters=404
 compilation: enabled
              stopped_count=0, restarted_count=0
 full_count=0

Compilation events (20 events):
Event: 13.134 Thread 0x000001f3f90c1030 nmethod 3443 0x000001f3e08b7a90 code [0x000001f3e08b7c20, 0x000001f3e08b7d18]
Event: 13.134 Thread 0x000001f3f6cda9c0 nmethod 3444 0x000001f3e08b7d90 code [0x000001f3e08b7f20, 0x000001f3e08b80d8]
Event: 13.135 Thread 0x000001f3f6cd2080 3445       4       jdk.internal.module.SystemModuleFinders$SystemModuleReader::find (59 bytes)
Event: 13.137 Thread 0x000001f3f6cda9c0 3447       3       java.lang.reflect.Field::acquireFieldAccessor (59 bytes)
Event: 13.137 Thread 0x000001f3f6cda9c0 nmethod 3447 0x000001f3e08b8190 code [0x000001f3e08b8380, 0x000001f3e08b8898]
Event: 13.138 Thread 0x000001f3f6cda9c0 3448       3       sun.net.util.URLUtil::urlNoFragString (114 bytes)
Event: 13.139 Thread 0x000001f3f6cda9c0 nmethod 3448 0x000001f3e08b8a10 code [0x000001f3e08b8d40, 0x000001f3e08b9d58]
Event: 13.140 Thread 0x000001f3f6cda9c0 3451       3       org.eclipse.osgi.internal.framework.FilterImpl$Item::compare_ObjectArray (38 bytes)
Event: 13.140 Thread 0x000001f3f6cda9c0 nmethod 3451 0x000001f3e08ba310 code [0x000001f3e08ba4c0, 0x000001f3e08ba768]
Event: 13.145 Thread 0x000001f3f90c1030 3452       3       java.lang.StackTraceElement::<init> (10 bytes)
Event: 13.145 Thread 0x000001f3f6cda9c0 3453       3       java.lang.ModuleLayer::boot (4 bytes)
Event: 13.145 Thread 0x000001f3f90c1030 nmethod 3452 0x000001f3e08ba890 code [0x000001f3e08baa20, 0x000001f3e08bab98]
Event: 13.145 Thread 0x000001f3f6cda9c0 nmethod 3453 0x000001f3e08bac90 code [0x000001f3e08bae20, 0x000001f3e08baf18]
Event: 13.145 Thread 0x000001f3f90c1030 3454  s!   3       java.lang.StackTraceElement::computeFormat (71 bytes)
Event: 13.145 Thread 0x000001f3f6cda9c0 3455       3       java.lang.StackTraceElement::isHashedInJavaBase (31 bytes)
Event: 13.146 Thread 0x000001f3f6cda9c0 nmethod 3455 0x000001f3e08baf90 code [0x000001f3e08bb180, 0x000001f3e08bb698]
Event: 13.146 Thread 0x000001f3f6cda9c0 3456       3       java.lang.Module::getLayer (43 bytes)
Event: 13.146 Thread 0x000001f3f90c1030 nmethod 3454 0x000001f3e08bb810 code [0x000001f3e08bba20, 0x000001f3e08bc278]
Event: 13.146 Thread 0x000001f3f6cda9c0 nmethod 3456 0x000001f3e08bc510 code [0x000001f3e08bc6e0, 0x000001f3e08bcaa8]
Event: 13.147 Thread 0x000001f3f6cda9c0 3457       3       sun.net.www.protocol.jar.Handler::parseContextSpec (150 bytes)

GC Heap History (14 events):
Event: 1.147 GC heap before
{Heap before GC invocations=1 (full 0):
 PSYoungGen      total 29696K, used 25600K [0x00000000eab00000, 0x00000000ecc00000, 0x0000000100000000)
  eden space 25600K, 100% used [0x00000000eab00000,0x00000000ec400000,0x00000000ec400000)
  from space 4096K, 0% used [0x00000000ec800000,0x00000000ec800000,0x00000000ecc00000)
  to   space 4096K, 0% used [0x00000000ec400000,0x00000000ec400000,0x00000000ec800000)
 ParOldGen       total 68608K, used 0K [0x00000000c0000000, 0x00000000c4300000, 0x00000000eab00000)
  object space 68608K, 0% used [0x00000000c0000000,0x00000000c0000000,0x00000000c4300000)
 Metaspace       used 10630K, committed 10816K, reserved 1114112K
  class space    used 1060K, committed 1152K, reserved 1048576K
}
Event: 1.155 GC heap after
{Heap after GC invocations=1 (full 0):
 PSYoungGen      total 29696K, used 3076K [0x00000000eab00000, 0x00000000ecc00000, 0x0000000100000000)
  eden space 25600K, 0% used [0x00000000eab00000,0x00000000eab00000,0x00000000ec400000)
  from space 4096K, 75% used [0x00000000ec400000,0x00000000ec701140,0x00000000ec800000)
  to   space 4096K, 0% used [0x00000000ec800000,0x00000000ec800000,0x00000000ecc00000)
 ParOldGen       total 68608K, used 16K [0x00000000c0000000, 0x00000000c4300000, 0x00000000eab00000)
  object space 68608K, 0% used [0x00000000c0000000,0x00000000c0004000,0x00000000c4300000)
 Metaspace       used 10630K, committed 10816K, reserved 1114112K
  class space    used 1060K, committed 1152K, reserved 1048576K
}
Event: 2.876 GC heap before
{Heap before GC invocations=2 (full 0):
 PSYoungGen      total 29696K, used 28676K [0x00000000eab00000, 0x00000000ecc00000, 0x0000000100000000)
  eden space 25600K, 100% used [0x00000000eab00000,0x00000000ec400000,0x00000000ec400000)
  from space 4096K, 75% used [0x00000000ec400000,0x00000000ec701140,0x00000000ec800000)
  to   space 4096K, 0% used [0x00000000ec800000,0x00000000ec800000,0x00000000ecc00000)
 ParOldGen       total 68608K, used 16K [0x00000000c0000000, 0x00000000c4300000, 0x00000000eab00000)
  object space 68608K, 0% used [0x00000000c0000000,0x00000000c0004000,0x00000000c4300000)
 Metaspace       used 14289K, committed 14464K, reserved 1114112K
  class space    used 1421K, committed 1472K, reserved 1048576K
}
Event: 2.886 GC heap after
{Heap after GC invocations=2 (full 0):
 PSYoungGen      total 29696K, used 4084K [0x00000000eab00000, 0x00000000ecc00000, 0x0000000100000000)
  eden space 25600K, 0% used [0x00000000eab00000,0x00000000eab00000,0x00000000ec400000)
  from space 4096K, 99% used [0x00000000ec800000,0x00000000ecbfd130,0x00000000ecc00000)
  to   space 4096K, 0% used [0x00000000ec400000,0x00000000ec400000,0x00000000ec800000)
 ParOldGen       total 68608K, used 1356K [0x00000000c0000000, 0x00000000c4300000, 0x00000000eab00000)
  object space 68608K, 1% used [0x00000000c0000000,0x00000000c01530a8,0x00000000c4300000)
 Metaspace       used 14289K, committed 14464K, reserved 1114112K
  class space    used 1421K, committed 1472K, reserved 1048576K
}
Event: 11.123 GC heap before
{Heap before GC invocations=3 (full 0):
 PSYoungGen      total 29696K, used 29684K [0x00000000eab00000, 0x00000000ecc00000, 0x0000000100000000)
  eden space 25600K, 100% used [0x00000000eab00000,0x00000000ec400000,0x00000000ec400000)
  from space 4096K, 99% used [0x00000000ec800000,0x00000000ecbfd130,0x00000000ecc00000)
  to   space 4096K, 0% used [0x00000000ec400000,0x00000000ec400000,0x00000000ec800000)
 ParOldGen       total 68608K, used 1356K [0x00000000c0000000, 0x00000000c4300000, 0x00000000eab00000)
  object space 68608K, 1% used [0x00000000c0000000,0x00000000c01530a8,0x00000000c4300000)
 Metaspace       used 16036K, committed 16320K, reserved 1114112K
  class space    used 1608K, committed 1728K, reserved 1048576K
}
Event: 11.137 GC heap after
{Heap after GC invocations=3 (full 0):
 PSYoungGen      total 29696K, used 4082K [0x00000000eab00000, 0x00000000ecc00000, 0x0000000100000000)
  eden space 25600K, 0% used [0x00000000eab00000,0x00000000eab00000,0x00000000ec400000)
  from space 4096K, 99% used [0x00000000ec400000,0x00000000ec7fc9d8,0x00000000ec800000)
  to   space 4096K, 0% used [0x00000000ec800000,0x00000000ec800000,0x00000000ecc00000)
 ParOldGen       total 68608K, used 5078K [0x00000000c0000000, 0x00000000c4300000, 0x00000000eab00000)
  object space 68608K, 7% used [0x00000000c0000000,0x00000000c04f59e8,0x00000000c4300000)
 Metaspace       used 16036K, committed 16320K, reserved 1114112K
  class space    used 1608K, committed 1728K, reserved 1048576K
}
Event: 11.632 GC heap before
{Heap before GC invocations=4 (full 0):
 PSYoungGen      total 29696K, used 29682K [0x00000000eab00000, 0x00000000ecc00000, 0x0000000100000000)
  eden space 25600K, 100% used [0x00000000eab00000,0x00000000ec400000,0x00000000ec400000)
  from space 4096K, 99% used [0x00000000ec400000,0x00000000ec7fc9d8,0x00000000ec800000)
  to   space 4096K, 0% used [0x00000000ec800000,0x00000000ec800000,0x00000000ecc00000)
 ParOldGen       total 68608K, used 5078K [0x00000000c0000000, 0x00000000c4300000, 0x00000000eab00000)
  object space 68608K, 7% used [0x00000000c0000000,0x00000000c04f59e8,0x00000000c4300000)
 Metaspace       used 19616K, committed 19968K, reserved 1114112K
  class space    used 1975K, committed 2112K, reserved 1048576K
}
Event: 11.638 GC heap after
{Heap after GC invocations=4 (full 0):
 PSYoungGen      total 29696K, used 4075K [0x00000000eab00000, 0x00000000ecc00000, 0x0000000100000000)
  eden space 25600K, 0% used [0x00000000eab00000,0x00000000eab00000,0x00000000ec400000)
  from space 4096K, 99% used [0x00000000ec800000,0x00000000ecbfaf08,0x00000000ecc00000)
  to   space 4096K, 0% used [0x00000000ec400000,0x00000000ec400000,0x00000000ec800000)
 ParOldGen       total 68608K, used 6422K [0x00000000c0000000, 0x00000000c4300000, 0x00000000eab00000)
  object space 68608K, 9% used [0x00000000c0000000,0x00000000c0645838,0x00000000c4300000)
 Metaspace       used 19616K, committed 19968K, reserved 1114112K
  class space    used 1975K, committed 2112K, reserved 1048576K
}
Event: 11.728 GC heap before
{Heap before GC invocations=5 (full 0):
 PSYoungGen      total 29696K, used 11764K [0x00000000eab00000, 0x00000000ecc00000, 0x0000000100000000)
  eden space 25600K, 30% used [0x00000000eab00000,0x00000000eb282118,0x00000000ec400000)
  from space 4096K, 99% used [0x00000000ec800000,0x00000000ecbfaf08,0x00000000ecc00000)
  to   space 4096K, 0% used [0x00000000ec400000,0x00000000ec400000,0x00000000ec800000)
 ParOldGen       total 68608K, used 6422K [0x00000000c0000000, 0x00000000c4300000, 0x00000000eab00000)
  object space 68608K, 9% used [0x00000000c0000000,0x00000000c0645838,0x00000000c4300000)
 Metaspace       used 21116K, committed 21504K, reserved 1114112K
  class space    used 2119K, committed 2304K, reserved 1048576K
}
Event: 11.733 GC heap after
{Heap after GC invocations=5 (full 0):
 PSYoungGen      total 29696K, used 4084K [0x00000000eab00000, 0x00000000ece00000, 0x0000000100000000)
  eden space 25600K, 0% used [0x00000000eab00000,0x00000000eab00000,0x00000000ec400000)
  from space 4096K, 99% used [0x00000000ec400000,0x00000000ec7fd348,0x00000000ec800000)
  to   space 5120K, 0% used [0x00000000ec900000,0x00000000ec900000,0x00000000ece00000)
 ParOldGen       total 68608K, used 6824K [0x00000000c0000000, 0x00000000c4300000, 0x00000000eab00000)
  object space 68608K, 9% used [0x00000000c0000000,0x00000000c06aa2d8,0x00000000c4300000)
 Metaspace       used 21116K, committed 21504K, reserved 1114112K
  class space    used 2119K, committed 2304K, reserved 1048576K
}
Event: 11.733 GC heap before
{Heap before GC invocations=6 (full 1):
 PSYoungGen      total 29696K, used 4084K [0x00000000eab00000, 0x00000000ece00000, 0x0000000100000000)
  eden space 25600K, 0% used [0x00000000eab00000,0x00000000eab00000,0x00000000ec400000)
  from space 4096K, 99% used [0x00000000ec400000,0x00000000ec7fd348,0x00000000ec800000)
  to   space 5120K, 0% used [0x00000000ec900000,0x00000000ec900000,0x00000000ece00000)
 ParOldGen       total 68608K, used 6824K [0x00000000c0000000, 0x00000000c4300000, 0x00000000eab00000)
  object space 68608K, 9% used [0x00000000c0000000,0x00000000c06aa2d8,0x00000000c4300000)
 Metaspace       used 21116K, committed 21504K, reserved 1114112K
  class space    used 2119K, committed 2304K, reserved 1048576K
}
Event: 11.755 GC heap after
{Heap after GC invocations=6 (full 1):
 PSYoungGen      total 29696K, used 0K [0x00000000eab00000, 0x00000000ece00000, 0x0000000100000000)
  eden space 25600K, 0% used [0x00000000eab00000,0x00000000eab00000,0x00000000ec400000)
  from space 4096K, 0% used [0x00000000ec400000,0x00000000ec400000,0x00000000ec800000)
  to   space 5120K, 0% used [0x00000000ec900000,0x00000000ec900000,0x00000000ece00000)
 ParOldGen       total 68608K, used 10586K [0x00000000c0000000, 0x00000000c4300000, 0x00000000eab00000)
  object space 68608K, 15% used [0x00000000c0000000,0x00000000c0a56868,0x00000000c4300000)
 Metaspace       used 21116K, committed 21504K, reserved 1114112K
  class space    used 2119K, committed 2304K, reserved 1048576K
}
Event: 12.004 GC heap before
{Heap before GC invocations=7 (full 1):
 PSYoungGen      total 29696K, used 25600K [0x00000000eab00000, 0x00000000ece00000, 0x0000000100000000)
  eden space 25600K, 100% used [0x00000000eab00000,0x00000000ec400000,0x00000000ec400000)
  from space 4096K, 0% used [0x00000000ec400000,0x00000000ec400000,0x00000000ec800000)
  to   space 5120K, 0% used [0x00000000ec900000,0x00000000ec900000,0x00000000ece00000)
 ParOldGen       total 68608K, used 10586K [0x00000000c0000000, 0x00000000c4300000, 0x00000000eab00000)
  object space 68608K, 15% used [0x00000000c0000000,0x00000000c0a56868,0x00000000c4300000)
 Metaspace       used 22139K, committed 22656K, reserved 1114112K
  class space    used 2230K, committed 2432K, reserved 1048576K
}
Event: 12.015 GC heap after
{Heap after GC invocations=7 (full 1):
 PSYoungGen      total 25600K, used 5120K [0x00000000eab00000, 0x00000000ed780000, 0x0000000100000000)
  eden space 20480K, 0% used [0x00000000eab00000,0x00000000eab00000,0x00000000ebf00000)
  from space 5120K, 100% used [0x00000000ec900000,0x00000000ece00000,0x00000000ece00000)
  to   space 10240K, 0% used [0x00000000ebf00000,0x00000000ebf00000,0x00000000ec900000)
 ParOldGen       total 68608K, used 14538K [0x00000000c0000000, 0x00000000c4300000, 0x00000000eab00000)
  object space 68608K, 21% used [0x00000000c0000000,0x00000000c0e32868,0x00000000c4300000)
 Metaspace       used 22139K, committed 22656K, reserved 1114112K
  class space    used 2230K, committed 2432K, reserved 1048576K
}

Dll operation events (9 events):
Event: 0.018 Loaded shared library c:\Users\syeda\.vscode\extensions\redhat.java-1.28.1-win32-x64\jre\17.0.10-win32-x86_64\bin\java.dll
Event: 0.234 Loaded shared library c:\Users\syeda\.vscode\extensions\redhat.java-1.28.1-win32-x64\jre\17.0.10-win32-x86_64\bin\zip.dll
Event: 0.238 Loaded shared library C:\Users\syeda\.vscode\extensions\redhat.java-1.28.1-win32-x64\jre\17.0.10-win32-x86_64\bin\instrument.dll
Event: 0.258 Loaded shared library C:\Users\syeda\.vscode\extensions\redhat.java-1.28.1-win32-x64\jre\17.0.10-win32-x86_64\bin\net.dll
Event: 0.262 Loaded shared library C:\Users\syeda\.vscode\extensions\redhat.java-1.28.1-win32-x64\jre\17.0.10-win32-x86_64\bin\nio.dll
Event: 0.269 Loaded shared library C:\Users\syeda\.vscode\extensions\redhat.java-1.28.1-win32-x64\jre\17.0.10-win32-x86_64\bin\zip.dll
Event: 0.298 Loaded shared library C:\Users\syeda\.vscode\extensions\redhat.java-1.28.1-win32-x64\jre\17.0.10-win32-x86_64\bin\jimage.dll
Event: 0.408 Loaded shared library c:\Users\syeda\.vscode\extensions\redhat.java-1.28.1-win32-x64\jre\17.0.10-win32-x86_64\bin\verify.dll
Event: 2.742 Loaded shared library C:\Users\syeda\AppData\Roaming\Code\User\globalStorage\redhat.java\1.28.1\config_win\org.eclipse.equinox.launcher\org.eclipse.equinox.launcher.win32.win32.x86_64_1.2.900.v20240129-1338\eclipse_11900.dll

Deoptimization events (20 events):
Event: 12.360 Thread 0x000001f3f8dec5f0 DEOPT PACKING pc=0x000001f3e03cb913 sp=0x000000c4ba4f92c0
Event: 12.360 Thread 0x000001f3f8dec5f0 DEOPT UNPACKING pc=0x000001f3e7666e43 sp=0x000000c4ba4f87f8 mode 0
Event: 12.384 Thread 0x000001f3f8dec5f0 DEOPT PACKING pc=0x000001f3e023d009 sp=0x000000c4ba4f9530
Event: 12.384 Thread 0x000001f3f8dec5f0 DEOPT UNPACKING pc=0x000001f3e7666e43 sp=0x000000c4ba4f8a28 mode 0
Event: 12.389 Thread 0x000001f3f8dec5f0 DEOPT PACKING pc=0x000001f3e08695a7 sp=0x000000c4ba4f9740
Event: 12.389 Thread 0x000001f3f8dec5f0 DEOPT UNPACKING pc=0x000001f3e7666e43 sp=0x000000c4ba4f8c38 mode 0
Event: 12.604 Thread 0x000001f3f8dec5f0 DEOPT PACKING pc=0x000001f3e04b6a44 sp=0x000000c4ba4f9460
Event: 12.604 Thread 0x000001f3f8dec5f0 DEOPT UNPACKING pc=0x000001f3e7666e43 sp=0x000000c4ba4f89e0 mode 0
Event: 12.604 Thread 0x000001f3f8dec5f0 Uncommon trap: trap_request=0xffffff45 fr.pc=0x000001f3e7e047c0 relative=0x0000000000000040
Event: 12.604 Thread 0x000001f3f8dec5f0 Uncommon trap: reason=unstable_if action=reinterpret pc=0x000001f3e7e047c0 method=sun.nio.fs.WindowsPathParser.isSlash(C)Z @ 9 c2
Event: 12.604 Thread 0x000001f3f8dec5f0 DEOPT PACKING pc=0x000001f3e7e047c0 sp=0x000000c4ba4f94f0
Event: 12.604 Thread 0x000001f3f8dec5f0 DEOPT UNPACKING pc=0x000001f3e76666a3 sp=0x000000c4ba4f9478 mode 2
Event: 13.097 Thread 0x000001f3f92668a0 Uncommon trap: trap_request=0xffffff45 fr.pc=0x000001f3e7e7d3b8 relative=0x00000000000000b8
Event: 13.097 Thread 0x000001f3f92668a0 Uncommon trap: reason=unstable_if action=reinterpret pc=0x000001f3e7e7d3b8 method=java.util.concurrent.locks.ReentrantLock$NonfairSync.initialTryLock()Z @ 25 c2
Event: 13.097 Thread 0x000001f3f92668a0 DEOPT PACKING pc=0x000001f3e7e7d3b8 sp=0x000000c4bb4fdd00
Event: 13.097 Thread 0x000001f3f92668a0 DEOPT UNPACKING pc=0x000001f3e76666a3 sp=0x000000c4bb4fdc80 mode 2
Event: 13.137 Thread 0x000001f3f8dec5f0 Uncommon trap: trap_request=0xffffffc6 fr.pc=0x000001f3e7e4e378 relative=0x0000000000000dd8
Event: 13.137 Thread 0x000001f3f8dec5f0 Uncommon trap: reason=bimorphic_or_optimized_type_check action=maybe_recompile pc=0x000001f3e7e4e378 method=java.util.Properties$LineReader.readLine()I @ 479 c2
Event: 13.137 Thread 0x000001f3f8dec5f0 DEOPT PACKING pc=0x000001f3e7e4e378 sp=0x000000c4ba4f4540
Event: 13.137 Thread 0x000001f3f8dec5f0 DEOPT UNPACKING pc=0x000001f3e76666a3 sp=0x000000c4ba4f44e0 mode 2

Classes unloaded (0 events):
No events

Classes redefined (0 events):
No events

Internal exceptions (20 events):
Event: 11.758 Thread 0x000001f3f8dec5f0 Exception <a 'java/lang/NoSuchMethodError'{0x00000000eab68928}: 'int java.lang.invoke.DirectMethodHandle$Holder.invokeStatic(java.lang.Object, java.lang.Object, int)'> (0x00000000eab68928) 
thrown [s\src\hotspot\share\interpreter\linkResolver.cpp, line 759]
Event: 11.758 Thread 0x000001f3f8dec5f0 Exception <a 'java/lang/NoSuchMethodError'{0x00000000eab6c9d8}: 'int java.lang.invoke.DirectMethodHandle$Holder.invokeSpecial(java.lang.Object, java.lang.Object, java.lang.Object, int)'> (0x00000000eab6c9d8) 
thrown [s\src\hotspot\share\interpreter\linkResolver.cpp, line 759]
Event: 11.760 Thread 0x000001f3f8dec5f0 Exception <a 'java/lang/NoSuchMethodError'{0x00000000eab88968}: 'java.lang.Object java.lang.invoke.DirectMethodHandle$Holder.invokeStatic(java.lang.Object, java.lang.Object, java.lang.Object, java.lang.Object, int)'> (0x00000000eab88968) 
thrown [s\src\hotspot\share\interpreter\linkResolver.cpp, line 759]
Event: 11.760 Thread 0x000001f3f8dec5f0 Exception <a 'java/lang/NoSuchMethodError'{0x00000000eab949f0}: 'java.lang.Object java.lang.invoke.DelegatingMethodHandle$Holder.reinvoke_L(java.lang.Object, java.lang.Object, java.lang.Object, java.lang.Object, int, int)'> (0x00000000eab949f0) 
thrown [s\src\hotspot\share\interpreter\linkResolver.cpp, line 759]
Event: 11.762 Thread 0x000001f3f8dec5f0 Exception <a 'java/lang/NoSuchMethodError'{0x00000000eaba8e10}: 'java.lang.Object java.lang.invoke.Invokers$Holder.invokeExact_MT(java.lang.Object, java.lang.Object, java.lang.Object, java.lang.Object)'> (0x00000000eaba8e10) 
thrown [s\src\hotspot\share\interpreter\linkResolver.cpp, line 759]
Event: 11.826 Thread 0x000001f3f8dec5f0 Exception <a 'java/io/FileNotFoundException'{0x00000000eae58b40}> (0x00000000eae58b40) 
thrown [s\src\hotspot\share\prims\jni.cpp, line 516]
Event: 11.827 Thread 0x000001f3f8dec5f0 Exception <a 'java/io/FileNotFoundException'{0x00000000eae60270}> (0x00000000eae60270) 
thrown [s\src\hotspot\share\prims\jni.cpp, line 516]
Event: 11.922 Thread 0x000001f3f8dec5f0 Exception <a 'java/lang/NoSuchMethodError'{0x00000000eb35af98}: 'java.lang.Object java.lang.invoke.DirectMethodHandle$Holder.newInvokeSpecial(java.lang.Object, java.lang.Object, java.lang.Object, java.lang.Object, java.lang.Object)'> (0x00000000eb35af98) 
thrown [s\src\hotspot\share\interpreter\linkResolver.cpp, line 759]
Event: 12.210 Thread 0x000001f3f8dec5f0 Exception <a 'java/lang/NoSuchMethodError'{0x00000000eb30b6e8}: 'java.lang.Object java.lang.invoke.DirectMethodHandle$Holder.invokeSpecial(java.lang.Object, java.lang.Object, java.lang.Object, long, java.lang.Object)'> (0x00000000eb30b6e8) 
thrown [s\src\hotspot\share\interpreter\linkResolver.cpp, line 759]
Event: 12.212 Thread 0x000001f3f8dec5f0 Exception <a 'java/lang/NoSuchMethodError'{0x00000000eb3138a0}: 'java.lang.Object java.lang.invoke.DirectMethodHandle$Holder.newInvokeSpecial(java.lang.Object, java.lang.Object, java.lang.Object, long)'> (0x00000000eb3138a0) 
thrown [s\src\hotspot\share\interpreter\linkResolver.cpp, line 759]
Event: 12.213 Thread 0x000001f3f8dec5f0 Exception <a 'java/lang/NoSuchMethodError'{0x00000000eb317e40}: 'java.lang.Object java.lang.invoke.DirectMethodHandle$Holder.invokeSpecial(java.lang.Object, java.lang.Object, java.lang.Object, java.lang.Object, long)'> (0x00000000eb317e40) 
thrown [s\src\hotspot\share\interpreter\linkResolver.cpp, line 759]
Event: 12.214 Thread 0x000001f3f8dec5f0 Exception <a 'java/lang/NoSuchMethodError'{0x00000000eb31bcb8}: 'java.lang.Object java.lang.invoke.Invokers$Holder.linkToTargetMethod(java.lang.Object, java.lang.Object, long, java.lang.Object)'> (0x00000000eb31bcb8) 
thrown [s\src\hotspot\share\interpreter\linkResolver.cpp, line 759]
Event: 12.230 Thread 0x000001f3f8dec5f0 Exception <a 'java/lang/NoSuchMethodError'{0x00000000eb399118}: 'int java.lang.invoke.DirectMethodHandle$Holder.invokeStaticInit(java.lang.Object, java.lang.Object, java.lang.Object)'> (0x00000000eb399118) 
thrown [s\src\hotspot\share\interpreter\linkResolver.cpp, line 759]
Event: 12.238 Thread 0x000001f3f8dec5f0 Exception <a 'java/lang/IncompatibleClassChangeError'{0x00000000eb416338}: Found class java.lang.Object, but interface was expected> (0x00000000eb416338) 
thrown [s\src\hotspot\share\interpreter\linkResolver.cpp, line 826]
Event: 13.091 Thread 0x000001f3f8dec5f0 Exception <a 'java/lang/NoSuchMethodError'{0x00000000ebc611d8}: 'java.lang.Object java.lang.invoke.DirectMethodHandle$Holder.invokeSpecial(java.lang.Object, java.lang.Object, java.lang.Object, int, java.lang.Object, java.lang.Object)'> (0x00000000ebc611d8) 
thrown [s\src\hotspot\share\interpreter\linkResolver.cpp, line 759]
Event: 13.093 Thread 0x000001f3f8dec5f0 Exception <a 'java/lang/NoSuchMethodError'{0x00000000ebc698d0}: 'java.lang.Object java.lang.invoke.DirectMethodHandle$Holder.newInvokeSpecial(java.lang.Object, java.lang.Object, java.lang.Object, int, java.lang.Object)'> (0x00000000ebc698d0) 
thrown [s\src\hotspot\share\interpreter\linkResolver.cpp, line 759]
Event: 13.094 Thread 0x000001f3f8dec5f0 Exception <a 'java/lang/NoSuchMethodError'{0x00000000ebc6df70}: 'java.lang.Object java.lang.invoke.DirectMethodHandle$Holder.invokeSpecial(java.lang.Object, java.lang.Object, java.lang.Object, java.lang.Object, int, java.lang.Object)'> (0x00000000ebc6df70) 
thrown [s\src\hotspot\share\interpreter\linkResolver.cpp, line 759]
Event: 13.095 Thread 0x000001f3f92668a0 Exception <a 'java/lang/NoSuchMethodError'{0x00000000eb34a010}: 'java.lang.Object java.lang.invoke.DirectMethodHandle$Holder.invokeSpecial(java.lang.Object, java.lang.Object, int, java.lang.Object, java.lang.Object)'> (0x00000000eb34a010) 
thrown [s\src\hotspot\share\interpreter\linkResolver.cpp, line 759]
Event: 13.132 Thread 0x000001f3f8dec5f0 Exception <a 'java/lang/OutOfMemoryError'{0x00000000ebdf6410}> (0x00000000ebdf6410) 
thrown [s\src\hotspot\share\prims\jni.cpp, line 535]
Event: 13.133 Thread 0x000001f3f8dec5f0 Exception <a 'java/lang/OutOfMemoryError'{0x00000000ebdf6410}> (0x00000000ebdf6410) 
thrown [s\src\hotspot\share\oops\instanceKlass.cpp, line 1218]

VM Operations (20 events):
Event: 11.632 Executing VM operation: ParallelGCFailedAllocation
Event: 11.638 Executing VM operation: ParallelGCFailedAllocation done
Event: 11.728 Executing VM operation: CollectForMetadataAllocation
Event: 11.755 Executing VM operation: CollectForMetadataAllocation done
Event: 11.756 Executing VM operation: HandshakeAllThreads
Event: 11.756 Executing VM operation: HandshakeAllThreads done
Event: 11.845 Executing VM operation: HandshakeAllThreads
Event: 11.845 Executing VM operation: HandshakeAllThreads done
Event: 12.004 Executing VM operation: ParallelGCFailedAllocation
Event: 12.015 Executing VM operation: ParallelGCFailedAllocation done
Event: 12.088 Executing VM operation: HandshakeAllThreads
Event: 12.088 Executing VM operation: HandshakeAllThreads done
Event: 13.094 Executing VM operation: Cleanup
Event: 13.095 Executing VM operation: Cleanup done
Event: 13.113 Executing VM operation: HandshakeAllThreads
Event: 13.113 Executing VM operation: HandshakeAllThreads done
Event: 13.113 Executing VM operation: HandshakeAllThreads
Event: 13.113 Executing VM operation: HandshakeAllThreads done
Event: 13.139 Executing VM operation: HandshakeAllThreads
Event: 13.139 Executing VM operation: HandshakeAllThreads done

Events (20 events):
Event: 13.118 loading class java/util/concurrent/atomic/Striped64$1
Event: 13.118 loading class java/util/concurrent/atomic/Striped64$1 done
Event: 13.132 loading class java/util/zip/DataFormatException
Event: 13.132 loading class java/util/zip/DataFormatException done
Event: 13.132 loading class java/lang/ExceptionInInitializerError
Event: 13.132 loading class java/lang/ExceptionInInitializerError done
Event: 13.133 loading class java/lang/StackTraceElement$HashedModules
Event: 13.133 loading class java/lang/StackTraceElement$HashedModules done
Event: 13.141 loading class java/text/MessageFormat
Event: 13.142 loading class java/text/Format
Event: 13.143 loading class java/text/Format done
Event: 13.143 loading class java/text/MessageFormat done
Event: 13.143 loading class java/text/FieldPosition
Event: 13.144 loading class java/text/FieldPosition done
Event: 13.144 loading class java/text/MessageFormat$Field
Event: 13.144 loading class java/text/Format$Field
Event: 13.144 loading class java/text/AttributedCharacterIterator$Attribute
Event: 13.144 loading class java/text/AttributedCharacterIterator$Attribute done
Event: 13.144 loading class java/text/Format$Field done
Event: 13.144 loading class java/text/MessageFormat$Field done


Dynamic libraries:
0x00007ff643bb0000 - 0x00007ff643bbe000 	c:\Users\syeda\.vscode\extensions\redhat.java-1.28.1-win32-x64\jre\17.0.10-win32-x86_64\bin\java.exe
0x00007ffbe5750000 - 0x00007ffbe5967000 	C:\WINDOWS\SYSTEM32\ntdll.dll
0x00007ffbe3c80000 - 0x00007ffbe3d44000 	C:\WINDOWS\System32\KERNEL32.DLL
0x00007ffbe2ca0000 - 0x00007ffbe3046000 	C:\WINDOWS\System32\KERNELBASE.dll
0x00007ffbe3380000 - 0x00007ffbe3491000 	C:\WINDOWS\System32\ucrtbase.dll
0x00007ffbdd780000 - 0x00007ffbdd797000 	c:\Users\syeda\.vscode\extensions\redhat.java-1.28.1-win32-x64\jre\17.0.10-win32-x86_64\bin\jli.dll
0x00007ffbde150000 - 0x00007ffbde16b000 	c:\Users\syeda\.vscode\extensions\redhat.java-1.28.1-win32-x64\jre\17.0.10-win32-x86_64\bin\VCRUNTIME140.dll
0x00007ffbe3d50000 - 0x00007ffbe3efe000 	C:\WINDOWS\System32\USER32.dll
0x00007ffbd0520000 - 0x00007ffbd07b3000 	C:\WINDOWS\WinSxS\amd64_microsoft.windows.common-controls_6595b64144ccf1df_6.0.22621.2506_none_270c5ae97388e100\COMCTL32.dll
0x00007ffbe4900000 - 0x00007ffbe49a7000 	C:\WINDOWS\System32\msvcrt.dll
0x00007ffbe3050000 - 0x00007ffbe3076000 	C:\WINDOWS\System32\win32u.dll
0x00007ffbe3920000 - 0x00007ffbe3949000 	C:\WINDOWS\System32\GDI32.dll
0x00007ffbe3140000 - 0x00007ffbe3258000 	C:\WINDOWS\System32\gdi32full.dll
0x00007ffbe2a90000 - 0x00007ffbe2b2a000 	C:\WINDOWS\System32\msvcp_win.dll
0x00007ffbe3f00000 - 0x00007ffbe3f31000 	C:\WINDOWS\System32\IMM32.DLL
0x00007ffbde270000 - 0x00007ffbde27c000 	c:\Users\syeda\.vscode\extensions\redhat.java-1.28.1-win32-x64\jre\17.0.10-win32-x86_64\bin\vcruntime140_1.dll
0x00007ffbd6670000 - 0x00007ffbd66fd000 	c:\Users\syeda\.vscode\extensions\redhat.java-1.28.1-win32-x64\jre\17.0.10-win32-x86_64\bin\msvcp140.dll
0x00007ffba1870000 - 0x00007ffba24d2000 	c:\Users\syeda\.vscode\extensions\redhat.java-1.28.1-win32-x64\jre\17.0.10-win32-x86_64\bin\server\jvm.dll
0x00007ffbe4af0000 - 0x00007ffbe4ba3000 	C:\WINDOWS\System32\ADVAPI32.dll
0x00007ffbe3b20000 - 0x00007ffbe3bc8000 	C:\WINDOWS\System32\sechost.dll
0x00007ffbe32d0000 - 0x00007ffbe32f8000 	C:\WINDOWS\System32\bcrypt.dll
0x00007ffbe45b0000 - 0x00007ffbe46c7000 	C:\WINDOWS\System32\RPCRT4.dll
0x00007ffbdbba0000 - 0x00007ffbdbbd4000 	C:\WINDOWS\SYSTEM32\WINMM.dll
0x00007ffbc4980000 - 0x00007ffbc4989000 	C:\WINDOWS\SYSTEM32\WSOCK32.dll
0x00007ffbe18f0000 - 0x00007ffbe193d000 	C:\WINDOWS\SYSTEM32\POWRPROF.dll
0x00007ffbdbd50000 - 0x00007ffbdbd5a000 	C:\WINDOWS\SYSTEM32\VERSION.dll
0x00007ffbe4100000 - 0x00007ffbe4171000 	C:\WINDOWS\System32\WS2_32.dll
0x00007ffbe18d0000 - 0x00007ffbe18e3000 	C:\WINDOWS\SYSTEM32\UMPDC.dll
0x00007ffbe1b90000 - 0x00007ffbe1ba8000 	C:\WINDOWS\SYSTEM32\kernel.appcore.dll
0x00007ffbde100000 - 0x00007ffbde10a000 	c:\Users\syeda\.vscode\extensions\redhat.java-1.28.1-win32-x64\jre\17.0.10-win32-x86_64\bin\jimage.dll
0x00007ffbd9e90000 - 0x00007ffbda0c3000 	C:\WINDOWS\SYSTEM32\DBGHELP.DLL
0x00007ffbe41c0000 - 0x00007ffbe4549000 	C:\WINDOWS\System32\combase.dll
0x00007ffbe39e0000 - 0x00007ffbe3ab7000 	C:\WINDOWS\System32\OLEAUT32.dll
0x00007ffbd9e10000 - 0x00007ffbd9e42000 	C:\WINDOWS\SYSTEM32\dbgcore.DLL
0x00007ffbe3300000 - 0x00007ffbe337a000 	C:\WINDOWS\System32\bcryptPrimitives.dll
0x00007ffbdd770000 - 0x00007ffbdd77e000 	c:\Users\syeda\.vscode\extensions\redhat.java-1.28.1-win32-x64\jre\17.0.10-win32-x86_64\bin\instrument.dll
0x00007ffbdbe00000 - 0x00007ffbdbe25000 	c:\Users\syeda\.vscode\extensions\redhat.java-1.28.1-win32-x64\jre\17.0.10-win32-x86_64\bin\java.dll
0x00007ffbd8b60000 - 0x00007ffbd8b78000 	c:\Users\syeda\.vscode\extensions\redhat.java-1.28.1-win32-x64\jre\17.0.10-win32-x86_64\bin\zip.dll
0x00007ffbe4bb0000 - 0x00007ffbe540b000 	C:\WINDOWS\System32\SHELL32.dll
0x00007ffbe0980000 - 0x00007ffbe1276000 	C:\WINDOWS\SYSTEM32\windows.storage.dll
0x00007ffbe0840000 - 0x00007ffbe097e000 	C:\WINDOWS\SYSTEM32\wintypes.dll
0x00007ffbe49e0000 - 0x00007ffbe4ad3000 	C:\WINDOWS\System32\SHCORE.dll
0x00007ffbe3ac0000 - 0x00007ffbe3b1e000 	C:\WINDOWS\System32\shlwapi.dll
0x00007ffbe29c0000 - 0x00007ffbe29e6000 	C:\WINDOWS\SYSTEM32\profapi.dll
0x00007ffbd8b40000 - 0x00007ffbd8b59000 	C:\Users\syeda\.vscode\extensions\redhat.java-1.28.1-win32-x64\jre\17.0.10-win32-x86_64\bin\net.dll
0x00007ffbdcd10000 - 0x00007ffbdce47000 	C:\WINDOWS\SYSTEM32\WINHTTP.dll
0x00007ffbe2040000 - 0x00007ffbe20a9000 	C:\WINDOWS\system32\mswsock.dll
0x00007ffbd88e0000 - 0x00007ffbd88f6000 	C:\Users\syeda\.vscode\extensions\redhat.java-1.28.1-win32-x64\jre\17.0.10-win32-x86_64\bin\nio.dll
0x00007ffbdc030000 - 0x00007ffbdc040000 	c:\Users\syeda\.vscode\extensions\redhat.java-1.28.1-win32-x64\jre\17.0.10-win32-x86_64\bin\verify.dll
0x00007ffbd4040000 - 0x00007ffbd407e000 	C:\Users\syeda\AppData\Roaming\Code\User\globalStorage\redhat.java\1.28.1\config_win\org.eclipse.equinox.launcher\org.eclipse.equinox.launcher.win32.win32.x86_64_1.2.900.v20240129-1338\eclipse_11900.dll
0x00007ffbe5410000 - 0x00007ffbe55b0000 	C:\WINDOWS\System32\ole32.dll

dbghelp: loaded successfully - version: 4.0.5 - missing functions: none
symbol engine: initialized successfully - sym options: 0x614 - pdb path: .;c:\Users\syeda\.vscode\extensions\redhat.java-1.28.1-win32-x64\jre\17.0.10-win32-x86_64\bin;C:\WINDOWS\SYSTEM32;C:\WINDOWS\WinSxS\amd64_microsoft.windows.common-controls_6595b64144ccf1df_6.0.22621.2506_none_270c5ae97388e100;c:\Users\syeda\.vscode\extensions\redhat.java-1.28.1-win32-x64\jre\17.0.10-win32-x86_64\bin\server;C:\Users\syeda\AppData\Roaming\Code\User\globalStorage\redhat.java\1.28.1\config_win\org.eclipse.equinox.launcher\org.eclipse.equinox.launcher.win32.win32.x86_64_1.2.900.v20240129-1338

VM Arguments:
jvm_args: --add-modules=ALL-SYSTEM --add-opens=java.base/java.util=ALL-UNNAMED --add-opens=java.base/java.lang=ALL-UNNAMED --add-opens=java.base/sun.nio.fs=ALL-UNNAMED -Declipse.application=org.eclipse.jdt.ls.core.id1 -Dosgi.bundles.defaultStartLevel=4 -Declipse.product=org.eclipse.jdt.ls.core.product -Djava.import.generatesMetadataFilesAtProjectRoot=false -DDetectVMInstallationsJob.disabled=true -Dfile.encoding=utf8 -XX:+UseParallelGC -XX:GCTimeRatio=4 -XX:AdaptiveSizePolicyWeight=90 -Dsun.zip.disableMemoryMapping=true -Xmx1G -Xms100m -Xlog:disable -javaagent:c:\Users\syeda\.vscode\extensions\redhat.java-1.28.1-win32-x64\lombok\lombok-1.18.31.jar -XX:+HeapDumpOnOutOfMemoryError -XX:HeapDumpPath=c:\Users\syeda\AppData\Roaming\Code\User\workspaceStorage\eac1d6115e6ea59bc84d52a110b34a36\redhat.java -Daether.dependencyCollector.impl=bf 
java_command: c:\Users\syeda\.vscode\extensions\redhat.java-1.28.1-win32-x64\server\plugins\org.eclipse.equinox.launcher_1.6.700.v20231214-2017.jar -configuration c:\Users\syeda\AppData\Roaming\Code\User\globalStorage\redhat.java\1.28.1\config_win -data c:\Users\syeda\AppData\Roaming\Code\User\workspaceStorage\eac1d6115e6ea59bc84d52a110b34a36\redhat.java\jdt_ws --stdio
java_class_path (initial): c:\Users\syeda\.vscode\extensions\redhat.java-1.28.1-win32-x64\server\plugins\org.eclipse.equinox.launcher_1.6.700.v20231214-2017.jar
Launcher Type: SUN_STANDARD

[Global flags]
    uintx AdaptiveSizePolicyWeight                 = 90                                        {product} {command line}
     intx CICompilerCount                          = 12                                        {product} {ergonomic}
    uintx GCTimeRatio                              = 4                                         {product} {command line}
     bool HeapDumpOnOutOfMemoryError               = true                                   {manageable} {command line}
    ccstr HeapDumpPath                             = c:\Users\syeda\AppData\Roaming\Code\User\workspaceStorage\eac1d6115e6ea59bc84d52a110b34a36\redhat.java         {manageable} {command line}
   size_t InitialHeapSize                          = 104857600                                 {product} {command line}
   size_t MaxHeapSize                              = 1073741824                                {product} {command line}
   size_t MaxNewSize                               = 357564416                                 {product} {ergonomic}
   size_t MinHeapDeltaBytes                        = 524288                                    {product} {ergonomic}
   size_t MinHeapSize                              = 104857600                                 {product} {command line}
   size_t NewSize                                  = 34603008                                  {product} {ergonomic}
    uintx NonNMethodCodeHeapSize                   = 7602480                                {pd product} {ergonomic}
    uintx NonProfiledCodeHeapSize                  = 122027880                              {pd product} {ergonomic}
   size_t OldSize                                  = 70254592                                  {product} {ergonomic}
    uintx ProfiledCodeHeapSize                     = 122027880                              {pd product} {ergonomic}
    uintx ReservedCodeCacheSize                    = 251658240                              {pd product} {ergonomic}
     bool SegmentedCodeCache                       = true                                      {product} {ergonomic}
   size_t SoftMaxHeapSize                          = 1073741824                             {manageable} {ergonomic}
     bool UseCompressedClassPointers               = true                           {product lp64_product} {ergonomic}
     bool UseCompressedOops                        = true                           {product lp64_product} {ergonomic}
     bool UseLargePagesIndividualAllocation        = false                                  {pd product} {ergonomic}
     bool UseParallelGC                            = true                                      {product} {command line}

Logging:
Log output configuration:
 #0: stdout all=off uptime,level,tags
 #1: stderr all=off uptime,level,tags

Environment Variables:
JAVA_HOME=C:\Program Files\Java\jdk-17
PATH=C:\Program Files (x86)\Common Files\Intel\Shared Libraries\redist\intel64\compiler;C:\Program Files\Common Files\Oracle\Java\javapath;C:\Windows\system32;C:\Windows;C:\Windows\System32\Wbem;C:\Windows\System32\WindowsPowerShell\v1.0\;C:\Windows\System32\OpenSSH\;C:\Program Files (x86)\NVIDIA Corporation\PhysX\Common;C:\Program Files\NVIDIA Corporation\NVIDIA NvDLISR;C:\WINDOWS\system32;C:\WINDOWS;C:\WINDOWS\System32\Wbem;C:\WINDOWS\System32\WindowsPowerShell\v1.0\;C:\WINDOWS\System32\OpenSSH\;C:\Program Files\Git\cmd;C:\Users\syeda\AppData\Local\Android\Sdk\platform-tools;C:\Program Files\Android\Android Studio\jbr\bin;C:\Program Files\watchman-v2023.01.23.00-windows\bin;C:\Program Files\Git\usr\bin;C:\Users\syeda\AppData\Roaming\nvm;C:\Program Files\nodejs;C:\Program Files\Java\jdk-17\bin;C:\Program Files\Common Files\Oracle\Java\javapath;C:\Users\syeda\AppData\Local\Android\Sdk\tools;C:\Users\syeda\AppData\Local\Android\Sdk\tools;C:\Users\syeda\AppData\Local\Microsoft\WindowsApps;C:\Users\syeda\AppData\Roaming\npm;C:\Users\syeda\AppData\Local\Android\Sdk\platform-tools;C:\Users\syeda\AppData\Local\Programs\Microsoft VS Code\bin;C:\Users\syeda\AppData\Roaming\nvm;C:\Program Files\nodejs;C:\flutter_windows_3.13.6-stable\flutter\bin;
USERNAME=syeda
OS=Windows_NT
PROCESSOR_IDENTIFIER=AMD64 Family 23 Model 96 Stepping 1, AuthenticAMD
TMP=C:\Users\syeda\AppData\Local\Temp
TEMP=C:\Users\syeda\AppData\Local\Temp



Periodic native trim disabled


---------------  S Y S T E M  ---------------

OS:
 Windows 11 , 64 bit Build 22621 (10.0.22621.3085)
OS uptime: 2 days 6:41 hours
Hyper-V role detected

CPU: total 16 (initial active 16) (16 cores per cpu, 2 threads per core) family 23 model 96 stepping 1 microcode 0x0, cx8, cmov, fxsr, ht, mmx, 3dnowpref, sse, sse2, sse3, ssse3, sse4a, sse4.1, sse4.2, popcnt, lzcnt, tsc, tscinvbit, avx, avx2, aes, clmul, bmi1, bmi2, adx, sha, fma, vzeroupper, clflush, clflushopt, hv
Processor Information for all 16 processors :
  Max Mhz: 2901, Current Mhz: 2901, Mhz Limit: 2901

Memory: 4k page, system-wide physical 7598M (202M free)
TotalPageFile size 31150M (AvailPageFile size 1M)
current process WorkingSet (physical memory assigned to process): 132M, peak: 134M
current process commit charge ("private bytes"): 257M, peak: 260M

vm_info: OpenJDK 64-Bit Server VM (17.0.10+7) for windows-amd64 JRE (17.0.10+7), built on Jan 16 2024 23:25:11 by "admin" with MS VC++ 16.10 / 16.11 (VS2019)

END.
