#
# There is insufficient memory for the Java Runtime Environment to continue.
# Native memory allocation (malloc) failed to allocate 32744 bytes for ChunkPool::allocate
# Possible reasons:
#   The system is out of physical RAM or swap space
#   The process is running with CompressedOops enabled, and the Java Heap may be blocking the growth of the native heap
# Possible solutions:
#   Reduce memory load on the system
#   Increase physical memory or swap space
#   Check if swap backing store is full
#   Decrease Java heap size (-Xmx/-Xms)
#   Decrease number of Java threads
#   Decrease Java thread stack sizes (-Xss)
#   Set larger code cache with -XX:ReservedCodeCacheSize=
#   JVM is running with Unscaled Compressed Oops mode in which the Java heap is
#     placed in the first 4GB address space. The Java Heap base address is the
#     maximum limit for the native heap growth. Please use -XX:HeapBaseMinAddress
#     to set the Java Heap base and to place the Java Heap above 4GB virtual address.
# This output file may be truncated or incomplete.
#
#  Out of Memory Error (arena.cpp:79), pid=11224, tid=4728
#
# JRE version: OpenJDK Runtime Environment Temurin-17.0.10+7 (17.0.10+7) (build 17.0.10+7)
# Java VM: OpenJDK 64-Bit Server VM Temurin-17.0.10+7 (17.0.10+7, mixed mode, tiered, compressed oops, compressed class ptrs, parallel gc, windows-amd64)
# No core dump will be written. Minidumps are not enabled by default on client versions of Windows
#

---------------  S U M M A R Y ------------

Command Line: --add-modules=ALL-SYSTEM --add-opens=java.base/java.util=ALL-UNNAMED --add-opens=java.base/java.lang=ALL-UNNAMED --add-opens=java.base/sun.nio.fs=ALL-UNNAMED -Declipse.application=org.eclipse.jdt.ls.core.id1 -Dosgi.bundles.defaultStartLevel=4 -Declipse.product=org.eclipse.jdt.ls.core.product -Djava.import.generatesMetadataFilesAtProjectRoot=false -DDetectVMInstallationsJob.disabled=true -Dfile.encoding=utf8 -XX:+UseParallelGC -XX:GCTimeRatio=4 -XX:AdaptiveSizePolicyWeight=90 -Dsun.zip.disableMemoryMapping=true -Xmx1G -Xms100m -Xlog:disable -javaagent:c:\Users\syeda\.vscode\extensions\redhat.java-1.28.1-win32-x64\lombok\lombok-1.18.31.jar c:\Users\syeda\.vscode\extensions\redhat.java-1.28.1-win32-x64\server\plugins\org.eclipse.equinox.launcher_1.6.700.v20231214-2017.jar -configuration c:\Users\syeda\AppData\Roaming\Code\User\globalStorage\redhat.java\1.28.1\config_ss_win -data c:\Users\syeda\AppData\Roaming\Code\User\workspaceStorage\eac1d6115e6ea59bc84d52a110b34a36\redhat.java\ss_ws --stdio

Host: AMD Ryzen 7 4800H with Radeon Graphics         , 16 cores, 7G,  Windows 11 , 64 bit Build 22621 (10.0.22621.3085)
Time: Tue Mar  5 07:04:13 2024 India Standard Time elapsed time: 3.871820 seconds (0d 0h 0m 3s)

---------------  T H R E A D  ---------------

Current thread (0x00000237165c81b0):  JavaThread "C1 CompilerThread2" daemon [_thread_in_vm, id=4728, stack(0x000000e230100000,0x000000e230200000)]


Current CompileTask:
C1:   3871 2350       3       org.apache.felix.scr.impl.logger.ScrLogManager$ScrLoggerFacade::isLogEnabled (109 bytes)

Stack: [0x000000e230100000,0x000000e230200000]
Native frames: (J=compiled Java code, j=interpreted, Vv=VM code, C=native code)
V  [jvm.dll+0x67d2c9]
V  [jvm.dll+0x834afa]
V  [jvm.dll+0x8365be]
V  [jvm.dll+0x836c23]
V  [jvm.dll+0x2477ff]
V  [jvm.dll+0xac711]
V  [jvm.dll+0xacb5c]
V  [jvm.dll+0x1d5ceb]
V  [jvm.dll+0x1c2fd5]
V  [jvm.dll+0x228f77]
V  [jvm.dll+0x2272ac]
V  [jvm.dll+0x7e9bb7]
V  [jvm.dll+0x7e3fba]
V  [jvm.dll+0x67c1b5]
C  [ucrtbase.dll+0x29363]
C  [KERNEL32.DLL+0x1257d]
C  [ntdll.dll+0x5aa58]


---------------  P R O C E S S  ---------------

Threads class SMR info:
_java_thread_list=0x0000023719205120, length=23, elements={
0x000002377d2f2a30, 0x00000237111ef020, 0x00000237111efcb0, 0x00000237111fd290,
0x00000237111fdf20, 0x000002371632e010, 0x0000023716331900, 0x0000023716332500,
0x0000023716340190, 0x00000237163931f0, 0x0000023716491fe0, 0x000002371645edc0,
0x00000237165c81b0, 0x00000237165c86d0, 0x0000023718511aa0, 0x0000023718bcfb70,
0x0000023718d68ca0, 0x0000023718e5aa10, 0x0000023718e47860, 0x0000023718e9abd0,
0x0000023718dc1da0, 0x0000023718dc2cd0, 0x0000023718dc3c00
}

Java Threads: ( => current thread )
  0x000002377d2f2a30 JavaThread "main" [_thread_blocked, id=18744, stack(0x000000e22f200000,0x000000e22f300000)]
  0x00000237111ef020 JavaThread "Reference Handler" daemon [_thread_blocked, id=28856, stack(0x000000e22f500000,0x000000e22f600000)]
  0x00000237111efcb0 JavaThread "Finalizer" daemon [_thread_blocked, id=10388, stack(0x000000e22f600000,0x000000e22f700000)]
  0x00000237111fd290 JavaThread "Signal Dispatcher" daemon [_thread_blocked, id=15388, stack(0x000000e22f700000,0x000000e22f800000)]
  0x00000237111fdf20 JavaThread "Attach Listener" daemon [_thread_blocked, id=26280, stack(0x000000e22f800000,0x000000e22f900000)]
  0x000002371632e010 JavaThread "Service Thread" daemon [_thread_blocked, id=6788, stack(0x000000e22f900000,0x000000e22fa00000)]
  0x0000023716331900 JavaThread "Monitor Deflation Thread" daemon [_thread_blocked, id=29292, stack(0x000000e22fa00000,0x000000e22fb00000)]
  0x0000023716332500 JavaThread "C2 CompilerThread0" daemon [_thread_in_native, id=9916, stack(0x000000e22fb00000,0x000000e22fc00000)]
  0x0000023716340190 JavaThread "C1 CompilerThread0" daemon [_thread_blocked, id=22040, stack(0x000000e22fc00000,0x000000e22fd00000)]
  0x00000237163931f0 JavaThread "Sweeper thread" daemon [_thread_blocked, id=10984, stack(0x000000e22fd00000,0x000000e22fe00000)]
  0x0000023716491fe0 JavaThread "Common-Cleaner" daemon [_thread_blocked, id=16920, stack(0x000000e22fe00000,0x000000e22ff00000)]
  0x000002371645edc0 JavaThread "C1 CompilerThread1" daemon [_thread_blocked, id=10696, stack(0x000000e22ff00000,0x000000e230000000)]
=>0x00000237165c81b0 JavaThread "C1 CompilerThread2" daemon [_thread_in_vm, id=4728, stack(0x000000e230100000,0x000000e230200000)]
  0x00000237165c86d0 JavaThread "C1 CompilerThread3" daemon [_thread_blocked, id=18480, stack(0x000000e230200000,0x000000e230300000)]
  0x0000023718511aa0 JavaThread "Notification Thread" daemon [_thread_blocked, id=29428, stack(0x000000e230300000,0x000000e230400000)]
  0x0000023718bcfb70 JavaThread "Active Thread: Equinox Container: 85744cd1-58c8-49a9-8115-23108b298774" [_thread_blocked, id=28240, stack(0x000000e230a00000,0x000000e230b00000)]
  0x0000023718d68ca0 JavaThread "Framework Event Dispatcher: Equinox Container: 85744cd1-58c8-49a9-8115-23108b298774" daemon [_thread_blocked, id=8876, stack(0x000000e230b00000,0x000000e230c00000)]
  0x0000023718e5aa10 JavaThread "Start Level: Equinox Container: 85744cd1-58c8-49a9-8115-23108b298774" daemon [_thread_blocked, id=14380, stack(0x000000e230c00000,0x000000e230d00000)]
  0x0000023718e47860 JavaThread "SCR Component Actor" daemon [_thread_blocked, id=13952, stack(0x000000e230d00000,0x000000e230e00000)]
  0x0000023718e9abd0 JavaThread "SCR Component Registry" daemon [_thread_blocked, id=26856, stack(0x000000e231000000,0x000000e231100000)]
  0x0000023718dc1da0 JavaThread "Worker-JM" [_thread_blocked, id=4640, stack(0x000000e230000000,0x000000e230100000)]
  0x0000023718dc2cd0 JavaThread "Worker-0" [_thread_blocked, id=27992, stack(0x000000e231300000,0x000000e231400000)]
  0x0000023718dc3c00 JavaThread "Worker-1" [_thread_blocked, id=19204, stack(0x000000e231400000,0x000000e231500000)]

Other Threads:
  0x000002377d37c660 VMThread "VM Thread" [stack: 0x000000e22f400000,0x000000e22f500000] [id=25084] _threads_hazard_ptr=0x0000023719205120
  0x00000237184b36d0 WatcherThread [stack: 0x000000e230400000,0x000000e230500000] [id=11044]
  0x000002377d309520 GCTaskThread "GC Thread#0" [stack: 0x000000e22f300000,0x000000e22f400000] [id=26060]
  0x0000023718c3f9b0 GCTaskThread "GC Thread#1" [stack: 0x000000e230500000,0x000000e230600000] [id=15884]
  0x00000237188e0760 GCTaskThread "GC Thread#2" [stack: 0x000000e230600000,0x000000e230700000] [id=16292]
  0x00000237188e0a20 GCTaskThread "GC Thread#3" [stack: 0x000000e230700000,0x000000e230800000] [id=20532]
  0x000002371893c3c0 GCTaskThread "GC Thread#4" [stack: 0x000000e230800000,0x000000e230900000] [id=16012]
  0x0000023718c44220 GCTaskThread "GC Thread#5" [stack: 0x000000e230900000,0x000000e230a00000] [id=28072]
  0x0000023718e40520 GCTaskThread "GC Thread#6" [stack: 0x000000e230e00000,0x000000e230f00000] [id=21096]
  0x0000023718e57590 GCTaskThread "GC Thread#7" [stack: 0x000000e230f00000,0x000000e231000000] [id=15636]
  0x000002371904fc20 GCTaskThread "GC Thread#8" [stack: 0x000000e231100000,0x000000e231200000] [id=25212]
  0x0000023718cfc190 GCTaskThread "GC Thread#9" [stack: 0x000000e231200000,0x000000e231300000] [id=19992]

Threads with active compile tasks:
C2 CompilerThread0     3884 2253       4       org.eclipse.core.internal.dtree.DataTreeReader::readNode (248 bytes)
C1 CompilerThread1     3884 2351       3       org.apache.felix.scr.impl.logger.LogManager$LoggerFacade::getLogger (34 bytes)
C1 CompilerThread2     3884 2350       3       org.apache.felix.scr.impl.logger.ScrLogManager$ScrLoggerFacade::isLogEnabled (109 bytes)
C1 CompilerThread3     3884 2352       3       org.osgi.service.log.LogLevel::implies (15 bytes)

VM state: synchronizing (normal execution)

VM Mutex/Monitor currently owned by a thread:  ([mutex/lock_event])
[0x000002377d2ef9f0] Threads_lock - owner thread: 0x000002377d37c660
[0x000002377d2ef210] Heap_lock - owner thread: 0x0000023718dc2cd0

Heap address: 0x00000000c0000000, size: 1024 MB, Compressed Oops mode: 32-bit

CDS archive(s) not mapped
Compressed class space mapped at: 0x0000000100000000-0x0000000140000000, reserved size: 1073741824
Narrow klass base: 0x0000000000000000, Narrow klass shift: 3, Narrow klass range: 0x140000000

GC Precious Log:
 CPUs: 16 total, 16 available
 Memory: 7598M
 Large Page Support: Disabled
 NUMA Support: Disabled
 Compressed Oops: Enabled (32-bit)
 Alignments: Space 512K, Generation 512K, Heap 2M
 Heap Min Capacity: 100M
 Heap Initial Capacity: 100M
 Heap Max Capacity: 1G
 Pre-touch: Disabled
 Parallel Workers: 13

Heap:
 PSYoungGen      total 29696K, used 27539K [0x00000000eab00000, 0x00000000ecc00000, 0x0000000100000000)
  eden space 25600K, 91% used [0x00000000eab00000,0x00000000ec1ea730,0x00000000ec400000)
  from space 4096K, 99% used [0x00000000ec400000,0x00000000ec7fa690,0x00000000ec800000)
  to   space 4096K, 0% used [0x00000000ec800000,0x00000000ec800000,0x00000000ecc00000)
 ParOldGen       total 68608K, used 2386K [0x00000000c0000000, 0x00000000c4300000, 0x00000000eab00000)
  object space 68608K, 3% used [0x00000000c0000000,0x00000000c0254bb0,0x00000000c4300000)
 Metaspace       used 21041K, committed 21504K, reserved 1114112K
  class space    used 2144K, committed 2368K, reserved 1048576K

Card table byte_map: [0x000002377cca0000,0x000002377ceb0000] _byte_map_base: 0x000002377c6a0000

Marking Bits: (ParMarkBitMap*) 0x00007ffba240d7d0
 Begin Bits: [0x000002370f000000, 0x0000023710000000)
 End Bits:   [0x0000023710000000, 0x0000023711000000)

Polling page: 0x000002377b180000

Metaspace:

Usage:
  Non-class:     18.46 MB used.
      Class:      2.09 MB used.
       Both:     20.55 MB used.

Virtual space:
  Non-class space:       64.00 MB reserved,      18.69 MB ( 29%) committed,  1 nodes.
      Class space:        1.00 GB reserved,       2.31 MB ( <1%) committed,  1 nodes.
             Both:        1.06 GB reserved,      21.00 MB (  2%) committed. 

Chunk freelists:
   Non-Class:  12.62 MB
       Class:  13.72 MB
        Both:  26.35 MB

MaxMetaspaceSize: unlimited
CompressedClassSpaceSize: 1.00 GB
Initial GC threshold: 21.00 MB
Current GC threshold: 21.00 MB
CDS: off
MetaspaceReclaimPolicy: balanced
 - commit_granule_bytes: 65536.
 - commit_granule_words: 8192.
 - virtual_space_node_default_size: 8388608.
 - enlarge_chunks_in_place: 1.
 - new_chunks_are_fully_committed: 0.
 - uncommit_free_chunks: 1.
 - use_allocation_guard: 0.
 - handle_deallocations: 1.


Internal statistics:

num_allocs_failed_limit: 2.
num_arena_births: 264.
num_arena_deaths: 0.
num_vsnodes_births: 2.
num_vsnodes_deaths: 0.
num_space_committed: 336.
num_space_uncommitted: 0.
num_chunks_returned_to_freelist: 2.
num_chunks_taken_from_freelist: 759.
num_chunk_merges: 2.
num_chunk_splits: 487.
num_chunks_enlarged: 330.
num_inconsistent_stats: 0.

CodeHeap 'non-profiled nmethods': size=119168Kb used=918Kb max_used=918Kb free=118249Kb
 bounds [0x0000023707ba0000, 0x0000023707e10000, 0x000002370f000000]
CodeHeap 'profiled nmethods': size=119104Kb used=4563Kb max_used=4563Kb free=114540Kb
 bounds [0x0000023700000000, 0x0000023700480000, 0x0000023707450000]
CodeHeap 'non-nmethods': size=7488Kb used=2878Kb max_used=2897Kb free=4609Kb
 bounds [0x0000023707450000, 0x0000023707730000, 0x0000023707ba0000]
 total_blobs=2815 nmethods=2327 adapters=399
 compilation: enabled
              stopped_count=0, restarted_count=0
 full_count=0

Compilation events (20 events):
Event: 3.833 Thread 0x00000237165c81b0 2338       3       jdk.internal.org.objectweb.asm.MethodWriter::computeAllFrames (510 bytes)
Event: 3.833 Thread 0x000002371645edc0 nmethod 2337 0x000002370046e390 code [0x000002370046e540, 0x000002370046e928]
Event: 3.834 Thread 0x0000023716340190 nmethod 2336 0x000002370046ea90 code [0x000002370046ec40, 0x000002370046ef18]
Event: 3.834 Thread 0x00000237165c86d0 nmethod 2335 0x000002370046f090 code [0x000002370046f2c0, 0x000002370046fbf8]
Event: 3.837 Thread 0x00000237165c81b0 nmethod 2338 0x000002370046ff90 code [0x00000237004702c0, 0x0000023700471568]
Event: 3.855 Thread 0x0000023716340190 2339       3       java.util.concurrent.locks.AbstractQueuedSynchronizer::<init> (5 bytes)
Event: 3.855 Thread 0x00000237165c81b0 2340       3       java.util.concurrent.locks.AbstractOwnableSynchronizer::<init> (5 bytes)
Event: 3.855 Thread 0x00000237165c81b0 nmethod 2340 0x0000023700472090 code [0x0000023700472220, 0x0000023700472378]
Event: 3.855 Thread 0x0000023716340190 nmethod 2339 0x0000023700472410 code [0x00000237004725c0, 0x0000023700472778]
Event: 3.859 Thread 0x0000023716340190 2341       3       java.lang.invoke.LambdaForm::editor (5 bytes)
Event: 3.859 Thread 0x00000237165c81b0 2342       3       java.lang.invoke.LambdaFormEditor::lambdaFormEditor (12 bytes)
Event: 3.859 Thread 0x00000237165c86d0 2343       3       java.lang.invoke.LambdaFormEditor::<init> (10 bytes)
Event: 3.859 Thread 0x000002371645edc0 2344       3       java.lang.invoke.LambdaFormEditor::getInCache (165 bytes)
Event: 3.859 Thread 0x00000237165c86d0 nmethod 2343 0x0000023700472890 code [0x0000023700472a20, 0x0000023700472b98]
Event: 3.859 Thread 0x0000023716340190 nmethod 2341 0x0000023700472c90 code [0x0000023700472e40, 0x0000023700473128]
Event: 3.859 Thread 0x00000237165c81b0 nmethod 2342 0x0000023700473290 code [0x0000023700473440, 0x00000237004736a8]
Event: 3.860 Thread 0x000002371645edc0 nmethod 2344 0x0000023700473810 code [0x0000023700473a80, 0x00000237004748f8]
Event: 3.868 Thread 0x00000237165c81b0 2350       3       org.apache.felix.scr.impl.logger.ScrLogManager$ScrLoggerFacade::isLogEnabled (109 bytes)
Event: 3.868 Thread 0x000002371645edc0 2351       3       org.apache.felix.scr.impl.logger.LogManager$LoggerFacade::getLogger (34 bytes)
Event: 3.869 Thread 0x00000237165c86d0 2352       3       org.osgi.service.log.LogLevel::implies (15 bytes)

GC Heap History (6 events):
Event: 1.340 GC heap before
{Heap before GC invocations=1 (full 0):
 PSYoungGen      total 29696K, used 25600K [0x00000000eab00000, 0x00000000ecc00000, 0x0000000100000000)
  eden space 25600K, 100% used [0x00000000eab00000,0x00000000ec400000,0x00000000ec400000)
  from space 4096K, 0% used [0x00000000ec800000,0x00000000ec800000,0x00000000ecc00000)
  to   space 4096K, 0% used [0x00000000ec400000,0x00000000ec400000,0x00000000ec800000)
 ParOldGen       total 68608K, used 0K [0x00000000c0000000, 0x00000000c4300000, 0x00000000eab00000)
  object space 68608K, 0% used [0x00000000c0000000,0x00000000c0000000,0x00000000c4300000)
 Metaspace       used 10640K, committed 10816K, reserved 1114112K
  class space    used 1060K, committed 1152K, reserved 1048576K
}
Event: 1.349 GC heap after
{Heap after GC invocations=1 (full 0):
 PSYoungGen      total 29696K, used 3092K [0x00000000eab00000, 0x00000000ecc00000, 0x0000000100000000)
  eden space 25600K, 0% used [0x00000000eab00000,0x00000000eab00000,0x00000000ec400000)
  from space 4096K, 75% used [0x00000000ec400000,0x00000000ec705130,0x00000000ec800000)
  to   space 4096K, 0% used [0x00000000ec800000,0x00000000ec800000,0x00000000ecc00000)
 ParOldGen       total 68608K, used 16K [0x00000000c0000000, 0x00000000c4300000, 0x00000000eab00000)
  object space 68608K, 0% used [0x00000000c0000000,0x00000000c0004000,0x00000000c4300000)
 Metaspace       used 10640K, committed 10816K, reserved 1114112K
  class space    used 1060K, committed 1152K, reserved 1048576K
}
Event: 2.413 GC heap before
{Heap before GC invocations=2 (full 0):
 PSYoungGen      total 29696K, used 28692K [0x00000000eab00000, 0x00000000ecc00000, 0x0000000100000000)
  eden space 25600K, 100% used [0x00000000eab00000,0x00000000ec400000,0x00000000ec400000)
  from space 4096K, 75% used [0x00000000ec400000,0x00000000ec705130,0x00000000ec800000)
  to   space 4096K, 0% used [0x00000000ec800000,0x00000000ec800000,0x00000000ecc00000)
 ParOldGen       total 68608K, used 16K [0x00000000c0000000, 0x00000000c4300000, 0x00000000eab00000)
  object space 68608K, 0% used [0x00000000c0000000,0x00000000c0004000,0x00000000c4300000)
 Metaspace       used 14513K, committed 14720K, reserved 1114112K
  class space    used 1453K, committed 1536K, reserved 1048576K
}
Event: 2.421 GC heap after
{Heap after GC invocations=2 (full 0):
 PSYoungGen      total 29696K, used 4073K [0x00000000eab00000, 0x00000000ecc00000, 0x0000000100000000)
  eden space 25600K, 0% used [0x00000000eab00000,0x00000000eab00000,0x00000000ec400000)
  from space 4096K, 99% used [0x00000000ec800000,0x00000000ecbfa640,0x00000000ecc00000)
  to   space 4096K, 0% used [0x00000000ec400000,0x00000000ec400000,0x00000000ec800000)
 ParOldGen       total 68608K, used 692K [0x00000000c0000000, 0x00000000c4300000, 0x00000000eab00000)
  object space 68608K, 1% used [0x00000000c0000000,0x00000000c00ad360,0x00000000c4300000)
 Metaspace       used 14513K, committed 14720K, reserved 1114112K
  class space    used 1453K, committed 1536K, reserved 1048576K
}
Event: 3.513 GC heap before
{Heap before GC invocations=3 (full 0):
 PSYoungGen      total 29696K, used 29673K [0x00000000eab00000, 0x00000000ecc00000, 0x0000000100000000)
  eden space 25600K, 100% used [0x00000000eab00000,0x00000000ec400000,0x00000000ec400000)
  from space 4096K, 99% used [0x00000000ec800000,0x00000000ecbfa640,0x00000000ecc00000)
  to   space 4096K, 0% used [0x00000000ec400000,0x00000000ec400000,0x00000000ec800000)
 ParOldGen       total 68608K, used 692K [0x00000000c0000000, 0x00000000c4300000, 0x00000000eab00000)
  object space 68608K, 1% used [0x00000000c0000000,0x00000000c00ad360,0x00000000c4300000)
 Metaspace       used 19597K, committed 20032K, reserved 1114112K
  class space    used 1994K, committed 2176K, reserved 1048576K
}
Event: 3.522 GC heap after
{Heap after GC invocations=3 (full 0):
 PSYoungGen      total 29696K, used 4073K [0x00000000eab00000, 0x00000000ecc00000, 0x0000000100000000)
  eden space 25600K, 0% used [0x00000000eab00000,0x00000000eab00000,0x00000000ec400000)
  from space 4096K, 99% used [0x00000000ec400000,0x00000000ec7fa690,0x00000000ec800000)
  to   space 4096K, 0% used [0x00000000ec800000,0x00000000ec800000,0x00000000ecc00000)
 ParOldGen       total 68608K, used 2386K [0x00000000c0000000, 0x00000000c4300000, 0x00000000eab00000)
  object space 68608K, 3% used [0x00000000c0000000,0x00000000c0254bb0,0x00000000c4300000)
 Metaspace       used 19597K, committed 20032K, reserved 1114112K
  class space    used 1994K, committed 2176K, reserved 1048576K
}

Dll operation events (9 events):
Event: 0.009 Loaded shared library c:\Users\syeda\.vscode\extensions\redhat.java-1.28.1-win32-x64\jre\17.0.10-win32-x86_64\bin\java.dll
Event: 0.212 Loaded shared library c:\Users\syeda\.vscode\extensions\redhat.java-1.28.1-win32-x64\jre\17.0.10-win32-x86_64\bin\zip.dll
Event: 0.216 Loaded shared library C:\Users\syeda\.vscode\extensions\redhat.java-1.28.1-win32-x64\jre\17.0.10-win32-x86_64\bin\instrument.dll
Event: 0.234 Loaded shared library C:\Users\syeda\.vscode\extensions\redhat.java-1.28.1-win32-x64\jre\17.0.10-win32-x86_64\bin\net.dll
Event: 0.237 Loaded shared library C:\Users\syeda\.vscode\extensions\redhat.java-1.28.1-win32-x64\jre\17.0.10-win32-x86_64\bin\nio.dll
Event: 0.246 Loaded shared library C:\Users\syeda\.vscode\extensions\redhat.java-1.28.1-win32-x64\jre\17.0.10-win32-x86_64\bin\zip.dll
Event: 0.273 Loaded shared library C:\Users\syeda\.vscode\extensions\redhat.java-1.28.1-win32-x64\jre\17.0.10-win32-x86_64\bin\jimage.dll
Event: 0.360 Loaded shared library c:\Users\syeda\.vscode\extensions\redhat.java-1.28.1-win32-x64\jre\17.0.10-win32-x86_64\bin\verify.dll
Event: 2.281 Loaded shared library C:\Users\syeda\AppData\Roaming\Code\User\globalStorage\redhat.java\1.28.1\config_ss_win\org.eclipse.equinox.launcher\org.eclipse.equinox.launcher.win32.win32.x86_64_1.2.900.v20240129-1338\eclipse_11900.dll

Deoptimization events (20 events):
Event: 3.610 Thread 0x0000023718e5aa10 Uncommon trap: trap_request=0xffffffc6 fr.pc=0x0000023707c65f48 relative=0x0000000000001c28
Event: 3.610 Thread 0x0000023718e5aa10 Uncommon trap: reason=bimorphic_or_optimized_type_check action=maybe_recompile pc=0x0000023707c65f48 method=java.io.DataInputStream.readUnsignedShort()I @ 6 c2
Event: 3.610 Thread 0x0000023718e5aa10 DEOPT PACKING pc=0x0000023707c65f48 sp=0x000000e230cf9ad0
Event: 3.610 Thread 0x0000023718e5aa10 DEOPT UNPACKING pc=0x00000237074a66a3 sp=0x000000e230cf9a50 mode 2
Event: 3.619 Thread 0x0000023718e5aa10 Uncommon trap: trap_request=0xffffffc6 fr.pc=0x0000023707c65f48 relative=0x0000000000001c28
Event: 3.619 Thread 0x0000023718e5aa10 Uncommon trap: reason=bimorphic_or_optimized_type_check action=maybe_recompile pc=0x0000023707c65f48 method=java.io.DataInputStream.readUnsignedShort()I @ 6 c2
Event: 3.619 Thread 0x0000023718e5aa10 DEOPT PACKING pc=0x0000023707c65f48 sp=0x000000e230cf9790
Event: 3.619 Thread 0x0000023718e5aa10 DEOPT UNPACKING pc=0x00000237074a66a3 sp=0x000000e230cf9710 mode 2
Event: 3.619 Thread 0x0000023718e5aa10 Uncommon trap: trap_request=0xffffffc6 fr.pc=0x0000023707c65f48 relative=0x0000000000001c28
Event: 3.619 Thread 0x0000023718e5aa10 Uncommon trap: reason=bimorphic_or_optimized_type_check action=maybe_recompile pc=0x0000023707c65f48 method=java.io.DataInputStream.readUnsignedShort()I @ 6 c2
Event: 3.619 Thread 0x0000023718e5aa10 DEOPT PACKING pc=0x0000023707c65f48 sp=0x000000e230cf96d0
Event: 3.619 Thread 0x0000023718e5aa10 DEOPT UNPACKING pc=0x00000237074a66a3 sp=0x000000e230cf9650 mode 2
Event: 3.619 Thread 0x0000023718e5aa10 Uncommon trap: trap_request=0xffffffc6 fr.pc=0x0000023707c65f48 relative=0x0000000000001c28
Event: 3.619 Thread 0x0000023718e5aa10 Uncommon trap: reason=bimorphic_or_optimized_type_check action=maybe_recompile pc=0x0000023707c65f48 method=java.io.DataInputStream.readUnsignedShort()I @ 6 c2
Event: 3.619 Thread 0x0000023718e5aa10 DEOPT PACKING pc=0x0000023707c65f48 sp=0x000000e230cf9620
Event: 3.619 Thread 0x0000023718e5aa10 DEOPT UNPACKING pc=0x00000237074a66a3 sp=0x000000e230cf95a0 mode 2
Event: 3.755 Thread 0x0000023718e5aa10 Uncommon trap: trap_request=0xffffff45 fr.pc=0x0000023707c3cc40 relative=0x0000000000000040
Event: 3.755 Thread 0x0000023718e5aa10 Uncommon trap: reason=unstable_if action=reinterpret pc=0x0000023707c3cc40 method=sun.nio.fs.WindowsPathParser.isSlash(C)Z @ 9 c2
Event: 3.755 Thread 0x0000023718e5aa10 DEOPT PACKING pc=0x0000023707c3cc40 sp=0x000000e230cf94c0
Event: 3.755 Thread 0x0000023718e5aa10 DEOPT UNPACKING pc=0x00000237074a66a3 sp=0x000000e230cf9448 mode 2

Classes unloaded (0 events):
No events

Classes redefined (0 events):
No events

Internal exceptions (20 events):
Event: 3.387 Thread 0x0000023718e5aa10 Exception <a 'java/lang/NoSuchMethodError'{0x00000000ec177350}: 'int java.lang.invoke.DirectMethodHandle$Holder.invokeSpecial(java.lang.Object, java.lang.Object, java.lang.Object)'> (0x00000000ec177350) 
thrown [s\src\hotspot\share\interpreter\linkResolver.cpp, line 759]
Event: 3.392 Thread 0x0000023718e5aa10 Exception <a 'java/lang/NoSuchMethodError'{0x00000000ec188a38}: 'int java.lang.invoke.DirectMethodHandle$Holder.invokeStatic(java.lang.Object, java.lang.Object, int)'> (0x00000000ec188a38) 
thrown [s\src\hotspot\share\interpreter\linkResolver.cpp, line 759]
Event: 3.394 Thread 0x0000023718e5aa10 Exception <a 'java/lang/NoSuchMethodError'{0x00000000ec18ccb0}: 'int java.lang.invoke.DirectMethodHandle$Holder.invokeSpecial(java.lang.Object, java.lang.Object, java.lang.Object, int)'> (0x00000000ec18ccb0) 
thrown [s\src\hotspot\share\interpreter\linkResolver.cpp, line 759]
Event: 3.399 Thread 0x0000023718e5aa10 Exception <a 'java/lang/NoSuchMethodError'{0x00000000ec1a8f18}: 'java.lang.Object java.lang.invoke.DirectMethodHandle$Holder.invokeStatic(java.lang.Object, java.lang.Object, java.lang.Object, java.lang.Object, int)'> (0x00000000ec1a8f18) 
thrown [s\src\hotspot\share\interpreter\linkResolver.cpp, line 759]
Event: 3.403 Thread 0x0000023718e5aa10 Exception <a 'java/lang/NoSuchMethodError'{0x00000000ec1b4f10}: 'java.lang.Object java.lang.invoke.DelegatingMethodHandle$Holder.reinvoke_L(java.lang.Object, java.lang.Object, java.lang.Object, java.lang.Object, int, int)'> (0x00000000ec1b4f10) 
thrown [s\src\hotspot\share\interpreter\linkResolver.cpp, line 759]
Event: 3.409 Thread 0x0000023718e5aa10 Exception <a 'java/lang/NoSuchMethodError'{0x00000000ec1c9990}: 'java.lang.Object java.lang.invoke.Invokers$Holder.invokeExact_MT(java.lang.Object, java.lang.Object, java.lang.Object, java.lang.Object)'> (0x00000000ec1c9990) 
thrown [s\src\hotspot\share\interpreter\linkResolver.cpp, line 759]
Event: 3.541 Thread 0x0000023718e5aa10 Exception <a 'java/io/FileNotFoundException'{0x00000000eab37e58}> (0x00000000eab37e58) 
thrown [s\src\hotspot\share\prims\jni.cpp, line 516]
Event: 3.542 Thread 0x0000023718e5aa10 Exception <a 'java/io/FileNotFoundException'{0x00000000eaba0d78}> (0x00000000eaba0d78) 
thrown [s\src\hotspot\share\prims\jni.cpp, line 516]
Event: 3.699 Thread 0x0000023718e5aa10 Exception <a 'java/lang/NoSuchMethodError'{0x00000000ebce4d38}: 'java.lang.Object java.lang.invoke.DirectMethodHandle$Holder.newInvokeSpecial(java.lang.Object, java.lang.Object, java.lang.Object, java.lang.Object, java.lang.Object)'> (0x00000000ebce4d38) 
thrown [s\src\hotspot\share\interpreter\linkResolver.cpp, line 759]
Event: 3.826 Thread 0x0000023718e5aa10 Exception <a 'java/lang/NoSuchMethodError'{0x00000000ec08cce8}: 'java.lang.Object java.lang.invoke.DirectMethodHandle$Holder.invokeSpecial(java.lang.Object, java.lang.Object, java.lang.Object, long, java.lang.Object)'> (0x00000000ec08cce8) 
thrown [s\src\hotspot\share\interpreter\linkResolver.cpp, line 759]
Event: 3.827 Thread 0x0000023718e5aa10 Exception <a 'java/lang/NoSuchMethodError'{0x00000000ec094ea0}: 'java.lang.Object java.lang.invoke.DirectMethodHandle$Holder.newInvokeSpecial(java.lang.Object, java.lang.Object, java.lang.Object, long)'> (0x00000000ec094ea0) 
thrown [s\src\hotspot\share\interpreter\linkResolver.cpp, line 759]
Event: 3.828 Thread 0x0000023718e5aa10 Exception <a 'java/lang/NoSuchMethodError'{0x00000000ec099440}: 'java.lang.Object java.lang.invoke.DirectMethodHandle$Holder.invokeSpecial(java.lang.Object, java.lang.Object, java.lang.Object, java.lang.Object, long)'> (0x00000000ec099440) 
thrown [s\src\hotspot\share\interpreter\linkResolver.cpp, line 759]
Event: 3.828 Thread 0x0000023718e5aa10 Exception <a 'java/lang/NoSuchMethodError'{0x00000000ec09d2b8}: 'java.lang.Object java.lang.invoke.Invokers$Holder.linkToTargetMethod(java.lang.Object, java.lang.Object, long, java.lang.Object)'> (0x00000000ec09d2b8) 
thrown [s\src\hotspot\share\interpreter\linkResolver.cpp, line 759]
Event: 3.846 Thread 0x0000023718e5aa10 Exception <a 'java/lang/NoSuchMethodError'{0x00000000ec110d78}: 'int java.lang.invoke.DirectMethodHandle$Holder.invokeStaticInit(java.lang.Object, java.lang.Object, java.lang.Object)'> (0x00000000ec110d78) 
thrown [s\src\hotspot\share\interpreter\linkResolver.cpp, line 759]
Event: 3.858 Thread 0x0000023718e5aa10 Exception <a 'java/lang/IncompatibleClassChangeError'{0x00000000ec17c250}: Found class java.lang.Object, but interface was expected> (0x00000000ec17c250) 
thrown [s\src\hotspot\share\interpreter\linkResolver.cpp, line 826]
Event: 3.864 Thread 0x0000023718e5aa10 Exception <a 'java/lang/NoSuchMethodError'{0x00000000ec18ef70}: 'java.lang.Object java.lang.invoke.DirectMethodHandle$Holder.invokeSpecial(java.lang.Object, java.lang.Object, java.lang.Object, int, java.lang.Object, java.lang.Object)'> (0x00000000ec18ef70) 
thrown [s\src\hotspot\share\interpreter\linkResolver.cpp, line 759]
Event: 3.865 Thread 0x0000023718e5aa10 Exception <a 'java/lang/NoSuchMethodError'{0x00000000ec1976f8}: 'java.lang.Object java.lang.invoke.DirectMethodHandle$Holder.newInvokeSpecial(java.lang.Object, java.lang.Object, java.lang.Object, int, java.lang.Object)'> (0x00000000ec1976f8) 
thrown [s\src\hotspot\share\interpreter\linkResolver.cpp, line 759]
Event: 3.865 Thread 0x0000023718e5aa10 Exception <a 'java/lang/NoSuchMethodError'{0x00000000ec19bda0}: 'java.lang.Object java.lang.invoke.DirectMethodHandle$Holder.invokeSpecial(java.lang.Object, java.lang.Object, java.lang.Object, java.lang.Object, int, java.lang.Object)'> (0x00000000ec19bda0) 
thrown [s\src\hotspot\share\interpreter\linkResolver.cpp, line 759]
Event: 3.867 Thread 0x0000023718dc2cd0 Exception <a 'java/lang/NoSuchMethodError'{0x00000000ec0d9298}: 'java.lang.Object java.lang.invoke.DirectMethodHandle$Holder.invokeSpecial(java.lang.Object, java.lang.Object, int, java.lang.Object, java.lang.Object)'> (0x00000000ec0d9298) 
thrown [s\src\hotspot\share\interpreter\linkResolver.cpp, line 759]
Event: 3.868 Thread 0x0000023718dc2cd0 Exception <a 'java/lang/NoSuchMethodError'{0x00000000ec0e0968}: 'java.lang.Object java.lang.invoke.DirectMethodHandle$Holder.newInvokeSpecial(java.lang.Object, java.lang.Object, int, java.lang.Object)'> (0x00000000ec0e0968) 
thrown [s\src\hotspot\share\interpreter\linkResolver.cpp, line 759]

VM Operations (20 events):
Event: 1.349 Executing VM operation: ParallelGCFailedAllocation done
Event: 1.859 Executing VM operation: HandshakeAllThreads
Event: 1.859 Executing VM operation: HandshakeAllThreads done
Event: 1.860 Executing VM operation: HandshakeAllThreads
Event: 1.860 Executing VM operation: HandshakeAllThreads done
Event: 1.874 Executing VM operation: HandshakeAllThreads
Event: 1.874 Executing VM operation: HandshakeAllThreads done
Event: 1.914 Executing VM operation: HandshakeAllThreads
Event: 1.914 Executing VM operation: HandshakeAllThreads done
Event: 2.413 Executing VM operation: ParallelGCFailedAllocation
Event: 2.421 Executing VM operation: ParallelGCFailedAllocation done
Event: 2.423 Executing VM operation: HandshakeAllThreads
Event: 2.423 Executing VM operation: HandshakeAllThreads done
Event: 3.099 Executing VM operation: HandshakeAllThreads
Event: 3.100 Executing VM operation: HandshakeAllThreads done
Event: 3.380 Executing VM operation: HandshakeAllThreads
Event: 3.380 Executing VM operation: HandshakeAllThreads done
Event: 3.513 Executing VM operation: ParallelGCFailedAllocation
Event: 3.522 Executing VM operation: ParallelGCFailedAllocation done
Event: 3.869 Executing VM operation: CollectForMetadataAllocation

Events (20 events):
Event: 3.754 loading class sun/nio/fs/WindowsUriSupport
Event: 3.755 loading class sun/nio/fs/WindowsUriSupport done
Event: 3.768 loading class org/xml/sax/SAXParseException
Event: 3.768 loading class org/xml/sax/SAXParseException done
Event: 3.769 loading class javax/xml/parsers/DocumentBuilderFactory
Event: 3.770 loading class javax/xml/parsers/DocumentBuilderFactory done
Event: 3.771 loading class com/sun/org/apache/xerces/internal/jaxp/DocumentBuilderFactoryImpl
Event: 3.772 loading class com/sun/org/apache/xerces/internal/jaxp/DocumentBuilderFactoryImpl done
Event: 3.772 loading class com/sun/org/apache/xerces/internal/jaxp/DocumentBuilderImpl
Event: 3.773 loading class javax/xml/parsers/DocumentBuilder
Event: 3.773 loading class javax/xml/parsers/DocumentBuilder done
Event: 3.773 loading class com/sun/org/apache/xerces/internal/jaxp/DocumentBuilderImpl done
Event: 3.773 loading class com/sun/org/apache/xerces/internal/parsers/DOMParser
Event: 3.773 loading class com/sun/org/apache/xerces/internal/parsers/AbstractDOMParser
Event: 3.774 loading class com/sun/org/apache/xerces/internal/parsers/AbstractDOMParser done
Event: 3.774 loading class com/sun/org/apache/xerces/internal/parsers/DOMParser done
Event: 3.829 loading class java/util/function/LongUnaryOperator
Event: 3.829 loading class java/util/function/LongUnaryOperator done
Event: 3.834 Thread 0x0000023718dc2cd0 Thread added: 0x0000023718dc2cd0
Event: 3.868 Thread 0x0000023718dc3c00 Thread added: 0x0000023718dc3c00


Dynamic libraries:
0x00007ff643bb0000 - 0x00007ff643bbe000 	c:\Users\syeda\.vscode\extensions\redhat.java-1.28.1-win32-x64\jre\17.0.10-win32-x86_64\bin\java.exe
0x00007ffbe5750000 - 0x00007ffbe5967000 	C:\WINDOWS\SYSTEM32\ntdll.dll
0x00007ffbe3c80000 - 0x00007ffbe3d44000 	C:\WINDOWS\System32\KERNEL32.DLL
0x00007ffbe2ca0000 - 0x00007ffbe3046000 	C:\WINDOWS\System32\KERNELBASE.dll
0x00007ffbe3380000 - 0x00007ffbe3491000 	C:\WINDOWS\System32\ucrtbase.dll
0x00007ffbdd780000 - 0x00007ffbdd797000 	c:\Users\syeda\.vscode\extensions\redhat.java-1.28.1-win32-x64\jre\17.0.10-win32-x86_64\bin\jli.dll
0x00007ffbde150000 - 0x00007ffbde16b000 	c:\Users\syeda\.vscode\extensions\redhat.java-1.28.1-win32-x64\jre\17.0.10-win32-x86_64\bin\VCRUNTIME140.dll
0x00007ffbe3d50000 - 0x00007ffbe3efe000 	C:\WINDOWS\System32\USER32.dll
0x00007ffbe3050000 - 0x00007ffbe3076000 	C:\WINDOWS\System32\win32u.dll
0x00007ffbd0520000 - 0x00007ffbd07b3000 	C:\WINDOWS\WinSxS\amd64_microsoft.windows.common-controls_6595b64144ccf1df_6.0.22621.2506_none_270c5ae97388e100\COMCTL32.dll
0x00007ffbe3920000 - 0x00007ffbe3949000 	C:\WINDOWS\System32\GDI32.dll
0x00007ffbe4900000 - 0x00007ffbe49a7000 	C:\WINDOWS\System32\msvcrt.dll
0x00007ffbe3140000 - 0x00007ffbe3258000 	C:\WINDOWS\System32\gdi32full.dll
0x00007ffbe2a90000 - 0x00007ffbe2b2a000 	C:\WINDOWS\System32\msvcp_win.dll
0x00007ffbe3f00000 - 0x00007ffbe3f31000 	C:\WINDOWS\System32\IMM32.DLL
0x00007ffbde270000 - 0x00007ffbde27c000 	c:\Users\syeda\.vscode\extensions\redhat.java-1.28.1-win32-x64\jre\17.0.10-win32-x86_64\bin\vcruntime140_1.dll
0x00007ffbd6670000 - 0x00007ffbd66fd000 	c:\Users\syeda\.vscode\extensions\redhat.java-1.28.1-win32-x64\jre\17.0.10-win32-x86_64\bin\msvcp140.dll
0x00007ffba1870000 - 0x00007ffba24d2000 	c:\Users\syeda\.vscode\extensions\redhat.java-1.28.1-win32-x64\jre\17.0.10-win32-x86_64\bin\server\jvm.dll
0x00007ffbe4af0000 - 0x00007ffbe4ba3000 	C:\WINDOWS\System32\ADVAPI32.dll
0x00007ffbe3b20000 - 0x00007ffbe3bc8000 	C:\WINDOWS\System32\sechost.dll
0x00007ffbe32d0000 - 0x00007ffbe32f8000 	C:\WINDOWS\System32\bcrypt.dll
0x00007ffbe45b0000 - 0x00007ffbe46c7000 	C:\WINDOWS\System32\RPCRT4.dll
0x00007ffbdbba0000 - 0x00007ffbdbbd4000 	C:\WINDOWS\SYSTEM32\WINMM.dll
0x00007ffbc4980000 - 0x00007ffbc4989000 	C:\WINDOWS\SYSTEM32\WSOCK32.dll
0x00007ffbe18f0000 - 0x00007ffbe193d000 	C:\WINDOWS\SYSTEM32\POWRPROF.dll
0x00007ffbe4100000 - 0x00007ffbe4171000 	C:\WINDOWS\System32\WS2_32.dll
0x00007ffbdbd50000 - 0x00007ffbdbd5a000 	C:\WINDOWS\SYSTEM32\VERSION.dll
0x00007ffbe18d0000 - 0x00007ffbe18e3000 	C:\WINDOWS\SYSTEM32\UMPDC.dll
0x00007ffbe1b90000 - 0x00007ffbe1ba8000 	C:\WINDOWS\SYSTEM32\kernel.appcore.dll
0x00007ffbde100000 - 0x00007ffbde10a000 	c:\Users\syeda\.vscode\extensions\redhat.java-1.28.1-win32-x64\jre\17.0.10-win32-x86_64\bin\jimage.dll
0x00007ffbd9e90000 - 0x00007ffbda0c3000 	C:\WINDOWS\SYSTEM32\DBGHELP.DLL
0x00007ffbe41c0000 - 0x00007ffbe4549000 	C:\WINDOWS\System32\combase.dll
0x00007ffbe39e0000 - 0x00007ffbe3ab7000 	C:\WINDOWS\System32\OLEAUT32.dll
0x00007ffbd9e10000 - 0x00007ffbd9e42000 	C:\WINDOWS\SYSTEM32\dbgcore.DLL
0x00007ffbe3300000 - 0x00007ffbe337a000 	C:\WINDOWS\System32\bcryptPrimitives.dll
0x00007ffbdd770000 - 0x00007ffbdd77e000 	c:\Users\syeda\.vscode\extensions\redhat.java-1.28.1-win32-x64\jre\17.0.10-win32-x86_64\bin\instrument.dll
0x00007ffbdbe00000 - 0x00007ffbdbe25000 	c:\Users\syeda\.vscode\extensions\redhat.java-1.28.1-win32-x64\jre\17.0.10-win32-x86_64\bin\java.dll
0x00007ffbd8b60000 - 0x00007ffbd8b78000 	c:\Users\syeda\.vscode\extensions\redhat.java-1.28.1-win32-x64\jre\17.0.10-win32-x86_64\bin\zip.dll
0x00007ffbe4bb0000 - 0x00007ffbe540b000 	C:\WINDOWS\System32\SHELL32.dll
0x00007ffbe0980000 - 0x00007ffbe1276000 	C:\WINDOWS\SYSTEM32\windows.storage.dll
0x00007ffbe0840000 - 0x00007ffbe097e000 	C:\WINDOWS\SYSTEM32\wintypes.dll
0x00007ffbe49e0000 - 0x00007ffbe4ad3000 	C:\WINDOWS\System32\SHCORE.dll
0x00007ffbe3ac0000 - 0x00007ffbe3b1e000 	C:\WINDOWS\System32\shlwapi.dll
0x00007ffbe29c0000 - 0x00007ffbe29e6000 	C:\WINDOWS\SYSTEM32\profapi.dll
0x00007ffbd8b40000 - 0x00007ffbd8b59000 	C:\Users\syeda\.vscode\extensions\redhat.java-1.28.1-win32-x64\jre\17.0.10-win32-x86_64\bin\net.dll
0x00007ffbdcd10000 - 0x00007ffbdce47000 	C:\WINDOWS\SYSTEM32\WINHTTP.dll
0x00007ffbe2040000 - 0x00007ffbe20a9000 	C:\WINDOWS\system32\mswsock.dll
0x00007ffbd88e0000 - 0x00007ffbd88f6000 	C:\Users\syeda\.vscode\extensions\redhat.java-1.28.1-win32-x64\jre\17.0.10-win32-x86_64\bin\nio.dll
0x00007ffbdc030000 - 0x00007ffbdc040000 	c:\Users\syeda\.vscode\extensions\redhat.java-1.28.1-win32-x64\jre\17.0.10-win32-x86_64\bin\verify.dll
0x00007ffbd87c0000 - 0x00007ffbd87fe000 	C:\Users\syeda\AppData\Roaming\Code\User\globalStorage\redhat.java\1.28.1\config_ss_win\org.eclipse.equinox.launcher\org.eclipse.equinox.launcher.win32.win32.x86_64_1.2.900.v20240129-1338\eclipse_11900.dll
0x00007ffbe5410000 - 0x00007ffbe55b0000 	C:\WINDOWS\System32\ole32.dll

dbghelp: loaded successfully - version: 4.0.5 - missing functions: none
symbol engine: initialized successfully - sym options: 0x614 - pdb path: .;c:\Users\syeda\.vscode\extensions\redhat.java-1.28.1-win32-x64\jre\17.0.10-win32-x86_64\bin;C:\WINDOWS\SYSTEM32;C:\WINDOWS\WinSxS\amd64_microsoft.windows.common-controls_6595b64144ccf1df_6.0.22621.2506_none_270c5ae97388e100;c:\Users\syeda\.vscode\extensions\redhat.java-1.28.1-win32-x64\jre\17.0.10-win32-x86_64\bin\server;C:\Users\syeda\AppData\Roaming\Code\User\globalStorage\redhat.java\1.28.1\config_ss_win\org.eclipse.equinox.launcher\org.eclipse.equinox.launcher.win32.win32.x86_64_1.2.900.v20240129-1338

VM Arguments:
jvm_args: --add-modules=ALL-SYSTEM --add-opens=java.base/java.util=ALL-UNNAMED --add-opens=java.base/java.lang=ALL-UNNAMED --add-opens=java.base/sun.nio.fs=ALL-UNNAMED -Declipse.application=org.eclipse.jdt.ls.core.id1 -Dosgi.bundles.defaultStartLevel=4 -Declipse.product=org.eclipse.jdt.ls.core.product -Djava.import.generatesMetadataFilesAtProjectRoot=false -DDetectVMInstallationsJob.disabled=true -Dfile.encoding=utf8 -XX:+UseParallelGC -XX:GCTimeRatio=4 -XX:AdaptiveSizePolicyWeight=90 -Dsun.zip.disableMemoryMapping=true -Xmx1G -Xms100m -Xlog:disable -javaagent:c:\Users\syeda\.vscode\extensions\redhat.java-1.28.1-win32-x64\lombok\lombok-1.18.31.jar 
java_command: c:\Users\syeda\.vscode\extensions\redhat.java-1.28.1-win32-x64\server\plugins\org.eclipse.equinox.launcher_1.6.700.v20231214-2017.jar -configuration c:\Users\syeda\AppData\Roaming\Code\User\globalStorage\redhat.java\1.28.1\config_ss_win -data c:\Users\syeda\AppData\Roaming\Code\User\workspaceStorage\eac1d6115e6ea59bc84d52a110b34a36\redhat.java\ss_ws --stdio
java_class_path (initial): c:\Users\syeda\.vscode\extensions\redhat.java-1.28.1-win32-x64\server\plugins\org.eclipse.equinox.launcher_1.6.700.v20231214-2017.jar
Launcher Type: SUN_STANDARD

[Global flags]
    uintx AdaptiveSizePolicyWeight                 = 90                                        {product} {command line}
     intx CICompilerCount                          = 12                                        {product} {ergonomic}
    uintx GCTimeRatio                              = 4                                         {product} {command line}
   size_t InitialHeapSize                          = 104857600                                 {product} {command line}
   size_t MaxHeapSize                              = 1073741824                                {product} {command line}
   size_t MaxNewSize                               = 357564416                                 {product} {ergonomic}
   size_t MinHeapDeltaBytes                        = 524288                                    {product} {ergonomic}
   size_t MinHeapSize                              = 104857600                                 {product} {command line}
   size_t NewSize                                  = 34603008                                  {product} {ergonomic}
    uintx NonNMethodCodeHeapSize                   = 7602480                                {pd product} {ergonomic}
    uintx NonProfiledCodeHeapSize                  = 122027880                              {pd product} {ergonomic}
   size_t OldSize                                  = 70254592                                  {product} {ergonomic}
    uintx ProfiledCodeHeapSize                     = 122027880                              {pd product} {ergonomic}
    uintx ReservedCodeCacheSize                    = 251658240                              {pd product} {ergonomic}
     bool SegmentedCodeCache                       = true                                      {product} {ergonomic}
   size_t SoftMaxHeapSize                          = 1073741824                             {manageable} {ergonomic}
     bool UseCompressedClassPointers               = true                           {product lp64_product} {ergonomic}
     bool UseCompressedOops                        = true                           {product lp64_product} {ergonomic}
     bool UseLargePagesIndividualAllocation        = false                                  {pd product} {ergonomic}
     bool UseParallelGC                            = true                                      {product} {command line}

Logging:
Log output configuration:
 #0: stdout all=off uptime,level,tags
 #1: stderr all=off uptime,level,tags

Environment Variables:
JAVA_HOME=C:\Program Files\Java\jdk-17
PATH=C:\Program Files (x86)\Common Files\Intel\Shared Libraries\redist\intel64\compiler;C:\Program Files\Common Files\Oracle\Java\javapath;C:\Windows\system32;C:\Windows;C:\Windows\System32\Wbem;C:\Windows\System32\WindowsPowerShell\v1.0\;C:\Windows\System32\OpenSSH\;C:\Program Files (x86)\NVIDIA Corporation\PhysX\Common;C:\Program Files\NVIDIA Corporation\NVIDIA NvDLISR;C:\WINDOWS\system32;C:\WINDOWS;C:\WINDOWS\System32\Wbem;C:\WINDOWS\System32\WindowsPowerShell\v1.0\;C:\WINDOWS\System32\OpenSSH\;C:\Program Files\Git\cmd;C:\Users\syeda\AppData\Local\Android\Sdk\platform-tools;C:\Program Files\Android\Android Studio\jbr\bin;C:\Program Files\watchman-v2023.01.23.00-windows\bin;C:\Program Files\Git\usr\bin;C:\Users\syeda\AppData\Roaming\nvm;C:\Program Files\nodejs;C:\Program Files\Java\jdk-17\bin;C:\Program Files\Common Files\Oracle\Java\javapath;C:\Users\syeda\AppData\Local\Android\Sdk\tools;C:\Users\syeda\AppData\Local\Android\Sdk\tools;C:\Users\syeda\AppData\Local\Microsoft\WindowsApps;C:\Users\syeda\AppData\Roaming\npm;C:\Users\syeda\AppData\Local\Android\Sdk\platform-tools;C:\Users\syeda\AppData\Local\Programs\Microsoft VS Code\bin;C:\Users\syeda\AppData\Roaming\nvm;C:\Program Files\nodejs;C:\flutter_windows_3.13.6-stable\flutter\bin;
USERNAME=syeda
OS=Windows_NT
PROCESSOR_IDENTIFIER=AMD64 Family 23 Model 96 Stepping 1, AuthenticAMD
TMP=C:\Users\syeda\AppData\Local\Temp
TEMP=C:\Users\syeda\AppData\Local\Temp



Periodic native trim disabled


---------------  S Y S T E M  ---------------

OS:
 Windows 11 , 64 bit Build 22621 (10.0.22621.3085)
OS uptime: 2 days 6:41 hours
Hyper-V role detected

CPU: total 16 (initial active 16) (16 cores per cpu, 2 threads per core) family 23 model 96 stepping 1 microcode 0x0, cx8, cmov, fxsr, ht, mmx, 3dnowpref, sse, sse2, sse3, ssse3, sse4a, sse4.1, sse4.2, popcnt, lzcnt, tsc, tscinvbit, avx, avx2, aes, clmul, bmi1, bmi2, adx, sha, fma, vzeroupper, clflush, clflushopt, hv
Processor Information for all 16 processors :
  Max Mhz: 2901, Current Mhz: 2901, Mhz Limit: 2901

Memory: 4k page, system-wide physical 7598M (409M free)
TotalPageFile size 31150M (AvailPageFile size 23M)
current process WorkingSet (physical memory assigned to process): 109M, peak: 111M
current process commit charge ("private bytes"): 238M, peak: 240M

vm_info: OpenJDK 64-Bit Server VM (17.0.10+7) for windows-amd64 JRE (17.0.10+7), built on Jan 16 2024 23:25:11 by "admin" with MS VC++ 16.10 / 16.11 (VS2019)

END.
