#
# There is insufficient memory for the Java Runtime Environment to continue.
# Native memory allocation (malloc) failed to allocate 156896 bytes for Chunk::new
# Possible reasons:
#   The system is out of physical RAM or swap space
#   The process is running with CompressedOops enabled, and the Java Heap may be blocking the growth of the native heap
# Possible solutions:
#   Reduce memory load on the system
#   Increase physical memory or swap space
#   Check if swap backing store is full
#   Decrease Java heap size (-Xmx/-Xms)
#   Decrease number of Java threads
#   Decrease Java thread stack sizes (-Xss)
#   Set larger code cache with -XX:ReservedCodeCacheSize=
#   JVM is running with Unscaled Compressed Oops mode in which the Java heap is
#     placed in the first 4GB address space. The Java Heap base address is the
#     maximum limit for the native heap growth. Please use -XX:HeapBaseMinAddress
#     to set the Java Heap base and to place the Java Heap above 4GB virtual address.
# This output file may be truncated or incomplete.
#
#  Out of Memory Error (arena.cpp:191), pid=2748, tid=26592
#
# JRE version: OpenJDK Runtime Environment Temurin-17.0.10+7 (17.0.10+7) (build 17.0.10+7)
# Java VM: OpenJDK 64-Bit Server VM Temurin-17.0.10+7 (17.0.10+7, mixed mode, tiered, compressed oops, compressed class ptrs, parallel gc, windows-amd64)
# No core dump will be written. Minidumps are not enabled by default on client versions of Windows
#

---------------  S U M M A R Y ------------

Command Line: --add-modules=ALL-SYSTEM --add-opens=java.base/java.util=ALL-UNNAMED --add-opens=java.base/java.lang=ALL-UNNAMED --add-opens=java.base/sun.nio.fs=ALL-UNNAMED -Declipse.application=org.eclipse.jdt.ls.core.id1 -Dosgi.bundles.defaultStartLevel=4 -Declipse.product=org.eclipse.jdt.ls.core.product -Djava.import.generatesMetadataFilesAtProjectRoot=false -DDetectVMInstallationsJob.disabled=true -Dfile.encoding=utf8 -XX:+UseParallelGC -XX:GCTimeRatio=4 -XX:AdaptiveSizePolicyWeight=90 -Dsun.zip.disableMemoryMapping=true -Xmx1G -Xms100m -Xlog:disable -javaagent:c:\Users\syeda\.vscode\extensions\redhat.java-1.28.1-win32-x64\lombok\lombok-1.18.31.jar c:\Users\syeda\.vscode\extensions\redhat.java-1.28.1-win32-x64\server\plugins\org.eclipse.equinox.launcher_1.6.700.v20231214-2017.jar -configuration c:\Users\syeda\AppData\Roaming\Code\User\globalStorage\redhat.java\1.28.1\config_ss_win -data c:\Users\syeda\AppData\Roaming\Code\User\workspaceStorage\eac1d6115e6ea59bc84d52a110b34a36\redhat.java\ss_ws --stdio

Host: AMD Ryzen 7 4800H with Radeon Graphics         , 16 cores, 7G,  Windows 11 , 64 bit Build 22621 (10.0.22621.3085)
Time: Tue Mar  5 07:03:20 2024 India Standard Time elapsed time: 8.477280 seconds (0d 0h 0m 8s)

---------------  T H R E A D  ---------------

Current thread (0x0000025b4d00fe30):  JavaThread "C2 CompilerThread0" daemon [_thread_in_native, id=26592, stack(0x0000007e51900000,0x0000007e51a00000)]


Current CompileTask:
C2:   8477 2100       4       jdk.internal.org.objectweb.asm.SymbolTable::addConstantUtf8 (98 bytes)

Stack: [0x0000007e51900000,0x0000007e51a00000]
Native frames: (J=compiled Java code, j=interpreted, Vv=VM code, C=native code)
V  [jvm.dll+0x67d2c9]
V  [jvm.dll+0x834afa]
V  [jvm.dll+0x8365be]
V  [jvm.dll+0x836c23]
V  [jvm.dll+0x2477ff]
V  [jvm.dll+0xac514]
V  [jvm.dll+0xacb5c]
V  [jvm.dll+0x2aed1f]
V  [jvm.dll+0x584b67]
V  [jvm.dll+0x2228a2]
V  [jvm.dll+0x21b5cd]
V  [jvm.dll+0x219201]
V  [jvm.dll+0x1a502d]
V  [jvm.dll+0x2290de]
V  [jvm.dll+0x2272ac]
V  [jvm.dll+0x7e9bb7]
V  [jvm.dll+0x7e3fba]
V  [jvm.dll+0x67c1b5]
C  [ucrtbase.dll+0x29363]
C  [KERNEL32.DLL+0x1257d]
C  [ntdll.dll+0x5aa58]


---------------  P R O C E S S  ---------------

Threads class SMR info:
_java_thread_list=0x0000025b4fa5cb20, length=19, elements={
0x0000025b340219e0, 0x0000025b47ea4010, 0x0000025b340ca6d0, 0x0000025b47ead2e0,
0x0000025b47eadf70, 0x0000025b4d00c7a0, 0x0000025b4d00d170, 0x0000025b4d00fe30,
0x0000025b4d010f90, 0x0000025b4d012fc0, 0x0000025b4d1103f0, 0x0000025b4f12aa00,
0x0000025b4f801850, 0x0000025b34080590, 0x0000025b4fb479c0, 0x0000025b4d28b9e0,
0x0000025b4f4bf050, 0x0000025b4f8a2980, 0x0000025b4f202d00
}

Java Threads: ( => current thread )
  0x0000025b340219e0 JavaThread "main" [_thread_blocked, id=14740, stack(0x0000007e51000000,0x0000007e51100000)]
  0x0000025b47ea4010 JavaThread "Reference Handler" daemon [_thread_blocked, id=23564, stack(0x0000007e51300000,0x0000007e51400000)]
  0x0000025b340ca6d0 JavaThread "Finalizer" daemon [_thread_blocked, id=22120, stack(0x0000007e51400000,0x0000007e51500000)]
  0x0000025b47ead2e0 JavaThread "Signal Dispatcher" daemon [_thread_blocked, id=12848, stack(0x0000007e51500000,0x0000007e51600000)]
  0x0000025b47eadf70 JavaThread "Attach Listener" daemon [_thread_blocked, id=23132, stack(0x0000007e51600000,0x0000007e51700000)]
  0x0000025b4d00c7a0 JavaThread "Service Thread" daemon [_thread_blocked, id=23544, stack(0x0000007e51700000,0x0000007e51800000)]
  0x0000025b4d00d170 JavaThread "Monitor Deflation Thread" daemon [_thread_blocked, id=23656, stack(0x0000007e51800000,0x0000007e51900000)]
=>0x0000025b4d00fe30 JavaThread "C2 CompilerThread0" daemon [_thread_in_native, id=26592, stack(0x0000007e51900000,0x0000007e51a00000)]
  0x0000025b4d010f90 JavaThread "C1 CompilerThread0" daemon [_thread_blocked, id=21428, stack(0x0000007e51a00000,0x0000007e51b00000)]
  0x0000025b4d012fc0 JavaThread "Sweeper thread" daemon [_thread_blocked, id=11304, stack(0x0000007e51b00000,0x0000007e51c00000)]
  0x0000025b4d1103f0 JavaThread "Common-Cleaner" daemon [_thread_blocked, id=13848, stack(0x0000007e51c00000,0x0000007e51d00000)]
  0x0000025b4f12aa00 JavaThread "Notification Thread" daemon [_thread_blocked, id=19624, stack(0x0000007e51f00000,0x0000007e52000000)]
  0x0000025b4f801850 JavaThread "Active Thread: Equinox Container: 0e54e316-513a-4fe7-8129-17c5cb32b538" [_thread_blocked, id=21872, stack(0x0000007e52800000,0x0000007e52900000)]
  0x0000025b34080590 JavaThread "Framework Event Dispatcher: Equinox Container: 0e54e316-513a-4fe7-8129-17c5cb32b538" daemon [_thread_blocked, id=27384, stack(0x0000007e51d00000,0x0000007e51e00000)]
  0x0000025b4fb479c0 JavaThread "Start Level: Equinox Container: 0e54e316-513a-4fe7-8129-17c5cb32b538" daemon [_thread_in_native, id=22996, stack(0x0000007e51e00000,0x0000007e51f00000)]
  0x0000025b4d28b9e0 JavaThread "SCR Component Actor" daemon [_thread_blocked, id=22636, stack(0x0000007e52600000,0x0000007e52700000)]
  0x0000025b4f4bf050 JavaThread "SCR Component Registry" daemon [_thread_blocked, id=16908, stack(0x0000007e52a00000,0x0000007e52b00000)]
  0x0000025b4f8a2980 JavaThread "C1 CompilerThread1" daemon [_thread_blocked, id=13976, stack(0x0000007e52b00000,0x0000007e52c00000)]
  0x0000025b4f202d00 JavaThread "Worker-JM" [_thread_blocked, id=3348, stack(0x0000007e52c00000,0x0000007e52d00000)]

Other Threads:
  0x0000025b47e91fd0 VMThread "VM Thread" [stack: 0x0000007e51200000,0x0000007e51300000] [id=4752]
  0x0000025b4f12aee0 WatcherThread [stack: 0x0000007e52000000,0x0000007e52100000] [id=7616]
  0x0000025b340353b0 GCTaskThread "GC Thread#0" [stack: 0x0000007e51100000,0x0000007e51200000] [id=23692]
  0x0000025b4f467070 GCTaskThread "GC Thread#1" [stack: 0x0000007e52100000,0x0000007e52200000] [id=6648]
  0x0000025b4faccd10 GCTaskThread "GC Thread#2" [stack: 0x0000007e52200000,0x0000007e52300000] [id=23556]
  0x0000025b4fb48820 GCTaskThread "GC Thread#3" [stack: 0x0000007e52300000,0x0000007e52400000] [id=15548]
  0x0000025b4f46b490 GCTaskThread "GC Thread#4" [stack: 0x0000007e52400000,0x0000007e52500000] [id=28212]
  0x0000025b4f46b750 GCTaskThread "GC Thread#5" [stack: 0x0000007e52500000,0x0000007e52600000] [id=7608]
  0x0000025b4f73ef70 GCTaskThread "GC Thread#6" [stack: 0x0000007e52700000,0x0000007e52800000] [id=15284]
  0x0000025b4f740b90 GCTaskThread "GC Thread#7" [stack: 0x0000007e52900000,0x0000007e52a00000] [id=18908]

Threads with active compile tasks:
C2 CompilerThread0     8494 2100       4       jdk.internal.org.objectweb.asm.SymbolTable::addConstantUtf8 (98 bytes)

VM state: not at safepoint (normal execution)

VM Mutex/Monitor currently owned by a thread: None

Heap address: 0x00000000c0000000, size: 1024 MB, Compressed Oops mode: 32-bit

CDS archive(s) not mapped
Compressed class space mapped at: 0x0000000100000000-0x0000000140000000, reserved size: 1073741824
Narrow klass base: 0x0000000000000000, Narrow klass shift: 3, Narrow klass range: 0x140000000

GC Precious Log:
 CPUs: 16 total, 16 available
 Memory: 7598M
 Large Page Support: Disabled
 NUMA Support: Disabled
 Compressed Oops: Enabled (32-bit)
 Alignments: Space 512K, Generation 512K, Heap 2M
 Heap Min Capacity: 100M
 Heap Initial Capacity: 100M
 Heap Max Capacity: 1G
 Pre-touch: Disabled
 Parallel Workers: 13

Heap:
 PSYoungGen      total 29696K, used 27592K [0x00000000eab00000, 0x00000000ecc00000, 0x0000000100000000)
  eden space 25600K, 91% used [0x00000000eab00000,0x00000000ec1f36d8,0x00000000ec400000)
  from space 4096K, 99% used [0x00000000ec800000,0x00000000ecbfe980,0x00000000ecc00000)
  to   space 4096K, 0% used [0x00000000ec400000,0x00000000ec400000,0x00000000ec800000)
 ParOldGen       total 68608K, used 694K [0x00000000c0000000, 0x00000000c4300000, 0x00000000eab00000)
  object space 68608K, 1% used [0x00000000c0000000,0x00000000c00ad810,0x00000000c4300000)
 Metaspace       used 19350K, committed 19712K, reserved 1114112K
  class space    used 1974K, committed 2112K, reserved 1048576K

Card table byte_map: [0x0000025b339e0000,0x0000025b33bf0000] _byte_map_base: 0x0000025b333e0000

Marking Bits: (ParMarkBitMap*) 0x00007ffba240d7d0
 Begin Bits: [0x0000025b45cb0000, 0x0000025b46cb0000)
 End Bits:   [0x0000025b46cb0000, 0x0000025b47cb0000)

Polling page: 0x0000025b337d0000

Metaspace:

Usage:
  Non-class:     16.97 MB used.
      Class:      1.93 MB used.
       Both:     18.90 MB used.

Virtual space:
  Non-class space:       64.00 MB reserved,      17.19 MB ( 27%) committed,  1 nodes.
      Class space:        1.00 GB reserved,       2.06 MB ( <1%) committed,  1 nodes.
             Both:        1.06 GB reserved,      19.25 MB (  2%) committed. 

Chunk freelists:
   Non-Class:  13.91 MB
       Class:  13.89 MB
        Both:  27.81 MB

MaxMetaspaceSize: unlimited
CompressedClassSpaceSize: 1.00 GB
Initial GC threshold: 21.00 MB
Current GC threshold: 21.00 MB
CDS: off
MetaspaceReclaimPolicy: balanced
 - commit_granule_bytes: 65536.
 - commit_granule_words: 8192.
 - virtual_space_node_default_size: 8388608.
 - enlarge_chunks_in_place: 1.
 - new_chunks_are_fully_committed: 0.
 - uncommit_free_chunks: 1.
 - use_allocation_guard: 0.
 - handle_deallocations: 1.


Internal statistics:

num_allocs_failed_limit: 0.
num_arena_births: 210.
num_arena_deaths: 0.
num_vsnodes_births: 2.
num_vsnodes_deaths: 0.
num_space_committed: 308.
num_space_uncommitted: 0.
num_chunks_returned_to_freelist: 0.
num_chunks_taken_from_freelist: 621.
num_chunk_merges: 0.
num_chunk_splits: 398.
num_chunks_enlarged: 276.
num_inconsistent_stats: 0.

CodeHeap 'non-profiled nmethods': size=119168Kb used=801Kb max_used=801Kb free=118366Kb
 bounds [0x0000025b3e850000, 0x0000025b3eac0000, 0x0000025b45cb0000]
CodeHeap 'profiled nmethods': size=119104Kb used=4073Kb max_used=4073Kb free=115030Kb
 bounds [0x0000025b36cb0000, 0x0000025b370b0000, 0x0000025b3e100000]
CodeHeap 'non-nmethods': size=7488Kb used=1746Kb max_used=2313Kb free=5741Kb
 bounds [0x0000025b3e100000, 0x0000025b3e370000, 0x0000025b3e850000]
 total_blobs=2588 nmethods=2106 adapters=395
 compilation: enabled
              stopped_count=0, restarted_count=0
 full_count=0

Compilation events (20 events):
Event: 8.468 Thread 0x0000025b4d00fe30 nmethod 2087 0x0000025b3e916f90 code [0x0000025b3e917120, 0x0000025b3e917268]
Event: 8.470 Thread 0x0000025b4d010f90 2094       3       jdk.internal.org.objectweb.asm.MethodWriter::visitEnd (1 bytes)
Event: 8.470 Thread 0x0000025b4f8a2980 2093       3       jdk.internal.org.objectweb.asm.MethodWriter::visitMaxs (60 bytes)
Event: 8.471 Thread 0x0000025b4d010f90 nmethod 2094 0x0000025b370a1010 code [0x0000025b370a11a0, 0x0000025b370a12b8]
Event: 8.471 Thread 0x0000025b4d010f90 2098       3       jdk.internal.org.objectweb.asm.Handler::putExceptionTable (63 bytes)
Event: 8.471 Thread 0x0000025b4f8a2980 nmethod 2093 0x0000025b370a1390 code [0x0000025b370a1560, 0x0000025b370a1838]
Event: 8.471 Thread 0x0000025b4f8a2980 2097       3       jdk.internal.org.objectweb.asm.MethodWriter::putMethodInfo (1274 bytes)
Event: 8.471 Thread 0x0000025b4d010f90 nmethod 2098 0x0000025b370a1910 code [0x0000025b370a1b20, 0x0000025b370a1fa8]
Event: 8.471 Thread 0x0000025b4d010f90 2095       3       jdk.internal.org.objectweb.asm.MethodWriter::computeMethodInfoSize (571 bytes)
Event: 8.471 Thread 0x0000025b4d00fe30 2099       4       jdk.internal.org.objectweb.asm.SymbolTable$Entry::<init> (17 bytes)
Event: 8.472 Thread 0x0000025b4d00fe30 nmethod 2099 0x0000025b3e917f90 code [0x0000025b3e918100, 0x0000025b3e9181b8]
Event: 8.472 Thread 0x0000025b4d00fe30 2100       4       jdk.internal.org.objectweb.asm.SymbolTable::addConstantUtf8 (98 bytes)
Event: 8.472 Thread 0x0000025b4d010f90 nmethod 2095 0x0000025b370a2290 code [0x0000025b370a25c0, 0x0000025b370a3508]
Event: 8.472 Thread 0x0000025b4d010f90 2096       3       jdk.internal.org.objectweb.asm.MethodWriter::hasFrames (13 bytes)
Event: 8.472 Thread 0x0000025b4d010f90 nmethod 2096 0x0000025b370a3b90 code [0x0000025b370a3d20, 0x0000025b370a3e98]
Event: 8.473 Thread 0x0000025b4d010f90 2101       3       java.lang.invoke.LambdaForm::useCount (61 bytes)
Event: 8.473 Thread 0x0000025b4d010f90 nmethod 2101 0x0000025b370a3f10 code [0x0000025b370a40e0, 0x0000025b370a4448]
Event: 8.473 Thread 0x0000025b4d010f90 2102       3       java.lang.invoke.InvokerBytecodeGenerator::emitStoreInsn (21 bytes)
Event: 8.473 Thread 0x0000025b4d010f90 nmethod 2102 0x0000025b370a4610 code [0x0000025b370a47c0, 0x0000025b370a4a18]
Event: 8.474 Thread 0x0000025b4f8a2980 nmethod 2097 0x0000025b370a4b90 code [0x0000025b370a5260, 0x0000025b370a7a28]

GC Heap History (4 events):
Event: 1.782 GC heap before
{Heap before GC invocations=1 (full 0):
 PSYoungGen      total 29696K, used 25600K [0x00000000eab00000, 0x00000000ecc00000, 0x0000000100000000)
  eden space 25600K, 100% used [0x00000000eab00000,0x00000000ec400000,0x00000000ec400000)
  from space 4096K, 0% used [0x00000000ec800000,0x00000000ec800000,0x00000000ecc00000)
  to   space 4096K, 0% used [0x00000000ec400000,0x00000000ec400000,0x00000000ec800000)
 ParOldGen       total 68608K, used 0K [0x00000000c0000000, 0x00000000c4300000, 0x00000000eab00000)
  object space 68608K, 0% used [0x00000000c0000000,0x00000000c0000000,0x00000000c4300000)
 Metaspace       used 10738K, committed 10880K, reserved 1114112K
  class space    used 1065K, committed 1152K, reserved 1048576K
}
Event: 1.803 GC heap after
{Heap after GC invocations=1 (full 0):
 PSYoungGen      total 29696K, used 3060K [0x00000000eab00000, 0x00000000ecc00000, 0x0000000100000000)
  eden space 25600K, 0% used [0x00000000eab00000,0x00000000eab00000,0x00000000ec400000)
  from space 4096K, 74% used [0x00000000ec400000,0x00000000ec6fd150,0x00000000ec800000)
  to   space 4096K, 0% used [0x00000000ec800000,0x00000000ec800000,0x00000000ecc00000)
 ParOldGen       total 68608K, used 16K [0x00000000c0000000, 0x00000000c4300000, 0x00000000eab00000)
  object space 68608K, 0% used [0x00000000c0000000,0x00000000c0004000,0x00000000c4300000)
 Metaspace       used 10738K, committed 10880K, reserved 1114112K
  class space    used 1065K, committed 1152K, reserved 1048576K
}
Event: 7.663 GC heap before
{Heap before GC invocations=2 (full 0):
 PSYoungGen      total 29696K, used 28660K [0x00000000eab00000, 0x00000000ecc00000, 0x0000000100000000)
  eden space 25600K, 100% used [0x00000000eab00000,0x00000000ec400000,0x00000000ec400000)
  from space 4096K, 74% used [0x00000000ec400000,0x00000000ec6fd150,0x00000000ec800000)
  to   space 4096K, 0% used [0x00000000ec800000,0x00000000ec800000,0x00000000ecc00000)
 ParOldGen       total 68608K, used 16K [0x00000000c0000000, 0x00000000c4300000, 0x00000000eab00000)
  object space 68608K, 0% used [0x00000000c0000000,0x00000000c0004000,0x00000000c4300000)
 Metaspace       used 14587K, committed 14720K, reserved 1114112K
  class space    used 1466K, committed 1536K, reserved 1048576K
}
Event: 7.676 GC heap after
{Heap after GC invocations=2 (full 0):
 PSYoungGen      total 29696K, used 4090K [0x00000000eab00000, 0x00000000ecc00000, 0x0000000100000000)
  eden space 25600K, 0% used [0x00000000eab00000,0x00000000eab00000,0x00000000ec400000)
  from space 4096K, 99% used [0x00000000ec800000,0x00000000ecbfe980,0x00000000ecc00000)
  to   space 4096K, 0% used [0x00000000ec400000,0x00000000ec400000,0x00000000ec800000)
 ParOldGen       total 68608K, used 694K [0x00000000c0000000, 0x00000000c4300000, 0x00000000eab00000)
  object space 68608K, 1% used [0x00000000c0000000,0x00000000c00ad810,0x00000000c4300000)
 Metaspace       used 14587K, committed 14720K, reserved 1114112K
  class space    used 1466K, committed 1536K, reserved 1048576K
}

Dll operation events (9 events):
Event: 0.031 Loaded shared library c:\Users\syeda\.vscode\extensions\redhat.java-1.28.1-win32-x64\jre\17.0.10-win32-x86_64\bin\java.dll
Event: 0.355 Loaded shared library c:\Users\syeda\.vscode\extensions\redhat.java-1.28.1-win32-x64\jre\17.0.10-win32-x86_64\bin\zip.dll
Event: 0.369 Loaded shared library C:\Users\syeda\.vscode\extensions\redhat.java-1.28.1-win32-x64\jre\17.0.10-win32-x86_64\bin\instrument.dll
Event: 0.402 Loaded shared library C:\Users\syeda\.vscode\extensions\redhat.java-1.28.1-win32-x64\jre\17.0.10-win32-x86_64\bin\net.dll
Event: 0.409 Loaded shared library C:\Users\syeda\.vscode\extensions\redhat.java-1.28.1-win32-x64\jre\17.0.10-win32-x86_64\bin\nio.dll
Event: 0.429 Loaded shared library C:\Users\syeda\.vscode\extensions\redhat.java-1.28.1-win32-x64\jre\17.0.10-win32-x86_64\bin\zip.dll
Event: 0.475 Loaded shared library C:\Users\syeda\.vscode\extensions\redhat.java-1.28.1-win32-x64\jre\17.0.10-win32-x86_64\bin\jimage.dll
Event: 0.633 Loaded shared library c:\Users\syeda\.vscode\extensions\redhat.java-1.28.1-win32-x64\jre\17.0.10-win32-x86_64\bin\verify.dll
Event: 7.427 Loaded shared library C:\Users\syeda\AppData\Roaming\Code\User\globalStorage\redhat.java\1.28.1\config_ss_win\org.eclipse.equinox.launcher\org.eclipse.equinox.launcher.win32.win32.x86_64_1.2.900.v20240129-1338\eclipse_11900.dll

Deoptimization events (20 events):
Event: 8.329 Thread 0x0000025b4fb479c0 Uncommon trap: trap_request=0xffffffc6 fr.pc=0x0000025b3e908c18 relative=0x0000000000000358
Event: 8.329 Thread 0x0000025b4fb479c0 Uncommon trap: reason=bimorphic_or_optimized_type_check action=maybe_recompile pc=0x0000025b3e908c18 method=java.io.DataInputStream.readUnsignedByte()I @ 4 c2
Event: 8.329 Thread 0x0000025b4fb479c0 DEOPT PACKING pc=0x0000025b3e908c18 sp=0x0000007e51ef86d0
Event: 8.329 Thread 0x0000025b4fb479c0 DEOPT UNPACKING pc=0x0000025b3e1566a3 sp=0x0000007e51ef8628 mode 2
Event: 8.329 Thread 0x0000025b4fb479c0 Uncommon trap: trap_request=0xffffffc6 fr.pc=0x0000025b3e908c18 relative=0x0000000000000358
Event: 8.329 Thread 0x0000025b4fb479c0 Uncommon trap: reason=bimorphic_or_optimized_type_check action=maybe_recompile pc=0x0000025b3e908c18 method=java.io.DataInputStream.readUnsignedByte()I @ 4 c2
Event: 8.329 Thread 0x0000025b4fb479c0 DEOPT PACKING pc=0x0000025b3e908c18 sp=0x0000007e51ef86d0
Event: 8.329 Thread 0x0000025b4fb479c0 DEOPT UNPACKING pc=0x0000025b3e1566a3 sp=0x0000007e51ef8628 mode 2
Event: 8.329 Thread 0x0000025b4fb479c0 Uncommon trap: trap_request=0xffffffc6 fr.pc=0x0000025b3e9010c0 relative=0x0000000000000d80
Event: 8.329 Thread 0x0000025b4fb479c0 Uncommon trap: reason=bimorphic_or_optimized_type_check action=maybe_recompile pc=0x0000025b3e9010c0 method=java.io.DataInputStream.readInt()I @ 6 c2
Event: 8.329 Thread 0x0000025b4fb479c0 DEOPT PACKING pc=0x0000025b3e9010c0 sp=0x0000007e51ef86d0
Event: 8.329 Thread 0x0000025b4fb479c0 DEOPT UNPACKING pc=0x0000025b3e1566a3 sp=0x0000007e51ef8688 mode 2
Event: 8.329 Thread 0x0000025b4fb479c0 Uncommon trap: trap_request=0xffffffc6 fr.pc=0x0000025b3e9010c0 relative=0x0000000000000d80
Event: 8.329 Thread 0x0000025b4fb479c0 Uncommon trap: reason=bimorphic_or_optimized_type_check action=maybe_recompile pc=0x0000025b3e9010c0 method=java.io.DataInputStream.readInt()I @ 6 c2
Event: 8.329 Thread 0x0000025b4fb479c0 DEOPT PACKING pc=0x0000025b3e9010c0 sp=0x0000007e51ef86d0
Event: 8.329 Thread 0x0000025b4fb479c0 DEOPT UNPACKING pc=0x0000025b3e1566a3 sp=0x0000007e51ef8688 mode 2
Event: 8.329 Thread 0x0000025b4fb479c0 Uncommon trap: trap_request=0xffffffc6 fr.pc=0x0000025b3e9010c0 relative=0x0000000000000d80
Event: 8.329 Thread 0x0000025b4fb479c0 Uncommon trap: reason=bimorphic_or_optimized_type_check action=maybe_recompile pc=0x0000025b3e9010c0 method=java.io.DataInputStream.readInt()I @ 6 c2
Event: 8.329 Thread 0x0000025b4fb479c0 DEOPT PACKING pc=0x0000025b3e9010c0 sp=0x0000007e51ef86d0
Event: 8.329 Thread 0x0000025b4fb479c0 DEOPT UNPACKING pc=0x0000025b3e1566a3 sp=0x0000007e51ef8688 mode 2

Classes unloaded (0 events):
No events

Classes redefined (0 events):
No events

Internal exceptions (20 events):
Event: 2.049 Thread 0x0000025b340219e0 Exception <a 'java/lang/NoSuchMethodError'{0x00000000eadc4cf8}: 'void java.lang.invoke.DirectMethodHandle$Holder.invokeSpecial(java.lang.Object, java.lang.Object, java.lang.Object)'> (0x00000000eadc4cf8) 
thrown [s\src\hotspot\share\interpreter\linkResolver.cpp, line 759]
Event: 2.698 Thread 0x0000025b340219e0 Exception <a 'java/lang/NoSuchMethodError'{0x00000000eba642c0}: 'java.lang.Object java.lang.invoke.DirectMethodHandle$Holder.newInvokeSpecial(java.lang.Object, int, java.lang.Object)'> (0x00000000eba642c0) 
thrown [s\src\hotspot\share\interpreter\linkResolver.cpp, line 759]
Event: 7.419 Thread 0x0000025b340219e0 Exception <a 'java/lang/UnsatisfiedLinkError'{0x00000000ebfd3900}: 'void org.eclipse.equinox.launcher.JNIBridge._update_splash()'> (0x00000000ebfd3900) 
thrown [s\src\hotspot\share\prims\nativeLookup.cpp, line 543]
Event: 7.532 Thread 0x0000025b4fb479c0 Exception <a 'java/lang/NoSuchMethodError'{0x00000000ec2926d8}: 'java.lang.Object java.lang.invoke.DirectMethodHandle$Holder.invokeStaticInit(java.lang.Object)'> (0x00000000ec2926d8) 
thrown [s\src\hotspot\share\interpreter\linkResolver.cpp, line 759]
Event: 7.649 Thread 0x0000025b4fb479c0 Exception <a 'java/lang/NullPointerException'{0x00000000ec3cd398}> (0x00000000ec3cd398) 
thrown [s\src\hotspot\share\interpreter\linkResolver.cpp, line 1350]
Event: 7.649 Thread 0x0000025b4fb479c0 Exception <a 'java/lang/NullPointerException'{0x00000000ec3cd670}> (0x00000000ec3cd670) 
thrown [s\src\hotspot\share\interpreter\linkResolver.cpp, line 1350]
Event: 8.123 Thread 0x0000025b4fb479c0 Exception <a 'java/io/FileNotFoundException'{0x00000000eb60cc28}> (0x00000000eb60cc28) 
thrown [s\src\hotspot\share\prims\jni.cpp, line 516]
Event: 8.177 Thread 0x0000025b4fb479c0 Exception <a 'java/lang/NoSuchMethodError'{0x00000000eb7cc008}: 'java.lang.Object java.lang.invoke.Invokers$Holder.invokeExact_MT(java.lang.Object, java.lang.Object, java.lang.Object, java.lang.Object, java.lang.Object, java.lang.Object)'> (0x00000000eb7cc008) 
thrown [s\src\hotspot\share\interpreter\linkResolver.cpp, line 759]
Event: 8.223 Thread 0x0000025b4fb479c0 Exception <a 'java/lang/NoSuchMethodError'{0x00000000eb8eadd8}: 'java.lang.Object java.lang.invoke.Invokers$Holder.linkToTargetMethod(java.lang.Object, long, java.lang.Object)'> (0x00000000eb8eadd8) 
thrown [s\src\hotspot\share\interpreter\linkResolver.cpp, line 759]
Event: 8.359 Thread 0x0000025b4fb479c0 Exception <a 'java/lang/NoSuchMethodError'{0x00000000ebc784f8}: 'void java.lang.invoke.DirectMethodHandle$Holder.invokeInterface(java.lang.Object, java.lang.Object, java.lang.Object)'> (0x00000000ebc784f8) 
thrown [s\src\hotspot\share\interpreter\linkResolver.cpp, line 759]
Event: 8.433 Thread 0x0000025b4fb479c0 Exception <a 'java/lang/NoSuchMethodError'{0x00000000ebf8f138}: 'void java.lang.invoke.DirectMethodHandle$Holder.invokeVirtual(java.lang.Object, java.lang.Object)'> (0x00000000ebf8f138) 
thrown [s\src\hotspot\share\interpreter\linkResolver.cpp, line 759]
Event: 8.462 Thread 0x0000025b4fb479c0 Exception <a 'java/lang/NoSuchMethodError'{0x00000000ec0978c8}: 'java.lang.Object java.lang.invoke.DirectMethodHandle$Holder.invokeStatic(java.lang.Object, java.lang.Object, int)'> (0x00000000ec0978c8) 
thrown [s\src\hotspot\share\interpreter\linkResolver.cpp, line 759]
Event: 8.463 Thread 0x0000025b4fb479c0 Exception <a 'java/lang/NoSuchMethodError'{0x00000000ec09c478}: 'void java.lang.invoke.DirectMethodHandle$Holder.invokeStatic(java.lang.Object, java.lang.Object, int, java.lang.Object)'> (0x00000000ec09c478) 
thrown [s\src\hotspot\share\interpreter\linkResolver.cpp, line 759]
Event: 8.464 Thread 0x0000025b4fb479c0 Exception <a 'java/lang/NoSuchMethodError'{0x00000000ec0a3ba8}: 'void java.lang.invoke.DelegatingMethodHandle$Holder.delegate(java.lang.Object, java.lang.Object, int, java.lang.Object)'> (0x00000000ec0a3ba8) 
thrown [s\src\hotspot\share\interpreter\linkResolver.cpp, line 759]
Event: 8.465 Thread 0x0000025b4fb479c0 Exception <a 'java/lang/NoSuchMethodError'{0x00000000ec0a7f90}: 'int java.lang.invoke.DirectMethodHandle$Holder.invokeSpecial(java.lang.Object, java.lang.Object, java.lang.Object)'> (0x00000000ec0a7f90) 
thrown [s\src\hotspot\share\interpreter\linkResolver.cpp, line 759]
Event: 8.466 Thread 0x0000025b4fb479c0 Exception <a 'java/lang/NoSuchMethodError'{0x00000000ec0b8a20}: 'int java.lang.invoke.DirectMethodHandle$Holder.invokeStatic(java.lang.Object, java.lang.Object, int)'> (0x00000000ec0b8a20) 
thrown [s\src\hotspot\share\interpreter\linkResolver.cpp, line 759]
Event: 8.467 Thread 0x0000025b4fb479c0 Exception <a 'java/lang/NoSuchMethodError'{0x00000000ec0bca48}: 'int java.lang.invoke.DirectMethodHandle$Holder.invokeSpecial(java.lang.Object, java.lang.Object, java.lang.Object, int)'> (0x00000000ec0bca48) 
thrown [s\src\hotspot\share\interpreter\linkResolver.cpp, line 759]
Event: 8.469 Thread 0x0000025b4fb479c0 Exception <a 'java/lang/NoSuchMethodError'{0x00000000ec0d79e0}: 'java.lang.Object java.lang.invoke.DirectMethodHandle$Holder.invokeStatic(java.lang.Object, java.lang.Object, java.lang.Object, java.lang.Object, int)'> (0x00000000ec0d79e0) 
thrown [s\src\hotspot\share\interpreter\linkResolver.cpp, line 759]
Event: 8.471 Thread 0x0000025b4fb479c0 Exception <a 'java/lang/NoSuchMethodError'{0x00000000ec0e39d8}: 'java.lang.Object java.lang.invoke.DelegatingMethodHandle$Holder.reinvoke_L(java.lang.Object, java.lang.Object, java.lang.Object, java.lang.Object, int, int)'> (0x00000000ec0e39d8) 
thrown [s\src\hotspot\share\interpreter\linkResolver.cpp, line 759]
Event: 8.473 Thread 0x0000025b4fb479c0 Exception <a 'java/lang/NoSuchMethodError'{0x00000000ec0f8468}: 'java.lang.Object java.lang.invoke.Invokers$Holder.invokeExact_MT(java.lang.Object, java.lang.Object, java.lang.Object, java.lang.Object)'> (0x00000000ec0f8468) 
thrown [s\src\hotspot\share\interpreter\linkResolver.cpp, line 759]

VM Operations (20 events):
Event: 2.598 Executing VM operation: HandshakeAllThreads
Event: 2.598 Executing VM operation: HandshakeAllThreads done
Event: 2.599 Executing VM operation: HandshakeAllThreads
Event: 2.600 Executing VM operation: HandshakeAllThreads done
Event: 2.624 Executing VM operation: HandshakeAllThreads
Event: 2.624 Executing VM operation: HandshakeAllThreads done
Event: 2.677 Executing VM operation: HandshakeAllThreads
Event: 2.677 Executing VM operation: HandshakeAllThreads done
Event: 3.683 Executing VM operation: Cleanup
Event: 3.683 Executing VM operation: Cleanup done
Event: 7.638 Executing VM operation: HandshakeAllThreads
Event: 7.638 Executing VM operation: HandshakeAllThreads done
Event: 7.638 Executing VM operation: Cleanup
Event: 7.638 Executing VM operation: Cleanup done
Event: 7.663 Executing VM operation: ParallelGCFailedAllocation
Event: 7.676 Executing VM operation: ParallelGCFailedAllocation done
Event: 8.330 Executing VM operation: HandshakeAllThreads
Event: 8.330 Executing VM operation: HandshakeAllThreads done
Event: 8.461 Executing VM operation: HandshakeAllThreads
Event: 8.461 Executing VM operation: HandshakeAllThreads done

Events (20 events):
Event: 8.460 loading class java/lang/invoke/MethodHandleImpl$LoopClauses
Event: 8.460 loading class java/lang/invoke/MethodHandleImpl$LoopClauses done
Event: 8.460 loading class java/lang/invoke/MethodHandleImpl$ArrayAccess
Event: 8.460 loading class java/lang/invoke/MethodHandleImpl$ArrayAccess done
Event: 8.461 loading class java/lang/invoke/MethodHandleImpl$2
Event: 8.461 loading class java/lang/invoke/MethodHandleImpl$2 done
Event: 8.461 loading class java/lang/invoke/MethodHandleImpl$ArrayAccessor
Event: 8.461 loading class java/lang/invoke/MethodHandleImpl$ArrayAccessor done
Event: 8.461 loading class java/lang/invoke/MethodHandleImpl$ArrayAccessor$1
Event: 8.461 loading class java/lang/invoke/MethodHandleImpl$ArrayAccessor$1 done
Event: 8.461 loading class java/lang/ClassValue$ClassValueMap
Event: 8.461 loading class java/lang/ClassValue$ClassValueMap done
Event: 8.466 loading class sun/invoke/util/ValueConversions$WrapperCache
Event: 8.466 loading class sun/invoke/util/ValueConversions$WrapperCache done
Event: 8.466 loading class sun/invoke/util/ValueConversions$1
Event: 8.466 loading class sun/invoke/util/ValueConversions$1 done
Event: 8.467 loading class java/lang/invoke/BoundMethodHandle$Species_LI
Event: 8.467 loading class java/lang/invoke/BoundMethodHandle$Species_LI done
Event: 8.467 loading class java/lang/invoke/ClassSpecializer$Factory$1Var
Event: 8.468 loading class java/lang/invoke/ClassSpecializer$Factory$1Var done


Dynamic libraries:
0x00007ff643bb0000 - 0x00007ff643bbe000 	c:\Users\syeda\.vscode\extensions\redhat.java-1.28.1-win32-x64\jre\17.0.10-win32-x86_64\bin\java.exe
0x00007ffbe5750000 - 0x00007ffbe5967000 	C:\WINDOWS\SYSTEM32\ntdll.dll
0x00007ffbe3c80000 - 0x00007ffbe3d44000 	C:\WINDOWS\System32\KERNEL32.DLL
0x00007ffbe2ca0000 - 0x00007ffbe3046000 	C:\WINDOWS\System32\KERNELBASE.dll
0x00007ffbe3380000 - 0x00007ffbe3491000 	C:\WINDOWS\System32\ucrtbase.dll
0x00007ffbdd780000 - 0x00007ffbdd79b000 	c:\Users\syeda\.vscode\extensions\redhat.java-1.28.1-win32-x64\jre\17.0.10-win32-x86_64\bin\VCRUNTIME140.dll
0x00007ffbdbe10000 - 0x00007ffbdbe27000 	c:\Users\syeda\.vscode\extensions\redhat.java-1.28.1-win32-x64\jre\17.0.10-win32-x86_64\bin\jli.dll
0x00007ffbd0520000 - 0x00007ffbd07b3000 	C:\WINDOWS\WinSxS\amd64_microsoft.windows.common-controls_6595b64144ccf1df_6.0.22621.2506_none_270c5ae97388e100\COMCTL32.dll
0x00007ffbe3d50000 - 0x00007ffbe3efe000 	C:\WINDOWS\System32\USER32.dll
0x00007ffbe4900000 - 0x00007ffbe49a7000 	C:\WINDOWS\System32\msvcrt.dll
0x00007ffbe3920000 - 0x00007ffbe3949000 	C:\WINDOWS\System32\GDI32.dll
0x00007ffbe3140000 - 0x00007ffbe3258000 	C:\WINDOWS\System32\gdi32full.dll
0x00007ffbe3050000 - 0x00007ffbe3076000 	C:\WINDOWS\System32\win32u.dll
0x00007ffbe2a90000 - 0x00007ffbe2b2a000 	C:\WINDOWS\System32\msvcp_win.dll
0x00007ffbe3f00000 - 0x00007ffbe3f31000 	C:\WINDOWS\System32\IMM32.DLL
0x00007ffbde100000 - 0x00007ffbde10c000 	c:\Users\syeda\.vscode\extensions\redhat.java-1.28.1-win32-x64\jre\17.0.10-win32-x86_64\bin\vcruntime140_1.dll
0x00007ffbd6670000 - 0x00007ffbd66fd000 	c:\Users\syeda\.vscode\extensions\redhat.java-1.28.1-win32-x64\jre\17.0.10-win32-x86_64\bin\msvcp140.dll
0x00007ffba1870000 - 0x00007ffba24d2000 	c:\Users\syeda\.vscode\extensions\redhat.java-1.28.1-win32-x64\jre\17.0.10-win32-x86_64\bin\server\jvm.dll
0x00007ffbe4af0000 - 0x00007ffbe4ba3000 	C:\WINDOWS\System32\ADVAPI32.dll
0x00007ffbe3b20000 - 0x00007ffbe3bc8000 	C:\WINDOWS\System32\sechost.dll
0x00007ffbe32d0000 - 0x00007ffbe32f8000 	C:\WINDOWS\System32\bcrypt.dll
0x00007ffbe45b0000 - 0x00007ffbe46c7000 	C:\WINDOWS\System32\RPCRT4.dll
0x00007ffbc4980000 - 0x00007ffbc4989000 	C:\WINDOWS\SYSTEM32\WSOCK32.dll
0x00007ffbdbba0000 - 0x00007ffbdbbd4000 	C:\WINDOWS\SYSTEM32\WINMM.dll
0x00007ffbe4100000 - 0x00007ffbe4171000 	C:\WINDOWS\System32\WS2_32.dll
0x00007ffbe18f0000 - 0x00007ffbe193d000 	C:\WINDOWS\SYSTEM32\POWRPROF.dll
0x00007ffbdbd50000 - 0x00007ffbdbd5a000 	C:\WINDOWS\SYSTEM32\VERSION.dll
0x00007ffbe18d0000 - 0x00007ffbe18e3000 	C:\WINDOWS\SYSTEM32\UMPDC.dll
0x00007ffbe1b90000 - 0x00007ffbe1ba8000 	C:\WINDOWS\SYSTEM32\kernel.appcore.dll
0x00007ffbdd770000 - 0x00007ffbdd77a000 	c:\Users\syeda\.vscode\extensions\redhat.java-1.28.1-win32-x64\jre\17.0.10-win32-x86_64\bin\jimage.dll
0x00007ffbd9e90000 - 0x00007ffbda0c3000 	C:\WINDOWS\SYSTEM32\DBGHELP.DLL
0x00007ffbe41c0000 - 0x00007ffbe4549000 	C:\WINDOWS\System32\combase.dll
0x00007ffbe39e0000 - 0x00007ffbe3ab7000 	C:\WINDOWS\System32\OLEAUT32.dll
0x00007ffbd9e10000 - 0x00007ffbd9e42000 	C:\WINDOWS\SYSTEM32\dbgcore.DLL
0x00007ffbe3300000 - 0x00007ffbe337a000 	C:\WINDOWS\System32\bcryptPrimitives.dll
0x00007ffbdc030000 - 0x00007ffbdc03e000 	c:\Users\syeda\.vscode\extensions\redhat.java-1.28.1-win32-x64\jre\17.0.10-win32-x86_64\bin\instrument.dll
0x00007ffbd8b50000 - 0x00007ffbd8b75000 	c:\Users\syeda\.vscode\extensions\redhat.java-1.28.1-win32-x64\jre\17.0.10-win32-x86_64\bin\java.dll
0x00007ffbd88e0000 - 0x00007ffbd88f8000 	c:\Users\syeda\.vscode\extensions\redhat.java-1.28.1-win32-x64\jre\17.0.10-win32-x86_64\bin\zip.dll
0x00007ffbe4bb0000 - 0x00007ffbe540b000 	C:\WINDOWS\System32\SHELL32.dll
0x00007ffbe0980000 - 0x00007ffbe1276000 	C:\WINDOWS\SYSTEM32\windows.storage.dll
0x00007ffbe0840000 - 0x00007ffbe097e000 	C:\WINDOWS\SYSTEM32\wintypes.dll
0x00007ffbe49e0000 - 0x00007ffbe4ad3000 	C:\WINDOWS\System32\SHCORE.dll
0x00007ffbe3ac0000 - 0x00007ffbe3b1e000 	C:\WINDOWS\System32\shlwapi.dll
0x00007ffbe29c0000 - 0x00007ffbe29e6000 	C:\WINDOWS\SYSTEM32\profapi.dll
0x00007ffbd87e0000 - 0x00007ffbd87f9000 	C:\Users\syeda\.vscode\extensions\redhat.java-1.28.1-win32-x64\jre\17.0.10-win32-x86_64\bin\net.dll
0x00007ffbdcd10000 - 0x00007ffbdce47000 	C:\WINDOWS\SYSTEM32\WINHTTP.dll
0x00007ffbe2040000 - 0x00007ffbe20a9000 	C:\WINDOWS\system32\mswsock.dll
0x00007ffbd87c0000 - 0x00007ffbd87d6000 	C:\Users\syeda\.vscode\extensions\redhat.java-1.28.1-win32-x64\jre\17.0.10-win32-x86_64\bin\nio.dll
0x00007ffbdbe00000 - 0x00007ffbdbe10000 	c:\Users\syeda\.vscode\extensions\redhat.java-1.28.1-win32-x64\jre\17.0.10-win32-x86_64\bin\verify.dll
0x00007ffbd84b0000 - 0x00007ffbd84ee000 	C:\Users\syeda\AppData\Roaming\Code\User\globalStorage\redhat.java\1.28.1\config_ss_win\org.eclipse.equinox.launcher\org.eclipse.equinox.launcher.win32.win32.x86_64_1.2.900.v20240129-1338\eclipse_11900.dll
0x00007ffbe5410000 - 0x00007ffbe55b0000 	C:\WINDOWS\System32\ole32.dll

dbghelp: loaded successfully - version: 4.0.5 - missing functions: none
symbol engine: initialized successfully - sym options: 0x614 - pdb path: .;c:\Users\syeda\.vscode\extensions\redhat.java-1.28.1-win32-x64\jre\17.0.10-win32-x86_64\bin;C:\WINDOWS\SYSTEM32;C:\WINDOWS\WinSxS\amd64_microsoft.windows.common-controls_6595b64144ccf1df_6.0.22621.2506_none_270c5ae97388e100;c:\Users\syeda\.vscode\extensions\redhat.java-1.28.1-win32-x64\jre\17.0.10-win32-x86_64\bin\server;C:\Users\syeda\AppData\Roaming\Code\User\globalStorage\redhat.java\1.28.1\config_ss_win\org.eclipse.equinox.launcher\org.eclipse.equinox.launcher.win32.win32.x86_64_1.2.900.v20240129-1338

VM Arguments:
jvm_args: --add-modules=ALL-SYSTEM --add-opens=java.base/java.util=ALL-UNNAMED --add-opens=java.base/java.lang=ALL-UNNAMED --add-opens=java.base/sun.nio.fs=ALL-UNNAMED -Declipse.application=org.eclipse.jdt.ls.core.id1 -Dosgi.bundles.defaultStartLevel=4 -Declipse.product=org.eclipse.jdt.ls.core.product -Djava.import.generatesMetadataFilesAtProjectRoot=false -DDetectVMInstallationsJob.disabled=true -Dfile.encoding=utf8 -XX:+UseParallelGC -XX:GCTimeRatio=4 -XX:AdaptiveSizePolicyWeight=90 -Dsun.zip.disableMemoryMapping=true -Xmx1G -Xms100m -Xlog:disable -javaagent:c:\Users\syeda\.vscode\extensions\redhat.java-1.28.1-win32-x64\lombok\lombok-1.18.31.jar 
java_command: c:\Users\syeda\.vscode\extensions\redhat.java-1.28.1-win32-x64\server\plugins\org.eclipse.equinox.launcher_1.6.700.v20231214-2017.jar -configuration c:\Users\syeda\AppData\Roaming\Code\User\globalStorage\redhat.java\1.28.1\config_ss_win -data c:\Users\syeda\AppData\Roaming\Code\User\workspaceStorage\eac1d6115e6ea59bc84d52a110b34a36\redhat.java\ss_ws --stdio
java_class_path (initial): c:\Users\syeda\.vscode\extensions\redhat.java-1.28.1-win32-x64\server\plugins\org.eclipse.equinox.launcher_1.6.700.v20231214-2017.jar
Launcher Type: SUN_STANDARD

[Global flags]
    uintx AdaptiveSizePolicyWeight                 = 90                                        {product} {command line}
     intx CICompilerCount                          = 12                                        {product} {ergonomic}
    uintx GCTimeRatio                              = 4                                         {product} {command line}
   size_t InitialHeapSize                          = 104857600                                 {product} {command line}
   size_t MaxHeapSize                              = 1073741824                                {product} {command line}
   size_t MaxNewSize                               = 357564416                                 {product} {ergonomic}
   size_t MinHeapDeltaBytes                        = 524288                                    {product} {ergonomic}
   size_t MinHeapSize                              = 104857600                                 {product} {command line}
   size_t NewSize                                  = 34603008                                  {product} {ergonomic}
    uintx NonNMethodCodeHeapSize                   = 7602480                                {pd product} {ergonomic}
    uintx NonProfiledCodeHeapSize                  = 122027880                              {pd product} {ergonomic}
   size_t OldSize                                  = 70254592                                  {product} {ergonomic}
    uintx ProfiledCodeHeapSize                     = 122027880                              {pd product} {ergonomic}
    uintx ReservedCodeCacheSize                    = 251658240                              {pd product} {ergonomic}
     bool SegmentedCodeCache                       = true                                      {product} {ergonomic}
   size_t SoftMaxHeapSize                          = 1073741824                             {manageable} {ergonomic}
     bool UseCompressedClassPointers               = true                           {product lp64_product} {ergonomic}
     bool UseCompressedOops                        = true                           {product lp64_product} {ergonomic}
     bool UseLargePagesIndividualAllocation        = false                                  {pd product} {ergonomic}
     bool UseParallelGC                            = true                                      {product} {command line}

Logging:
Log output configuration:
 #0: stdout all=off uptime,level,tags
 #1: stderr all=off uptime,level,tags

Environment Variables:
JAVA_HOME=C:\Program Files\Java\jdk-17
PATH=C:\Program Files (x86)\Common Files\Intel\Shared Libraries\redist\intel64\compiler;C:\Program Files\Common Files\Oracle\Java\javapath;C:\Windows\system32;C:\Windows;C:\Windows\System32\Wbem;C:\Windows\System32\WindowsPowerShell\v1.0\;C:\Windows\System32\OpenSSH\;C:\Program Files (x86)\NVIDIA Corporation\PhysX\Common;C:\Program Files\NVIDIA Corporation\NVIDIA NvDLISR;C:\WINDOWS\system32;C:\WINDOWS;C:\WINDOWS\System32\Wbem;C:\WINDOWS\System32\WindowsPowerShell\v1.0\;C:\WINDOWS\System32\OpenSSH\;C:\Program Files\Git\cmd;C:\Users\syeda\AppData\Local\Android\Sdk\platform-tools;C:\Program Files\Android\Android Studio\jbr\bin;C:\Program Files\watchman-v2023.01.23.00-windows\bin;C:\Program Files\Git\usr\bin;C:\Users\syeda\AppData\Roaming\nvm;C:\Program Files\nodejs;C:\Program Files\Java\jdk-17\bin;C:\Program Files\Common Files\Oracle\Java\javapath;C:\Users\syeda\AppData\Local\Android\Sdk\tools;C:\Users\syeda\AppData\Local\Android\Sdk\tools;C:\Users\syeda\AppData\Local\Microsoft\WindowsApps;C:\Users\syeda\AppData\Roaming\npm;C:\Users\syeda\AppData\Local\Android\Sdk\platform-tools;C:\Users\syeda\AppData\Local\Programs\Microsoft VS Code\bin;C:\Users\syeda\AppData\Roaming\nvm;C:\Program Files\nodejs;C:\flutter_windows_3.13.6-stable\flutter\bin;
USERNAME=syeda
OS=Windows_NT
PROCESSOR_IDENTIFIER=AMD64 Family 23 Model 96 Stepping 1, AuthenticAMD
TMP=C:\Users\syeda\AppData\Local\Temp
TEMP=C:\Users\syeda\AppData\Local\Temp



Periodic native trim disabled


---------------  S Y S T E M  ---------------

OS:
 Windows 11 , 64 bit Build 22621 (10.0.22621.3085)
OS uptime: 2 days 6:40 hours
Hyper-V role detected

CPU: total 16 (initial active 16) (16 cores per cpu, 2 threads per core) family 23 model 96 stepping 1 microcode 0x0, cx8, cmov, fxsr, ht, mmx, 3dnowpref, sse, sse2, sse3, ssse3, sse4a, sse4.1, sse4.2, popcnt, lzcnt, tsc, tscinvbit, avx, avx2, aes, clmul, bmi1, bmi2, adx, sha, fma, vzeroupper, clflush, clflushopt, hv
Processor Information for all 16 processors :
  Max Mhz: 2901, Current Mhz: 2901, Mhz Limit: 2901

Memory: 4k page, system-wide physical 7598M (294M free)
TotalPageFile size 31150M (AvailPageFile size 124M)
current process WorkingSet (physical memory assigned to process): 97M, peak: 97M
current process commit charge ("private bytes"): 228M, peak: 228M

vm_info: OpenJDK 64-Bit Server VM (17.0.10+7) for windows-amd64 JRE (17.0.10+7), built on Jan 16 2024 23:25:11 by "admin" with MS VC++ 16.10 / 16.11 (VS2019)

END.
