#
# There is insufficient memory for the Java Runtime Environment to continue.
# Native memory allocation (malloc) failed to allocate 960448 bytes for Chunk::new
# Possible reasons:
#   The system is out of physical RAM or swap space
#   The process is running with CompressedOops enabled, and the Java Heap may be blocking the growth of the native heap
# Possible solutions:
#   Reduce memory load on the system
#   Increase physical memory or swap space
#   Check if swap backing store is full
#   Decrease Java heap size (-Xmx/-Xms)
#   Decrease number of Java threads
#   Decrease Java thread stack sizes (-Xss)
#   Set larger code cache with -XX:ReservedCodeCacheSize=
#   JVM is running with Unscaled Compressed Oops mode in which the Java heap is
#     placed in the first 4GB address space. The Java Heap base address is the
#     maximum limit for the native heap growth. Please use -XX:HeapBaseMinAddress
#     to set the Java Heap base and to place the Java Heap above 4GB virtual address.
# This output file may be truncated or incomplete.
#
#  Out of Memory Error (arena.cpp:191), pid=15976, tid=25844
#
# JRE version: OpenJDK Runtime Environment Temurin-17.0.10+7 (17.0.10+7) (build 17.0.10+7)
# Java VM: OpenJDK 64-Bit Server VM Temurin-17.0.10+7 (17.0.10+7, mixed mode, tiered, compressed oops, compressed class ptrs, parallel gc, windows-amd64)
# No core dump will be written. Minidumps are not enabled by default on client versions of Windows
#

---------------  S U M M A R Y ------------

Command Line: --add-modules=ALL-SYSTEM --add-opens=java.base/java.util=ALL-UNNAMED --add-opens=java.base/java.lang=ALL-UNNAMED --add-opens=java.base/sun.nio.fs=ALL-UNNAMED -Declipse.application=org.eclipse.jdt.ls.core.id1 -Dosgi.bundles.defaultStartLevel=4 -Declipse.product=org.eclipse.jdt.ls.core.product -Djava.import.generatesMetadataFilesAtProjectRoot=false -DDetectVMInstallationsJob.disabled=true -Dfile.encoding=utf8 -XX:+UseParallelGC -XX:GCTimeRatio=4 -XX:AdaptiveSizePolicyWeight=90 -Dsun.zip.disableMemoryMapping=true -Xmx1G -Xms100m -Xlog:disable -javaagent:c:\Users\syeda\.vscode\extensions\redhat.java-1.28.1-win32-x64\lombok\lombok-1.18.31.jar c:\Users\syeda\.vscode\extensions\redhat.java-1.28.1-win32-x64\server\plugins\org.eclipse.equinox.launcher_1.6.700.v20231214-2017.jar -configuration c:\Users\syeda\AppData\Roaming\Code\User\globalStorage\redhat.java\1.28.1\config_ss_win -data c:\Users\syeda\AppData\Roaming\Code\User\workspaceStorage\eac1d6115e6ea59bc84d52a110b34a36\redhat.java\ss_ws --stdio

Host: AMD Ryzen 7 4800H with Radeon Graphics         , 16 cores, 7G,  Windows 11 , 64 bit Build 22621 (10.0.22621.3085)
Time: Tue Mar  5 07:03:59 2024 India Standard Time elapsed time: 9.493850 seconds (0d 0h 0m 9s)

---------------  T H R E A D  ---------------

Current thread (0x00000245a7018c30):  JavaThread "C2 CompilerThread0" daemon [_thread_in_native, id=25844, stack(0x00000050c1400000,0x00000050c1500000)]


Current CompileTask:
C2:   9493 3266       4       jdk.internal.org.objectweb.asm.Frame::execute (2318 bytes)

Stack: [0x00000050c1400000,0x00000050c1500000]
Native frames: (J=compiled Java code, j=interpreted, Vv=VM code, C=native code)
V  [jvm.dll+0x67d2c9]
V  [jvm.dll+0x834afa]
V  [jvm.dll+0x8365be]
V  [jvm.dll+0x836c23]
V  [jvm.dll+0x2477ff]
V  [jvm.dll+0xac514]
V  [jvm.dll+0xacb5c]
V  [jvm.dll+0x3667d7]
V  [jvm.dll+0x1bcd86]
V  [jvm.dll+0x21a049]
V  [jvm.dll+0x219311]
V  [jvm.dll+0x1a502d]
V  [jvm.dll+0x2290de]
V  [jvm.dll+0x2272ac]
V  [jvm.dll+0x7e9bb7]
V  [jvm.dll+0x7e3fba]
V  [jvm.dll+0x67c1b5]
C  [ucrtbase.dll+0x29363]
C  [KERNEL32.DLL+0x1257d]
C  [ntdll.dll+0x5aa58]


---------------  P R O C E S S  ---------------

Threads class SMR info:
_java_thread_list=0x00000245aa68c450, length=24, elements={
0x000002458df90530, 0x00000245a1e16020, 0x000002458e03b780, 0x00000245a1e1bfb0,
0x00000245a1e1cb70, 0x00000245a1e1ded0, 0x00000245a1e1ea90, 0x00000245a7018c30,
0x00000245a701c630, 0x00000245a7025fa0, 0x00000245a715f030, 0x00000245a917c2d0,
0x00000245a9a985e0, 0x00000245a99c2250, 0x00000245a9a324e0, 0x00000245a9b0f480,
0x00000245a9c569c0, 0x00000245a9c57e00, 0x00000245a9c56ed0, 0x00000245a9c55a90,
0x00000245a9c564b0, 0x00000245a9ccc060, 0x00000245a9c578f0, 0x00000245a9c55070
}

Java Threads: ( => current thread )
  0x000002458df90530 JavaThread "main" [_thread_blocked, id=6016, stack(0x00000050c0b00000,0x00000050c0c00000)]
  0x00000245a1e16020 JavaThread "Reference Handler" daemon [_thread_blocked, id=4564, stack(0x00000050c0e00000,0x00000050c0f00000)]
  0x000002458e03b780 JavaThread "Finalizer" daemon [_thread_blocked, id=22768, stack(0x00000050c0f00000,0x00000050c1000000)]
  0x00000245a1e1bfb0 JavaThread "Signal Dispatcher" daemon [_thread_blocked, id=19844, stack(0x00000050c1000000,0x00000050c1100000)]
  0x00000245a1e1cb70 JavaThread "Attach Listener" daemon [_thread_blocked, id=10308, stack(0x00000050c1100000,0x00000050c1200000)]
  0x00000245a1e1ded0 JavaThread "Service Thread" daemon [_thread_blocked, id=12284, stack(0x00000050c1200000,0x00000050c1300000)]
  0x00000245a1e1ea90 JavaThread "Monitor Deflation Thread" daemon [_thread_blocked, id=6484, stack(0x00000050c1300000,0x00000050c1400000)]
=>0x00000245a7018c30 JavaThread "C2 CompilerThread0" daemon [_thread_in_native, id=25844, stack(0x00000050c1400000,0x00000050c1500000)]
  0x00000245a701c630 JavaThread "C1 CompilerThread0" daemon [_thread_blocked, id=15164, stack(0x00000050c1500000,0x00000050c1600000)]
  0x00000245a7025fa0 JavaThread "Sweeper thread" daemon [_thread_blocked, id=22612, stack(0x00000050c1600000,0x00000050c1700000)]
  0x00000245a715f030 JavaThread "Common-Cleaner" daemon [_thread_blocked, id=16832, stack(0x00000050c1700000,0x00000050c1800000)]
  0x00000245a917c2d0 JavaThread "Notification Thread" daemon [_thread_blocked, id=21980, stack(0x00000050c1b00000,0x00000050c1c00000)]
  0x00000245a9a985e0 JavaThread "Active Thread: Equinox Container: f81a201c-9f22-40a9-91f9-93aa151bbaf7" [_thread_blocked, id=28372, stack(0x00000050c2400000,0x00000050c2500000)]
  0x00000245a99c2250 JavaThread "Framework Event Dispatcher: Equinox Container: f81a201c-9f22-40a9-91f9-93aa151bbaf7" daemon [_thread_blocked, id=27656, stack(0x00000050c2500000,0x00000050c2600000)]
  0x00000245a9a324e0 JavaThread "Start Level: Equinox Container: f81a201c-9f22-40a9-91f9-93aa151bbaf7" daemon [_thread_blocked, id=19392, stack(0x00000050c2600000,0x00000050c2700000)]
  0x00000245a9b0f480 JavaThread "SCR Component Actor" daemon [_thread_blocked, id=26368, stack(0x00000050c2700000,0x00000050c2800000)]
  0x00000245a9c569c0 JavaThread "Worker-JM" [_thread_blocked, id=26868, stack(0x00000050c1d00000,0x00000050c1e00000)]
  0x00000245a9c57e00 JavaThread "Worker-0" [_thread_blocked, id=24356, stack(0x00000050c2d00000,0x00000050c2e00000)]
  0x00000245a9c56ed0 JavaThread "Worker-1" [_thread_blocked, id=28944, stack(0x00000050c2e00000,0x00000050c2f00000)]
  0x00000245a9c55a90 JavaThread "JNA Cleaner" daemon [_thread_blocked, id=3544, stack(0x00000050c2c00000,0x00000050c2d00000)]
  0x00000245a9c564b0 JavaThread "pool-2-thread-1" [_thread_blocked, id=24992, stack(0x00000050c1800000,0x00000050c1900000)]
  0x00000245a9ccc060 JavaThread "C1 CompilerThread1" daemon [_thread_blocked, id=3348, stack(0x00000050c1900000,0x00000050c1a00000)]
  0x00000245a9c578f0 JavaThread "WorkspaceEventsHandler" [_thread_blocked, id=26592, stack(0x00000050c1e00000,0x00000050c1f00000)]
  0x00000245a9c55070 JavaThread "pool-1-thread-1" [_thread_in_Java, id=2748, stack(0x00000050c3100000,0x00000050c3200000)]

Other Threads:
  0x00000245a6fe7610 VMThread "VM Thread" [stack: 0x00000050c0d00000,0x00000050c0e00000] [id=18524]
  0x00000245a9195fa0 WatcherThread [stack: 0x00000050c1c00000,0x00000050c1d00000] [id=6624]
  0x000002458dfa92a0 GCTaskThread "GC Thread#0" [stack: 0x00000050c0c00000,0x00000050c0d00000] [id=21744]
  0x00000245a96e2300 GCTaskThread "GC Thread#1" [stack: 0x00000050c1f00000,0x00000050c2000000] [id=29544]
  0x00000245a96e25c0 GCTaskThread "GC Thread#2" [stack: 0x00000050c2000000,0x00000050c2100000] [id=20916]
  0x00000245a96e0d90 GCTaskThread "GC Thread#3" [stack: 0x00000050c2100000,0x00000050c2200000] [id=3848]
  0x00000245a96e1050 GCTaskThread "GC Thread#4" [stack: 0x00000050c2200000,0x00000050c2300000] [id=17420]
  0x00000245a96e1310 GCTaskThread "GC Thread#5" [stack: 0x00000050c2300000,0x00000050c2400000] [id=22472]
  0x00000245a9976fd0 GCTaskThread "GC Thread#6" [stack: 0x00000050c2800000,0x00000050c2900000] [id=2360]
  0x00000245a9ba41f0 GCTaskThread "GC Thread#7" [stack: 0x00000050c2900000,0x00000050c2a00000] [id=16600]
  0x00000245a9e60780 GCTaskThread "GC Thread#8" [stack: 0x00000050c2a00000,0x00000050c2b00000] [id=2336]
  0x00000245a9de7d30 GCTaskThread "GC Thread#9" [stack: 0x00000050c2b00000,0x00000050c2c00000] [id=10980]
  0x00000245a9e1b760 GCTaskThread "GC Thread#10" [stack: 0x00000050c2f00000,0x00000050c3000000] [id=29520]
  0x00000245a9e19c90 GCTaskThread "GC Thread#11" [stack: 0x00000050c3000000,0x00000050c3100000] [id=4380]
  0x00000245aba49bc0 GCTaskThread "GC Thread#12" [stack: 0x00000050c1a00000,0x00000050c1b00000] [id=27336]

Threads with active compile tasks:
C2 CompilerThread0     9509 3266       4       jdk.internal.org.objectweb.asm.Frame::execute (2318 bytes)
C1 CompilerThread0     9509 3381       3       com.sun.org.apache.xerces.internal.impl.XMLEntityScanner::checkLimit (256 bytes)
C1 CompilerThread1     9509 3382       3       com.sun.org.apache.xerces.internal.dom.DeferredDocumentImpl::createNode (46 bytes)

VM state: not at safepoint (normal execution)

VM Mutex/Monitor currently owned by a thread:  ([mutex/lock_event])
[0x000002458df8bd00] MethodData_lock - owner thread: 0x0000000000000000

Heap address: 0x00000000c0000000, size: 1024 MB, Compressed Oops mode: 32-bit

CDS archive(s) not mapped
Compressed class space mapped at: 0x0000000100000000-0x0000000140000000, reserved size: 1073741824
Narrow klass base: 0x0000000000000000, Narrow klass shift: 3, Narrow klass range: 0x140000000

GC Precious Log:
 CPUs: 16 total, 16 available
 Memory: 7598M
 Large Page Support: Disabled
 NUMA Support: Disabled
 Compressed Oops: Enabled (32-bit)
 Alignments: Space 512K, Generation 512K, Heap 2M
 Heap Min Capacity: 100M
 Heap Initial Capacity: 100M
 Heap Max Capacity: 1G
 Pre-touch: Disabled
 Parallel Workers: 13

Heap:
 PSYoungGen      total 27136K, used 968K [0x00000000eab00000, 0x00000000ec800000, 0x0000000100000000)
  eden space 22528K, 4% used [0x00000000eab00000,0x00000000eabf21f8,0x00000000ec100000)
  from space 4608K, 0% used [0x00000000ec100000,0x00000000ec100000,0x00000000ec580000)
  to   space 2048K, 0% used [0x00000000ec600000,0x00000000ec600000,0x00000000ec800000)
 ParOldGen       total 68608K, used 22385K [0x00000000c0000000, 0x00000000c4300000, 0x00000000eab00000)
  object space 68608K, 32% used [0x00000000c0000000,0x00000000c15dc730,0x00000000c4300000)
 Metaspace       used 35263K, committed 35968K, reserved 1114112K
  class space    used 3547K, committed 3840K, reserved 1048576K

Card table byte_map: [0x000002458d940000,0x000002458db50000] _byte_map_base: 0x000002458d340000

Marking Bits: (ParMarkBitMap*) 0x00007ffba240d7d0
 Begin Bits: [0x000002459fc20000, 0x00000245a0c20000)
 End Bits:   [0x00000245a0c20000, 0x00000245a1c20000)

Polling page: 0x000002458be10000

Metaspace:

Usage:
  Non-class:     30.97 MB used.
      Class:      3.46 MB used.
       Both:     34.44 MB used.

Virtual space:
  Non-class space:       64.00 MB reserved,      31.38 MB ( 49%) committed,  1 nodes.
      Class space:        1.00 GB reserved,       3.75 MB ( <1%) committed,  1 nodes.
             Both:        1.06 GB reserved,      35.12 MB (  3%) committed. 

Chunk freelists:
   Non-Class:  400.00 KB
       Class:  12.28 MB
        Both:  12.67 MB

MaxMetaspaceSize: unlimited
CompressedClassSpaceSize: 1.00 GB
Initial GC threshold: 21.00 MB
Current GC threshold: 58.38 MB
CDS: off
MetaspaceReclaimPolicy: balanced
 - commit_granule_bytes: 65536.
 - commit_granule_words: 8192.
 - virtual_space_node_default_size: 8388608.
 - enlarge_chunks_in_place: 1.
 - new_chunks_are_fully_committed: 0.
 - uncommit_free_chunks: 1.
 - use_allocation_guard: 0.
 - handle_deallocations: 1.


Internal statistics:

num_allocs_failed_limit: 6.
num_arena_births: 356.
num_arena_deaths: 14.
num_vsnodes_births: 2.
num_vsnodes_deaths: 0.
num_space_committed: 562.
num_space_uncommitted: 0.
num_chunks_returned_to_freelist: 20.
num_chunks_taken_from_freelist: 1419.
num_chunk_merges: 10.
num_chunk_splits: 911.
num_chunks_enlarged: 612.
num_inconsistent_stats: 0.

CodeHeap 'non-profiled nmethods': size=119168Kb used=1510Kb max_used=1510Kb free=117657Kb
 bounds [0x00000245987c0000, 0x0000024598a30000, 0x000002459fc20000]
CodeHeap 'profiled nmethods': size=119104Kb used=6956Kb max_used=6956Kb free=112147Kb
 bounds [0x0000024590c20000, 0x00000245912f0000, 0x0000024598070000]
CodeHeap 'non-nmethods': size=7488Kb used=1831Kb max_used=2935Kb free=5656Kb
 bounds [0x0000024598070000, 0x0000024598360000, 0x00000245987c0000]
 total_blobs=3958 nmethods=3369 adapters=501
 compilation: enabled
              stopped_count=0, restarted_count=0
 full_count=0

Compilation events (20 events):
Event: 9.442 Thread 0x00000245a9ccc060 nmethod 3361 0x00000245912dc490 code [0x00000245912dc700, 0x00000245912dd178]
Event: 9.442 Thread 0x00000245a9ccc060 3355       3       com.google.gson.internal.LinkedTreeMap$LinkedTreeMapIterator::hasNext (20 bytes)
Event: 9.442 Thread 0x00000245a701c630 nmethod 3354 0x00000245912dd490 code [0x00000245912dd860, 0x00000245912df558]
Event: 9.442 Thread 0x00000245a9ccc060 nmethod 3355 0x00000245912dfb90 code [0x00000245912dfd20, 0x00000245912dfe98]
Event: 9.442 Thread 0x00000245a701c630 3356       3       com.google.gson.internal.bind.JsonTreeReader::expect (55 bytes)
Event: 9.442 Thread 0x00000245a9ccc060 3357       3       com.google.gson.JsonPrimitive::isString (8 bytes)
Event: 9.442 Thread 0x00000245a9ccc060 nmethod 3357 0x00000245912dff90 code [0x00000245912e0120, 0x00000245912e0318]
Event: 9.442 Thread 0x00000245a9ccc060 3360       3       com.google.gson.internal.bind.JsonTreeReader::push (76 bytes)
Event: 9.443 Thread 0x00000245a9ccc060 nmethod 3360 0x00000245912e0390 code [0x00000245912e0580, 0x00000245912e0b48]
Event: 9.443 Thread 0x00000245a9ccc060 3358       1       com.google.gson.internal.LinkedTreeMap$Node::getKey (5 bytes)
Event: 9.443 Thread 0x00000245a9ccc060 nmethod 3358 0x0000024598938b90 code [0x0000024598938d20, 0x0000024598938df8]
Event: 9.443 Thread 0x00000245a9ccc060 3359       1       com.google.gson.internal.LinkedTreeMap$Node::getValue (5 bytes)
Event: 9.443 Thread 0x00000245a9ccc060 nmethod 3359 0x0000024598938e90 code [0x0000024598939020, 0x00000245989390f8]
Event: 9.443 Thread 0x00000245a9ccc060 3362       3       com.google.gson.internal.bind.JsonTreeReader::popStack (29 bytes)
Event: 9.443 Thread 0x00000245a9ccc060 nmethod 3362 0x00000245912e0d90 code [0x00000245912e0f40, 0x00000245912e11b8]
Event: 9.443 Thread 0x00000245a9ccc060 3363       3       com.google.gson.internal.bind.JsonTreeReader::hasNext (32 bytes)
Event: 9.443 Thread 0x00000245a9ccc060 nmethod 3363 0x00000245912e2c10 code [0x00000245912e2dc0, 0x00000245912e2fe8]
Event: 9.444 Thread 0x00000245a701c630 nmethod 3356 0x00000245912e1310 code [0x00000245912e1640, 0x00000245912e25f8]
Event: 9.448 Thread 0x00000245a9ccc060 3364       2       java.lang.String::equalsIgnoreCase (45 bytes)
Event: 9.449 Thread 0x00000245a9ccc060 nmethod 3364 0x00000245912e3090 code [0x00000245912e3240, 0x00000245912e3408]

GC Heap History (20 events):
Event: 3.278 GC heap after
{Heap after GC invocations=3 (full 0):
 PSYoungGen      total 29696K, used 4094K [0x00000000eab00000, 0x00000000ecc00000, 0x0000000100000000)
  eden space 25600K, 0% used [0x00000000eab00000,0x00000000eab00000,0x00000000ec400000)
  from space 4096K, 99% used [0x00000000ec400000,0x00000000ec7ff980,0x00000000ec800000)
  to   space 4096K, 0% used [0x00000000ec800000,0x00000000ec800000,0x00000000ecc00000)
 ParOldGen       total 68608K, used 2419K [0x00000000c0000000, 0x00000000c4300000, 0x00000000eab00000)
  object space 68608K, 3% used [0x00000000c0000000,0x00000000c025cc90,0x00000000c4300000)
 Metaspace       used 19618K, committed 20032K, reserved 1114112K
  class space    used 1999K, committed 2176K, reserved 1048576K
}
Event: 3.973 GC heap before
{Heap before GC invocations=4 (full 0):
 PSYoungGen      total 29696K, used 27506K [0x00000000eab00000, 0x00000000ecc00000, 0x0000000100000000)
  eden space 25600K, 91% used [0x00000000eab00000,0x00000000ec1dd1e0,0x00000000ec400000)
  from space 4096K, 99% used [0x00000000ec400000,0x00000000ec7ff980,0x00000000ec800000)
  to   space 4096K, 0% used [0x00000000ec800000,0x00000000ec800000,0x00000000ecc00000)
 ParOldGen       total 68608K, used 2419K [0x00000000c0000000, 0x00000000c4300000, 0x00000000eab00000)
  object space 68608K, 3% used [0x00000000c0000000,0x00000000c025cc90,0x00000000c4300000)
 Metaspace       used 21074K, committed 21504K, reserved 1114112K
  class space    used 2149K, committed 2368K, reserved 1048576K
}
Event: 3.987 GC heap after
{Heap after GC invocations=4 (full 0):
 PSYoungGen      total 29696K, used 4095K [0x00000000eab00000, 0x00000000ecc00000, 0x0000000100000000)
  eden space 25600K, 0% used [0x00000000eab00000,0x00000000eab00000,0x00000000ec400000)
  from space 4096K, 99% used [0x00000000ec800000,0x00000000ecbffeb0,0x00000000ecc00000)
  to   space 4096K, 0% used [0x00000000ec400000,0x00000000ec400000,0x00000000ec800000)
 ParOldGen       total 68608K, used 12401K [0x00000000c0000000, 0x00000000c4300000, 0x00000000eab00000)
  object space 68608K, 18% used [0x00000000c0000000,0x00000000c0c1c4a0,0x00000000c4300000)
 Metaspace       used 21074K, committed 21504K, reserved 1114112K
  class space    used 2149K, committed 2368K, reserved 1048576K
}
Event: 3.987 GC heap before
{Heap before GC invocations=5 (full 1):
 PSYoungGen      total 29696K, used 4095K [0x00000000eab00000, 0x00000000ecc00000, 0x0000000100000000)
  eden space 25600K, 0% used [0x00000000eab00000,0x00000000eab00000,0x00000000ec400000)
  from space 4096K, 99% used [0x00000000ec800000,0x00000000ecbffeb0,0x00000000ecc00000)
  to   space 4096K, 0% used [0x00000000ec400000,0x00000000ec400000,0x00000000ec800000)
 ParOldGen       total 68608K, used 12401K [0x00000000c0000000, 0x00000000c4300000, 0x00000000eab00000)
  object space 68608K, 18% used [0x00000000c0000000,0x00000000c0c1c4a0,0x00000000c4300000)
 Metaspace       used 21074K, committed 21504K, reserved 1114112K
  class space    used 2149K, committed 2368K, reserved 1048576K
}
Event: 4.038 GC heap after
{Heap after GC invocations=5 (full 1):
 PSYoungGen      total 29696K, used 0K [0x00000000eab00000, 0x00000000ecc00000, 0x0000000100000000)
  eden space 25600K, 0% used [0x00000000eab00000,0x00000000eab00000,0x00000000ec400000)
  from space 4096K, 0% used [0x00000000ec800000,0x00000000ec800000,0x00000000ecc00000)
  to   space 4096K, 0% used [0x00000000ec400000,0x00000000ec400000,0x00000000ec800000)
 ParOldGen       total 68608K, used 16282K [0x00000000c0000000, 0x00000000c4300000, 0x00000000eab00000)
  object space 68608K, 23% used [0x00000000c0000000,0x00000000c0fe6938,0x00000000c4300000)
 Metaspace       used 21060K, committed 21504K, reserved 1114112K
  class space    used 2145K, committed 2368K, reserved 1048576K
}
Event: 4.725 GC heap before
{Heap before GC invocations=6 (full 1):
 PSYoungGen      total 29696K, used 25600K [0x00000000eab00000, 0x00000000ecc00000, 0x0000000100000000)
  eden space 25600K, 100% used [0x00000000eab00000,0x00000000ec400000,0x00000000ec400000)
  from space 4096K, 0% used [0x00000000ec800000,0x00000000ec800000,0x00000000ecc00000)
  to   space 4096K, 0% used [0x00000000ec400000,0x00000000ec400000,0x00000000ec800000)
 ParOldGen       total 68608K, used 16282K [0x00000000c0000000, 0x00000000c4300000, 0x00000000eab00000)
  object space 68608K, 23% used [0x00000000c0000000,0x00000000c0fe6938,0x00000000c4300000)
 Metaspace       used 24096K, committed 24576K, reserved 1114112K
  class space    used 2354K, committed 2560K, reserved 1048576K
}
Event: 4.726 GC heap after
{Heap after GC invocations=6 (full 1):
 PSYoungGen      total 29184K, used 834K [0x00000000eab00000, 0x00000000ecf80000, 0x0000000100000000)
  eden space 25088K, 0% used [0x00000000eab00000,0x00000000eab00000,0x00000000ec380000)
  from space 4096K, 20% used [0x00000000ec400000,0x00000000ec4d0ae0,0x00000000ec800000)
  to   space 6144K, 0% used [0x00000000ec980000,0x00000000ec980000,0x00000000ecf80000)
 ParOldGen       total 68608K, used 16290K [0x00000000c0000000, 0x00000000c4300000, 0x00000000eab00000)
  object space 68608K, 23% used [0x00000000c0000000,0x00000000c0fe8938,0x00000000c4300000)
 Metaspace       used 24096K, committed 24576K, reserved 1114112K
  class space    used 2354K, committed 2560K, reserved 1048576K
}
Event: 5.173 GC heap before
{Heap before GC invocations=7 (full 1):
 PSYoungGen      total 29184K, used 25922K [0x00000000eab00000, 0x00000000ecf80000, 0x0000000100000000)
  eden space 25088K, 100% used [0x00000000eab00000,0x00000000ec380000,0x00000000ec380000)
  from space 4096K, 20% used [0x00000000ec400000,0x00000000ec4d0ae0,0x00000000ec800000)
  to   space 6144K, 0% used [0x00000000ec980000,0x00000000ec980000,0x00000000ecf80000)
 ParOldGen       total 68608K, used 16290K [0x00000000c0000000, 0x00000000c4300000, 0x00000000eab00000)
  object space 68608K, 23% used [0x00000000c0000000,0x00000000c0fe8938,0x00000000c4300000)
 Metaspace       used 26739K, committed 27264K, reserved 1114112K
  class space    used 2571K, committed 2816K, reserved 1048576K
}
Event: 5.177 GC heap after
{Heap after GC invocations=7 (full 1):
 PSYoungGen      total 27648K, used 2565K [0x00000000eab00000, 0x00000000ecc80000, 0x0000000100000000)
  eden space 24576K, 0% used [0x00000000eab00000,0x00000000eab00000,0x00000000ec300000)
  from space 3072K, 83% used [0x00000000ec980000,0x00000000ecc01468,0x00000000ecc80000)
  to   space 3072K, 0% used [0x00000000ec680000,0x00000000ec680000,0x00000000ec980000)
 ParOldGen       total 68608K, used 16298K [0x00000000c0000000, 0x00000000c4300000, 0x00000000eab00000)
  object space 68608K, 23% used [0x00000000c0000000,0x00000000c0fea938,0x00000000c4300000)
 Metaspace       used 26739K, committed 27264K, reserved 1114112K
  class space    used 2571K, committed 2816K, reserved 1048576K
}
Event: 6.712 GC heap before
{Heap before GC invocations=8 (full 1):
 PSYoungGen      total 27648K, used 27141K [0x00000000eab00000, 0x00000000ecc80000, 0x0000000100000000)
  eden space 24576K, 100% used [0x00000000eab00000,0x00000000ec300000,0x00000000ec300000)
  from space 3072K, 83% used [0x00000000ec980000,0x00000000ecc01468,0x00000000ecc80000)
  to   space 3072K, 0% used [0x00000000ec680000,0x00000000ec680000,0x00000000ec980000)
 ParOldGen       total 68608K, used 16298K [0x00000000c0000000, 0x00000000c4300000, 0x00000000eab00000)
  object space 68608K, 23% used [0x00000000c0000000,0x00000000c0fea938,0x00000000c4300000)
 Metaspace       used 30197K, committed 30720K, reserved 1114112K
  class space    used 2927K, committed 3136K, reserved 1048576K
}
Event: 6.718 GC heap after
{Heap after GC invocations=8 (full 1):
 PSYoungGen      total 27136K, used 3051K [0x00000000eab00000, 0x00000000ecb80000, 0x0000000100000000)
  eden space 24064K, 0% used [0x00000000eab00000,0x00000000eab00000,0x00000000ec280000)
  from space 3072K, 99% used [0x00000000ec680000,0x00000000ec97ad20,0x00000000ec980000)
  to   space 2048K, 0% used [0x00000000ec980000,0x00000000ec980000,0x00000000ecb80000)
 ParOldGen       total 68608K, used 17159K [0x00000000c0000000, 0x00000000c4300000, 0x00000000eab00000)
  object space 68608K, 25% used [0x00000000c0000000,0x00000000c10c1e48,0x00000000c4300000)
 Metaspace       used 30197K, committed 30720K, reserved 1114112K
  class space    used 2927K, committed 3136K, reserved 1048576K
}
Event: 6.819 GC heap before
{Heap before GC invocations=9 (full 1):
 PSYoungGen      total 27136K, used 27115K [0x00000000eab00000, 0x00000000ecb80000, 0x0000000100000000)
  eden space 24064K, 100% used [0x00000000eab00000,0x00000000ec280000,0x00000000ec280000)
  from space 3072K, 99% used [0x00000000ec680000,0x00000000ec97ad20,0x00000000ec980000)
  to   space 2048K, 0% used [0x00000000ec980000,0x00000000ec980000,0x00000000ecb80000)
 ParOldGen       total 68608K, used 17159K [0x00000000c0000000, 0x00000000c4300000, 0x00000000eab00000)
  object space 68608K, 25% used [0x00000000c0000000,0x00000000c10c1e48,0x00000000c4300000)
 Metaspace       used 30317K, committed 30912K, reserved 1114112K
  class space    used 2949K, committed 3200K, reserved 1048576K
}
Event: 6.824 GC heap after
{Heap after GC invocations=9 (full 1):
 PSYoungGen      total 25600K, used 2033K [0x00000000eab00000, 0x00000000ecb80000, 0x0000000100000000)
  eden space 23552K, 0% used [0x00000000eab00000,0x00000000eab00000,0x00000000ec200000)
  from space 2048K, 99% used [0x00000000ec980000,0x00000000ecb7c608,0x00000000ecb80000)
  to   space 3584K, 0% used [0x00000000ec480000,0x00000000ec480000,0x00000000ec800000)
 ParOldGen       total 68608K, used 18331K [0x00000000c0000000, 0x00000000c4300000, 0x00000000eab00000)
  object space 68608K, 26% used [0x00000000c0000000,0x00000000c11e6ed0,0x00000000c4300000)
 Metaspace       used 30317K, committed 30912K, reserved 1114112K
  class space    used 2949K, committed 3200K, reserved 1048576K
}
Event: 7.069 GC heap before
{Heap before GC invocations=10 (full 1):
 PSYoungGen      total 25600K, used 25112K [0x00000000eab00000, 0x00000000ecb80000, 0x0000000100000000)
  eden space 23552K, 97% used [0x00000000eab00000,0x00000000ec189ca0,0x00000000ec200000)
  from space 2048K, 99% used [0x00000000ec980000,0x00000000ecb7c608,0x00000000ecb80000)
  to   space 3584K, 0% used [0x00000000ec480000,0x00000000ec480000,0x00000000ec800000)
 ParOldGen       total 68608K, used 18331K [0x00000000c0000000, 0x00000000c4300000, 0x00000000eab00000)
  object space 68608K, 26% used [0x00000000c0000000,0x00000000c11e6ed0,0x00000000c4300000)
 Metaspace       used 31121K, committed 31744K, reserved 1114112K
  class space    used 3028K, committed 3328K, reserved 1048576K
}
Event: 7.076 GC heap after
{Heap after GC invocations=10 (full 1):
 PSYoungGen      total 26112K, used 2899K [0x00000000eab00000, 0x00000000eca00000, 0x0000000100000000)
  eden space 23040K, 0% used [0x00000000eab00000,0x00000000eab00000,0x00000000ec180000)
  from space 3072K, 94% used [0x00000000ec480000,0x00000000ec754dc8,0x00000000ec780000)
  to   space 2560K, 0% used [0x00000000ec780000,0x00000000ec780000,0x00000000eca00000)
 ParOldGen       total 68608K, used 19080K [0x00000000c0000000, 0x00000000c4300000, 0x00000000eab00000)
  object space 68608K, 27% used [0x00000000c0000000,0x00000000c12a2230,0x00000000c4300000)
 Metaspace       used 31121K, committed 31744K, reserved 1114112K
  class space    used 3028K, committed 3328K, reserved 1048576K
}
Event: 9.366 GC heap before
{Heap before GC invocations=11 (full 1):
 PSYoungGen      total 26112K, used 25939K [0x00000000eab00000, 0x00000000eca00000, 0x0000000100000000)
  eden space 23040K, 100% used [0x00000000eab00000,0x00000000ec180000,0x00000000ec180000)
  from space 3072K, 94% used [0x00000000ec480000,0x00000000ec754dc8,0x00000000ec780000)
  to   space 2560K, 0% used [0x00000000ec780000,0x00000000ec780000,0x00000000eca00000)
 ParOldGen       total 68608K, used 19080K [0x00000000c0000000, 0x00000000c4300000, 0x00000000eab00000)
  object space 68608K, 27% used [0x00000000c0000000,0x00000000c12a2230,0x00000000c4300000)
 Metaspace       used 34739K, committed 35456K, reserved 1114112K
  class space    used 3479K, committed 3776K, reserved 1048576K
}
Event: 9.371 GC heap after
{Heap after GC invocations=11 (full 1):
 PSYoungGen      total 25088K, used 2551K [0x00000000eab00000, 0x00000000eca00000, 0x0000000100000000)
  eden space 22528K, 0% used [0x00000000eab00000,0x00000000eab00000,0x00000000ec100000)
  from space 2560K, 99% used [0x00000000ec780000,0x00000000ec9fdde8,0x00000000eca00000)
  to   space 4608K, 0% used [0x00000000ec100000,0x00000000ec100000,0x00000000ec580000)
 ParOldGen       total 68608K, used 20554K [0x00000000c0000000, 0x00000000c4300000, 0x00000000eab00000)
  object space 68608K, 29% used [0x00000000c0000000,0x00000000c14128c8,0x00000000c4300000)
 Metaspace       used 34739K, committed 35456K, reserved 1114112K
  class space    used 3479K, committed 3776K, reserved 1048576K
}
Event: 9.453 GC heap before
{Heap before GC invocations=12 (full 1):
 PSYoungGen      total 25088K, used 5134K [0x00000000eab00000, 0x00000000eca00000, 0x0000000100000000)
  eden space 22528K, 11% used [0x00000000eab00000,0x00000000ead85d88,0x00000000ec100000)
  from space 2560K, 99% used [0x00000000ec780000,0x00000000ec9fdde8,0x00000000eca00000)
  to   space 4608K, 0% used [0x00000000ec100000,0x00000000ec100000,0x00000000ec580000)
 ParOldGen       total 68608K, used 20554K [0x00000000c0000000, 0x00000000c4300000, 0x00000000eab00000)
  object space 68608K, 29% used [0x00000000c0000000,0x00000000c14128c8,0x00000000c4300000)
 Metaspace       used 35133K, committed 35840K, reserved 1114112K
  class space    used 3527K, committed 3840K, reserved 1048576K
}
Event: 9.459 GC heap after
{Heap after GC invocations=12 (full 1):
 PSYoungGen      total 27136K, used 715K [0x00000000eab00000, 0x00000000ec800000, 0x0000000100000000)
  eden space 22528K, 0% used [0x00000000eab00000,0x00000000eab00000,0x00000000ec100000)
  from space 4608K, 15% used [0x00000000ec100000,0x00000000ec1b2fc0,0x00000000ec580000)
  to   space 2048K, 0% used [0x00000000ec600000,0x00000000ec600000,0x00000000ec800000)
 ParOldGen       total 68608K, used 23059K [0x00000000c0000000, 0x00000000c4300000, 0x00000000eab00000)
  object space 68608K, 33% used [0x00000000c0000000,0x00000000c1684eb0,0x00000000c4300000)
 Metaspace       used 35133K, committed 35840K, reserved 1114112K
  class space    used 3527K, committed 3840K, reserved 1048576K
}
Event: 9.459 GC heap before
{Heap before GC invocations=13 (full 2):
 PSYoungGen      total 27136K, used 715K [0x00000000eab00000, 0x00000000ec800000, 0x0000000100000000)
  eden space 22528K, 0% used [0x00000000eab00000,0x00000000eab00000,0x00000000ec100000)
  from space 4608K, 15% used [0x00000000ec100000,0x00000000ec1b2fc0,0x00000000ec580000)
  to   space 2048K, 0% used [0x00000000ec600000,0x00000000ec600000,0x00000000ec800000)
 ParOldGen       total 68608K, used 23059K [0x00000000c0000000, 0x00000000c4300000, 0x00000000eab00000)
  object space 68608K, 33% used [0x00000000c0000000,0x00000000c1684eb0,0x00000000c4300000)
 Metaspace       used 35133K, committed 35840K, reserved 1114112K
  class space    used 3527K, committed 3840K, reserved 1048576K
}

Dll operation events (10 events):
Event: 0.017 Loaded shared library c:\Users\syeda\.vscode\extensions\redhat.java-1.28.1-win32-x64\jre\17.0.10-win32-x86_64\bin\java.dll
Event: 0.228 Loaded shared library c:\Users\syeda\.vscode\extensions\redhat.java-1.28.1-win32-x64\jre\17.0.10-win32-x86_64\bin\zip.dll
Event: 0.232 Loaded shared library C:\Users\syeda\.vscode\extensions\redhat.java-1.28.1-win32-x64\jre\17.0.10-win32-x86_64\bin\instrument.dll
Event: 0.252 Loaded shared library C:\Users\syeda\.vscode\extensions\redhat.java-1.28.1-win32-x64\jre\17.0.10-win32-x86_64\bin\net.dll
Event: 0.256 Loaded shared library C:\Users\syeda\.vscode\extensions\redhat.java-1.28.1-win32-x64\jre\17.0.10-win32-x86_64\bin\nio.dll
Event: 0.265 Loaded shared library C:\Users\syeda\.vscode\extensions\redhat.java-1.28.1-win32-x64\jre\17.0.10-win32-x86_64\bin\zip.dll
Event: 0.292 Loaded shared library C:\Users\syeda\.vscode\extensions\redhat.java-1.28.1-win32-x64\jre\17.0.10-win32-x86_64\bin\jimage.dll
Event: 0.399 Loaded shared library c:\Users\syeda\.vscode\extensions\redhat.java-1.28.1-win32-x64\jre\17.0.10-win32-x86_64\bin\verify.dll
Event: 1.954 Loaded shared library C:\Users\syeda\AppData\Roaming\Code\User\globalStorage\redhat.java\1.28.1\config_ss_win\org.eclipse.equinox.launcher\org.eclipse.equinox.launcher.win32.win32.x86_64_1.2.900.v20240129-1338\eclipse_11900.dll
Event: 7.803 Loaded shared library C:\Users\syeda\AppData\Local\Temp\jna-109909884\jna9812675309222446920.dll

Deoptimization events (20 events):
Event: 9.212 Thread 0x000002458df90530 Uncommon trap: trap_request=0xffffff45 fr.pc=0x000002459888d934 relative=0x0000000000000114
Event: 9.212 Thread 0x000002458df90530 Uncommon trap: reason=unstable_if action=reinterpret pc=0x000002459888d934 method=jdk.internal.org.objectweb.asm.SymbolTable.put(Ljdk/internal/org/objectweb/asm/SymbolTable$Entry;)Ljdk/internal/org/objectweb/asm/SymbolTable$Entry; @ 13 c2
Event: 9.212 Thread 0x000002458df90530 DEOPT PACKING pc=0x000002459888d934 sp=0x00000050c0bfd6c0
Event: 9.212 Thread 0x000002458df90530 DEOPT UNPACKING pc=0x00000245980c66a3 sp=0x00000050c0bfd620 mode 2
Event: 9.258 Thread 0x000002458df90530 Uncommon trap: trap_request=0xffffff45 fr.pc=0x00000245987ee7c8 relative=0x0000000000000048
Event: 9.258 Thread 0x000002458df90530 Uncommon trap: reason=unstable_if action=reinterpret pc=0x00000245987ee7c8 method=java.lang.CharacterData.of(I)Ljava/lang/CharacterData; @ 4 c2
Event: 9.258 Thread 0x000002458df90530 DEOPT PACKING pc=0x00000245987ee7c8 sp=0x00000050c0bfd380
Event: 9.258 Thread 0x000002458df90530 DEOPT UNPACKING pc=0x00000245980c66a3 sp=0x00000050c0bfd318 mode 2
Event: 9.266 Thread 0x000002458df90530 Uncommon trap: trap_request=0xffffff45 fr.pc=0x00000245987da174 relative=0x0000000000000354
Event: 9.266 Thread 0x000002458df90530 Uncommon trap: reason=unstable_if action=reinterpret pc=0x00000245987da174 method=java.lang.StringLatin1.canEncode(I)Z @ 4 c2
Event: 9.266 Thread 0x000002458df90530 DEOPT PACKING pc=0x00000245987da174 sp=0x00000050c0bfdbf0
Event: 9.266 Thread 0x000002458df90530 DEOPT UNPACKING pc=0x00000245980c66a3 sp=0x00000050c0bfdb18 mode 2
Event: 9.267 Thread 0x000002458df90530 Uncommon trap: trap_request=0xffffff45 fr.pc=0x00000245987dad54 relative=0x0000000000000334
Event: 9.267 Thread 0x000002458df90530 Uncommon trap: reason=unstable_if action=reinterpret pc=0x00000245987dad54 method=java.lang.AbstractStringBuilder.isLatin1()Z @ 10 c2
Event: 9.267 Thread 0x000002458df90530 DEOPT PACKING pc=0x00000245987dad54 sp=0x00000050c0bfdc00
Event: 9.267 Thread 0x000002458df90530 DEOPT UNPACKING pc=0x00000245980c66a3 sp=0x00000050c0bfdb80 mode 2
Event: 9.444 Thread 0x00000245a9c55070 Uncommon trap: trap_request=0xffffff45 fr.pc=0x000002459889294c relative=0x00000000000001ac
Event: 9.444 Thread 0x00000245a9c55070 Uncommon trap: reason=unstable_if action=reinterpret pc=0x000002459889294c method=java.net.URI$Parser.scan(IIJJ)I @ 42 c2
Event: 9.444 Thread 0x00000245a9c55070 DEOPT PACKING pc=0x000002459889294c sp=0x00000050c31fdc40
Event: 9.444 Thread 0x00000245a9c55070 DEOPT UNPACKING pc=0x00000245980c66a3 sp=0x00000050c31fdbc0 mode 2

Classes unloaded (7 events):
Event: 3.995 Thread 0x00000245a6fe7610 Unloading class 0x000000010021a800 'java/lang/invoke/LambdaForm$MH+0x000000010021a800'
Event: 3.995 Thread 0x00000245a6fe7610 Unloading class 0x000000010021a400 'java/lang/invoke/LambdaForm$MH+0x000000010021a400'
Event: 3.995 Thread 0x00000245a6fe7610 Unloading class 0x000000010021a000 'java/lang/invoke/LambdaForm$MH+0x000000010021a000'
Event: 3.995 Thread 0x00000245a6fe7610 Unloading class 0x0000000100219c00 'java/lang/invoke/LambdaForm$MH+0x0000000100219c00'
Event: 3.995 Thread 0x00000245a6fe7610 Unloading class 0x0000000100219800 'java/lang/invoke/LambdaForm$BMH+0x0000000100219800'
Event: 3.995 Thread 0x00000245a6fe7610 Unloading class 0x0000000100219400 'java/lang/invoke/LambdaForm$DMH+0x0000000100219400'
Event: 3.995 Thread 0x00000245a6fe7610 Unloading class 0x0000000100210800 'java/lang/invoke/LambdaForm$DMH+0x0000000100210800'

Classes redefined (0 events):
No events

Internal exceptions (20 events):
Event: 5.305 Thread 0x00000245a9a324e0 Implicit null exception at 0x00000245988934f8 to 0x000002459889416c
Event: 5.307 Thread 0x00000245a9a324e0 Exception <a 'java/lang/ClassNotFoundException'{0x00000000eae73978}: com/sun/org/apache/xerces/internal/impl/msg/spi/XMLSerializerMessagesProvider> (0x00000000eae73978) 
thrown [s\src\hotspot\share\classfile\systemDictionary.cpp, line 256]
Event: 5.311 Thread 0x00000245a9a324e0 Exception <a 'java/lang/ClassNotFoundException'{0x00000000eae80bf8}: com/sun/org/apache/xerces/internal/impl/msg/spi/XMLMessagesProvider> (0x00000000eae80bf8) 
thrown [s\src\hotspot\share\classfile\systemDictionary.cpp, line 256]
Event: 5.416 Thread 0x00000245a9a324e0 Exception <a 'java/lang/NoSuchMethodError'{0x00000000eb0b1230}: 'java.lang.Object java.lang.invoke.DirectMethodHandle$Holder.newInvokeSpecial(java.lang.Object, int, java.lang.Object, java.lang.Object)'> (0x00000000eb0b1230) 
thrown [s\src\hotspot\share\interpreter\linkResolver.cpp, line 759]
Event: 5.935 Thread 0x00000245a9a324e0 Exception <a 'java/lang/NoSuchMethodError'{0x00000000eb1c9008}: 'java.lang.Object java.lang.invoke.DirectMethodHandle$Holder.invokeStaticInit(java.lang.Object, int, int, int, int)'> (0x00000000eb1c9008) 
thrown [s\src\hotspot\share\interpreter\linkResolver.cpp, line 759]
Event: 6.261 Thread 0x00000245a9a324e0 Exception <a 'java/lang/NoSuchMethodError'{0x00000000eb2b7da0}: 'java.lang.Object java.lang.invoke.DirectMethodHandle$Holder.invokeStaticInit(java.lang.Object, java.lang.Object, int, int, int, int)'> (0x00000000eb2b7da0) 
thrown [s\src\hotspot\share\interpreter\linkResolver.cpp, line 759]
Event: 6.396 Thread 0x00000245a9a324e0 Exception <a 'sun/nio/fs/WindowsException'{0x00000000eb560a30}> (0x00000000eb560a30) 
thrown [s\src\hotspot\share\prims\jni.cpp, line 516]
Event: 6.687 Thread 0x00000245a9a324e0 Exception <a 'java/lang/ClassNotFoundException'{0x00000000ebc3bdf0}: com/sun/org/apache/xml/internal/serializer/spi/XMLEntitiesProvider> (0x00000000ebc3bdf0) 
thrown [s\src\hotspot\share\classfile\systemDictionary.cpp, line 256]
Event: 7.038 Thread 0x00000245a9a324e0 Exception <a 'java/io/FileNotFoundException'{0x00000000ebfd92b0}> (0x00000000ebfd92b0) 
thrown [s\src\hotspot\share\prims\jni.cpp, line 516]
Event: 7.928 Thread 0x00000245a9a324e0 Exception <a 'java/lang/UnsatisfiedLinkError'{0x00000000eaf55c90}: The specified procedure could not be found.
> (0x00000000eaf55c90) 
thrown [s\src\hotspot\share\prims\jni.cpp, line 535]
Event: 7.952 Thread 0x00000245a9a324e0 Exception <a 'java/io/FileNotFoundException'{0x00000000eaf7aa08}> (0x00000000eaf7aa08) 
thrown [s\src\hotspot\share\prims\jni.cpp, line 516]
Event: 7.989 Thread 0x00000245a9a324e0 Exception <a 'java/io/FileNotFoundException'{0x00000000eaff4510}> (0x00000000eaff4510) 
thrown [s\src\hotspot\share\prims\jni.cpp, line 516]
Event: 8.037 Thread 0x00000245a9a324e0 Exception <a 'java/lang/UnsatisfiedLinkError'{0x00000000eb083160}: The specified procedure could not be found.
> (0x00000000eb083160) 
thrown [s\src\hotspot\share\prims\jni.cpp, line 535]
Event: 8.219 Thread 0x000002458df90530 Exception <a 'java/lang/NoSuchMethodError'{0x00000000eb27d318}: 'java.lang.Object java.lang.invoke.DirectMethodHandle$Holder.invokeStatic(java.lang.Object, java.lang.Object, long, java.lang.Object)'> (0x00000000eb27d318) 
thrown [s\src\hotspot\share\interpreter\linkResolver.cpp, line 759]
Event: 8.221 Thread 0x000002458df90530 Exception <a 'java/lang/NoSuchMethodError'{0x00000000eb280db0}: 'java.lang.Object java.lang.invoke.DirectMethodHandle$Holder.invokeStaticInit(java.lang.Object, java.lang.Object, long, java.lang.Object)'> (0x00000000eb280db0) 
thrown [s\src\hotspot\share\interpreter\linkResolver.cpp, line 759]
Event: 8.224 Thread 0x000002458df90530 Exception <a 'java/lang/NoSuchMethodError'{0x00000000eb2878d0}: 'java.lang.Object java.lang.invoke.DirectMethodHandle$Holder.newInvokeSpecial(java.lang.Object, java.lang.Object, long)'> (0x00000000eb2878d0) 
thrown [s\src\hotspot\share\interpreter\linkResolver.cpp, line 759]
Event: 8.423 Thread 0x000002458df90530 Exception <a 'java/lang/NoSuchMethodError'{0x00000000eb44f438}: 'void java.lang.invoke.DirectMethodHandle$Holder.invokeStatic(java.lang.Object, java.lang.Object, java.lang.Object, java.lang.Object)'> (0x00000000eb44f438) 
thrown [s\src\hotspot\share\interpreter\linkResolver.cpp, line 759]
Event: 9.168 Thread 0x000002458df90530 Exception <a 'java/lang/NoSuchMethodError'{0x00000000ebcdfff8}: 'void java.lang.invoke.DirectMethodHandle$Holder.invokeSpecial(java.lang.Object, java.lang.Object, java.lang.Object, java.lang.Object, java.lang.Object, java.lang.Object)'> (0x00000000ebcdfff8) 
thrown [s\src\hotspot\share\interpreter\linkResolver.cpp, line 759]
Event: 9.175 Thread 0x000002458df90530 Exception <a 'java/lang/IncompatibleClassChangeError'{0x00000000ebce9d48}: Found class java.lang.Object, but interface was expected> (0x00000000ebce9d48) 
thrown [s\src\hotspot\share\interpreter\linkResolver.cpp, line 826]
Event: 9.447 Thread 0x00000245a9c55070 Exception <a 'java/io/FileNotFoundException'{0x00000000eacb31c8}> (0x00000000eacb31c8) 
thrown [s\src\hotspot\share\prims\jni.cpp, line 516]

VM Operations (20 events):
Event: 6.719 Executing VM operation: ParallelGCFailedAllocation done
Event: 6.805 Executing VM operation: HandshakeAllThreads
Event: 6.805 Executing VM operation: HandshakeAllThreads done
Event: 6.819 Executing VM operation: ParallelGCFailedAllocation
Event: 6.824 Executing VM operation: ParallelGCFailedAllocation done
Event: 7.069 Executing VM operation: ParallelGCFailedAllocation
Event: 7.076 Executing VM operation: ParallelGCFailedAllocation done
Event: 7.872 Executing VM operation: HandshakeAllThreads
Event: 7.872 Executing VM operation: HandshakeAllThreads done
Event: 8.881 Executing VM operation: Cleanup
Event: 8.881 Executing VM operation: Cleanup done
Event: 9.261 Executing VM operation: HandshakeAllThreads
Event: 9.261 Executing VM operation: HandshakeAllThreads done
Event: 9.261 Executing VM operation: HandshakeAllThreads
Event: 9.261 Executing VM operation: HandshakeAllThreads done
Event: 9.366 Executing VM operation: ParallelGCFailedAllocation
Event: 9.372 Executing VM operation: ParallelGCFailedAllocation done
Event: 9.438 Executing VM operation: HandshakeAllThreads
Event: 9.438 Executing VM operation: HandshakeAllThreads done
Event: 9.453 Executing VM operation: CollectForMetadataAllocation

Events (20 events):
Event: 9.257 loading class java/lang/StringUTF16$CharsSpliterator
Event: 9.258 loading class java/lang/StringUTF16$CharsSpliterator done
Event: 9.258 loading class java/lang/CharacterData00
Event: 9.259 loading class java/lang/CharacterData00 done
Event: 9.263 loading class java/text/DecimalFormat
Event: 9.264 loading class java/text/DecimalFormat done
Event: 9.264 loading class java/text/DigitList
Event: 9.265 loading class java/text/DigitList done
Event: 9.265 loading class java/math/RoundingMode
Event: 9.265 loading class java/math/RoundingMode done
Event: 9.273 Thread 0x00000245a9c578f0 Thread added: 0x00000245a9c578f0
Event: 9.274 Thread 0x00000245a9c55070 Thread added: 0x00000245a9c55070
Event: 9.335 loading class sun/reflect/generics/repository/FieldRepository
Event: 9.335 loading class sun/reflect/generics/repository/FieldRepository done
Event: 9.340 loading class jdk/internal/reflect/UnsafeQualifiedIntegerFieldAccessorImpl
Event: 9.340 loading class jdk/internal/reflect/UnsafeQualifiedIntegerFieldAccessorImpl done
Event: 9.421 loading class java/io/InvalidObjectException
Event: 9.421 loading class java/io/ObjectStreamException
Event: 9.421 loading class java/io/ObjectStreamException done
Event: 9.421 loading class java/io/InvalidObjectException done


Dynamic libraries:
0x00007ff643bb0000 - 0x00007ff643bbe000 	c:\Users\syeda\.vscode\extensions\redhat.java-1.28.1-win32-x64\jre\17.0.10-win32-x86_64\bin\java.exe
0x00007ffbe5750000 - 0x00007ffbe5967000 	C:\WINDOWS\SYSTEM32\ntdll.dll
0x00007ffbe3c80000 - 0x00007ffbe3d44000 	C:\WINDOWS\System32\KERNEL32.DLL
0x00007ffbe2ca0000 - 0x00007ffbe3046000 	C:\WINDOWS\System32\KERNELBASE.dll
0x00007ffbe3380000 - 0x00007ffbe3491000 	C:\WINDOWS\System32\ucrtbase.dll
0x00007ffbdd780000 - 0x00007ffbdd797000 	c:\Users\syeda\.vscode\extensions\redhat.java-1.28.1-win32-x64\jre\17.0.10-win32-x86_64\bin\jli.dll
0x00007ffbe3d50000 - 0x00007ffbe3efe000 	C:\WINDOWS\System32\USER32.dll
0x00007ffbe3050000 - 0x00007ffbe3076000 	C:\WINDOWS\System32\win32u.dll
0x00007ffbd0520000 - 0x00007ffbd07b3000 	C:\WINDOWS\WinSxS\amd64_microsoft.windows.common-controls_6595b64144ccf1df_6.0.22621.2506_none_270c5ae97388e100\COMCTL32.dll
0x00007ffbde150000 - 0x00007ffbde16b000 	c:\Users\syeda\.vscode\extensions\redhat.java-1.28.1-win32-x64\jre\17.0.10-win32-x86_64\bin\VCRUNTIME140.dll
0x00007ffbe3920000 - 0x00007ffbe3949000 	C:\WINDOWS\System32\GDI32.dll
0x00007ffbe4900000 - 0x00007ffbe49a7000 	C:\WINDOWS\System32\msvcrt.dll
0x00007ffbe3140000 - 0x00007ffbe3258000 	C:\WINDOWS\System32\gdi32full.dll
0x00007ffbe2a90000 - 0x00007ffbe2b2a000 	C:\WINDOWS\System32\msvcp_win.dll
0x00007ffbe3f00000 - 0x00007ffbe3f31000 	C:\WINDOWS\System32\IMM32.DLL
0x00007ffbde270000 - 0x00007ffbde27c000 	c:\Users\syeda\.vscode\extensions\redhat.java-1.28.1-win32-x64\jre\17.0.10-win32-x86_64\bin\vcruntime140_1.dll
0x00007ffbd6670000 - 0x00007ffbd66fd000 	c:\Users\syeda\.vscode\extensions\redhat.java-1.28.1-win32-x64\jre\17.0.10-win32-x86_64\bin\msvcp140.dll
0x00007ffba1870000 - 0x00007ffba24d2000 	c:\Users\syeda\.vscode\extensions\redhat.java-1.28.1-win32-x64\jre\17.0.10-win32-x86_64\bin\server\jvm.dll
0x00007ffbe4af0000 - 0x00007ffbe4ba3000 	C:\WINDOWS\System32\ADVAPI32.dll
0x00007ffbe3b20000 - 0x00007ffbe3bc8000 	C:\WINDOWS\System32\sechost.dll
0x00007ffbe32d0000 - 0x00007ffbe32f8000 	C:\WINDOWS\System32\bcrypt.dll
0x00007ffbe45b0000 - 0x00007ffbe46c7000 	C:\WINDOWS\System32\RPCRT4.dll
0x00007ffbdbd50000 - 0x00007ffbdbd5a000 	C:\WINDOWS\SYSTEM32\VERSION.dll
0x00007ffbdbba0000 - 0x00007ffbdbbd4000 	C:\WINDOWS\SYSTEM32\WINMM.dll
0x00007ffbe18f0000 - 0x00007ffbe193d000 	C:\WINDOWS\SYSTEM32\POWRPROF.dll
0x00007ffbc4980000 - 0x00007ffbc4989000 	C:\WINDOWS\SYSTEM32\WSOCK32.dll
0x00007ffbe4100000 - 0x00007ffbe4171000 	C:\WINDOWS\System32\WS2_32.dll
0x00007ffbe18d0000 - 0x00007ffbe18e3000 	C:\WINDOWS\SYSTEM32\UMPDC.dll
0x00007ffbe1b90000 - 0x00007ffbe1ba8000 	C:\WINDOWS\SYSTEM32\kernel.appcore.dll
0x00007ffbde100000 - 0x00007ffbde10a000 	c:\Users\syeda\.vscode\extensions\redhat.java-1.28.1-win32-x64\jre\17.0.10-win32-x86_64\bin\jimage.dll
0x00007ffbd9e90000 - 0x00007ffbda0c3000 	C:\WINDOWS\SYSTEM32\DBGHELP.DLL
0x00007ffbe41c0000 - 0x00007ffbe4549000 	C:\WINDOWS\System32\combase.dll
0x00007ffbe39e0000 - 0x00007ffbe3ab7000 	C:\WINDOWS\System32\OLEAUT32.dll
0x00007ffbd9e10000 - 0x00007ffbd9e42000 	C:\WINDOWS\SYSTEM32\dbgcore.DLL
0x00007ffbe3300000 - 0x00007ffbe337a000 	C:\WINDOWS\System32\bcryptPrimitives.dll
0x00007ffbdd770000 - 0x00007ffbdd77e000 	c:\Users\syeda\.vscode\extensions\redhat.java-1.28.1-win32-x64\jre\17.0.10-win32-x86_64\bin\instrument.dll
0x00007ffbdbe00000 - 0x00007ffbdbe25000 	c:\Users\syeda\.vscode\extensions\redhat.java-1.28.1-win32-x64\jre\17.0.10-win32-x86_64\bin\java.dll
0x00007ffbd8b60000 - 0x00007ffbd8b78000 	c:\Users\syeda\.vscode\extensions\redhat.java-1.28.1-win32-x64\jre\17.0.10-win32-x86_64\bin\zip.dll
0x00007ffbe4bb0000 - 0x00007ffbe540b000 	C:\WINDOWS\System32\SHELL32.dll
0x00007ffbe0980000 - 0x00007ffbe1276000 	C:\WINDOWS\SYSTEM32\windows.storage.dll
0x00007ffbe0840000 - 0x00007ffbe097e000 	C:\WINDOWS\SYSTEM32\wintypes.dll
0x00007ffbe49e0000 - 0x00007ffbe4ad3000 	C:\WINDOWS\System32\SHCORE.dll
0x00007ffbe3ac0000 - 0x00007ffbe3b1e000 	C:\WINDOWS\System32\shlwapi.dll
0x00007ffbe29c0000 - 0x00007ffbe29e6000 	C:\WINDOWS\SYSTEM32\profapi.dll
0x00007ffbd8b40000 - 0x00007ffbd8b59000 	C:\Users\syeda\.vscode\extensions\redhat.java-1.28.1-win32-x64\jre\17.0.10-win32-x86_64\bin\net.dll
0x00007ffbdcd10000 - 0x00007ffbdce47000 	C:\WINDOWS\SYSTEM32\WINHTTP.dll
0x00007ffbe2040000 - 0x00007ffbe20a9000 	C:\WINDOWS\system32\mswsock.dll
0x00007ffbd88e0000 - 0x00007ffbd88f6000 	C:\Users\syeda\.vscode\extensions\redhat.java-1.28.1-win32-x64\jre\17.0.10-win32-x86_64\bin\nio.dll
0x00007ffbdc030000 - 0x00007ffbdc040000 	c:\Users\syeda\.vscode\extensions\redhat.java-1.28.1-win32-x64\jre\17.0.10-win32-x86_64\bin\verify.dll
0x00007ffbd87c0000 - 0x00007ffbd87fe000 	C:\Users\syeda\AppData\Roaming\Code\User\globalStorage\redhat.java\1.28.1\config_ss_win\org.eclipse.equinox.launcher\org.eclipse.equinox.launcher.win32.win32.x86_64_1.2.900.v20240129-1338\eclipse_11900.dll
0x00007ffbe5410000 - 0x00007ffbe55b0000 	C:\WINDOWS\System32\ole32.dll
0x00007ffbe22a0000 - 0x00007ffbe22bb000 	C:\WINDOWS\SYSTEM32\CRYPTSP.dll
0x00007ffbe1af0000 - 0x00007ffbe1b25000 	C:\WINDOWS\system32\rsaenh.dll
0x00007ffbe2130000 - 0x00007ffbe215c000 	C:\WINDOWS\SYSTEM32\USERENV.dll
0x00007ffbe2290000 - 0x00007ffbe229c000 	C:\WINDOWS\SYSTEM32\CRYPTBASE.dll
0x00007ffbe1540000 - 0x00007ffbe156d000 	C:\WINDOWS\SYSTEM32\IPHLPAPI.DLL
0x00007ffbe4180000 - 0x00007ffbe4189000 	C:\WINDOWS\System32\NSI.dll
0x00007ffbdcce0000 - 0x00007ffbdccf9000 	C:\WINDOWS\SYSTEM32\dhcpcsvc6.DLL
0x00007ffbdca10000 - 0x00007ffbdca2f000 	C:\WINDOWS\SYSTEM32\dhcpcsvc.DLL
0x00007ffbe1570000 - 0x00007ffbe1669000 	C:\WINDOWS\SYSTEM32\DNSAPI.dll
0x00007ffbd8480000 - 0x00007ffbd84c5000 	C:\Users\syeda\AppData\Local\Temp\jna-109909884\jna9812675309222446920.dll
0x00007ffbe4190000 - 0x00007ffbe4198000 	C:\WINDOWS\System32\PSAPI.DLL

dbghelp: loaded successfully - version: 4.0.5 - missing functions: none
symbol engine: initialized successfully - sym options: 0x614 - pdb path: .;c:\Users\syeda\.vscode\extensions\redhat.java-1.28.1-win32-x64\jre\17.0.10-win32-x86_64\bin;C:\WINDOWS\SYSTEM32;C:\WINDOWS\WinSxS\amd64_microsoft.windows.common-controls_6595b64144ccf1df_6.0.22621.2506_none_270c5ae97388e100;c:\Users\syeda\.vscode\extensions\redhat.java-1.28.1-win32-x64\jre\17.0.10-win32-x86_64\bin\server;C:\Users\syeda\AppData\Roaming\Code\User\globalStorage\redhat.java\1.28.1\config_ss_win\org.eclipse.equinox.launcher\org.eclipse.equinox.launcher.win32.win32.x86_64_1.2.900.v20240129-1338;C:\Users\syeda\AppData\Local\Temp\jna-109909884

VM Arguments:
jvm_args: --add-modules=ALL-SYSTEM --add-opens=java.base/java.util=ALL-UNNAMED --add-opens=java.base/java.lang=ALL-UNNAMED --add-opens=java.base/sun.nio.fs=ALL-UNNAMED -Declipse.application=org.eclipse.jdt.ls.core.id1 -Dosgi.bundles.defaultStartLevel=4 -Declipse.product=org.eclipse.jdt.ls.core.product -Djava.import.generatesMetadataFilesAtProjectRoot=false -DDetectVMInstallationsJob.disabled=true -Dfile.encoding=utf8 -XX:+UseParallelGC -XX:GCTimeRatio=4 -XX:AdaptiveSizePolicyWeight=90 -Dsun.zip.disableMemoryMapping=true -Xmx1G -Xms100m -Xlog:disable -javaagent:c:\Users\syeda\.vscode\extensions\redhat.java-1.28.1-win32-x64\lombok\lombok-1.18.31.jar 
java_command: c:\Users\syeda\.vscode\extensions\redhat.java-1.28.1-win32-x64\server\plugins\org.eclipse.equinox.launcher_1.6.700.v20231214-2017.jar -configuration c:\Users\syeda\AppData\Roaming\Code\User\globalStorage\redhat.java\1.28.1\config_ss_win -data c:\Users\syeda\AppData\Roaming\Code\User\workspaceStorage\eac1d6115e6ea59bc84d52a110b34a36\redhat.java\ss_ws --stdio
java_class_path (initial): c:\Users\syeda\.vscode\extensions\redhat.java-1.28.1-win32-x64\server\plugins\org.eclipse.equinox.launcher_1.6.700.v20231214-2017.jar
Launcher Type: SUN_STANDARD

[Global flags]
    uintx AdaptiveSizePolicyWeight                 = 90                                        {product} {command line}
     intx CICompilerCount                          = 12                                        {product} {ergonomic}
    uintx GCTimeRatio                              = 4                                         {product} {command line}
   size_t InitialHeapSize                          = 104857600                                 {product} {command line}
   size_t MaxHeapSize                              = 1073741824                                {product} {command line}
   size_t MaxNewSize                               = 357564416                                 {product} {ergonomic}
   size_t MinHeapDeltaBytes                        = 524288                                    {product} {ergonomic}
   size_t MinHeapSize                              = 104857600                                 {product} {command line}
   size_t NewSize                                  = 34603008                                  {product} {ergonomic}
    uintx NonNMethodCodeHeapSize                   = 7602480                                {pd product} {ergonomic}
    uintx NonProfiledCodeHeapSize                  = 122027880                              {pd product} {ergonomic}
   size_t OldSize                                  = 70254592                                  {product} {ergonomic}
    uintx ProfiledCodeHeapSize                     = 122027880                              {pd product} {ergonomic}
    uintx ReservedCodeCacheSize                    = 251658240                              {pd product} {ergonomic}
     bool SegmentedCodeCache                       = true                                      {product} {ergonomic}
   size_t SoftMaxHeapSize                          = 1073741824                             {manageable} {ergonomic}
     bool UseCompressedClassPointers               = true                           {product lp64_product} {ergonomic}
     bool UseCompressedOops                        = true                           {product lp64_product} {ergonomic}
     bool UseLargePagesIndividualAllocation        = false                                  {pd product} {ergonomic}
     bool UseParallelGC                            = true                                      {product} {command line}

Logging:
Log output configuration:
 #0: stdout all=off uptime,level,tags
 #1: stderr all=off uptime,level,tags

Environment Variables:
JAVA_HOME=C:\Program Files\Java\jdk-17
PATH=C:\Program Files (x86)\Common Files\Intel\Shared Libraries\redist\intel64\compiler;C:\Program Files\Common Files\Oracle\Java\javapath;C:\Windows\system32;C:\Windows;C:\Windows\System32\Wbem;C:\Windows\System32\WindowsPowerShell\v1.0\;C:\Windows\System32\OpenSSH\;C:\Program Files (x86)\NVIDIA Corporation\PhysX\Common;C:\Program Files\NVIDIA Corporation\NVIDIA NvDLISR;C:\WINDOWS\system32;C:\WINDOWS;C:\WINDOWS\System32\Wbem;C:\WINDOWS\System32\WindowsPowerShell\v1.0\;C:\WINDOWS\System32\OpenSSH\;C:\Program Files\Git\cmd;C:\Users\syeda\AppData\Local\Android\Sdk\platform-tools;C:\Program Files\Android\Android Studio\jbr\bin;C:\Program Files\watchman-v2023.01.23.00-windows\bin;C:\Program Files\Git\usr\bin;C:\Users\syeda\AppData\Roaming\nvm;C:\Program Files\nodejs;C:\Program Files\Java\jdk-17\bin;C:\Program Files\Common Files\Oracle\Java\javapath;C:\Users\syeda\AppData\Local\Android\Sdk\tools;C:\Users\syeda\AppData\Local\Android\Sdk\tools;C:\Users\syeda\AppData\Local\Microsoft\WindowsApps;C:\Users\syeda\AppData\Roaming\npm;C:\Users\syeda\AppData\Local\Android\Sdk\platform-tools;C:\Users\syeda\AppData\Local\Programs\Microsoft VS Code\bin;C:\Users\syeda\AppData\Roaming\nvm;C:\Program Files\nodejs;C:\flutter_windows_3.13.6-stable\flutter\bin;
USERNAME=syeda
OS=Windows_NT
PROCESSOR_IDENTIFIER=AMD64 Family 23 Model 96 Stepping 1, AuthenticAMD
TMP=C:\Users\syeda\AppData\Local\Temp
TEMP=C:\Users\syeda\AppData\Local\Temp



Periodic native trim disabled


---------------  S Y S T E M  ---------------

OS:
 Windows 11 , 64 bit Build 22621 (10.0.22621.3085)
OS uptime: 2 days 6:41 hours
Hyper-V role detected

CPU: total 16 (initial active 16) (16 cores per cpu, 2 threads per core) family 23 model 96 stepping 1 microcode 0x0, cx8, cmov, fxsr, ht, mmx, 3dnowpref, sse, sse2, sse3, ssse3, sse4a, sse4.1, sse4.2, popcnt, lzcnt, tsc, tscinvbit, avx, avx2, aes, clmul, bmi1, bmi2, adx, sha, fma, vzeroupper, clflush, clflushopt, hv
Processor Information for all 16 processors :
  Max Mhz: 2901, Current Mhz: 2901, Mhz Limit: 2901

Memory: 4k page, system-wide physical 7598M (242M free)
TotalPageFile size 31150M (AvailPageFile size 4M)
current process WorkingSet (physical memory assigned to process): 173M, peak: 175M
current process commit charge ("private bytes"): 278M, peak: 281M

vm_info: OpenJDK 64-Bit Server VM (17.0.10+7) for windows-amd64 JRE (17.0.10+7), built on Jan 16 2024 23:25:11 by "admin" with MS VC++ 16.10 / 16.11 (VS2019)

END.
