#
# There is insufficient memory for the Java Runtime Environment to continue.
# Native memory allocation (malloc) failed to allocate 32744 bytes for ChunkPool::allocate
# Possible reasons:
#   The system is out of physical RAM or swap space
#   The process is running with CompressedOops enabled, and the Java Heap may be blocking the growth of the native heap
# Possible solutions:
#   Reduce memory load on the system
#   Increase physical memory or swap space
#   Check if swap backing store is full
#   Decrease Java heap size (-Xmx/-Xms)
#   Decrease number of Java threads
#   Decrease Java thread stack sizes (-Xss)
#   Set larger code cache with -XX:ReservedCodeCacheSize=
#   JVM is running with Unscaled Compressed Oops mode in which the Java heap is
#     placed in the first 4GB address space. The Java Heap base address is the
#     maximum limit for the native heap growth. Please use -XX:HeapBaseMinAddress
#     to set the Java Heap base and to place the Java Heap above 4GB virtual address.
# This output file may be truncated or incomplete.
#
#  Out of Memory Error (arena.cpp:79), pid=19664, tid=29468
#
# JRE version: OpenJDK Runtime Environment Temurin-17.0.10+7 (17.0.10+7) (build 17.0.10+7)
# Java VM: OpenJDK 64-Bit Server VM Temurin-17.0.10+7 (17.0.10+7, mixed mode, tiered, compressed oops, compressed class ptrs, parallel gc, windows-amd64)
# No core dump will be written. Minidumps are not enabled by default on client versions of Windows
#

---------------  S U M M A R Y ------------

Command Line: --add-modules=ALL-SYSTEM --add-opens=java.base/java.util=ALL-UNNAMED --add-opens=java.base/java.lang=ALL-UNNAMED --add-opens=java.base/sun.nio.fs=ALL-UNNAMED -Declipse.application=org.eclipse.jdt.ls.core.id1 -Dosgi.bundles.defaultStartLevel=4 -Declipse.product=org.eclipse.jdt.ls.core.product -Djava.import.generatesMetadataFilesAtProjectRoot=false -DDetectVMInstallationsJob.disabled=true -Dfile.encoding=utf8 -XX:+UseParallelGC -XX:GCTimeRatio=4 -XX:AdaptiveSizePolicyWeight=90 -Dsun.zip.disableMemoryMapping=true -Xmx1G -Xms100m -Xlog:disable -javaagent:c:\Users\syeda\.vscode\extensions\redhat.java-1.28.1-win32-x64\lombok\lombok-1.18.31.jar -XX:+HeapDumpOnOutOfMemoryError -XX:HeapDumpPath=c:\Users\syeda\AppData\Roaming\Code\User\workspaceStorage\eac1d6115e6ea59bc84d52a110b34a36\redhat.java -Daether.dependencyCollector.impl=bf c:\Users\syeda\.vscode\extensions\redhat.java-1.28.1-win32-x64\server\plugins\org.eclipse.equinox.launcher_1.6.700.v20231214-2017.jar -configuration c:\Users\syeda\AppData\Roaming\Code\User\globalStorage\redhat.java\1.28.1\config_win -data c:\Users\syeda\AppData\Roaming\Code\User\workspaceStorage\eac1d6115e6ea59bc84d52a110b34a36\redhat.java\jdt_ws --stdio

Host: AMD Ryzen 7 4800H with Radeon Graphics         , 16 cores, 7G,  Windows 11 , 64 bit Build 22621 (10.0.22621.3085)
Time: Tue Mar  5 07:04:18 2024 India Standard Time elapsed time: 9.468072 seconds (0d 0h 0m 9s)

---------------  T H R E A D  ---------------

Current thread (0x0000026d4283a270):  JavaThread "C2 CompilerThread1" daemon [_thread_in_native, id=29468, stack(0x00000085a7700000,0x00000085a7800000)]


Current CompileTask:
C2:   9468 4257   !   4       org.eclipse.osgi.internal.loader.classpath.ClasspathManager::findClassImpl (308 bytes)

Stack: [0x00000085a7700000,0x00000085a7800000]
Native frames: (J=compiled Java code, j=interpreted, Vv=VM code, C=native code)
V  [jvm.dll+0x67d2c9]
V  [jvm.dll+0x834afa]
V  [jvm.dll+0x8365be]
V  [jvm.dll+0x836c23]
V  [jvm.dll+0x2477ff]
V  [jvm.dll+0xac711]
V  [jvm.dll+0xacb5c]
V  [jvm.dll+0x1baaa6]
V  [jvm.dll+0x68d8ca]
V  [jvm.dll+0x68db27]
V  [jvm.dll+0x68ccca]
V  [jvm.dll+0x68ac42]
V  [jvm.dll+0x1a828c]
V  [jvm.dll+0x1a8e56]
V  [jvm.dll+0x2adf34]
V  [jvm.dll+0x695755]
V  [jvm.dll+0x68d71b]
V  [jvm.dll+0x68cd57]
V  [jvm.dll+0x68ac42]
V  [jvm.dll+0x1a828c]
V  [jvm.dll+0x1a8e56]
V  [jvm.dll+0x2adf34]
V  [jvm.dll+0x695755]
V  [jvm.dll+0x68d71b]
V  [jvm.dll+0x68cd57]
V  [jvm.dll+0x68ac42]
V  [jvm.dll+0x1a828c]
V  [jvm.dll+0x1a8e56]
V  [jvm.dll+0x1a8e56]
V  [jvm.dll+0x2adf34]
V  [jvm.dll+0x695755]
V  [jvm.dll+0x68d71b]
V  [jvm.dll+0x68cd57]
V  [jvm.dll+0x68ac42]
V  [jvm.dll+0x1a828c]
V  [jvm.dll+0x1a8e56]
V  [jvm.dll+0x1a8e56]
V  [jvm.dll+0x2adf34]
V  [jvm.dll+0x695755]
V  [jvm.dll+0x68d71b]
V  [jvm.dll+0x68cd57]
V  [jvm.dll+0x68ac42]
V  [jvm.dll+0x1a828c]
V  [jvm.dll+0x1a8e56]
V  [jvm.dll+0x1a8e56]
V  [jvm.dll+0x2adf34]
V  [jvm.dll+0x695755]
V  [jvm.dll+0x68d71b]
V  [jvm.dll+0x68cd57]
V  [jvm.dll+0x68ac42]
V  [jvm.dll+0x1a828c]
V  [jvm.dll+0x2adf34]
V  [jvm.dll+0x695755]
V  [jvm.dll+0x68d71b]
V  [jvm.dll+0x68cd57]
V  [jvm.dll+0x68ac42]
V  [jvm.dll+0x1a828c]
V  [jvm.dll+0x1a8e56]
V  [jvm.dll+0x2adf34]
V  [jvm.dll+0x695755]
V  [jvm.dll+0x68d71b]
V  [jvm.dll+0x68cd57]
V  [jvm.dll+0x68ac42]
V  [jvm.dll+0x1a828c]
V  [jvm.dll+0x2adf34]
V  [jvm.dll+0x695755]
V  [jvm.dll+0x68d71b]
V  [jvm.dll+0x68cd57]
V  [jvm.dll+0x68ac42]
V  [jvm.dll+0x1a828c]
V  [jvm.dll+0x1a8e56]
V  [jvm.dll+0x2adf34]
V  [jvm.dll+0x695755]
V  [jvm.dll+0x68d71b]
V  [jvm.dll+0x68cd57]
V  [jvm.dll+0x68ac42]
V  [jvm.dll+0x1a828c]
V  [jvm.dll+0x218ec8]
V  [jvm.dll+0x1a502d]
V  [jvm.dll+0x2290de]
V  [jvm.dll+0x2272ac]
V  [jvm.dll+0x7e9bb7]
V  [jvm.dll+0x7e3fba]
V  [jvm.dll+0x67c1b5]
C  [ucrtbase.dll+0x29363]
C  [KERNEL32.DLL+0x1257d]
C  [ntdll.dll+0x5aa58]


---------------  P R O C E S S  ---------------

Threads class SMR info:
_java_thread_list=0x0000026d42593fb0, length=28, elements={
0x0000026d273aff60, 0x0000026d3b232020, 0x0000026d3b233380, 0x0000026d3b23e4e0,
0x0000026d4044ae20, 0x0000026d4044c180, 0x0000026d4044d4e0, 0x0000026d40452680,
0x0000026d40455930, 0x0000026d4045af00, 0x0000026d4058e690, 0x0000026d405ef650,
0x0000026d405f72b0, 0x0000026d405f77d0, 0x0000026d424e6080, 0x0000026d42cc43f0,
0x0000026d42e09990, 0x0000026d42c5a500, 0x0000026d432b8f10, 0x0000026d4331d6b0,
0x0000026d4337d4d0, 0x0000026d433b46e0, 0x0000026d433b3cc0, 0x0000026d433b5b20,
0x0000026d4283a270, 0x0000026d433b5100, 0x0000026d433b5610, 0x0000026d433b6030
}

Java Threads: ( => current thread )
  0x0000026d273aff60 JavaThread "main" [_thread_blocked, id=19196, stack(0x00000085a5000000,0x00000085a5100000)]
  0x0000026d3b232020 JavaThread "Reference Handler" daemon [_thread_blocked, id=23792, stack(0x00000085a5300000,0x00000085a5400000)]
  0x0000026d3b233380 JavaThread "Finalizer" daemon [_thread_blocked, id=9436, stack(0x00000085a5400000,0x00000085a5500000)]
  0x0000026d3b23e4e0 JavaThread "Signal Dispatcher" daemon [_thread_blocked, id=12244, stack(0x00000085a5500000,0x00000085a5600000)]
  0x0000026d4044ae20 JavaThread "Attach Listener" daemon [_thread_blocked, id=10968, stack(0x00000085a5600000,0x00000085a5700000)]
  0x0000026d4044c180 JavaThread "Service Thread" daemon [_thread_blocked, id=23596, stack(0x00000085a5700000,0x00000085a5800000)]
  0x0000026d4044d4e0 JavaThread "Monitor Deflation Thread" daemon [_thread_blocked, id=25008, stack(0x00000085a5800000,0x00000085a5900000)]
  0x0000026d40452680 JavaThread "C2 CompilerThread0" daemon [_thread_in_native, id=23828, stack(0x00000085a5900000,0x00000085a5a00000)]
  0x0000026d40455930 JavaThread "C1 CompilerThread0" daemon [_thread_blocked, id=11112, stack(0x00000085a5a00000,0x00000085a5b00000)]
  0x0000026d4045af00 JavaThread "Sweeper thread" daemon [_thread_blocked, id=12360, stack(0x00000085a5b00000,0x00000085a5c00000)]
  0x0000026d4058e690 JavaThread "Common-Cleaner" daemon [_thread_blocked, id=14260, stack(0x00000085a5c00000,0x00000085a5d00000)]
  0x0000026d405ef650 JavaThread "C1 CompilerThread1" daemon [_thread_blocked, id=11852, stack(0x00000085a5d00000,0x00000085a5e00000)]
  0x0000026d405f72b0 JavaThread "C1 CompilerThread2" daemon [_thread_blocked, id=25068, stack(0x00000085a5e00000,0x00000085a5f00000)]
  0x0000026d405f77d0 JavaThread "C1 CompilerThread3" daemon [_thread_blocked, id=22580, stack(0x00000085a5f00000,0x00000085a6000000)]
  0x0000026d424e6080 JavaThread "Notification Thread" daemon [_thread_blocked, id=1840, stack(0x00000085a6100000,0x00000085a6200000)]
  0x0000026d42cc43f0 JavaThread "Active Thread: Equinox Container: e514a336-d1de-4379-a56e-b665aa99dbb7" [_thread_blocked, id=4136, stack(0x00000085a6800000,0x00000085a6900000)]
  0x0000026d42e09990 JavaThread "Framework Event Dispatcher: Equinox Container: e514a336-d1de-4379-a56e-b665aa99dbb7" daemon [_thread_blocked, id=1832, stack(0x00000085a6900000,0x00000085a6a00000)]
  0x0000026d42c5a500 JavaThread "Start Level: Equinox Container: e514a336-d1de-4379-a56e-b665aa99dbb7" daemon [_thread_in_vm, id=29224, stack(0x00000085a6a00000,0x00000085a6b00000)]
  0x0000026d432b8f10 JavaThread "Bundle File Closer" daemon [_thread_blocked, id=10972, stack(0x00000085a6d00000,0x00000085a6e00000)]
  0x0000026d4331d6b0 JavaThread "SCR Component Actor" daemon [_thread_blocked, id=24836, stack(0x00000085a6e00000,0x00000085a6f00000)]
  0x0000026d4337d4d0 JavaThread "SCR Component Registry" daemon [_thread_blocked, id=9788, stack(0x00000085a6f00000,0x00000085a7000000)]
  0x0000026d433b46e0 JavaThread "Worker-JM" [_thread_blocked, id=19608, stack(0x00000085a7300000,0x00000085a7400000)]
  0x0000026d433b3cc0 JavaThread "Worker-0: Updating Maven Dependencies" [_thread_blocked, id=24132, stack(0x00000085a7600000,0x00000085a7700000)]
  0x0000026d433b5b20 JavaThread "Worker-1" [_thread_blocked, id=18948, stack(0x00000085a7000000,0x00000085a7100000)]
=>0x0000026d4283a270 JavaThread "C2 CompilerThread1" daemon [_thread_in_native, id=29468, stack(0x00000085a7700000,0x00000085a7800000)]
  0x0000026d433b5100 JavaThread "Java indexing" daemon [_thread_blocked, id=4772, stack(0x00000085a7800000,0x00000085a7900000)]
  0x0000026d433b5610 JavaThread "Worker-2: Repository registry initialization" [_thread_in_vm, id=20932, stack(0x00000085a7900000,0x00000085a7a00000)]
  0x0000026d433b6030 JavaThread "Worker-3" [_thread_blocked, id=17060, stack(0x00000085a7a00000,0x00000085a7b00000)]

Other Threads:
  0x0000026d404145f0 VMThread "VM Thread" [stack: 0x00000085a5200000,0x00000085a5300000] [id=24316]
  0x0000026d424f6ee0 WatcherThread [stack: 0x00000085a6200000,0x00000085a6300000] [id=20740]
  0x0000026d273c6560 GCTaskThread "GC Thread#0" [stack: 0x00000085a5100000,0x00000085a5200000] [id=21500]
  0x0000026d42d4c900 GCTaskThread "GC Thread#1" [stack: 0x00000085a6300000,0x00000085a6400000] [id=1592]
  0x0000026d4278a240 GCTaskThread "GC Thread#2" [stack: 0x00000085a6400000,0x00000085a6500000] [id=16804]
  0x0000026d42b483a0 GCTaskThread "GC Thread#3" [stack: 0x00000085a6500000,0x00000085a6600000] [id=21192]
  0x0000026d42b48660 GCTaskThread "GC Thread#4" [stack: 0x00000085a6600000,0x00000085a6700000] [id=13144]
  0x0000026d42b48f30 GCTaskThread "GC Thread#5" [stack: 0x00000085a6700000,0x00000085a6800000] [id=4144]
  0x0000026d42c31540 GCTaskThread "GC Thread#6" [stack: 0x00000085a6b00000,0x00000085a6c00000] [id=25580]
  0x0000026d42c31d80 GCTaskThread "GC Thread#7" [stack: 0x00000085a6c00000,0x00000085a6d00000] [id=26020]
  0x0000026d42c32880 GCTaskThread "GC Thread#8" [stack: 0x00000085a6000000,0x00000085a6100000] [id=26792]
  0x0000026d42c32e00 GCTaskThread "GC Thread#9" [stack: 0x00000085a7100000,0x00000085a7200000] [id=9860]
  0x0000026d42c31ac0 GCTaskThread "GC Thread#10" [stack: 0x00000085a7200000,0x00000085a7300000] [id=22404]
  0x0000026d42c32040 GCTaskThread "GC Thread#11" [stack: 0x00000085a7400000,0x00000085a7500000] [id=24312]
  0x0000026d42c325c0 GCTaskThread "GC Thread#12" [stack: 0x00000085a7500000,0x00000085a7600000] [id=21048]

Threads with active compile tasks:
C2 CompilerThread0     9513 4102       4       org.lombokweb.asm.ClassReader::readMethod (1066 bytes)
C2 CompilerThread1     9513 4257   !   4       org.eclipse.osgi.internal.loader.classpath.ClasspathManager::findClassImpl (308 bytes)

VM state: not at safepoint (normal execution)

VM Mutex/Monitor currently owned by a thread: None

Heap address: 0x00000000c0000000, size: 1024 MB, Compressed Oops mode: 32-bit

CDS archive(s) not mapped
Compressed class space mapped at: 0x0000000100000000-0x0000000140000000, reserved size: 1073741824
Narrow klass base: 0x0000000000000000, Narrow klass shift: 3, Narrow klass range: 0x140000000

GC Precious Log:
 CPUs: 16 total, 16 available
 Memory: 7598M
 Large Page Support: Disabled
 NUMA Support: Disabled
 Compressed Oops: Enabled (32-bit)
 Alignments: Space 512K, Generation 512K, Heap 2M
 Heap Min Capacity: 100M
 Heap Initial Capacity: 100M
 Heap Max Capacity: 1G
 Pre-touch: Disabled
 Parallel Workers: 13

Heap:
 PSYoungGen      total 22016K, used 3951K [0x00000000eab00000, 0x00000000ec400000, 0x0000000100000000)
  eden space 19968K, 21% used [0x00000000eab00000,0x00000000eaf2f708,0x00000000ebe80000)
  from space 2048K, 0% used [0x00000000ec100000,0x00000000ec100000,0x00000000ec300000)
  to   space 1024K, 0% used [0x00000000ec300000,0x00000000ec300000,0x00000000ec400000)
 ParOldGen       total 68608K, used 25385K [0x00000000c0000000, 0x00000000c4300000, 0x00000000eab00000)
  object space 68608K, 37% used [0x00000000c0000000,0x00000000c18ca420,0x00000000c4300000)
 Metaspace       used 35877K, committed 36544K, reserved 1114112K
  class space    used 3512K, committed 3776K, reserved 1048576K

Card table byte_map: [0x0000026d26d40000,0x0000026d26f50000] _byte_map_base: 0x0000026d26740000

Marking Bits: (ParMarkBitMap*) 0x00007ffba240d7d0
 Begin Bits: [0x0000026d39040000, 0x0000026d3a040000)
 End Bits:   [0x0000026d3a040000, 0x0000026d3b040000)

Polling page: 0x0000026d25320000

Metaspace:

Usage:
  Non-class:     31.61 MB used.
      Class:      3.43 MB used.
       Both:     35.04 MB used.

Virtual space:
  Non-class space:       64.00 MB reserved,      32.00 MB ( 50%) committed,  1 nodes.
      Class space:        1.00 GB reserved,       3.69 MB ( <1%) committed,  1 nodes.
             Both:        1.06 GB reserved,      35.69 MB (  3%) committed. 

Chunk freelists:
   Non-Class:  15.38 MB
       Class:  12.34 MB
        Both:  27.72 MB

MaxMetaspaceSize: unlimited
CompressedClassSpaceSize: 1.00 GB
Initial GC threshold: 21.00 MB
Current GC threshold: 58.38 MB
CDS: off
MetaspaceReclaimPolicy: balanced
 - commit_granule_bytes: 65536.
 - commit_granule_words: 8192.
 - virtual_space_node_default_size: 8388608.
 - enlarge_chunks_in_place: 1.
 - new_chunks_are_fully_committed: 0.
 - uncommit_free_chunks: 1.
 - use_allocation_guard: 0.
 - handle_deallocations: 1.


Internal statistics:

num_allocs_failed_limit: 6.
num_arena_births: 364.
num_arena_deaths: 14.
num_vsnodes_births: 2.
num_vsnodes_deaths: 0.
num_space_committed: 571.
num_space_uncommitted: 0.
num_chunks_returned_to_freelist: 20.
num_chunks_taken_from_freelist: 1465.
num_chunk_merges: 8.
num_chunk_splits: 954.
num_chunks_enlarged: 637.
num_inconsistent_stats: 0.

CodeHeap 'non-profiled nmethods': size=119168Kb used=1973Kb max_used=1973Kb free=117194Kb
 bounds [0x0000026d31be0000, 0x0000026d31e50000, 0x0000026d39040000]
CodeHeap 'profiled nmethods': size=119104Kb used=9331Kb max_used=9331Kb free=109772Kb
 bounds [0x0000026d2a040000, 0x0000026d2a960000, 0x0000026d31490000]
CodeHeap 'non-nmethods': size=7488Kb used=2952Kb max_used=2970Kb free=4535Kb
 bounds [0x0000026d31490000, 0x0000026d31780000, 0x0000026d31be0000]
 total_blobs=4891 nmethods=4309 adapters=492
 compilation: enabled
              stopped_count=0, restarted_count=0
 full_count=0

Compilation events (20 events):
Event: 9.420 Thread 0x0000026d405f72b0 4294       1       java.lang.invoke.MethodHandleImpl$IntrinsicMethodHandle::getTarget (5 bytes)
Event: 9.420 Thread 0x0000026d405f72b0 nmethod 4294 0x0000026d31dcc590 code [0x0000026d31dcc720, 0x0000026d31dcc7f8]
Event: 9.438 Thread 0x0000026d405f72b0 4295       3       java.util.Locale::getLanguage (8 bytes)
Event: 9.439 Thread 0x0000026d405f72b0 nmethod 4295 0x0000026d2a955e90 code [0x0000026d2a956020, 0x0000026d2a956158]
Event: 9.440 Thread 0x0000026d40455930 4296       3       java.util.ResourceBundle::getString (9 bytes)
Event: 9.440 Thread 0x0000026d40455930 nmethod 4296 0x0000026d2a956210 code [0x0000026d2a9563c0, 0x0000026d2a9565e8]
Event: 9.447 Thread 0x0000026d40455930 4298       3       jdk.internal.loader.BuiltinClassLoader$2::run (5 bytes)
Event: 9.447 Thread 0x0000026d40455930 nmethod 4298 0x0000026d2a956690 code [0x0000026d2a956840, 0x0000026d2a956988]
Event: 9.449 Thread 0x0000026d40455930 4299       3       org.eclipse.core.runtime.Assert::isTrue (20 bytes)
Event: 9.449 Thread 0x0000026d405ef650 4300       3       org.eclipse.core.runtime.Assert::isTrue (7 bytes)
Event: 9.449 Thread 0x0000026d405f77d0 4301       1       org.eclipse.jface.text.templates.TemplateVariableResolver::getType (5 bytes)
Event: 9.450 Thread 0x0000026d405f77d0 nmethod 4301 0x0000026d31dcc890 code [0x0000026d31dcca20, 0x0000026d31dccaf8]
Event: 9.450 Thread 0x0000026d40455930 nmethod 4299 0x0000026d2a956a10 code [0x0000026d2a956bc0, 0x0000026d2a956e18]
Event: 9.450 Thread 0x0000026d405ef650 nmethod 4300 0x0000026d2a956f90 code [0x0000026d2a957160, 0x0000026d2a957438]
Event: 9.450 Thread 0x0000026d40455930 4303       3       org.eclipse.jface.text.templates.TemplateVariableResolver::<init> (25 bytes)
Event: 9.451 Thread 0x0000026d405ef650 4305       3       org.eclipse.jface.text.templates.TemplateContextType::addResolver (20 bytes)
Event: 9.451 Thread 0x0000026d405f72b0 4304       3       org.eclipse.jface.text.templates.TemplateVariableResolver::setType (26 bytes)
Event: 9.452 Thread 0x0000026d40455930 nmethod 4303 0x0000026d2a957590 code [0x0000026d2a957840, 0x0000026d2a958478]
Event: 9.452 Thread 0x0000026d405ef650 nmethod 4305 0x0000026d2a958990 code [0x0000026d2a958b80, 0x0000026d2a959048]
Event: 9.452 Thread 0x0000026d405f72b0 nmethod 4304 0x0000026d2a959290 code [0x0000026d2a9594a0, 0x0000026d2a959a98]

GC Heap History (20 events):
Event: 4.606 GC heap before
{Heap before GC invocations=6 (full 1):
 PSYoungGen      total 29696K, used 4091K [0x00000000eab00000, 0x00000000ece00000, 0x0000000100000000)
  eden space 25600K, 0% used [0x00000000eab00000,0x00000000eab00000,0x00000000ec400000)
  from space 4096K, 99% used [0x00000000ec400000,0x00000000ec7feed0,0x00000000ec800000)
  to   space 5120K, 0% used [0x00000000ec900000,0x00000000ec900000,0x00000000ece00000)
 ParOldGen       total 68608K, used 6899K [0x00000000c0000000, 0x00000000c4300000, 0x00000000eab00000)
  object space 68608K, 10% used [0x00000000c0000000,0x00000000c06bcf58,0x00000000c4300000)
 Metaspace       used 21181K, committed 21504K, reserved 1114112K
  class space    used 2122K, committed 2304K, reserved 1048576K
}
Event: 4.654 GC heap after
{Heap after GC invocations=6 (full 1):
 PSYoungGen      total 29696K, used 0K [0x00000000eab00000, 0x00000000ece00000, 0x0000000100000000)
  eden space 25600K, 0% used [0x00000000eab00000,0x00000000eab00000,0x00000000ec400000)
  from space 4096K, 0% used [0x00000000ec400000,0x00000000ec400000,0x00000000ec800000)
  to   space 5120K, 0% used [0x00000000ec900000,0x00000000ec900000,0x00000000ece00000)
 ParOldGen       total 68608K, used 10545K [0x00000000c0000000, 0x00000000c4300000, 0x00000000eab00000)
  object space 68608K, 15% used [0x00000000c0000000,0x00000000c0a4c668,0x00000000c4300000)
 Metaspace       used 21181K, committed 21504K, reserved 1114112K
  class space    used 2122K, committed 2304K, reserved 1048576K
}
Event: 5.247 GC heap before
{Heap before GC invocations=7 (full 1):
 PSYoungGen      total 29696K, used 25600K [0x00000000eab00000, 0x00000000ece00000, 0x0000000100000000)
  eden space 25600K, 100% used [0x00000000eab00000,0x00000000ec400000,0x00000000ec400000)
  from space 4096K, 0% used [0x00000000ec400000,0x00000000ec400000,0x00000000ec800000)
  to   space 5120K, 0% used [0x00000000ec900000,0x00000000ec900000,0x00000000ece00000)
 ParOldGen       total 68608K, used 10545K [0x00000000c0000000, 0x00000000c4300000, 0x00000000eab00000)
  object space 68608K, 15% used [0x00000000c0000000,0x00000000c0a4c668,0x00000000c4300000)
 Metaspace       used 22247K, committed 22656K, reserved 1114112K
  class space    used 2237K, committed 2432K, reserved 1048576K
}
Event: 5.262 GC heap after
{Heap after GC invocations=7 (full 1):
 PSYoungGen      total 25600K, used 5120K [0x00000000eab00000, 0x00000000ed780000, 0x0000000100000000)
  eden space 20480K, 0% used [0x00000000eab00000,0x00000000eab00000,0x00000000ebf00000)
  from space 5120K, 100% used [0x00000000ec900000,0x00000000ece00000,0x00000000ece00000)
  to   space 10240K, 0% used [0x00000000ebf00000,0x00000000ebf00000,0x00000000ec900000)
 ParOldGen       total 68608K, used 14553K [0x00000000c0000000, 0x00000000c4300000, 0x00000000eab00000)
  object space 68608K, 21% used [0x00000000c0000000,0x00000000c0e36668,0x00000000c4300000)
 Metaspace       used 22247K, committed 22656K, reserved 1114112K
  class space    used 2237K, committed 2432K, reserved 1048576K
}
Event: 6.889 GC heap before
{Heap before GC invocations=8 (full 1):
 PSYoungGen      total 25600K, used 25600K [0x00000000eab00000, 0x00000000ed780000, 0x0000000100000000)
  eden space 20480K, 100% used [0x00000000eab00000,0x00000000ebf00000,0x00000000ebf00000)
  from space 5120K, 100% used [0x00000000ec900000,0x00000000ece00000,0x00000000ece00000)
  to   space 10240K, 0% used [0x00000000ebf00000,0x00000000ebf00000,0x00000000ec900000)
 ParOldGen       total 68608K, used 14553K [0x00000000c0000000, 0x00000000c4300000, 0x00000000eab00000)
  object space 68608K, 21% used [0x00000000c0000000,0x00000000c0e36668,0x00000000c4300000)
 Metaspace       used 23583K, committed 24000K, reserved 1114112K
  class space    used 2357K, committed 2560K, reserved 1048576K
}
Event: 6.896 GC heap after
{Heap after GC invocations=8 (full 1):
 PSYoungGen      total 28160K, used 7520K [0x00000000eab00000, 0x00000000ecf00000, 0x0000000100000000)
  eden space 20480K, 0% used [0x00000000eab00000,0x00000000eab00000,0x00000000ebf00000)
  from space 7680K, 97% used [0x00000000ebf00000,0x00000000ec658340,0x00000000ec680000)
  to   space 8192K, 0% used [0x00000000ec700000,0x00000000ec700000,0x00000000ecf00000)
 ParOldGen       total 68608K, used 14561K [0x00000000c0000000, 0x00000000c4300000, 0x00000000eab00000)
  object space 68608K, 21% used [0x00000000c0000000,0x00000000c0e38668,0x00000000c4300000)
 Metaspace       used 23583K, committed 24000K, reserved 1114112K
  class space    used 2357K, committed 2560K, reserved 1048576K
}
Event: 7.488 GC heap before
{Heap before GC invocations=9 (full 1):
 PSYoungGen      total 28160K, used 28000K [0x00000000eab00000, 0x00000000ecf00000, 0x0000000100000000)
  eden space 20480K, 100% used [0x00000000eab00000,0x00000000ebf00000,0x00000000ebf00000)
  from space 7680K, 97% used [0x00000000ebf00000,0x00000000ec658340,0x00000000ec680000)
  to   space 8192K, 0% used [0x00000000ec700000,0x00000000ec700000,0x00000000ecf00000)
 ParOldGen       total 68608K, used 14561K [0x00000000c0000000, 0x00000000c4300000, 0x00000000eab00000)
  object space 68608K, 21% used [0x00000000c0000000,0x00000000c0e38668,0x00000000c4300000)
 Metaspace       used 25471K, committed 26048K, reserved 1114112K
  class space    used 2563K, committed 2816K, reserved 1048576K
}
Event: 7.496 GC heap after
{Heap after GC invocations=9 (full 1):
 PSYoungGen      total 28160K, used 8186K [0x00000000eab00000, 0x00000000ed000000, 0x0000000100000000)
  eden space 19968K, 0% used [0x00000000eab00000,0x00000000eab00000,0x00000000ebe80000)
  from space 8192K, 99% used [0x00000000ec700000,0x00000000ecefe820,0x00000000ecf00000)
  to   space 8704K, 0% used [0x00000000ebe80000,0x00000000ebe80000,0x00000000ec700000)
 ParOldGen       total 68608K, used 14633K [0x00000000c0000000, 0x00000000c4300000, 0x00000000eab00000)
  object space 68608K, 21% used [0x00000000c0000000,0x00000000c0e4a668,0x00000000c4300000)
 Metaspace       used 25471K, committed 26048K, reserved 1114112K
  class space    used 2563K, committed 2816K, reserved 1048576K
}
Event: 7.983 GC heap before
{Heap before GC invocations=10 (full 1):
 PSYoungGen      total 28160K, used 28154K [0x00000000eab00000, 0x00000000ed000000, 0x0000000100000000)
  eden space 19968K, 100% used [0x00000000eab00000,0x00000000ebe80000,0x00000000ebe80000)
  from space 8192K, 99% used [0x00000000ec700000,0x00000000ecefe820,0x00000000ecf00000)
  to   space 8704K, 0% used [0x00000000ebe80000,0x00000000ebe80000,0x00000000ec700000)
 ParOldGen       total 68608K, used 14633K [0x00000000c0000000, 0x00000000c4300000, 0x00000000eab00000)
  object space 68608K, 21% used [0x00000000c0000000,0x00000000c0e4a668,0x00000000c4300000)
 Metaspace       used 27981K, committed 28672K, reserved 1114112K
  class space    used 2816K, committed 3072K, reserved 1048576K
}
Event: 7.992 GC heap after
{Heap after GC invocations=10 (full 1):
 PSYoungGen      total 26112K, used 5797K [0x00000000eab00000, 0x00000000ecc80000, 0x0000000100000000)
  eden space 19968K, 0% used [0x00000000eab00000,0x00000000eab00000,0x00000000ebe80000)
  from space 6144K, 94% used [0x00000000ebe80000,0x00000000ec429408,0x00000000ec480000)
  to   space 7168K, 0% used [0x00000000ec580000,0x00000000ec580000,0x00000000ecc80000)
 ParOldGen       total 68608K, used 19749K [0x00000000c0000000, 0x00000000c4300000, 0x00000000eab00000)
  object space 68608K, 28% used [0x00000000c0000000,0x00000000c1349678,0x00000000c4300000)
 Metaspace       used 27981K, committed 28672K, reserved 1114112K
  class space    used 2816K, committed 3072K, reserved 1048576K
}
Event: 8.231 GC heap before
{Heap before GC invocations=11 (full 1):
 PSYoungGen      total 26112K, used 25765K [0x00000000eab00000, 0x00000000ecc80000, 0x0000000100000000)
  eden space 19968K, 100% used [0x00000000eab00000,0x00000000ebe80000,0x00000000ebe80000)
  from space 6144K, 94% used [0x00000000ebe80000,0x00000000ec429408,0x00000000ec480000)
  to   space 7168K, 0% used [0x00000000ec580000,0x00000000ec580000,0x00000000ecc80000)
 ParOldGen       total 68608K, used 19749K [0x00000000c0000000, 0x00000000c4300000, 0x00000000eab00000)
  object space 68608K, 28% used [0x00000000c0000000,0x00000000c1349678,0x00000000c4300000)
 Metaspace       used 30317K, committed 30976K, reserved 1114112K
  class space    used 2974K, committed 3200K, reserved 1048576K
}
Event: 8.236 GC heap after
{Heap after GC invocations=11 (full 1):
 PSYoungGen      total 22016K, used 1648K [0x00000000eab00000, 0x00000000ec780000, 0x0000000100000000)
  eden space 19968K, 0% used [0x00000000eab00000,0x00000000eab00000,0x00000000ebe80000)
  from space 2048K, 80% used [0x00000000ec580000,0x00000000ec71c308,0x00000000ec780000)
  to   space 3584K, 0% used [0x00000000ec080000,0x00000000ec080000,0x00000000ec400000)
 ParOldGen       total 68608K, used 22824K [0x00000000c0000000, 0x00000000c4300000, 0x00000000eab00000)
  object space 68608K, 33% used [0x00000000c0000000,0x00000000c164a160,0x00000000c4300000)
 Metaspace       used 30317K, committed 30976K, reserved 1114112K
  class space    used 2974K, committed 3200K, reserved 1048576K
}
Event: 8.599 GC heap before
{Heap before GC invocations=12 (full 1):
 PSYoungGen      total 22016K, used 21616K [0x00000000eab00000, 0x00000000ec780000, 0x0000000100000000)
  eden space 19968K, 100% used [0x00000000eab00000,0x00000000ebe80000,0x00000000ebe80000)
  from space 2048K, 80% used [0x00000000ec580000,0x00000000ec71c308,0x00000000ec780000)
  to   space 3584K, 0% used [0x00000000ec080000,0x00000000ec080000,0x00000000ec400000)
 ParOldGen       total 68608K, used 22824K [0x00000000c0000000, 0x00000000c4300000, 0x00000000eab00000)
  object space 68608K, 33% used [0x00000000c0000000,0x00000000c164a160,0x00000000c4300000)
 Metaspace       used 32343K, committed 33024K, reserved 1114112K
  class space    used 3120K, committed 3392K, reserved 1048576K
}
Event: 8.604 GC heap after
{Heap after GC invocations=12 (full 1):
 PSYoungGen      total 22528K, used 2056K [0x00000000eab00000, 0x00000000ec600000, 0x0000000100000000)
  eden space 19968K, 0% used [0x00000000eab00000,0x00000000eab00000,0x00000000ebe80000)
  from space 2560K, 80% used [0x00000000ec080000,0x00000000ec2822b0,0x00000000ec300000)
  to   space 2560K, 0% used [0x00000000ec380000,0x00000000ec380000,0x00000000ec600000)
 ParOldGen       total 68608K, used 24294K [0x00000000c0000000, 0x00000000c4300000, 0x00000000eab00000)
  object space 68608K, 35% used [0x00000000c0000000,0x00000000c17b99f8,0x00000000c4300000)
 Metaspace       used 32343K, committed 33024K, reserved 1114112K
  class space    used 3120K, committed 3392K, reserved 1048576K
}
Event: 9.218 GC heap before
{Heap before GC invocations=13 (full 1):
 PSYoungGen      total 22528K, used 21981K [0x00000000eab00000, 0x00000000ec600000, 0x0000000100000000)
  eden space 19968K, 99% used [0x00000000eab00000,0x00000000ebe754d8,0x00000000ebe80000)
  from space 2560K, 80% used [0x00000000ec080000,0x00000000ec2822b0,0x00000000ec300000)
  to   space 2560K, 0% used [0x00000000ec380000,0x00000000ec380000,0x00000000ec600000)
 ParOldGen       total 68608K, used 24294K [0x00000000c0000000, 0x00000000c4300000, 0x00000000eab00000)
  object space 68608K, 35% used [0x00000000c0000000,0x00000000c17b99f8,0x00000000c4300000)
 Metaspace       used 34658K, committed 35392K, reserved 1114112K
  class space    used 3383K, committed 3712K, reserved 1048576K
}
Event: 9.224 GC heap after
{Heap after GC invocations=13 (full 1):
 PSYoungGen      total 21504K, used 1250K [0x00000000eab00000, 0x00000000ec500000, 0x0000000100000000)
  eden space 19968K, 0% used [0x00000000eab00000,0x00000000eab00000,0x00000000ebe80000)
  from space 1536K, 81% used [0x00000000ec380000,0x00000000ec4b8868,0x00000000ec500000)
  to   space 2048K, 0% used [0x00000000ec100000,0x00000000ec100000,0x00000000ec300000)
 ParOldGen       total 68608K, used 26133K [0x00000000c0000000, 0x00000000c4300000, 0x00000000eab00000)
  object space 68608K, 38% used [0x00000000c0000000,0x00000000c19854b0,0x00000000c4300000)
 Metaspace       used 34658K, committed 35392K, reserved 1114112K
  class space    used 3383K, committed 3712K, reserved 1048576K
}
Event: 9.306 GC heap before
{Heap before GC invocations=14 (full 1):
 PSYoungGen      total 21504K, used 4225K [0x00000000eab00000, 0x00000000ec500000, 0x0000000100000000)
  eden space 19968K, 14% used [0x00000000eab00000,0x00000000eade7c58,0x00000000ebe80000)
  from space 1536K, 81% used [0x00000000ec380000,0x00000000ec4b8868,0x00000000ec500000)
  to   space 2048K, 0% used [0x00000000ec100000,0x00000000ec100000,0x00000000ec300000)
 ParOldGen       total 68608K, used 26133K [0x00000000c0000000, 0x00000000c4300000, 0x00000000eab00000)
  object space 68608K, 38% used [0x00000000c0000000,0x00000000c19854b0,0x00000000c4300000)
 Metaspace       used 35161K, committed 35840K, reserved 1114112K
  class space    used 3423K, committed 3776K, reserved 1048576K
}
Event: 9.308 GC heap after
{Heap after GC invocations=14 (full 1):
 PSYoungGen      total 22016K, used 416K [0x00000000eab00000, 0x00000000ec400000, 0x0000000100000000)
  eden space 19968K, 0% used [0x00000000eab00000,0x00000000eab00000,0x00000000ebe80000)
  from space 2048K, 20% used [0x00000000ec100000,0x00000000ec168000,0x00000000ec300000)
  to   space 1024K, 0% used [0x00000000ec300000,0x00000000ec300000,0x00000000ec400000)
 ParOldGen       total 68608K, used 27091K [0x00000000c0000000, 0x00000000c4300000, 0x00000000eab00000)
  object space 68608K, 39% used [0x00000000c0000000,0x00000000c1a74e28,0x00000000c4300000)
 Metaspace       used 35161K, committed 35840K, reserved 1114112K
  class space    used 3423K, committed 3776K, reserved 1048576K
}
Event: 9.308 GC heap before
{Heap before GC invocations=15 (full 2):
 PSYoungGen      total 22016K, used 416K [0x00000000eab00000, 0x00000000ec400000, 0x0000000100000000)
  eden space 19968K, 0% used [0x00000000eab00000,0x00000000eab00000,0x00000000ebe80000)
  from space 2048K, 20% used [0x00000000ec100000,0x00000000ec168000,0x00000000ec300000)
  to   space 1024K, 0% used [0x00000000ec300000,0x00000000ec300000,0x00000000ec400000)
 ParOldGen       total 68608K, used 27091K [0x00000000c0000000, 0x00000000c4300000, 0x00000000eab00000)
  object space 68608K, 39% used [0x00000000c0000000,0x00000000c1a74e28,0x00000000c4300000)
 Metaspace       used 35161K, committed 35840K, reserved 1114112K
  class space    used 3423K, committed 3776K, reserved 1048576K
}
Event: 9.389 GC heap after
{Heap after GC invocations=15 (full 2):
 PSYoungGen      total 22016K, used 0K [0x00000000eab00000, 0x00000000ec400000, 0x0000000100000000)
  eden space 19968K, 0% used [0x00000000eab00000,0x00000000eab00000,0x00000000ebe80000)
  from space 2048K, 0% used [0x00000000ec100000,0x00000000ec100000,0x00000000ec300000)
  to   space 1024K, 0% used [0x00000000ec300000,0x00000000ec300000,0x00000000ec400000)
 ParOldGen       total 68608K, used 25385K [0x00000000c0000000, 0x00000000c4300000, 0x00000000eab00000)
  object space 68608K, 37% used [0x00000000c0000000,0x00000000c18ca420,0x00000000c4300000)
 Metaspace       used 35148K, committed 35840K, reserved 1114112K
  class space    used 3419K, committed 3776K, reserved 1048576K
}

Dll operation events (9 events):
Event: 0.014 Loaded shared library c:\Users\syeda\.vscode\extensions\redhat.java-1.28.1-win32-x64\jre\17.0.10-win32-x86_64\bin\java.dll
Event: 0.219 Loaded shared library c:\Users\syeda\.vscode\extensions\redhat.java-1.28.1-win32-x64\jre\17.0.10-win32-x86_64\bin\zip.dll
Event: 0.226 Loaded shared library C:\Users\syeda\.vscode\extensions\redhat.java-1.28.1-win32-x64\jre\17.0.10-win32-x86_64\bin\instrument.dll
Event: 0.245 Loaded shared library C:\Users\syeda\.vscode\extensions\redhat.java-1.28.1-win32-x64\jre\17.0.10-win32-x86_64\bin\net.dll
Event: 0.249 Loaded shared library C:\Users\syeda\.vscode\extensions\redhat.java-1.28.1-win32-x64\jre\17.0.10-win32-x86_64\bin\nio.dll
Event: 0.263 Loaded shared library C:\Users\syeda\.vscode\extensions\redhat.java-1.28.1-win32-x64\jre\17.0.10-win32-x86_64\bin\zip.dll
Event: 0.299 Loaded shared library C:\Users\syeda\.vscode\extensions\redhat.java-1.28.1-win32-x64\jre\17.0.10-win32-x86_64\bin\jimage.dll
Event: 0.411 Loaded shared library c:\Users\syeda\.vscode\extensions\redhat.java-1.28.1-win32-x64\jre\17.0.10-win32-x86_64\bin\verify.dll
Event: 2.323 Loaded shared library C:\Users\syeda\AppData\Roaming\Code\User\globalStorage\redhat.java\1.28.1\config_win\org.eclipse.equinox.launcher\org.eclipse.equinox.launcher.win32.win32.x86_64_1.2.900.v20240129-1338\eclipse_11900.dll

Deoptimization events (20 events):
Event: 8.892 Thread 0x0000026d433b5610 Uncommon trap: trap_request=0xffffffde fr.pc=0x0000026d31da7108 relative=0x0000000000000068
Event: 8.892 Thread 0x0000026d433b5610 Uncommon trap: reason=class_check action=maybe_recompile pc=0x0000026d31da7108 method=java.lang.Character.codePointAt(Ljava/lang/CharSequence;I)I @ 2 c2
Event: 8.892 Thread 0x0000026d433b5610 DEOPT PACKING pc=0x0000026d31da7108 sp=0x00000085a79fea00
Event: 8.892 Thread 0x0000026d433b5610 DEOPT UNPACKING pc=0x0000026d314e66a3 sp=0x00000085a79fe988 mode 2
Event: 8.892 Thread 0x0000026d433b5610 Uncommon trap: trap_request=0xffffffde fr.pc=0x0000026d31da7108 relative=0x0000000000000068
Event: 8.892 Thread 0x0000026d433b5610 Uncommon trap: reason=class_check action=maybe_recompile pc=0x0000026d31da7108 method=java.lang.Character.codePointAt(Ljava/lang/CharSequence;I)I @ 2 c2
Event: 8.892 Thread 0x0000026d433b5610 DEOPT PACKING pc=0x0000026d31da7108 sp=0x00000085a79fea00
Event: 8.892 Thread 0x0000026d433b5610 DEOPT UNPACKING pc=0x0000026d314e66a3 sp=0x00000085a79fe988 mode 2
Event: 8.905 Thread 0x0000026d42c5a500 Uncommon trap: trap_request=0xffffffc6 fr.pc=0x0000026d31c77cf4 relative=0x00000000000009b4
Event: 8.905 Thread 0x0000026d42c5a500 Uncommon trap: reason=bimorphic_or_optimized_type_check action=maybe_recompile pc=0x0000026d31c77cf4 method=java.util.HashMap.putVal(ILjava/lang/Object;Ljava/lang/Object;ZZ)Ljava/lang/Object; @ 56 c2
Event: 8.905 Thread 0x0000026d42c5a500 DEOPT PACKING pc=0x0000026d31c77cf4 sp=0x00000085a6afdb40
Event: 8.905 Thread 0x0000026d42c5a500 DEOPT UNPACKING pc=0x0000026d314e66a3 sp=0x00000085a6afda40 mode 2
Event: 8.905 Thread 0x0000026d42c5a500 Uncommon trap: trap_request=0xffffffc6 fr.pc=0x0000026d31c77cf4 relative=0x00000000000009b4
Event: 8.905 Thread 0x0000026d42c5a500 Uncommon trap: reason=bimorphic_or_optimized_type_check action=maybe_recompile pc=0x0000026d31c77cf4 method=java.util.HashMap.putVal(ILjava/lang/Object;Ljava/lang/Object;ZZ)Ljava/lang/Object; @ 56 c2
Event: 8.905 Thread 0x0000026d42c5a500 DEOPT PACKING pc=0x0000026d31c77cf4 sp=0x00000085a6afdb40
Event: 8.905 Thread 0x0000026d42c5a500 DEOPT UNPACKING pc=0x0000026d314e66a3 sp=0x00000085a6afda40 mode 2
Event: 8.905 Thread 0x0000026d42c5a500 Uncommon trap: trap_request=0xffffffc6 fr.pc=0x0000026d31c99648 relative=0x0000000000000908
Event: 8.905 Thread 0x0000026d42c5a500 Uncommon trap: reason=bimorphic_or_optimized_type_check action=maybe_recompile pc=0x0000026d31c99648 method=java.util.HashMap.putVal(ILjava/lang/Object;Ljava/lang/Object;ZZ)Ljava/lang/Object; @ 56 c2
Event: 8.905 Thread 0x0000026d42c5a500 DEOPT PACKING pc=0x0000026d31c99648 sp=0x00000085a6afdab0
Event: 8.905 Thread 0x0000026d42c5a500 DEOPT UNPACKING pc=0x0000026d314e66a3 sp=0x00000085a6afda38 mode 2

Classes unloaded (7 events):
Event: 9.319 Thread 0x0000026d404145f0 Unloading class 0x0000000100250400 'java/lang/invoke/LambdaForm$MH+0x0000000100250400'
Event: 9.319 Thread 0x0000026d404145f0 Unloading class 0x0000000100250000 'java/lang/invoke/LambdaForm$MH+0x0000000100250000'
Event: 9.319 Thread 0x0000026d404145f0 Unloading class 0x000000010024bc00 'java/lang/invoke/LambdaForm$MH+0x000000010024bc00'
Event: 9.319 Thread 0x0000026d404145f0 Unloading class 0x000000010024b800 'java/lang/invoke/LambdaForm$MH+0x000000010024b800'
Event: 9.319 Thread 0x0000026d404145f0 Unloading class 0x000000010024b400 'java/lang/invoke/LambdaForm$BMH+0x000000010024b400'
Event: 9.319 Thread 0x0000026d404145f0 Unloading class 0x000000010024b000 'java/lang/invoke/LambdaForm$DMH+0x000000010024b000'
Event: 9.319 Thread 0x0000026d404145f0 Unloading class 0x0000000100248400 'java/lang/invoke/LambdaForm$DMH+0x0000000100248400'

Classes redefined (0 events):
No events

Internal exceptions (20 events):
Event: 5.599 Thread 0x0000026d42c5a500 Exception <a 'java/lang/NoSuchMethodError'{0x00000000eb31e480}: 'java.lang.Object java.lang.invoke.DirectMethodHandle$Holder.newInvokeSpecial(java.lang.Object, java.lang.Object, java.lang.Object, long)'> (0x00000000eb31e480) 
thrown [s\src\hotspot\share\interpreter\linkResolver.cpp, line 759]
Event: 5.601 Thread 0x0000026d42c5a500 Exception <a 'java/lang/NoSuchMethodError'{0x00000000eb322a20}: 'java.lang.Object java.lang.invoke.DirectMethodHandle$Holder.invokeSpecial(java.lang.Object, java.lang.Object, java.lang.Object, java.lang.Object, long)'> (0x00000000eb322a20) 
thrown [s\src\hotspot\share\interpreter\linkResolver.cpp, line 759]
Event: 5.603 Thread 0x0000026d42c5a500 Exception <a 'java/lang/NoSuchMethodError'{0x00000000eb326898}: 'java.lang.Object java.lang.invoke.Invokers$Holder.linkToTargetMethod(java.lang.Object, java.lang.Object, long, java.lang.Object)'> (0x00000000eb326898) 
thrown [s\src\hotspot\share\interpreter\linkResolver.cpp, line 759]
Event: 5.637 Thread 0x0000026d42c5a500 Exception <a 'java/lang/NoSuchMethodError'{0x00000000eb39f4b0}: 'int java.lang.invoke.DirectMethodHandle$Holder.invokeStaticInit(java.lang.Object, java.lang.Object, java.lang.Object)'> (0x00000000eb39f4b0) 
thrown [s\src\hotspot\share\interpreter\linkResolver.cpp, line 759]
Event: 5.661 Thread 0x0000026d42c5a500 Exception <a 'java/lang/IncompatibleClassChangeError'{0x00000000eb41b3e0}: Found class java.lang.Object, but interface was expected> (0x00000000eb41b3e0) 
thrown [s\src\hotspot\share\interpreter\linkResolver.cpp, line 826]
Event: 6.841 Thread 0x0000026d42c5a500 Exception <a 'java/lang/NoSuchMethodError'{0x00000000ebc76c60}: 'java.lang.Object java.lang.invoke.DirectMethodHandle$Holder.invokeSpecial(java.lang.Object, java.lang.Object, java.lang.Object, int, java.lang.Object, java.lang.Object)'> (0x00000000ebc76c60) 
thrown [s\src\hotspot\share\interpreter\linkResolver.cpp, line 759]
Event: 6.842 Thread 0x0000026d42c5a500 Exception <a 'java/lang/NoSuchMethodError'{0x00000000ebc7f358}: 'java.lang.Object java.lang.invoke.DirectMethodHandle$Holder.newInvokeSpecial(java.lang.Object, java.lang.Object, java.lang.Object, int, java.lang.Object)'> (0x00000000ebc7f358) 
thrown [s\src\hotspot\share\interpreter\linkResolver.cpp, line 759]
Event: 6.842 Thread 0x0000026d42c5a500 Exception <a 'java/lang/NoSuchMethodError'{0x00000000ebc83a20}: 'java.lang.Object java.lang.invoke.DirectMethodHandle$Holder.invokeSpecial(java.lang.Object, java.lang.Object, java.lang.Object, java.lang.Object, int, java.lang.Object)'> (0x00000000ebc83a20) 
thrown [s\src\hotspot\share\interpreter\linkResolver.cpp, line 759]
Event: 6.843 Thread 0x0000026d433b3cc0 Exception <a 'java/lang/NoSuchMethodError'{0x00000000eb361f50}: 'java.lang.Object java.lang.invoke.DirectMethodHandle$Holder.invokeSpecial(java.lang.Object, java.lang.Object, int, java.lang.Object, java.lang.Object)'> (0x00000000eb361f50) 
thrown [s\src\hotspot\share\interpreter\linkResolver.cpp, line 759]
Event: 7.198 Thread 0x0000026d42c5a500 Exception <a 'java/lang/NoSuchMethodError'{0x00000000eb626388}: 'java.lang.Object java.lang.invoke.Invokers$Holder.linkToTargetMethod(java.lang.Object, long, java.lang.Object, java.lang.Object)'> (0x00000000eb626388) 
thrown [s\src\hotspot\share\interpreter\linkResolver.cpp, line 759]
Event: 7.439 Thread 0x0000026d42c5a500 Exception <a 'java/io/FileNotFoundException'{0x00000000ebd6ad70}> (0x00000000ebd6ad70) 
thrown [s\src\hotspot\share\prims\jni.cpp, line 516]
Event: 7.442 Thread 0x0000026d42c5a500 Exception <a 'java/lang/NoSuchMethodError'{0x00000000ebd73de8}: 'java.lang.Object java.lang.invoke.DirectMethodHandle$Holder.newInvokeSpecial(java.lang.Object, int, java.lang.Object, java.lang.Object)'> (0x00000000ebd73de8) 
thrown [s\src\hotspot\share\interpreter\linkResolver.cpp, line 759]
Event: 7.681 Thread 0x0000026d42c5a500 Exception <a 'java/lang/NoSuchMethodError'{0x00000000eb0ed9b0}: 'void java.lang.invoke.DirectMethodHandle$Holder.invokeSpecial(java.lang.Object, java.lang.Object, java.lang.Object, int)'> (0x00000000eb0ed9b0) 
thrown [s\src\hotspot\share\interpreter\linkResolver.cpp, line 759]
Event: 8.751 Thread 0x0000026d42c5a500 Exception <a 'java/lang/ClassNotFoundException'{0x00000000eb268ea0}: com/sun/org/apache/xerces/internal/impl/msg/spi/DOMMessagesProvider> (0x00000000eb268ea0) 
thrown [s\src\hotspot\share\classfile\systemDictionary.cpp, line 256]
Event: 8.755 Thread 0x0000026d42c5a500 Exception <a 'java/lang/ClassNotFoundException'{0x00000000eb285ac0}: com/sun/org/apache/xerces/internal/impl/msg/spi/XMLSerializerMessagesProvider> (0x00000000eb285ac0) 
thrown [s\src\hotspot\share\classfile\systemDictionary.cpp, line 256]
Event: 8.761 Thread 0x0000026d42c5a500 Exception <a 'java/lang/ClassNotFoundException'{0x00000000eb292cf8}: com/sun/org/apache/xerces/internal/impl/msg/spi/XMLMessagesProvider> (0x00000000eb292cf8) 
thrown [s\src\hotspot\share\classfile\systemDictionary.cpp, line 256]
Event: 8.847 Thread 0x0000026d433b3cc0 Exception <a 'java/lang/NoSuchMethodError'{0x00000000eb352578}: 'void java.lang.invoke.DirectMethodHandle$Holder.invokeStatic(java.lang.Object, java.lang.Object, java.lang.Object, java.lang.Object)'> (0x00000000eb352578) 
thrown [s\src\hotspot\share\interpreter\linkResolver.cpp, line 759]
Event: 8.938 Thread 0x0000026d433b5610 Exception <a 'java/lang/NoSuchMethodError'{0x00000000eb84edf8}: 'java.lang.Object java.lang.invoke.DirectMethodHandle$Holder.invokeSpecialIFC(java.lang.Object, java.lang.Object, java.lang.Object, java.lang.Object)'> (0x00000000eb84edf8) 
thrown [s\src\hotspot\share\interpreter\linkResolver.cpp, line 759]
Event: 8.947 Thread 0x0000026d42c5a500 Exception <a 'java/lang/NoSuchMethodError'{0x00000000eb81ac98}: 'java.lang.Object java.lang.invoke.DirectMethodHandle$Holder.invokeStaticInit(java.lang.Object, int, int, int, int)'> (0x00000000eb81ac98) 
thrown [s\src\hotspot\share\interpreter\linkResolver.cpp, line 759]
Event: 9.161 Thread 0x0000026d42c5a500 Exception <a 'java/lang/NoSuchMethodError'{0x00000000ebcc3c28}: 'java.lang.Object java.lang.invoke.DirectMethodHandle$Holder.invokeStaticInit(java.lang.Object, java.lang.Object, int, int, int, int)'> (0x00000000ebcc3c28) 
thrown [s\src\hotspot\share\interpreter\linkResolver.cpp, line 759]

VM Operations (20 events):
Event: 8.231 Executing VM operation: ParallelGCFailedAllocation
Event: 8.236 Executing VM operation: ParallelGCFailedAllocation done
Event: 8.599 Executing VM operation: ParallelGCFailedAllocation
Event: 8.604 Executing VM operation: ParallelGCFailedAllocation done
Event: 8.668 Executing VM operation: HandshakeAllThreads
Event: 8.669 Executing VM operation: HandshakeAllThreads done
Event: 8.868 Executing VM operation: HandshakeAllThreads
Event: 8.869 Executing VM operation: HandshakeAllThreads done
Event: 8.905 Executing VM operation: HandshakeAllThreads
Event: 8.905 Executing VM operation: HandshakeAllThreads done
Event: 8.984 Executing VM operation: HandshakeAllThreads
Event: 8.985 Executing VM operation: HandshakeAllThreads done
Event: 9.107 Executing VM operation: HandshakeAllThreads
Event: 9.107 Executing VM operation: HandshakeAllThreads done
Event: 9.217 Executing VM operation: ParallelGCFailedAllocation
Event: 9.224 Executing VM operation: ParallelGCFailedAllocation done
Event: 9.305 Executing VM operation: CollectForMetadataAllocation
Event: 9.392 Executing VM operation: CollectForMetadataAllocation done
Event: 9.430 Executing VM operation: HandshakeAllThreads
Event: 9.433 Executing VM operation: HandshakeAllThreads done

Events (20 events):
Event: 9.425 loading class java/util/stream/Nodes$EmptyNode$OfInt
Event: 9.425 loading class java/util/stream/Node$OfInt
Event: 9.425 loading class java/util/stream/Node$OfPrimitive
Event: 9.425 loading class java/util/stream/Node$OfPrimitive done
Event: 9.425 loading class java/util/stream/Node$OfInt done
Event: 9.425 loading class java/util/stream/Nodes$EmptyNode$OfInt done
Event: 9.426 loading class java/util/stream/Nodes$EmptyNode$OfLong
Event: 9.426 loading class java/util/stream/Node$OfLong
Event: 9.426 loading class java/util/stream/Node$OfLong done
Event: 9.426 loading class java/util/stream/Nodes$EmptyNode$OfLong done
Event: 9.426 loading class java/util/stream/Nodes$EmptyNode$OfDouble
Event: 9.426 loading class java/util/stream/Node$OfDouble
Event: 9.427 loading class java/util/stream/Node$OfDouble done
Event: 9.428 loading class java/util/stream/Nodes$EmptyNode$OfDouble done
Event: 9.428 loading class java/util/stream/Nodes$SpinedNodeBuilder
Event: 9.428 loading class java/util/stream/Node$Builder
Event: 9.428 loading class java/util/stream/Node$Builder done
Event: 9.428 loading class java/util/stream/Nodes$SpinedNodeBuilder done
Event: 9.435 loading class java/util/ResourceBundle$Control$2
Event: 9.435 loading class java/util/ResourceBundle$Control$2 done


Dynamic libraries:
0x00007ff643bb0000 - 0x00007ff643bbe000 	c:\Users\syeda\.vscode\extensions\redhat.java-1.28.1-win32-x64\jre\17.0.10-win32-x86_64\bin\java.exe
0x00007ffbe5750000 - 0x00007ffbe5967000 	C:\WINDOWS\SYSTEM32\ntdll.dll
0x00007ffbe3c80000 - 0x00007ffbe3d44000 	C:\WINDOWS\System32\KERNEL32.DLL
0x00007ffbe2ca0000 - 0x00007ffbe3046000 	C:\WINDOWS\System32\KERNELBASE.dll
0x00007ffbe3380000 - 0x00007ffbe3491000 	C:\WINDOWS\System32\ucrtbase.dll
0x00007ffbde150000 - 0x00007ffbde16b000 	c:\Users\syeda\.vscode\extensions\redhat.java-1.28.1-win32-x64\jre\17.0.10-win32-x86_64\bin\VCRUNTIME140.dll
0x00007ffbdd780000 - 0x00007ffbdd797000 	c:\Users\syeda\.vscode\extensions\redhat.java-1.28.1-win32-x64\jre\17.0.10-win32-x86_64\bin\jli.dll
0x00007ffbe3d50000 - 0x00007ffbe3efe000 	C:\WINDOWS\System32\USER32.dll
0x00007ffbd0520000 - 0x00007ffbd07b3000 	C:\WINDOWS\WinSxS\amd64_microsoft.windows.common-controls_6595b64144ccf1df_6.0.22621.2506_none_270c5ae97388e100\COMCTL32.dll
0x00007ffbe3050000 - 0x00007ffbe3076000 	C:\WINDOWS\System32\win32u.dll
0x00007ffbe4900000 - 0x00007ffbe49a7000 	C:\WINDOWS\System32\msvcrt.dll
0x00007ffbe3920000 - 0x00007ffbe3949000 	C:\WINDOWS\System32\GDI32.dll
0x00007ffbe3140000 - 0x00007ffbe3258000 	C:\WINDOWS\System32\gdi32full.dll
0x00007ffbe2a90000 - 0x00007ffbe2b2a000 	C:\WINDOWS\System32\msvcp_win.dll
0x00007ffbe3f00000 - 0x00007ffbe3f31000 	C:\WINDOWS\System32\IMM32.DLL
0x00007ffbde270000 - 0x00007ffbde27c000 	c:\Users\syeda\.vscode\extensions\redhat.java-1.28.1-win32-x64\jre\17.0.10-win32-x86_64\bin\vcruntime140_1.dll
0x00007ffbd6670000 - 0x00007ffbd66fd000 	c:\Users\syeda\.vscode\extensions\redhat.java-1.28.1-win32-x64\jre\17.0.10-win32-x86_64\bin\msvcp140.dll
0x00007ffba1870000 - 0x00007ffba24d2000 	c:\Users\syeda\.vscode\extensions\redhat.java-1.28.1-win32-x64\jre\17.0.10-win32-x86_64\bin\server\jvm.dll
0x00007ffbe4af0000 - 0x00007ffbe4ba3000 	C:\WINDOWS\System32\ADVAPI32.dll
0x00007ffbe3b20000 - 0x00007ffbe3bc8000 	C:\WINDOWS\System32\sechost.dll
0x00007ffbe32d0000 - 0x00007ffbe32f8000 	C:\WINDOWS\System32\bcrypt.dll
0x00007ffbe45b0000 - 0x00007ffbe46c7000 	C:\WINDOWS\System32\RPCRT4.dll
0x00007ffbdbd50000 - 0x00007ffbdbd5a000 	C:\WINDOWS\SYSTEM32\VERSION.dll
0x00007ffbdbba0000 - 0x00007ffbdbbd4000 	C:\WINDOWS\SYSTEM32\WINMM.dll
0x00007ffbe18f0000 - 0x00007ffbe193d000 	C:\WINDOWS\SYSTEM32\POWRPROF.dll
0x00007ffbc4980000 - 0x00007ffbc4989000 	C:\WINDOWS\SYSTEM32\WSOCK32.dll
0x00007ffbe4100000 - 0x00007ffbe4171000 	C:\WINDOWS\System32\WS2_32.dll
0x00007ffbe18d0000 - 0x00007ffbe18e3000 	C:\WINDOWS\SYSTEM32\UMPDC.dll
0x00007ffbe1b90000 - 0x00007ffbe1ba8000 	C:\WINDOWS\SYSTEM32\kernel.appcore.dll
0x00007ffbde100000 - 0x00007ffbde10a000 	c:\Users\syeda\.vscode\extensions\redhat.java-1.28.1-win32-x64\jre\17.0.10-win32-x86_64\bin\jimage.dll
0x00007ffbd9e90000 - 0x00007ffbda0c3000 	C:\WINDOWS\SYSTEM32\DBGHELP.DLL
0x00007ffbe41c0000 - 0x00007ffbe4549000 	C:\WINDOWS\System32\combase.dll
0x00007ffbe39e0000 - 0x00007ffbe3ab7000 	C:\WINDOWS\System32\OLEAUT32.dll
0x00007ffbd9e10000 - 0x00007ffbd9e42000 	C:\WINDOWS\SYSTEM32\dbgcore.DLL
0x00007ffbe3300000 - 0x00007ffbe337a000 	C:\WINDOWS\System32\bcryptPrimitives.dll
0x00007ffbdd770000 - 0x00007ffbdd77e000 	c:\Users\syeda\.vscode\extensions\redhat.java-1.28.1-win32-x64\jre\17.0.10-win32-x86_64\bin\instrument.dll
0x00007ffbdbe00000 - 0x00007ffbdbe25000 	c:\Users\syeda\.vscode\extensions\redhat.java-1.28.1-win32-x64\jre\17.0.10-win32-x86_64\bin\java.dll
0x00007ffbd8b60000 - 0x00007ffbd8b78000 	c:\Users\syeda\.vscode\extensions\redhat.java-1.28.1-win32-x64\jre\17.0.10-win32-x86_64\bin\zip.dll
0x00007ffbe4bb0000 - 0x00007ffbe540b000 	C:\WINDOWS\System32\SHELL32.dll
0x00007ffbe0980000 - 0x00007ffbe1276000 	C:\WINDOWS\SYSTEM32\windows.storage.dll
0x00007ffbe0840000 - 0x00007ffbe097e000 	C:\WINDOWS\SYSTEM32\wintypes.dll
0x00007ffbe49e0000 - 0x00007ffbe4ad3000 	C:\WINDOWS\System32\SHCORE.dll
0x00007ffbe3ac0000 - 0x00007ffbe3b1e000 	C:\WINDOWS\System32\shlwapi.dll
0x00007ffbe29c0000 - 0x00007ffbe29e6000 	C:\WINDOWS\SYSTEM32\profapi.dll
0x00007ffbd8b40000 - 0x00007ffbd8b59000 	C:\Users\syeda\.vscode\extensions\redhat.java-1.28.1-win32-x64\jre\17.0.10-win32-x86_64\bin\net.dll
0x00007ffbdcd10000 - 0x00007ffbdce47000 	C:\WINDOWS\SYSTEM32\WINHTTP.dll
0x00007ffbe2040000 - 0x00007ffbe20a9000 	C:\WINDOWS\system32\mswsock.dll
0x00007ffbd88e0000 - 0x00007ffbd88f6000 	C:\Users\syeda\.vscode\extensions\redhat.java-1.28.1-win32-x64\jre\17.0.10-win32-x86_64\bin\nio.dll
0x00007ffbdc030000 - 0x00007ffbdc040000 	c:\Users\syeda\.vscode\extensions\redhat.java-1.28.1-win32-x64\jre\17.0.10-win32-x86_64\bin\verify.dll
0x00007ffbd84b0000 - 0x00007ffbd84ee000 	C:\Users\syeda\AppData\Roaming\Code\User\globalStorage\redhat.java\1.28.1\config_win\org.eclipse.equinox.launcher\org.eclipse.equinox.launcher.win32.win32.x86_64_1.2.900.v20240129-1338\eclipse_11900.dll
0x00007ffbe5410000 - 0x00007ffbe55b0000 	C:\WINDOWS\System32\ole32.dll
0x00007ffbe22a0000 - 0x00007ffbe22bb000 	C:\WINDOWS\SYSTEM32\CRYPTSP.dll
0x00007ffbe1af0000 - 0x00007ffbe1b25000 	C:\WINDOWS\system32\rsaenh.dll
0x00007ffbe2130000 - 0x00007ffbe215c000 	C:\WINDOWS\SYSTEM32\USERENV.dll
0x00007ffbe2290000 - 0x00007ffbe229c000 	C:\WINDOWS\SYSTEM32\CRYPTBASE.dll
0x00007ffbe1540000 - 0x00007ffbe156d000 	C:\WINDOWS\SYSTEM32\IPHLPAPI.DLL
0x00007ffbe4180000 - 0x00007ffbe4189000 	C:\WINDOWS\System32\NSI.dll
0x00007ffbdcce0000 - 0x00007ffbdccf9000 	C:\WINDOWS\SYSTEM32\dhcpcsvc6.DLL
0x00007ffbdca10000 - 0x00007ffbdca2f000 	C:\WINDOWS\SYSTEM32\dhcpcsvc.DLL
0x00007ffbe1570000 - 0x00007ffbe1669000 	C:\WINDOWS\SYSTEM32\DNSAPI.dll

dbghelp: loaded successfully - version: 4.0.5 - missing functions: none
symbol engine: initialized successfully - sym options: 0x614 - pdb path: .;c:\Users\syeda\.vscode\extensions\redhat.java-1.28.1-win32-x64\jre\17.0.10-win32-x86_64\bin;C:\WINDOWS\SYSTEM32;C:\WINDOWS\WinSxS\amd64_microsoft.windows.common-controls_6595b64144ccf1df_6.0.22621.2506_none_270c5ae97388e100;c:\Users\syeda\.vscode\extensions\redhat.java-1.28.1-win32-x64\jre\17.0.10-win32-x86_64\bin\server;C:\Users\syeda\AppData\Roaming\Code\User\globalStorage\redhat.java\1.28.1\config_win\org.eclipse.equinox.launcher\org.eclipse.equinox.launcher.win32.win32.x86_64_1.2.900.v20240129-1338

VM Arguments:
jvm_args: --add-modules=ALL-SYSTEM --add-opens=java.base/java.util=ALL-UNNAMED --add-opens=java.base/java.lang=ALL-UNNAMED --add-opens=java.base/sun.nio.fs=ALL-UNNAMED -Declipse.application=org.eclipse.jdt.ls.core.id1 -Dosgi.bundles.defaultStartLevel=4 -Declipse.product=org.eclipse.jdt.ls.core.product -Djava.import.generatesMetadataFilesAtProjectRoot=false -DDetectVMInstallationsJob.disabled=true -Dfile.encoding=utf8 -XX:+UseParallelGC -XX:GCTimeRatio=4 -XX:AdaptiveSizePolicyWeight=90 -Dsun.zip.disableMemoryMapping=true -Xmx1G -Xms100m -Xlog:disable -javaagent:c:\Users\syeda\.vscode\extensions\redhat.java-1.28.1-win32-x64\lombok\lombok-1.18.31.jar -XX:+HeapDumpOnOutOfMemoryError -XX:HeapDumpPath=c:\Users\syeda\AppData\Roaming\Code\User\workspaceStorage\eac1d6115e6ea59bc84d52a110b34a36\redhat.java -Daether.dependencyCollector.impl=bf 
java_command: c:\Users\syeda\.vscode\extensions\redhat.java-1.28.1-win32-x64\server\plugins\org.eclipse.equinox.launcher_1.6.700.v20231214-2017.jar -configuration c:\Users\syeda\AppData\Roaming\Code\User\globalStorage\redhat.java\1.28.1\config_win -data c:\Users\syeda\AppData\Roaming\Code\User\workspaceStorage\eac1d6115e6ea59bc84d52a110b34a36\redhat.java\jdt_ws --stdio
java_class_path (initial): c:\Users\syeda\.vscode\extensions\redhat.java-1.28.1-win32-x64\server\plugins\org.eclipse.equinox.launcher_1.6.700.v20231214-2017.jar
Launcher Type: SUN_STANDARD

[Global flags]
    uintx AdaptiveSizePolicyWeight                 = 90                                        {product} {command line}
     intx CICompilerCount                          = 12                                        {product} {ergonomic}
    uintx GCTimeRatio                              = 4                                         {product} {command line}
     bool HeapDumpOnOutOfMemoryError               = true                                   {manageable} {command line}
    ccstr HeapDumpPath                             = c:\Users\syeda\AppData\Roaming\Code\User\workspaceStorage\eac1d6115e6ea59bc84d52a110b34a36\redhat.java         {manageable} {command line}
   size_t InitialHeapSize                          = 104857600                                 {product} {command line}
   size_t MaxHeapSize                              = 1073741824                                {product} {command line}
   size_t MaxNewSize                               = 357564416                                 {product} {ergonomic}
   size_t MinHeapDeltaBytes                        = 524288                                    {product} {ergonomic}
   size_t MinHeapSize                              = 104857600                                 {product} {command line}
   size_t NewSize                                  = 34603008                                  {product} {ergonomic}
    uintx NonNMethodCodeHeapSize                   = 7602480                                {pd product} {ergonomic}
    uintx NonProfiledCodeHeapSize                  = 122027880                              {pd product} {ergonomic}
   size_t OldSize                                  = 70254592                                  {product} {ergonomic}
    uintx ProfiledCodeHeapSize                     = 122027880                              {pd product} {ergonomic}
    uintx ReservedCodeCacheSize                    = 251658240                              {pd product} {ergonomic}
     bool SegmentedCodeCache                       = true                                      {product} {ergonomic}
   size_t SoftMaxHeapSize                          = 1073741824                             {manageable} {ergonomic}
     bool UseCompressedClassPointers               = true                           {product lp64_product} {ergonomic}
     bool UseCompressedOops                        = true                           {product lp64_product} {ergonomic}
     bool UseLargePagesIndividualAllocation        = false                                  {pd product} {ergonomic}
     bool UseParallelGC                            = true                                      {product} {command line}

Logging:
Log output configuration:
 #0: stdout all=off uptime,level,tags
 #1: stderr all=off uptime,level,tags

Environment Variables:
JAVA_HOME=C:\Program Files\Java\jdk-17
PATH=C:\Program Files (x86)\Common Files\Intel\Shared Libraries\redist\intel64\compiler;C:\Program Files\Common Files\Oracle\Java\javapath;C:\Windows\system32;C:\Windows;C:\Windows\System32\Wbem;C:\Windows\System32\WindowsPowerShell\v1.0\;C:\Windows\System32\OpenSSH\;C:\Program Files (x86)\NVIDIA Corporation\PhysX\Common;C:\Program Files\NVIDIA Corporation\NVIDIA NvDLISR;C:\WINDOWS\system32;C:\WINDOWS;C:\WINDOWS\System32\Wbem;C:\WINDOWS\System32\WindowsPowerShell\v1.0\;C:\WINDOWS\System32\OpenSSH\;C:\Program Files\Git\cmd;C:\Users\syeda\AppData\Local\Android\Sdk\platform-tools;C:\Program Files\Android\Android Studio\jbr\bin;C:\Program Files\watchman-v2023.01.23.00-windows\bin;C:\Program Files\Git\usr\bin;C:\Users\syeda\AppData\Roaming\nvm;C:\Program Files\nodejs;C:\Program Files\Java\jdk-17\bin;C:\Program Files\Common Files\Oracle\Java\javapath;C:\Users\syeda\AppData\Local\Android\Sdk\tools;C:\Users\syeda\AppData\Local\Android\Sdk\tools;C:\Users\syeda\AppData\Local\Microsoft\WindowsApps;C:\Users\syeda\AppData\Roaming\npm;C:\Users\syeda\AppData\Local\Android\Sdk\platform-tools;C:\Users\syeda\AppData\Local\Programs\Microsoft VS Code\bin;C:\Users\syeda\AppData\Roaming\nvm;C:\Program Files\nodejs;C:\flutter_windows_3.13.6-stable\flutter\bin;
USERNAME=syeda
OS=Windows_NT
PROCESSOR_IDENTIFIER=AMD64 Family 23 Model 96 Stepping 1, AuthenticAMD
TMP=C:\Users\syeda\AppData\Local\Temp
TEMP=C:\Users\syeda\AppData\Local\Temp



Periodic native trim disabled


---------------  S Y S T E M  ---------------

OS:
 Windows 11 , 64 bit Build 22621 (10.0.22621.3085)
OS uptime: 2 days 6:41 hours
Hyper-V role detected

CPU: total 16 (initial active 16) (16 cores per cpu, 2 threads per core) family 23 model 96 stepping 1 microcode 0x0, cx8, cmov, fxsr, ht, mmx, 3dnowpref, sse, sse2, sse3, ssse3, sse4a, sse4.1, sse4.2, popcnt, lzcnt, tsc, tscinvbit, avx, avx2, aes, clmul, bmi1, bmi2, adx, sha, fma, vzeroupper, clflush, clflushopt, hv
Processor Information for all 16 processors :
  Max Mhz: 2901, Current Mhz: 2901, Mhz Limit: 2901

Memory: 4k page, system-wide physical 7598M (364M free)
TotalPageFile size 31150M (AvailPageFile size 62M)
current process WorkingSet (physical memory assigned to process): 183M, peak: 183M
current process commit charge ("private bytes"): 284M, peak: 284M

vm_info: OpenJDK 64-Bit Server VM (17.0.10+7) for windows-amd64 JRE (17.0.10+7), built on Jan 16 2024 23:25:11 by "admin" with MS VC++ 16.10 / 16.11 (VS2019)

END.
