#
# There is insufficient memory for the Java Runtime Environment to continue.
# Native memory allocation (malloc) failed to allocate 1048576 bytes for AllocateHeap
# Possible reasons:
#   The system is out of physical RAM or swap space
#   The process is running with CompressedOops enabled, and the Java Heap may be blocking the growth of the native heap
# Possible solutions:
#   Reduce memory load on the system
#   Increase physical memory or swap space
#   Check if swap backing store is full
#   Decrease Java heap size (-Xmx/-Xms)
#   Decrease number of Java threads
#   Decrease Java thread stack sizes (-Xss)
#   Set larger code cache with -XX:ReservedCodeCacheSize=
#   JVM is running with Unscaled Compressed Oops mode in which the Java heap is
#     placed in the first 4GB address space. The Java Heap base address is the
#     maximum limit for the native heap growth. Please use -XX:HeapBaseMinAddress
#     to set the Java Heap base and to place the Java Heap above 4GB virtual address.
# This output file may be truncated or incomplete.
#
#  Out of Memory Error (allocation.cpp:44), pid=20624, tid=11956
#
# JRE version:  (17.0.10+7) (build )
# Java VM: OpenJDK 64-Bit Server VM (17.0.10+7, mixed mode, tiered, compressed oops, compressed class ptrs, parallel gc, windows-amd64)
# No core dump will be written. Minidumps are not enabled by default on client versions of Windows
#

---------------  S U M M A R Y ------------

Command Line: --add-modules=ALL-SYSTEM --add-opens=java.base/java.util=ALL-UNNAMED --add-opens=java.base/java.lang=ALL-UNNAMED --add-opens=java.base/sun.nio.fs=ALL-UNNAMED -Declipse.application=org.eclipse.jdt.ls.core.id1 -Dosgi.bundles.defaultStartLevel=4 -Declipse.product=org.eclipse.jdt.ls.core.product -Djava.import.generatesMetadataFilesAtProjectRoot=false -DDetectVMInstallationsJob.disabled=true -Dfile.encoding=utf8 -XX:+UseParallelGC -XX:GCTimeRatio=4 -XX:AdaptiveSizePolicyWeight=90 -Dsun.zip.disableMemoryMapping=true -Xmx1G -Xms100m -Xlog:disable -javaagent:c:\Users\syeda\.vscode\extensions\redhat.java-1.28.1-win32-x64\lombok\lombok-1.18.31.jar -XX:+HeapDumpOnOutOfMemoryError -XX:HeapDumpPath=c:\Users\syeda\AppData\Roaming\Code\User\workspaceStorage\eac1d6115e6ea59bc84d52a110b34a36\redhat.java -Daether.dependencyCollector.impl=bf c:\Users\syeda\.vscode\extensions\redhat.java-1.28.1-win32-x64\server\plugins\org.eclipse.equinox.launcher_1.6.700.v20231214-2017.jar -configuration c:\Users\syeda\AppData\Roaming\Code\User\globalStorage\redhat.java\1.28.1\config_win -data c:\Users\syeda\AppData\Roaming\Code\User\workspaceStorage\eac1d6115e6ea59bc84d52a110b34a36\redhat.java\jdt_ws --stdio

Host: AMD Ryzen 7 4800H with Radeon Graphics         , 16 cores, 7G,  Windows 11 , 64 bit Build 22621 (10.0.22621.3085)
Time: Tue Mar  5 07:03:13 2024 India Standard Time elapsed time: 0.071282 seconds (0d 0h 0m 0s)

---------------  T H R E A D  ---------------

Current thread (0x0000026dea100e70):  JavaThread "Unknown thread" [_thread_in_vm, id=11956, stack(0x000000d801700000,0x000000d801800000)]

Stack: [0x000000d801700000,0x000000d801800000]
Native frames: (J=compiled Java code, j=interpreted, Vv=VM code, C=native code)
V  [jvm.dll+0x67d2c9]
V  [jvm.dll+0x834afa]
V  [jvm.dll+0x8365be]
V  [jvm.dll+0x836c23]
V  [jvm.dll+0x2477ff]
V  [jvm.dll+0xa6c93]
V  [jvm.dll+0x6aff76]
V  [jvm.dll+0x6b0b4f]
V  [jvm.dll+0x689a43]
V  [jvm.dll+0x806a7b]
V  [jvm.dll+0x36c774]
V  [jvm.dll+0x7e4e06]
V  [jvm.dll+0x3eff3f]
V  [jvm.dll+0x3f1b71]
C  [jli.dll+0x528f]
C  [ucrtbase.dll+0x29363]
C  [KERNEL32.DLL+0x1257d]
C  [ntdll.dll+0x5aa58]


---------------  P R O C E S S  ---------------

Threads class SMR info:
_java_thread_list=0x00007ffba239ee98, length=0, elements={
}

Java Threads: ( => current thread )

Other Threads:
  0x0000026dea116950 GCTaskThread "GC Thread#0" [stack: 0x000000d801800000,0x000000d801900000] [id=27792]

=>0x0000026dea100e70 (exited) JavaThread "Unknown thread" [_thread_in_vm, id=11956, stack(0x000000d801700000,0x000000d801800000)]

Threads with active compile tasks:

VM state: not at safepoint (normal execution)

VM Mutex/Monitor currently owned by a thread: None

Heap address: 0x00000000c0000000, size: 1024 MB, Compressed Oops mode: 32-bit

CDS archive(s) not mapped
Compressed class space mapped at: 0x0000000100000000-0x0000000140000000, reserved size: 1073741824
Narrow klass base: 0x0000000000000000, Narrow klass shift: 3, Narrow klass range: 0x140000000

GC Precious Log:
 CPUs: 16 total, 16 available
 Memory: 7598M
 Large Page Support: Disabled
 NUMA Support: Disabled
 Compressed Oops: Enabled (32-bit)
 Alignments: Space 512K, Generation 512K, Heap 2M
 Heap Min Capacity: 100M
 Heap Initial Capacity: 100M
 Heap Max Capacity: 1G
 Pre-touch: Disabled
 Parallel Workers: 13

Heap:
 PSYoungGen      total 29696K, used 512K [0x00000000eab00000, 0x00000000ecc00000, 0x0000000100000000)
  eden space 25600K, 2% used [0x00000000eab00000,0x00000000eab80070,0x00000000ec400000)
  from space 4096K, 0% used [0x00000000ec800000,0x00000000ec800000,0x00000000ecc00000)
  to   space 4096K, 0% used [0x00000000ec400000,0x00000000ec400000,0x00000000ec800000)
 ParOldGen       total 68608K, used 0K [0x00000000c0000000, 0x00000000c4300000, 0x00000000eab00000)
  object space 68608K, 0% used [0x00000000c0000000,0x00000000c0000000,0x00000000c4300000)
 Metaspace       used 1149K, committed 1216K, reserved 1114112K
  class space    used 101K, committed 128K, reserved 1048576K

Card table byte_map: [0x0000026dfd750000,0x0000026dfd960000] _byte_map_base: 0x0000026dfd150000

Marking Bits: (ParMarkBitMap*) 0x00007ffba240d7d0
 Begin Bits: [0x0000026dfdac0000, 0x0000026dfeac0000)
 End Bits:   [0x0000026dfeac0000, 0x0000026dffac0000)

Polling page: 0x0000026de9f30000

Metaspace:

Usage:
  Non-class:      1.02 MB used.
      Class:    101.05 KB used.
       Both:      1.12 MB used.

Virtual space:
  Non-class space:       64.00 MB reserved,       1.06 MB (  2%) committed,  1 nodes.
      Class space:        1.00 GB reserved,     128.00 KB ( <1%) committed,  1 nodes.
             Both:        1.06 GB reserved,       1.19 MB ( <1%) committed. 

Chunk freelists:
   Non-Class:  12.00 MB
       Class:  15.75 MB
        Both:  27.75 MB

MaxMetaspaceSize: unlimited
CompressedClassSpaceSize: 1.00 GB
Initial GC threshold: 21.00 MB
Current GC threshold: 17179869184.00 GB
CDS: off
MetaspaceReclaimPolicy: balanced
 - commit_granule_bytes: 65536.
 - commit_granule_words: 8192.
 - virtual_space_node_default_size: 8388608.
 - enlarge_chunks_in_place: 1.
 - new_chunks_are_fully_committed: 0.
 - uncommit_free_chunks: 1.
 - use_allocation_guard: 0.
 - handle_deallocations: 1.


Internal statistics:

num_allocs_failed_limit: 0.
num_arena_births: 2.
num_arena_deaths: 0.
num_vsnodes_births: 2.
num_vsnodes_deaths: 0.
num_space_committed: 19.
num_space_uncommitted: 0.
num_chunks_returned_to_freelist: 0.
num_chunks_taken_from_freelist: 3.
num_chunk_merges: 0.
num_chunk_splits: 2.
num_chunks_enlarged: 0.
num_inconsistent_stats: 0.

CodeHeap 'non-profiled nmethods': size=119168Kb used=0Kb max_used=0Kb free=119168Kb
 bounds [0x0000026df6110000, 0x0000026df6380000, 0x0000026dfd570000]
CodeHeap 'profiled nmethods': size=119104Kb used=0Kb max_used=0Kb free=119104Kb
 bounds [0x0000026dee570000, 0x0000026dee7e0000, 0x0000026df59c0000]
CodeHeap 'non-nmethods': size=7488Kb used=202Kb max_used=353Kb free=7285Kb
 bounds [0x0000026df59c0000, 0x0000026df5c30000, 0x0000026df6110000]
 total_blobs=66 nmethods=0 adapters=47
 compilation: enabled
              stopped_count=0, restarted_count=0
 full_count=0

Compilation events (0 events):
No events

GC Heap History (0 events):
No events

Dll operation events (1 events):
Event: 0.025 Loaded shared library c:\Users\syeda\.vscode\extensions\redhat.java-1.28.1-win32-x64\jre\17.0.10-win32-x86_64\bin\java.dll

Deoptimization events (0 events):
No events

Classes unloaded (0 events):
No events

Classes redefined (0 events):
No events

Internal exceptions (0 events):
No events

VM Operations (0 events):
No events

Events (20 events):
Event: 0.060 loading class java/lang/Long
Event: 0.060 loading class java/lang/Long done
Event: 0.060 loading class java/util/Iterator
Event: 0.060 loading class java/util/Iterator done
Event: 0.060 loading class java/lang/reflect/RecordComponent
Event: 0.060 loading class java/lang/reflect/RecordComponent done
Event: 0.060 loading class jdk/internal/vm/vector/VectorSupport
Event: 0.061 loading class jdk/internal/vm/vector/VectorSupport done
Event: 0.061 loading class jdk/internal/vm/vector/VectorSupport$VectorPayload
Event: 0.061 loading class jdk/internal/vm/vector/VectorSupport$VectorPayload done
Event: 0.061 loading class jdk/internal/vm/vector/VectorSupport$Vector
Event: 0.061 loading class jdk/internal/vm/vector/VectorSupport$Vector done
Event: 0.061 loading class jdk/internal/vm/vector/VectorSupport$VectorMask
Event: 0.061 loading class jdk/internal/vm/vector/VectorSupport$VectorMask done
Event: 0.061 loading class jdk/internal/vm/vector/VectorSupport$VectorShuffle
Event: 0.061 loading class jdk/internal/vm/vector/VectorSupport$VectorShuffle done
Event: 0.065 loading class java/lang/NullPointerException
Event: 0.065 loading class java/lang/NullPointerException done
Event: 0.065 loading class java/lang/ArithmeticException
Event: 0.065 loading class java/lang/ArithmeticException done


Dynamic libraries:
0x00007ff643bb0000 - 0x00007ff643bbe000 	c:\Users\syeda\.vscode\extensions\redhat.java-1.28.1-win32-x64\jre\17.0.10-win32-x86_64\bin\java.exe
0x00007ffbe5750000 - 0x00007ffbe5967000 	C:\WINDOWS\SYSTEM32\ntdll.dll
0x00007ffbe3c80000 - 0x00007ffbe3d44000 	C:\WINDOWS\System32\KERNEL32.DLL
0x00007ffbe2ca0000 - 0x00007ffbe3046000 	C:\WINDOWS\System32\KERNELBASE.dll
0x00007ffbdbe10000 - 0x00007ffbdbe27000 	c:\Users\syeda\.vscode\extensions\redhat.java-1.28.1-win32-x64\jre\17.0.10-win32-x86_64\bin\jli.dll
0x00007ffbe3380000 - 0x00007ffbe3491000 	C:\WINDOWS\System32\ucrtbase.dll
0x00007ffbdd780000 - 0x00007ffbdd79b000 	c:\Users\syeda\.vscode\extensions\redhat.java-1.28.1-win32-x64\jre\17.0.10-win32-x86_64\bin\VCRUNTIME140.dll
0x00007ffbe3d50000 - 0x00007ffbe3efe000 	C:\WINDOWS\System32\USER32.dll
0x00007ffbd0520000 - 0x00007ffbd07b3000 	C:\WINDOWS\WinSxS\amd64_microsoft.windows.common-controls_6595b64144ccf1df_6.0.22621.2506_none_270c5ae97388e100\COMCTL32.dll
0x00007ffbe3050000 - 0x00007ffbe3076000 	C:\WINDOWS\System32\win32u.dll
0x00007ffbe4900000 - 0x00007ffbe49a7000 	C:\WINDOWS\System32\msvcrt.dll
0x00007ffbe3920000 - 0x00007ffbe3949000 	C:\WINDOWS\System32\GDI32.dll
0x00007ffbe3140000 - 0x00007ffbe3258000 	C:\WINDOWS\System32\gdi32full.dll
0x00007ffbe2a90000 - 0x00007ffbe2b2a000 	C:\WINDOWS\System32\msvcp_win.dll
0x00007ffbe3f00000 - 0x00007ffbe3f31000 	C:\WINDOWS\System32\IMM32.DLL
0x00007ffbde100000 - 0x00007ffbde10c000 	c:\Users\syeda\.vscode\extensions\redhat.java-1.28.1-win32-x64\jre\17.0.10-win32-x86_64\bin\vcruntime140_1.dll
0x00007ffbd6670000 - 0x00007ffbd66fd000 	c:\Users\syeda\.vscode\extensions\redhat.java-1.28.1-win32-x64\jre\17.0.10-win32-x86_64\bin\msvcp140.dll
0x00007ffba1870000 - 0x00007ffba24d2000 	c:\Users\syeda\.vscode\extensions\redhat.java-1.28.1-win32-x64\jre\17.0.10-win32-x86_64\bin\server\jvm.dll
0x00007ffbe4af0000 - 0x00007ffbe4ba3000 	C:\WINDOWS\System32\ADVAPI32.dll
0x00007ffbe3b20000 - 0x00007ffbe3bc8000 	C:\WINDOWS\System32\sechost.dll
0x00007ffbe32d0000 - 0x00007ffbe32f8000 	C:\WINDOWS\System32\bcrypt.dll
0x00007ffbe45b0000 - 0x00007ffbe46c7000 	C:\WINDOWS\System32\RPCRT4.dll
0x00007ffbe18f0000 - 0x00007ffbe193d000 	C:\WINDOWS\SYSTEM32\POWRPROF.dll
0x00007ffbc4980000 - 0x00007ffbc4989000 	C:\WINDOWS\SYSTEM32\WSOCK32.dll
0x00007ffbe4100000 - 0x00007ffbe4171000 	C:\WINDOWS\System32\WS2_32.dll
0x00007ffbdbd50000 - 0x00007ffbdbd5a000 	C:\WINDOWS\SYSTEM32\VERSION.dll
0x00007ffbdbba0000 - 0x00007ffbdbbd4000 	C:\WINDOWS\SYSTEM32\WINMM.dll
0x00007ffbe18d0000 - 0x00007ffbe18e3000 	C:\WINDOWS\SYSTEM32\UMPDC.dll
0x00007ffbe1b90000 - 0x00007ffbe1ba8000 	C:\WINDOWS\SYSTEM32\kernel.appcore.dll
0x00007ffbdd770000 - 0x00007ffbdd77a000 	c:\Users\syeda\.vscode\extensions\redhat.java-1.28.1-win32-x64\jre\17.0.10-win32-x86_64\bin\jimage.dll
0x00007ffbd9e90000 - 0x00007ffbda0c3000 	C:\WINDOWS\SYSTEM32\DBGHELP.DLL
0x00007ffbe41c0000 - 0x00007ffbe4549000 	C:\WINDOWS\System32\combase.dll
0x00007ffbe39e0000 - 0x00007ffbe3ab7000 	C:\WINDOWS\System32\OLEAUT32.dll
0x00007ffbd9e10000 - 0x00007ffbd9e42000 	C:\WINDOWS\SYSTEM32\dbgcore.DLL
0x00007ffbe3300000 - 0x00007ffbe337a000 	C:\WINDOWS\System32\bcryptPrimitives.dll
0x00007ffbdc030000 - 0x00007ffbdc03e000 	c:\Users\syeda\.vscode\extensions\redhat.java-1.28.1-win32-x64\jre\17.0.10-win32-x86_64\bin\instrument.dll
0x00007ffbd8b50000 - 0x00007ffbd8b75000 	c:\Users\syeda\.vscode\extensions\redhat.java-1.28.1-win32-x64\jre\17.0.10-win32-x86_64\bin\java.dll
0x00007ffbd88e0000 - 0x00007ffbd88f8000 	c:\Users\syeda\.vscode\extensions\redhat.java-1.28.1-win32-x64\jre\17.0.10-win32-x86_64\bin\zip.dll

dbghelp: loaded successfully - version: 4.0.5 - missing functions: none
symbol engine: initialized successfully - sym options: 0x614 - pdb path: .;c:\Users\syeda\.vscode\extensions\redhat.java-1.28.1-win32-x64\jre\17.0.10-win32-x86_64\bin;C:\WINDOWS\SYSTEM32;C:\WINDOWS\WinSxS\amd64_microsoft.windows.common-controls_6595b64144ccf1df_6.0.22621.2506_none_270c5ae97388e100;c:\Users\syeda\.vscode\extensions\redhat.java-1.28.1-win32-x64\jre\17.0.10-win32-x86_64\bin\server

VM Arguments:
jvm_args: --add-modules=ALL-SYSTEM --add-opens=java.base/java.util=ALL-UNNAMED --add-opens=java.base/java.lang=ALL-UNNAMED --add-opens=java.base/sun.nio.fs=ALL-UNNAMED -Declipse.application=org.eclipse.jdt.ls.core.id1 -Dosgi.bundles.defaultStartLevel=4 -Declipse.product=org.eclipse.jdt.ls.core.product -Djava.import.generatesMetadataFilesAtProjectRoot=false -DDetectVMInstallationsJob.disabled=true -Dfile.encoding=utf8 -XX:+UseParallelGC -XX:GCTimeRatio=4 -XX:AdaptiveSizePolicyWeight=90 -Dsun.zip.disableMemoryMapping=true -Xmx1G -Xms100m -Xlog:disable -javaagent:c:\Users\syeda\.vscode\extensions\redhat.java-1.28.1-win32-x64\lombok\lombok-1.18.31.jar -XX:+HeapDumpOnOutOfMemoryError -XX:HeapDumpPath=c:\Users\syeda\AppData\Roaming\Code\User\workspaceStorage\eac1d6115e6ea59bc84d52a110b34a36\redhat.java -Daether.dependencyCollector.impl=bf 
java_command: c:\Users\syeda\.vscode\extensions\redhat.java-1.28.1-win32-x64\server\plugins\org.eclipse.equinox.launcher_1.6.700.v20231214-2017.jar -configuration c:\Users\syeda\AppData\Roaming\Code\User\globalStorage\redhat.java\1.28.1\config_win -data c:\Users\syeda\AppData\Roaming\Code\User\workspaceStorage\eac1d6115e6ea59bc84d52a110b34a36\redhat.java\jdt_ws --stdio
java_class_path (initial): c:\Users\syeda\.vscode\extensions\redhat.java-1.28.1-win32-x64\server\plugins\org.eclipse.equinox.launcher_1.6.700.v20231214-2017.jar
Launcher Type: SUN_STANDARD

[Global flags]
    uintx AdaptiveSizePolicyWeight                 = 90                                        {product} {command line}
     intx CICompilerCount                          = 12                                        {product} {ergonomic}
    uintx GCTimeRatio                              = 4                                         {product} {command line}
     bool HeapDumpOnOutOfMemoryError               = true                                   {manageable} {command line}
    ccstr HeapDumpPath                             = c:\Users\syeda\AppData\Roaming\Code\User\workspaceStorage\eac1d6115e6ea59bc84d52a110b34a36\redhat.java         {manageable} {command line}
   size_t InitialHeapSize                          = 104857600                                 {product} {command line}
   size_t MaxHeapSize                              = 1073741824                                {product} {command line}
   size_t MaxNewSize                               = 357564416                                 {product} {ergonomic}
   size_t MinHeapDeltaBytes                        = 524288                                    {product} {ergonomic}
   size_t MinHeapSize                              = 104857600                                 {product} {command line}
   size_t NewSize                                  = 34603008                                  {product} {ergonomic}
    uintx NonNMethodCodeHeapSize                   = 7602480                                {pd product} {ergonomic}
    uintx NonProfiledCodeHeapSize                  = 122027880                              {pd product} {ergonomic}
   size_t OldSize                                  = 70254592                                  {product} {ergonomic}
    uintx ProfiledCodeHeapSize                     = 122027880                              {pd product} {ergonomic}
    uintx ReservedCodeCacheSize                    = 251658240                              {pd product} {ergonomic}
     bool SegmentedCodeCache                       = true                                      {product} {ergonomic}
   size_t SoftMaxHeapSize                          = 1073741824                             {manageable} {ergonomic}
     bool UseCompressedClassPointers               = true                           {product lp64_product} {ergonomic}
     bool UseCompressedOops                        = true                           {product lp64_product} {ergonomic}
     bool UseLargePagesIndividualAllocation        = false                                  {pd product} {ergonomic}
     bool UseParallelGC                            = true                                      {product} {command line}

Logging:
Log output configuration:
 #0: stdout all=off uptime,level,tags
 #1: stderr all=off uptime,level,tags

Environment Variables:
JAVA_HOME=C:\Program Files\Java\jdk-17
PATH=C:\Program Files (x86)\Common Files\Intel\Shared Libraries\redist\intel64\compiler;C:\Program Files\Common Files\Oracle\Java\javapath;C:\Windows\system32;C:\Windows;C:\Windows\System32\Wbem;C:\Windows\System32\WindowsPowerShell\v1.0\;C:\Windows\System32\OpenSSH\;C:\Program Files (x86)\NVIDIA Corporation\PhysX\Common;C:\Program Files\NVIDIA Corporation\NVIDIA NvDLISR;C:\WINDOWS\system32;C:\WINDOWS;C:\WINDOWS\System32\Wbem;C:\WINDOWS\System32\WindowsPowerShell\v1.0\;C:\WINDOWS\System32\OpenSSH\;C:\Program Files\Git\cmd;C:\Users\syeda\AppData\Local\Android\Sdk\platform-tools;C:\Program Files\Android\Android Studio\jbr\bin;C:\Program Files\watchman-v2023.01.23.00-windows\bin;C:\Program Files\Git\usr\bin;C:\Users\syeda\AppData\Roaming\nvm;C:\Program Files\nodejs;C:\Program Files\Java\jdk-17\bin;C:\Program Files\Common Files\Oracle\Java\javapath;C:\Users\syeda\AppData\Local\Android\Sdk\tools;C:\Users\syeda\AppData\Local\Android\Sdk\tools;C:\Users\syeda\AppData\Local\Microsoft\WindowsApps;C:\Users\syeda\AppData\Roaming\npm;C:\Users\syeda\AppData\Local\Android\Sdk\platform-tools;C:\Users\syeda\AppData\Local\Programs\Microsoft VS Code\bin;C:\Users\syeda\AppData\Roaming\nvm;C:\Program Files\nodejs;C:\flutter_windows_3.13.6-stable\flutter\bin;
USERNAME=syeda
OS=Windows_NT
PROCESSOR_IDENTIFIER=AMD64 Family 23 Model 96 Stepping 1, AuthenticAMD
TMP=C:\Users\syeda\AppData\Local\Temp
TEMP=C:\Users\syeda\AppData\Local\Temp



Periodic native trim disabled


---------------  S Y S T E M  ---------------

OS:
 Windows 11 , 64 bit Build 22621 (10.0.22621.3085)
OS uptime: 2 days 6:40 hours
Hyper-V role detected

CPU: total 16 (initial active 16) (16 cores per cpu, 2 threads per core) family 23 model 96 stepping 1 microcode 0x0, cx8, cmov, fxsr, ht, mmx, 3dnowpref, sse, sse2, sse3, ssse3, sse4a, sse4.1, sse4.2, popcnt, lzcnt, tsc, tscinvbit, avx, avx2, aes, clmul, bmi1, bmi2, adx, sha, fma, vzeroupper, clflush, clflushopt, hv
Processor Information for all 16 processors :
  Max Mhz: 2901, Current Mhz: 2901, Mhz Limit: 2901

Memory: 4k page, system-wide physical 7598M (376M free)
TotalPageFile size 31150M (AvailPageFile size 5M)
current process WorkingSet (physical memory assigned to process): 16M, peak: 16M
current process commit charge ("private bytes"): 149M, peak: 150M

vm_info: OpenJDK 64-Bit Server VM (17.0.10+7) for windows-amd64 JRE (17.0.10+7), built on Jan 16 2024 23:25:11 by "admin" with MS VC++ 16.10 / 16.11 (VS2019)

END.
