#
# There is insufficient memory for the Java Runtime Environment to continue.
# Native memory allocation (mmap) failed to map 65536 bytes for Failed to commit metaspace.
# Possible reasons:
#   The system is out of physical RAM or swap space
#   The process is running with CompressedOops enabled, and the Java Heap may be blocking the growth of the native heap
# Possible solutions:
#   Reduce memory load on the system
#   Increase physical memory or swap space
#   Check if swap backing store is full
#   Decrease Java heap size (-Xmx/-Xms)
#   Decrease number of Java threads
#   Decrease Java thread stack sizes (-Xss)
#   Set larger code cache with -XX:ReservedCodeCacheSize=
#   JVM is running with Unscaled Compressed Oops mode in which the Java heap is
#     placed in the first 4GB address space. The Java Heap base address is the
#     maximum limit for the native heap growth. Please use -XX:HeapBaseMinAddress
#     to set the Java Heap base and to place the Java Heap above 4GB virtual address.
# This output file may be truncated or incomplete.
#
#  Out of Memory Error (virtualSpaceNode.cpp:110), pid=25840, tid=19404
#
# JRE version: OpenJDK Runtime Environment Temurin-17.0.10+7 (17.0.10+7) (build 17.0.10+7)
# Java VM: OpenJDK 64-Bit Server VM Temurin-17.0.10+7 (17.0.10+7, mixed mode, tiered, compressed oops, compressed class ptrs, parallel gc, windows-amd64)
# No core dump will be written. Minidumps are not enabled by default on client versions of Windows
#

---------------  S U M M A R Y ------------

Command Line: --add-modules=ALL-SYSTEM --add-opens=java.base/java.util=ALL-UNNAMED --add-opens=java.base/java.lang=ALL-UNNAMED --add-opens=java.base/sun.nio.fs=ALL-UNNAMED -Declipse.application=org.eclipse.jdt.ls.core.id1 -Dosgi.bundles.defaultStartLevel=4 -Declipse.product=org.eclipse.jdt.ls.core.product -Djava.import.generatesMetadataFilesAtProjectRoot=false -DDetectVMInstallationsJob.disabled=true -Dfile.encoding=utf8 -XX:+UseParallelGC -XX:GCTimeRatio=4 -XX:AdaptiveSizePolicyWeight=90 -Dsun.zip.disableMemoryMapping=true -Xmx1G -Xms100m -Xlog:disable -javaagent:c:\Users\syeda\.vscode\extensions\redhat.java-1.28.1-win32-x64\lombok\lombok-1.18.31.jar c:\Users\syeda\.vscode\extensions\redhat.java-1.28.1-win32-x64\server\plugins\org.eclipse.equinox.launcher_1.6.700.v20231214-2017.jar -configuration c:\Users\syeda\AppData\Roaming\Code\User\globalStorage\redhat.java\1.28.1\config_ss_win -data c:\Users\syeda\AppData\Roaming\Code\User\workspaceStorage\eac1d6115e6ea59bc84d52a110b34a36\redhat.java\ss_ws --stdio

Host: AMD Ryzen 7 4800H with Radeon Graphics         , 16 cores, 7G,  Windows 11 , 64 bit Build 22621 (10.0.22621.3085)
Time: Tue Mar  5 07:03:50 2024 India Standard Time elapsed time: 1.126805 seconds (0d 0h 0m 1s)

---------------  T H R E A D  ---------------

Current thread (0x000001ec2cd54fd0):  JavaThread "main" [_thread_in_vm, id=19404, stack(0x000000ae62c00000,0x000000ae62d00000)]

Stack: [0x000000ae62c00000,0x000000ae62d00000]
Native frames: (J=compiled Java code, j=interpreted, Vv=VM code, C=native code)
V  [jvm.dll+0x67d2c9]
V  [jvm.dll+0x834afa]
V  [jvm.dll+0x8365be]
V  [jvm.dll+0x836c23]
V  [jvm.dll+0x2477ff]
V  [jvm.dll+0x8307bb]
V  [jvm.dll+0x621d16]
V  [jvm.dll+0x621d7a]
V  [jvm.dll+0x6245aa]
V  [jvm.dll+0x6226b6]
V  [jvm.dll+0x23d160]
V  [jvm.dll+0x1ec25b]
V  [jvm.dll+0x1e1c01]
V  [jvm.dll+0x5427ce]
V  [jvm.dll+0x1f2647]
V  [jvm.dll+0x7adf9b]
V  [jvm.dll+0x7af36c]
V  [jvm.dll+0x7af6b8]
V  [jvm.dll+0x23face]
V  [jvm.dll+0x38260e]
C  0x000001ec36e4ae1b

The last pc belongs to new (printed below).
Java frames: (J=compiled Java code, j=interpreted, Vv=VM code)
j  java.lang.reflect.Proxy.lambda$getProxyConstructor$0(Ljava/lang/ClassLoader;Ljdk/internal/loader/AbstractClassLoaderValue$Sub;)Ljava/lang/reflect/Constructor;+0 java.base@17.0.10
j  java.lang.reflect.Proxy$$Lambda$31+0x00000001000d4ce0.apply(Ljava/lang/Object;Ljava/lang/Object;)Ljava/lang/Object;+8 java.base@17.0.10
j  jdk.internal.loader.AbstractClassLoaderValue$Memoizer.get()Ljava/lang/Object;+75 java.base@17.0.10
j  jdk.internal.loader.AbstractClassLoaderValue.computeIfAbsent(Ljava/lang/ClassLoader;Ljava/util/function/BiFunction;)Ljava/lang/Object;+63 java.base@17.0.10
j  java.lang.reflect.Proxy.getProxyConstructor(Ljava/lang/Class;Ljava/lang/ClassLoader;[Ljava/lang/Class;)Ljava/lang/reflect/Constructor;+40 java.base@17.0.10
j  java.lang.reflect.Proxy.newProxyInstance(Ljava/lang/ClassLoader;[Ljava/lang/Class;Ljava/lang/reflect/InvocationHandler;)Ljava/lang/Object;+22 java.base@17.0.10
j  sun.reflect.annotation.AnnotationParser$1.run()Ljava/lang/annotation/Annotation;+33 java.base@17.0.10
j  sun.reflect.annotation.AnnotationParser$1.run()Ljava/lang/Object;+1 java.base@17.0.10
j  java.security.AccessController.executePrivileged(Ljava/security/PrivilegedAction;Ljava/security/AccessControlContext;Ljava/lang/Class;)Ljava/lang/Object;+29 java.base@17.0.10
j  java.security.AccessController.doPrivileged(Ljava/security/PrivilegedAction;)Ljava/lang/Object;+5 java.base@17.0.10
j  sun.reflect.annotation.AnnotationParser.annotationForMap(Ljava/lang/Class;Ljava/util/Map;)Ljava/lang/annotation/Annotation;+9 java.base@17.0.10
j  sun.reflect.annotation.AnnotationParser.parseAnnotation2(Ljava/nio/ByteBuffer;Ljdk/internal/reflect/ConstantPool;Ljava/lang/Class;Z[Ljava/lang/Class;)Ljava/lang/annotation/Annotation;+267 java.base@17.0.10
j  sun.reflect.annotation.AnnotationParser.parseAnnotations2([BLjdk/internal/reflect/ConstantPool;Ljava/lang/Class;[Ljava/lang/Class;)Ljava/util/Map;+41 java.base@17.0.10
j  sun.reflect.annotation.AnnotationParser.parseSelectAnnotations([BLjdk/internal/reflect/ConstantPool;Ljava/lang/Class;[Ljava/lang/Class;)Ljava/util/Map;+12 java.base@17.0.10
j  sun.reflect.annotation.AnnotationType.<init>(Ljava/lang/Class;)V+291 java.base@17.0.10
j  sun.reflect.annotation.AnnotationType.getInstance(Ljava/lang/Class;)Lsun/reflect/annotation/AnnotationType;+21 java.base@17.0.10
j  sun.reflect.annotation.AnnotationParser.parseAnnotation2(Ljava/nio/ByteBuffer;Ljdk/internal/reflect/ConstantPool;Ljava/lang/Class;Z[Ljava/lang/Class;)Ljava/lang/annotation/Annotation;+103 java.base@17.0.10
j  sun.reflect.annotation.AnnotationParser.parseAnnotations2([BLjdk/internal/reflect/ConstantPool;Ljava/lang/Class;[Ljava/lang/Class;)Ljava/util/Map;+41 java.base@17.0.10
j  sun.reflect.annotation.AnnotationParser.parseAnnotations([BLjdk/internal/reflect/ConstantPool;Ljava/lang/Class;)Ljava/util/Map;+12 java.base@17.0.10
j  java.lang.reflect.Executable.declaredAnnotations()Ljava/util/Map;+62 java.base@17.0.10
j  java.lang.reflect.Executable.declaredAnnotations()Ljava/util/Map;+35 java.base@17.0.10
j  java.lang.reflect.Executable.getAnnotation(Ljava/lang/Class;)Ljava/lang/annotation/Annotation;+7 java.base@17.0.10
j  java.lang.reflect.Method.getAnnotation(Ljava/lang/Class;)Ljava/lang/annotation/Annotation;+2 java.base@17.0.10
j  java.lang.reflect.AnnotatedElement.isAnnotationPresent(Ljava/lang/Class;)Z+2 java.base@17.0.10
j  java.lang.reflect.AccessibleObject.isAnnotationPresent(Ljava/lang/Class;)Z+2 java.base@17.0.10
j  jdk.internal.reflect.Reflection.isCallerSensitive(Ljava/lang/reflect/Method;)Z+18 java.base@17.0.10
j  jdk.internal.reflect.ReflectionFactory.newMethodAccessor(Ljava/lang/reflect/Method;)Ljdk/internal/reflect/MethodAccessor;+4 java.base@17.0.10
j  java.lang.reflect.Method.acquireMethodAccessor()Ljdk/internal/reflect/MethodAccessor;+33 java.base@17.0.10
j  java.lang.reflect.Method.invoke(Ljava/lang/Object;[Ljava/lang/Object;)Ljava/lang/Object;+52 java.base@17.0.10
j  org.eclipse.osgi.internal.framework.EquinoxContainer.<init>(Ljava/util/Map;Lorg/osgi/framework/connect/ModuleConnector;)V+37
j  org.eclipse.osgi.launch.Equinox.<init>(Ljava/util/Map;Lorg/osgi/framework/connect/ModuleConnector;)V+10
j  org.eclipse.osgi.launch.Equinox.<init>(Ljava/util/Map;)V+3
j  org.eclipse.core.runtime.adaptor.EclipseStarter.startup([Ljava/lang/String;Ljava/lang/Runnable;)Lorg/osgi/framework/BundleContext;+28
j  org.eclipse.core.runtime.adaptor.EclipseStarter.run([Ljava/lang/String;Ljava/lang/Runnable;)Ljava/lang/Object;+21
v  ~StubRoutines::call_stub
j  jdk.internal.reflect.NativeMethodAccessorImpl.invoke0(Ljava/lang/reflect/Method;Ljava/lang/Object;[Ljava/lang/Object;)Ljava/lang/Object;+0 java.base@17.0.10
j  jdk.internal.reflect.NativeMethodAccessorImpl.invoke(Ljava/lang/Object;[Ljava/lang/Object;)Ljava/lang/Object;+133 java.base@17.0.10
j  jdk.internal.reflect.DelegatingMethodAccessorImpl.invoke(Ljava/lang/Object;[Ljava/lang/Object;)Ljava/lang/Object;+6 java.base@17.0.10
j  java.lang.reflect.Method.invoke(Ljava/lang/Object;[Ljava/lang/Object;)Ljava/lang/Object;+59 java.base@17.0.10
j  org.eclipse.equinox.launcher.Main.invokeFramework([Ljava/lang/String;[Ljava/net/URL;)V+202
j  org.eclipse.equinox.launcher.Main.basicRun([Ljava/lang/String;)V+159
j  org.eclipse.equinox.launcher.Main.run([Ljava/lang/String;)I+4
j  org.eclipse.equinox.launcher.Main.main([Ljava/lang/String;)V+10
v  ~StubRoutines::call_stub
new  187 new  [0x000001ec36e4ac80, 0x000001ec36e4aea0]  544 bytes
[MachCode]
  0x000001ec36e4ac80: 4883 ec08 | c5fa 1104 | 24eb 1f48 | 83ec 10c5 | fb11 0424 | eb14 4883 | ec10 4889 | 0424 48c7 
  0x000001ec36e4aca0: 4424 0800 | 0000 00eb | 0150 410f | b755 010f | cac1 ea10 | 488b 4de8 | 488b 4908 | 488b 4908 
  0x000001ec36e4acc0: 488b 4108 | 807c 1004 | 070f 85d6 | 0000 0066 | 8b54 d148 | 488b 4928 | 488b 4cd1 | 0851 80b9 
  0x000001ec36e4ace0: 3301 0000 | 040f 85b9 | 0000 008b | 5108 f7c2 | 0100 0000 | 0f85 aa00 | 0000 498b | 8708 0100 
  0x000001ec36e4ad00: 0048 8d1c | 1049 3b9f | 1801 0000 | 0f87 9200 | 0000 4989 | 9f08 0100 | 00e9 0000 | 0000 4883 
  0x000001ec36e4ad20: ea10 0f84 | 0f00 0000 | 33c9 c1ea | 0348 894c | d008 48ff | ca75 f648 | c700 0100 | 0000 5933 
  0x000001ec36e4ad40: f689 700c | 48c1 e903 | 8948 0849 | ba7a 353f | a2fb 7f00 | 0041 803a | 000f 8440 | 0000 0050 
  0x000001ec36e4ad60: 488b c848 | 83ec 20f7 | c40f 0000 | 000f 841a | 0000 0048 | 83ec 0849 | ba20 30f5 | a1fb 7f00 
  0x000001ec36e4ad80: 0041 ffd2 | 4883 c408 | e90d 0000 | 0049 ba20 | 30f5 a1fb | 7f00 0041 | ffd2 4883 | c420 58e9 
  0x000001ec36e4ada0: cd00 0000 | 5948 8b55 | e848 8b52 | 0848 8b52 | 0845 0fb7 | 4501 410f | c841 c1e8 | 10e8 0500 
  0x000001ec36e4adc0: 0000 e9aa | 0000 0048 | 8d44 2408 | 4c89 6dc0 | 498b cfc5 | f877 4989 | afa8 0200 | 0049 8987 
  0x000001ec36e4ade0: 9802 0000 | 4883 ec20 | f7c4 0f00 | 0000 0f84 | 1a00 0000 | 4883 ec08 | 49ba c025 | bfa1 fb7f 
  0x000001ec36e4ae00: 0000 41ff | d248 83c4 | 08e9 0d00 | 0000 49ba | c025 bfa1 | fb7f 0000 | 41ff d248 | 83c4 2049 
  0x000001ec36e4ae20: c787 9802 | 0000 0000 | 0000 49c7 | 87a8 0200 | 0000 0000 | 0049 c787 | a002 0000 | 0000 0000 
  0x000001ec36e4ae40: c5f8 7749 | 817f 0800 | 0000 000f | 8405 0000 | 00e9 aa60 | feff 498b | 87f0 0200 | 0049 c787 
  0x000001ec36e4ae60: f002 0000 | 0000 0000 | 4c8b 6dc0 | 4c8b 75c8 | c341 0fb6 | 5d03 4983 | c503 49ba | 90a1 41a2 
  0x000001ec36e4ae80: fb7f 0000 | 41ff 24da | 0000 0000 | 0000 0000 | 0000 0000 | 0000 0000 | 0000 0000 | 0000 0000 
[/MachCode]

---------------  P R O C E S S  ---------------

Threads class SMR info:
_java_thread_list=0x000001ec47f34720, length=16, elements={
0x000001ec2cd54fd0, 0x000001ec40bd3020, 0x000001ec40bd3cb0, 0x000001ec45dcbf20,
0x000001ec45dccbb0, 0x000001ec45dcf0f0, 0x000001ec45dd0d30, 0x000001ec45dd4190,
0x000001ec45dd9730, 0x000001ec45dda040, 0x000001ec2cdb4b70, 0x000001ec45efe000,
0x000001ec45f76090, 0x000001ec45f782c0, 0x000001ec45fcf960, 0x000001ec47f28ba0
}

Java Threads: ( => current thread )
=>0x000001ec2cd54fd0 JavaThread "main" [_thread_in_vm, id=19404, stack(0x000000ae62c00000,0x000000ae62d00000)]
  0x000001ec40bd3020 JavaThread "Reference Handler" daemon [_thread_blocked, id=8968, stack(0x000000ae62f00000,0x000000ae63000000)]
  0x000001ec40bd3cb0 JavaThread "Finalizer" daemon [_thread_blocked, id=15032, stack(0x000000ae63000000,0x000000ae63100000)]
  0x000001ec45dcbf20 JavaThread "Signal Dispatcher" daemon [_thread_blocked, id=5256, stack(0x000000ae63100000,0x000000ae63200000)]
  0x000001ec45dccbb0 JavaThread "Attach Listener" daemon [_thread_blocked, id=27396, stack(0x000000ae63200000,0x000000ae63300000)]
  0x000001ec45dcf0f0 JavaThread "Service Thread" daemon [_thread_blocked, id=12648, stack(0x000000ae63300000,0x000000ae63400000)]
  0x000001ec45dd0d30 JavaThread "Monitor Deflation Thread" daemon [_thread_blocked, id=25880, stack(0x000000ae63400000,0x000000ae63500000)]
  0x000001ec45dd4190 JavaThread "C2 CompilerThread0" daemon [_thread_blocked, id=11528, stack(0x000000ae63500000,0x000000ae63600000)]
  0x000001ec45dd9730 JavaThread "C1 CompilerThread0" daemon [_thread_blocked, id=22940, stack(0x000000ae63600000,0x000000ae63700000)]
  0x000001ec45dda040 JavaThread "Sweeper thread" daemon [_thread_blocked, id=10628, stack(0x000000ae63700000,0x000000ae63800000)]
  0x000001ec2cdb4b70 JavaThread "Common-Cleaner" daemon [_thread_blocked, id=14032, stack(0x000000ae63800000,0x000000ae63900000)]
  0x000001ec45efe000 JavaThread "C1 CompilerThread1" daemon [_thread_blocked, id=29348, stack(0x000000ae63900000,0x000000ae63a00000)]
  0x000001ec45f76090 JavaThread "C1 CompilerThread2" daemon [_thread_blocked, id=22692, stack(0x000000ae63a00000,0x000000ae63b00000)]
  0x000001ec45f782c0 JavaThread "C1 CompilerThread3" daemon [_thread_blocked, id=20492, stack(0x000000ae63b00000,0x000000ae63c00000)]
  0x000001ec45fcf960 JavaThread "C2 CompilerThread1" daemon [_thread_blocked, id=16792, stack(0x000000ae63c00000,0x000000ae63d00000)]
  0x000001ec47f28ba0 JavaThread "Notification Thread" daemon [_thread_blocked, id=21048, stack(0x000000ae63d00000,0x000000ae63e00000)]

Other Threads:
  0x000001ec2cdfea00 VMThread "VM Thread" [stack: 0x000000ae62e00000,0x000000ae62f00000] [id=27412]
  0x000001ec47f292d0 WatcherThread [stack: 0x000000ae63e00000,0x000000ae63f00000] [id=9076]
  0x000001ec2cd68aa0 GCTaskThread "GC Thread#0" [stack: 0x000000ae62d00000,0x000000ae62e00000] [id=16720]

Threads with active compile tasks:

VM state: not at safepoint (normal execution)

VM Mutex/Monitor currently owned by a thread:  ([mutex/lock_event])
[0x000001ec2cd4e860] Metaspace_lock - owner thread: 0x000001ec2cd54fd0

Heap address: 0x00000000c0000000, size: 1024 MB, Compressed Oops mode: 32-bit

CDS archive(s) not mapped
Compressed class space mapped at: 0x0000000100000000-0x0000000140000000, reserved size: 1073741824
Narrow klass base: 0x0000000000000000, Narrow klass shift: 3, Narrow klass range: 0x140000000

GC Precious Log:
 CPUs: 16 total, 16 available
 Memory: 7598M
 Large Page Support: Disabled
 NUMA Support: Disabled
 Compressed Oops: Enabled (32-bit)
 Alignments: Space 512K, Generation 512K, Heap 2M
 Heap Min Capacity: 100M
 Heap Initial Capacity: 100M
 Heap Max Capacity: 1G
 Pre-touch: Disabled
 Parallel Workers: 13

Heap:
 PSYoungGen      total 29696K, used 20028K [0x00000000eab00000, 0x00000000ecc00000, 0x0000000100000000)
  eden space 25600K, 78% used [0x00000000eab00000,0x00000000ebe8f3b0,0x00000000ec400000)
  from space 4096K, 0% used [0x00000000ec800000,0x00000000ec800000,0x00000000ecc00000)
  to   space 4096K, 0% used [0x00000000ec400000,0x00000000ec400000,0x00000000ec800000)
 ParOldGen       total 68608K, used 0K [0x00000000c0000000, 0x00000000c4300000, 0x00000000eab00000)
  object space 68608K, 0% used [0x00000000c0000000,0x00000000c0000000,0x00000000c4300000)
 Metaspace       used 9674K, committed 9792K, reserved 1114112K
  class space    used 963K, committed 1024K, reserved 1048576K

Card table byte_map: [0x000001ec2c6e0000,0x000001ec2c8f0000] _byte_map_base: 0x000001ec2c0e0000

Marking Bits: (ParMarkBitMap*) 0x00007ffba240d7d0
 Begin Bits: [0x000001ec3e9e0000, 0x000001ec3f9e0000)
 End Bits:   [0x000001ec3f9e0000, 0x000001ec409e0000)

Polling page: 0x000001ec2aac0000

Metaspace:

Usage:
  Non-class:      8.51 MB used.
      Class:    963.95 KB used.
       Both:      9.45 MB used.

Virtual space:
  Non-class space:       64.00 MB reserved,       8.56 MB ( 13%) committed,  1 nodes.
      Class space:        1.00 GB reserved,       1.00 MB ( <1%) committed,  1 nodes.
             Both:        1.06 GB reserved,       9.56 MB ( <1%) committed. 

Chunk freelists:
   Non-Class:  6.78 MB
       Class:  15.00 MB
        Both:  21.78 MB

MaxMetaspaceSize: unlimited
CompressedClassSpaceSize: 1.00 GB
Initial GC threshold: 21.00 MB
Current GC threshold: 21.00 MB
CDS: off
MetaspaceReclaimPolicy: balanced
 - commit_granule_bytes: 65536.
 - commit_granule_words: 8192.
 - virtual_space_node_default_size: 8388608.
 - enlarge_chunks_in_place: 1.
 - new_chunks_are_fully_committed: 0.
 - uncommit_free_chunks: 1.
 - use_allocation_guard: 0.
 - handle_deallocations: 1.


Internal statistics:

num_allocs_failed_limit: 0.
num_arena_births: 14.
num_arena_deaths: 0.
num_vsnodes_births: 2.
num_vsnodes_deaths: 0.
num_space_committed: 153.
num_space_uncommitted: 0.
num_chunks_returned_to_freelist: 0.
num_chunks_taken_from_freelist: 64.
num_chunk_merges: 0.
num_chunk_splits: 36.
num_chunks_enlarged: 29.
num_inconsistent_stats: 0.

CodeHeap 'non-profiled nmethods': size=119168Kb used=324Kb max_used=324Kb free=118843Kb
 bounds [0x000001ec37580000, 0x000001ec377f0000, 0x000001ec3e9e0000]
CodeHeap 'profiled nmethods': size=119104Kb used=1300Kb max_used=1300Kb free=117803Kb
 bounds [0x000001ec2f9e0000, 0x000001ec2fc50000, 0x000001ec36e30000]
CodeHeap 'non-nmethods': size=7488Kb used=2824Kb max_used=2840Kb free=4663Kb
 bounds [0x000001ec36e30000, 0x000001ec37100000, 0x000001ec37580000]
 total_blobs=1221 nmethods=793 adapters=340
 compilation: enabled
              stopped_count=0, restarted_count=0
 full_count=0

Compilation events (20 events):
Event: 1.085 Thread 0x000001ec45efe000 nmethod 784 0x000001ec375d0090 code [0x000001ec375d0220, 0x000001ec375d02f8]
Event: 1.086 Thread 0x000001ec45f782c0 nmethod 777 0x000001ec2fb1f990 code [0x000001ec2fb1fda0, 0x000001ec2fb22538]
Event: 1.086 Thread 0x000001ec45f76090  785       3       java.lang.StringConcatHelper::stringOf (20 bytes)
Event: 1.086 Thread 0x000001ec45efe000  786       3       java.lang.StringConcatHelper::mix (27 bytes)
Event: 1.086 Thread 0x000001ec45f782c0  788       3       java.lang.StringConcatHelper::prepend (37 bytes)
Event: 1.086 Thread 0x000001ec45dd9730  787       3       java.lang.StringConcatHelper::checkOverflow (17 bytes)
Event: 1.087 Thread 0x000001ec45dd9730 nmethod 787 0x000001ec2fb23110 code [0x000001ec2fb232c0, 0x000001ec2fb234a8]
Event: 1.087 Thread 0x000001ec45f76090 nmethod 785 0x000001ec2fb23590 code [0x000001ec2fb23740, 0x000001ec2fb23968]
Event: 1.087 Thread 0x000001ec45efe000 nmethod 786 0x000001ec2fb23a10 code [0x000001ec2fb23be0, 0x000001ec2fb23fe8]
Event: 1.088 Thread 0x000001ec45f782c0 nmethod 788 0x000001ec2fb24190 code [0x000001ec2fb24360, 0x000001ec2fb24638]
Event: 1.091 Thread 0x000001ec45f782c0  789       3       java.util.ArrayDeque::inc (12 bytes)
Event: 1.092 Thread 0x000001ec45f782c0 nmethod 789 0x000001ec2fb24790 code [0x000001ec2fb24920, 0x000001ec2fb24a58]
Event: 1.100 Thread 0x000001ec45efe000  790       3       java.lang.StringConcatHelper::newArray (40 bytes)
Event: 1.100 Thread 0x000001ec45efe000 nmethod 790 0x000001ec2fb24b10 code [0x000001ec2fb24ce0, 0x000001ec2fb25018]
Event: 1.110 Thread 0x000001ec45dd4190  791       4       java.util.HashMap::get (19 bytes)
Event: 1.115 Thread 0x000001ec45dd4190 nmethod 791 0x000001ec375d0390 code [0x000001ec375d0520, 0x000001ec375d07b8]
Event: 1.120 Thread 0x000001ec45f76090  792       1       java.lang.invoke.MethodTypeForm::erasedType (5 bytes)
Event: 1.120 Thread 0x000001ec45efe000  793       1       sun.invoke.util.Wrapper::basicTypeChar (5 bytes)
Event: 1.120 Thread 0x000001ec45f76090 nmethod 792 0x000001ec375d0a90 code [0x000001ec375d0c20, 0x000001ec375d0cf8]
Event: 1.120 Thread 0x000001ec45efe000 nmethod 793 0x000001ec375d0d90 code [0x000001ec375d0f20, 0x000001ec375d0ff8]

GC Heap History (0 events):
No events

Dll operation events (8 events):
Event: 0.021 Loaded shared library c:\Users\syeda\.vscode\extensions\redhat.java-1.28.1-win32-x64\jre\17.0.10-win32-x86_64\bin\java.dll
Event: 0.279 Loaded shared library c:\Users\syeda\.vscode\extensions\redhat.java-1.28.1-win32-x64\jre\17.0.10-win32-x86_64\bin\zip.dll
Event: 0.284 Loaded shared library C:\Users\syeda\.vscode\extensions\redhat.java-1.28.1-win32-x64\jre\17.0.10-win32-x86_64\bin\instrument.dll
Event: 0.305 Loaded shared library C:\Users\syeda\.vscode\extensions\redhat.java-1.28.1-win32-x64\jre\17.0.10-win32-x86_64\bin\net.dll
Event: 0.308 Loaded shared library C:\Users\syeda\.vscode\extensions\redhat.java-1.28.1-win32-x64\jre\17.0.10-win32-x86_64\bin\nio.dll
Event: 0.321 Loaded shared library C:\Users\syeda\.vscode\extensions\redhat.java-1.28.1-win32-x64\jre\17.0.10-win32-x86_64\bin\zip.dll
Event: 0.356 Loaded shared library C:\Users\syeda\.vscode\extensions\redhat.java-1.28.1-win32-x64\jre\17.0.10-win32-x86_64\bin\jimage.dll
Event: 0.485 Loaded shared library c:\Users\syeda\.vscode\extensions\redhat.java-1.28.1-win32-x64\jre\17.0.10-win32-x86_64\bin\verify.dll

Deoptimization events (20 events):
Event: 1.033 Thread 0x000001ec2cd54fd0 DEOPT PACKING pc=0x000001ec2fac7532 sp=0x000000ae62cfe4a0
Event: 1.033 Thread 0x000001ec2cd54fd0 DEOPT UNPACKING pc=0x000001ec36e86e43 sp=0x000000ae62cfd8f8 mode 0
Event: 1.033 Thread 0x000001ec2cd54fd0 DEOPT PACKING pc=0x000001ec2fac7532 sp=0x000000ae62cfe4a0
Event: 1.033 Thread 0x000001ec2cd54fd0 DEOPT UNPACKING pc=0x000001ec36e86e43 sp=0x000000ae62cfd8f8 mode 0
Event: 1.033 Thread 0x000001ec2cd54fd0 DEOPT PACKING pc=0x000001ec2fac7532 sp=0x000000ae62cfe4a0
Event: 1.033 Thread 0x000001ec2cd54fd0 DEOPT UNPACKING pc=0x000001ec36e86e43 sp=0x000000ae62cfd8f8 mode 0
Event: 1.037 Thread 0x000001ec2cd54fd0 DEOPT PACKING pc=0x000001ec2fac7532 sp=0x000000ae62cfe780
Event: 1.037 Thread 0x000001ec2cd54fd0 DEOPT UNPACKING pc=0x000001ec36e86e43 sp=0x000000ae62cfdbd8 mode 0
Event: 1.037 Thread 0x000001ec2cd54fd0 DEOPT PACKING pc=0x000001ec2fac7532 sp=0x000000ae62cfe780
Event: 1.037 Thread 0x000001ec2cd54fd0 DEOPT UNPACKING pc=0x000001ec36e86e43 sp=0x000000ae62cfdbd8 mode 0
Event: 1.037 Thread 0x000001ec2cd54fd0 DEOPT PACKING pc=0x000001ec2fac7532 sp=0x000000ae62cfe780
Event: 1.037 Thread 0x000001ec2cd54fd0 DEOPT UNPACKING pc=0x000001ec36e86e43 sp=0x000000ae62cfdbd8 mode 0
Event: 1.037 Thread 0x000001ec2cd54fd0 DEOPT PACKING pc=0x000001ec2fac7532 sp=0x000000ae62cfe780
Event: 1.037 Thread 0x000001ec2cd54fd0 DEOPT UNPACKING pc=0x000001ec36e86e43 sp=0x000000ae62cfdbd8 mode 0
Event: 1.059 Thread 0x000001ec2cd54fd0 DEOPT PACKING pc=0x000001ec2fac7532 sp=0x000000ae62cfa830
Event: 1.059 Thread 0x000001ec2cd54fd0 DEOPT UNPACKING pc=0x000001ec36e86e43 sp=0x000000ae62cf9c88 mode 0
Event: 1.064 Thread 0x000001ec2cd54fd0 DEOPT PACKING pc=0x000001ec2fac7532 sp=0x000000ae62cf8be0
Event: 1.064 Thread 0x000001ec2cd54fd0 DEOPT UNPACKING pc=0x000001ec36e86e43 sp=0x000000ae62cf8038 mode 0
Event: 1.069 Thread 0x000001ec2cd54fd0 DEOPT PACKING pc=0x000001ec2fac7532 sp=0x000000ae62cfdb70
Event: 1.069 Thread 0x000001ec2cd54fd0 DEOPT UNPACKING pc=0x000001ec36e86e43 sp=0x000000ae62cfcfc8 mode 0

Classes unloaded (0 events):
No events

Classes redefined (0 events):
No events

Internal exceptions (10 events):
Event: 0.230 Thread 0x000001ec2cd54fd0 Exception <a 'java/lang/NoSuchMethodError'{0x00000000eacb5f98}: 'void java.lang.invoke.DirectMethodHandle$Holder.invokeStatic(java.lang.Object, java.lang.Object, java.lang.Object)'> (0x00000000eacb5f98) 
thrown [s\src\hotspot\share\interpreter\linkResolver.cpp, line 759]
Event: 0.542 Thread 0x000001ec2cd54fd0 Exception <a 'java/lang/reflect/InvocationTargetException'{0x00000000eb167608}> (0x00000000eb167608) 
thrown [s\src\hotspot\share\runtime\reflection.cpp, line 1121]
Event: 0.929 Thread 0x000001ec2cd54fd0 Exception <a 'java/lang/ClassNotFoundException'{0x00000000eb9dac70}: sun/net/www/protocol/c/Handler> (0x00000000eb9dac70) 
thrown [s\src\hotspot\share\classfile\systemDictionary.cpp, line 256]
Event: 0.937 Thread 0x000001ec2cd54fd0 Exception <a 'java/io/FileNotFoundException'{0x00000000eb9f2820}> (0x00000000eb9f2820) 
thrown [s\src\hotspot\share\prims\jni.cpp, line 516]
Event: 0.938 Thread 0x000001ec2cd54fd0 Exception <a 'java/io/FileNotFoundException'{0x00000000eb9f3530}> (0x00000000eb9f3530) 
thrown [s\src\hotspot\share\prims\jni.cpp, line 516]
Event: 0.938 Thread 0x000001ec2cd54fd0 Exception <a 'java/io/FileNotFoundException'{0x00000000eb9f4220}> (0x00000000eb9f4220) 
thrown [s\src\hotspot\share\prims\jni.cpp, line 516]
Event: 0.938 Thread 0x000001ec2cd54fd0 Exception <a 'java/io/FileNotFoundException'{0x00000000eb9f4ee0}> (0x00000000eb9f4ee0) 
thrown [s\src\hotspot\share\prims\jni.cpp, line 516]
Event: 0.945 Thread 0x000001ec2cd54fd0 Implicit null exception at 0x000001ec375a42f2 to 0x000001ec375a4810
Event: 0.945 Thread 0x000001ec2cd54fd0 Implicit null exception at 0x000001ec375a3772 to 0x000001ec375a3ca0
Event: 0.948 Thread 0x000001ec2cd54fd0 Exception <a 'java/io/FileNotFoundException'{0x00000000eba2f7c0}> (0x00000000eba2f7c0) 
thrown [s\src\hotspot\share\prims\jni.cpp, line 516]

VM Operations (8 events):
Event: 0.239 Executing VM operation: HandshakeAllThreads
Event: 0.240 Executing VM operation: HandshakeAllThreads done
Event: 0.383 Executing VM operation: HandshakeAllThreads
Event: 0.383 Executing VM operation: HandshakeAllThreads done
Event: 0.888 Executing VM operation: HandshakeAllThreads
Event: 0.888 Executing VM operation: HandshakeAllThreads done
Event: 0.916 Executing VM operation: HandshakeAllThreads
Event: 0.916 Executing VM operation: HandshakeAllThreads done

Events (20 events):
Event: 1.116 loading class java/lang/annotation/Inherited done
Event: 1.116 loading class java/lang/annotation/RetentionPolicy
Event: 1.116 loading class java/lang/annotation/RetentionPolicy done
Event: 1.116 loading class sun/reflect/annotation/AnnotationTypeMismatchExceptionProxy
Event: 1.116 loading class sun/reflect/annotation/ExceptionProxy
Event: 1.116 loading class sun/reflect/annotation/ExceptionProxy done
Event: 1.116 loading class sun/reflect/annotation/AnnotationTypeMismatchExceptionProxy done
Event: 1.116 loading class sun/reflect/annotation/AnnotationParser$1
Event: 1.116 loading class sun/reflect/annotation/AnnotationParser$1 done
Event: 1.116 loading class sun/reflect/annotation/AnnotationInvocationHandler
Event: 1.117 loading class java/lang/reflect/InvocationHandler
Event: 1.117 loading class java/lang/reflect/InvocationHandler done
Event: 1.117 loading class sun/reflect/annotation/AnnotationInvocationHandler done
Event: 1.117 loading class java/lang/reflect/Proxy
Event: 1.119 loading class java/lang/reflect/Proxy done
Event: 1.119 loading class java/lang/reflect/Proxy$1
Event: 1.119 loading class java/lang/reflect/Proxy$1 done
Event: 1.119 loading class jdk/internal/loader/AbstractClassLoaderValue$Sub
Event: 1.119 loading class jdk/internal/loader/AbstractClassLoaderValue$Sub done
Event: 1.121 loading class java/lang/reflect/Proxy$ProxyBuilder


Dynamic libraries:
0x00007ff643bb0000 - 0x00007ff643bbe000 	c:\Users\syeda\.vscode\extensions\redhat.java-1.28.1-win32-x64\jre\17.0.10-win32-x86_64\bin\java.exe
0x00007ffbe5750000 - 0x00007ffbe5967000 	C:\WINDOWS\SYSTEM32\ntdll.dll
0x00007ffbe3c80000 - 0x00007ffbe3d44000 	C:\WINDOWS\System32\KERNEL32.DLL
0x00007ffbe2ca0000 - 0x00007ffbe3046000 	C:\WINDOWS\System32\KERNELBASE.dll
0x00007ffbe3380000 - 0x00007ffbe3491000 	C:\WINDOWS\System32\ucrtbase.dll
0x00007ffbdd780000 - 0x00007ffbdd797000 	c:\Users\syeda\.vscode\extensions\redhat.java-1.28.1-win32-x64\jre\17.0.10-win32-x86_64\bin\jli.dll
0x00007ffbde150000 - 0x00007ffbde16b000 	c:\Users\syeda\.vscode\extensions\redhat.java-1.28.1-win32-x64\jre\17.0.10-win32-x86_64\bin\VCRUNTIME140.dll
0x00007ffbe3d50000 - 0x00007ffbe3efe000 	C:\WINDOWS\System32\USER32.dll
0x00007ffbd0520000 - 0x00007ffbd07b3000 	C:\WINDOWS\WinSxS\amd64_microsoft.windows.common-controls_6595b64144ccf1df_6.0.22621.2506_none_270c5ae97388e100\COMCTL32.dll
0x00007ffbe3050000 - 0x00007ffbe3076000 	C:\WINDOWS\System32\win32u.dll
0x00007ffbe4900000 - 0x00007ffbe49a7000 	C:\WINDOWS\System32\msvcrt.dll
0x00007ffbe3920000 - 0x00007ffbe3949000 	C:\WINDOWS\System32\GDI32.dll
0x00007ffbe3140000 - 0x00007ffbe3258000 	C:\WINDOWS\System32\gdi32full.dll
0x00007ffbe2a90000 - 0x00007ffbe2b2a000 	C:\WINDOWS\System32\msvcp_win.dll
0x00007ffbe3f00000 - 0x00007ffbe3f31000 	C:\WINDOWS\System32\IMM32.DLL
0x00007ffbde270000 - 0x00007ffbde27c000 	c:\Users\syeda\.vscode\extensions\redhat.java-1.28.1-win32-x64\jre\17.0.10-win32-x86_64\bin\vcruntime140_1.dll
0x00007ffbd6670000 - 0x00007ffbd66fd000 	c:\Users\syeda\.vscode\extensions\redhat.java-1.28.1-win32-x64\jre\17.0.10-win32-x86_64\bin\msvcp140.dll
0x00007ffba1870000 - 0x00007ffba24d2000 	c:\Users\syeda\.vscode\extensions\redhat.java-1.28.1-win32-x64\jre\17.0.10-win32-x86_64\bin\server\jvm.dll
0x00007ffbe4af0000 - 0x00007ffbe4ba3000 	C:\WINDOWS\System32\ADVAPI32.dll
0x00007ffbe3b20000 - 0x00007ffbe3bc8000 	C:\WINDOWS\System32\sechost.dll
0x00007ffbe32d0000 - 0x00007ffbe32f8000 	C:\WINDOWS\System32\bcrypt.dll
0x00007ffbe45b0000 - 0x00007ffbe46c7000 	C:\WINDOWS\System32\RPCRT4.dll
0x00007ffbdbd50000 - 0x00007ffbdbd5a000 	C:\WINDOWS\SYSTEM32\VERSION.dll
0x00007ffbdbba0000 - 0x00007ffbdbbd4000 	C:\WINDOWS\SYSTEM32\WINMM.dll
0x00007ffbc4980000 - 0x00007ffbc4989000 	C:\WINDOWS\SYSTEM32\WSOCK32.dll
0x00007ffbe18f0000 - 0x00007ffbe193d000 	C:\WINDOWS\SYSTEM32\POWRPROF.dll
0x00007ffbe4100000 - 0x00007ffbe4171000 	C:\WINDOWS\System32\WS2_32.dll
0x00007ffbe18d0000 - 0x00007ffbe18e3000 	C:\WINDOWS\SYSTEM32\UMPDC.dll
0x00007ffbe1b90000 - 0x00007ffbe1ba8000 	C:\WINDOWS\SYSTEM32\kernel.appcore.dll
0x00007ffbde100000 - 0x00007ffbde10a000 	c:\Users\syeda\.vscode\extensions\redhat.java-1.28.1-win32-x64\jre\17.0.10-win32-x86_64\bin\jimage.dll
0x00007ffbd9e90000 - 0x00007ffbda0c3000 	C:\WINDOWS\SYSTEM32\DBGHELP.DLL
0x00007ffbe41c0000 - 0x00007ffbe4549000 	C:\WINDOWS\System32\combase.dll
0x00007ffbe39e0000 - 0x00007ffbe3ab7000 	C:\WINDOWS\System32\OLEAUT32.dll
0x00007ffbd9e10000 - 0x00007ffbd9e42000 	C:\WINDOWS\SYSTEM32\dbgcore.DLL
0x00007ffbe3300000 - 0x00007ffbe337a000 	C:\WINDOWS\System32\bcryptPrimitives.dll
0x00007ffbdd770000 - 0x00007ffbdd77e000 	c:\Users\syeda\.vscode\extensions\redhat.java-1.28.1-win32-x64\jre\17.0.10-win32-x86_64\bin\instrument.dll
0x00007ffbdbe00000 - 0x00007ffbdbe25000 	c:\Users\syeda\.vscode\extensions\redhat.java-1.28.1-win32-x64\jre\17.0.10-win32-x86_64\bin\java.dll
0x00007ffbd8b60000 - 0x00007ffbd8b78000 	c:\Users\syeda\.vscode\extensions\redhat.java-1.28.1-win32-x64\jre\17.0.10-win32-x86_64\bin\zip.dll
0x00007ffbe4bb0000 - 0x00007ffbe540b000 	C:\WINDOWS\System32\SHELL32.dll
0x00007ffbe0980000 - 0x00007ffbe1276000 	C:\WINDOWS\SYSTEM32\windows.storage.dll
0x00007ffbe0840000 - 0x00007ffbe097e000 	C:\WINDOWS\SYSTEM32\wintypes.dll
0x00007ffbe49e0000 - 0x00007ffbe4ad3000 	C:\WINDOWS\System32\SHCORE.dll
0x00007ffbe3ac0000 - 0x00007ffbe3b1e000 	C:\WINDOWS\System32\shlwapi.dll
0x00007ffbe29c0000 - 0x00007ffbe29e6000 	C:\WINDOWS\SYSTEM32\profapi.dll
0x00007ffbd8b40000 - 0x00007ffbd8b59000 	C:\Users\syeda\.vscode\extensions\redhat.java-1.28.1-win32-x64\jre\17.0.10-win32-x86_64\bin\net.dll
0x00007ffbdcd10000 - 0x00007ffbdce47000 	C:\WINDOWS\SYSTEM32\WINHTTP.dll
0x00007ffbe2040000 - 0x00007ffbe20a9000 	C:\WINDOWS\system32\mswsock.dll
0x00007ffbd88e0000 - 0x00007ffbd88f6000 	C:\Users\syeda\.vscode\extensions\redhat.java-1.28.1-win32-x64\jre\17.0.10-win32-x86_64\bin\nio.dll
0x00007ffbdc030000 - 0x00007ffbdc040000 	c:\Users\syeda\.vscode\extensions\redhat.java-1.28.1-win32-x64\jre\17.0.10-win32-x86_64\bin\verify.dll

dbghelp: loaded successfully - version: 4.0.5 - missing functions: none
symbol engine: initialized successfully - sym options: 0x614 - pdb path: .;c:\Users\syeda\.vscode\extensions\redhat.java-1.28.1-win32-x64\jre\17.0.10-win32-x86_64\bin;C:\WINDOWS\SYSTEM32;C:\WINDOWS\WinSxS\amd64_microsoft.windows.common-controls_6595b64144ccf1df_6.0.22621.2506_none_270c5ae97388e100;c:\Users\syeda\.vscode\extensions\redhat.java-1.28.1-win32-x64\jre\17.0.10-win32-x86_64\bin\server

VM Arguments:
jvm_args: --add-modules=ALL-SYSTEM --add-opens=java.base/java.util=ALL-UNNAMED --add-opens=java.base/java.lang=ALL-UNNAMED --add-opens=java.base/sun.nio.fs=ALL-UNNAMED -Declipse.application=org.eclipse.jdt.ls.core.id1 -Dosgi.bundles.defaultStartLevel=4 -Declipse.product=org.eclipse.jdt.ls.core.product -Djava.import.generatesMetadataFilesAtProjectRoot=false -DDetectVMInstallationsJob.disabled=true -Dfile.encoding=utf8 -XX:+UseParallelGC -XX:GCTimeRatio=4 -XX:AdaptiveSizePolicyWeight=90 -Dsun.zip.disableMemoryMapping=true -Xmx1G -Xms100m -Xlog:disable -javaagent:c:\Users\syeda\.vscode\extensions\redhat.java-1.28.1-win32-x64\lombok\lombok-1.18.31.jar 
java_command: c:\Users\syeda\.vscode\extensions\redhat.java-1.28.1-win32-x64\server\plugins\org.eclipse.equinox.launcher_1.6.700.v20231214-2017.jar -configuration c:\Users\syeda\AppData\Roaming\Code\User\globalStorage\redhat.java\1.28.1\config_ss_win -data c:\Users\syeda\AppData\Roaming\Code\User\workspaceStorage\eac1d6115e6ea59bc84d52a110b34a36\redhat.java\ss_ws --stdio
java_class_path (initial): c:\Users\syeda\.vscode\extensions\redhat.java-1.28.1-win32-x64\server\plugins\org.eclipse.equinox.launcher_1.6.700.v20231214-2017.jar
Launcher Type: SUN_STANDARD

[Global flags]
    uintx AdaptiveSizePolicyWeight                 = 90                                        {product} {command line}
     intx CICompilerCount                          = 12                                        {product} {ergonomic}
    uintx GCTimeRatio                              = 4                                         {product} {command line}
   size_t InitialHeapSize                          = 104857600                                 {product} {command line}
   size_t MaxHeapSize                              = 1073741824                                {product} {command line}
   size_t MaxNewSize                               = 357564416                                 {product} {ergonomic}
   size_t MinHeapDeltaBytes                        = 524288                                    {product} {ergonomic}
   size_t MinHeapSize                              = 104857600                                 {product} {command line}
   size_t NewSize                                  = 34603008                                  {product} {ergonomic}
    uintx NonNMethodCodeHeapSize                   = 7602480                                {pd product} {ergonomic}
    uintx NonProfiledCodeHeapSize                  = 122027880                              {pd product} {ergonomic}
   size_t OldSize                                  = 70254592                                  {product} {ergonomic}
    uintx ProfiledCodeHeapSize                     = 122027880                              {pd product} {ergonomic}
    uintx ReservedCodeCacheSize                    = 251658240                              {pd product} {ergonomic}
     bool SegmentedCodeCache                       = true                                      {product} {ergonomic}
   size_t SoftMaxHeapSize                          = 1073741824                             {manageable} {ergonomic}
     bool UseCompressedClassPointers               = true                           {product lp64_product} {ergonomic}
     bool UseCompressedOops                        = true                           {product lp64_product} {ergonomic}
     bool UseLargePagesIndividualAllocation        = false                                  {pd product} {ergonomic}
     bool UseParallelGC                            = true                                      {product} {command line}

Logging:
Log output configuration:
 #0: stdout all=off uptime,level,tags
 #1: stderr all=off uptime,level,tags

Environment Variables:
JAVA_HOME=C:\Program Files\Java\jdk-17
PATH=C:\Program Files (x86)\Common Files\Intel\Shared Libraries\redist\intel64\compiler;C:\Program Files\Common Files\Oracle\Java\javapath;C:\Windows\system32;C:\Windows;C:\Windows\System32\Wbem;C:\Windows\System32\WindowsPowerShell\v1.0\;C:\Windows\System32\OpenSSH\;C:\Program Files (x86)\NVIDIA Corporation\PhysX\Common;C:\Program Files\NVIDIA Corporation\NVIDIA NvDLISR;C:\WINDOWS\system32;C:\WINDOWS;C:\WINDOWS\System32\Wbem;C:\WINDOWS\System32\WindowsPowerShell\v1.0\;C:\WINDOWS\System32\OpenSSH\;C:\Program Files\Git\cmd;C:\Users\syeda\AppData\Local\Android\Sdk\platform-tools;C:\Program Files\Android\Android Studio\jbr\bin;C:\Program Files\watchman-v2023.01.23.00-windows\bin;C:\Program Files\Git\usr\bin;C:\Users\syeda\AppData\Roaming\nvm;C:\Program Files\nodejs;C:\Program Files\Java\jdk-17\bin;C:\Program Files\Common Files\Oracle\Java\javapath;C:\Users\syeda\AppData\Local\Android\Sdk\tools;C:\Users\syeda\AppData\Local\Android\Sdk\tools;C:\Users\syeda\AppData\Local\Microsoft\WindowsApps;C:\Users\syeda\AppData\Roaming\npm;C:\Users\syeda\AppData\Local\Android\Sdk\platform-tools;C:\Users\syeda\AppData\Local\Programs\Microsoft VS Code\bin;C:\Users\syeda\AppData\Roaming\nvm;C:\Program Files\nodejs;C:\flutter_windows_3.13.6-stable\flutter\bin;
USERNAME=syeda
OS=Windows_NT
PROCESSOR_IDENTIFIER=AMD64 Family 23 Model 96 Stepping 1, AuthenticAMD
TMP=C:\Users\syeda\AppData\Local\Temp
TEMP=C:\Users\syeda\AppData\Local\Temp



Periodic native trim disabled


---------------  S Y S T E M  ---------------

OS:
 Windows 11 , 64 bit Build 22621 (10.0.22621.3085)
OS uptime: 2 days 6:40 hours
Hyper-V role detected

CPU: total 16 (initial active 16) (16 cores per cpu, 2 threads per core) family 23 model 96 stepping 1 microcode 0x0, cx8, cmov, fxsr, ht, mmx, 3dnowpref, sse, sse2, sse3, ssse3, sse4a, sse4.1, sse4.2, popcnt, lzcnt, tsc, tscinvbit, avx, avx2, aes, clmul, bmi1, bmi2, adx, sha, fma, vzeroupper, clflush, clflushopt, hv
Processor Information for all 16 processors :
  Max Mhz: 2901, Current Mhz: 2901, Mhz Limit: 2901

Memory: 4k page, system-wide physical 7598M (364M free)
TotalPageFile size 31150M (AvailPageFile size 173M)
current process WorkingSet (physical memory assigned to process): 64M, peak: 64M
current process commit charge ("private bytes"): 215M, peak: 216M

vm_info: OpenJDK 64-Bit Server VM (17.0.10+7) for windows-amd64 JRE (17.0.10+7), built on Jan 16 2024 23:25:11 by "admin" with MS VC++ 16.10 / 16.11 (VS2019)

END.
